#
# There is insufficient memory for the Java Runtime Environment to continue.
# Native memory allocation (malloc) failed to allocate 1165376 bytes for Chunk::new
# Possible reasons:
#   The system is out of physical RAM or swap space
#   The process is running with CompressedOops enabled, and the Java Heap may be blocking the growth of the native heap
# Possible solutions:
#   Reduce memory load on the system
#   Increase physical memory or swap space
#   Check if swap backing store is full
#   Decrease Java heap size (-Xmx/-Xms)
#   Decrease number of Java threads
#   Decrease Java thread stack sizes (-Xss)
#   Set larger code cache with -XX:ReservedCodeCacheSize=
#   JVM is running with Unscaled Compressed Oops mode in which the Java heap is
#     placed in the first 4GB address space. The Java Heap base address is the
#     maximum limit for the native heap growth. Please use -XX:HeapBaseMinAddress
#     to set the Java Heap base and to place the Java Heap above 4GB virtual address.
# This output file may be truncated or incomplete.
#
#  Out of Memory Error (./src/hotspot/share/memory/arena.cpp:197), pid=13248, tid=5748
#
# JRE version: OpenJDK Runtime Environment (11.0.11+9) (build 11.0.11+9-b60-7590822)
# Java VM: OpenJDK 64-Bit Server VM (11.0.11+9-b60-7590822, mixed mode, tiered, compressed oops, g1 gc, windows-amd64)
# No core dump will be written. Minidumps are not enabled by default on client versions of Windows
#

---------------  S U M M A R Y ------------

Command Line: --add-opens=java.base/java.util=ALL-UNNAMED --add-opens=java.base/java.lang=ALL-UNNAMED --add-opens=java.base/java.lang.invoke=ALL-UNNAMED --add-opens=java.base/java.util=ALL-UNNAMED --add-opens=java.prefs/java.util.prefs=ALL-UNNAMED --add-opens=java.prefs/java.util.prefs=ALL-UNNAMED --add-opens=java.base/java.nio.charset=ALL-UNNAMED --add-opens=java.base/java.net=ALL-UNNAMED --add-opens=java.base/java.util.concurrent.atomic=ALL-UNNAMED -Xmx2048m -Dfile.encoding=UTF-8 -Duser.country=RU -Duser.language=ru -Duser.variant org.gradle.launcher.daemon.bootstrap.GradleDaemon 7.2

Host: Intel(R) Core(TM) i5-4690 CPU @ 3.50GHz, 4 cores, 7G,  Windows 10 , 64 bit Build 19041 (10.0.19041.1741)
Time: Sun Jun 26 11:20:29 2022 Финляндия (лето) elapsed time: 10.682766 seconds (0d 0h 0m 10s)

---------------  T H R E A D  ---------------

Current thread (0x00000180e32bd800):  JavaThread "C2 CompilerThread1" daemon [_thread_in_native, id=5748, stack(0x0000000919d00000,0x0000000919e00000)]


Current CompileTask:
C2:  10682 7240 %     4       org.gradle.internal.instantiation.generator.AbstractClassGenerator::inspectType @ 77 (560 bytes)

Stack: [0x0000000919d00000,0x0000000919e00000]
Native frames: (J=compiled Java code, j=interpreted, Vv=VM code, C=native code)
V  [jvm.dll+0x5f214a]
V  [jvm.dll+0x726fb5]
V  [jvm.dll+0x7285cd]
V  [jvm.dll+0x728c83]
V  [jvm.dll+0x243278]
V  [jvm.dll+0xbc53c]
V  [jvm.dll+0xbca3c]
V  [jvm.dll+0x2b5c34]
V  [jvm.dll+0x508488]
V  [jvm.dll+0x1fd826]
V  [jvm.dll+0x1fb35f]
V  [jvm.dll+0x183d6c]
V  [jvm.dll+0x209a57]
V  [jvm.dll+0x2082a1]
V  [jvm.dll+0x6ef58f]
V  [jvm.dll+0x6e80b5]
V  [jvm.dll+0x5f1036]
C  [ucrtbase.dll+0x21bb2]
C  [KERNEL32.DLL+0x17034]
C  [ntdll.dll+0x52651]


---------------  P R O C E S S  ---------------

Threads class SMR info:
_java_thread_list=0x00000180e5f748f0, length=79, elements={
0x00000180c453d000, 0x00000180e0085000, 0x00000180e008e800, 0x00000180e00a4800,
0x00000180e00a5800, 0x00000180e00a7000, 0x00000180e00aa000, 0x00000180e00b9000,
0x00000180e00bc800, 0x00000180e0b66800, 0x00000180e0b65000, 0x00000180e0b63000,
0x00000180e0b68000, 0x00000180e0b64000, 0x00000180e0b67000, 0x00000180e0b65800,
0x00000180e0b69000, 0x00000180e0b69800, 0x00000180e2439000, 0x00000180e243c000,
0x00000180e243d000, 0x00000180e2438000, 0x00000180e243d800, 0x00000180e243e800,
0x00000180e243f800, 0x00000180e243a800, 0x00000180e243b000, 0x00000180e2439800,
0x00000180e2444000, 0x00000180e2445000, 0x00000180e2443800, 0x00000180e2446000,
0x00000180e2441000, 0x00000180e2446800, 0x00000180e2442000, 0x00000180e5edd000,
0x00000180e5edc000, 0x00000180e5ed7000, 0x00000180e5edb800, 0x00000180e5edd800,
0x00000180e5ed9000, 0x00000180e5ed9800, 0x00000180e5eda800, 0x00000180e5ed8000,
0x00000180e5ee3800, 0x00000180e5ee2000, 0x00000180e5ee0000, 0x00000180e5ee4000,
0x00000180e5ee2800, 0x00000180e5ee1000, 0x00000180e5ede800, 0x00000180e5ee5000,
0x00000180e5edf800, 0x00000180e5ee6000, 0x00000180e63e7000, 0x00000180e63e7800,
0x00000180e63e2000, 0x00000180e63e8800, 0x00000180e63e2800, 0x00000180e63e3800,
0x00000180e63e9000, 0x00000180e63e5000, 0x00000180e63e6000, 0x00000180e63ea000,
0x00000180e63e4800, 0x00000180e63ee000, 0x00000180e63eb000, 0x00000180e63f0000,
0x00000180e63f0800, 0x00000180e63eb800, 0x00000180e63ef000, 0x00000180e63ec800,
0x00000180e63ed800, 0x00000180e6587800, 0x00000180e6584000, 0x00000180e6586000,
0x00000180e32bd800, 0x00000180e6586800, 0x00000180e6588000
}

Java Threads: ( => current thread )
  0x00000180c453d000 JavaThread "main" [_thread_blocked, id=5072, stack(0x0000000914700000,0x0000000914800000)]
  0x00000180e0085000 JavaThread "Reference Handler" daemon [_thread_blocked, id=14292, stack(0x0000000914e00000,0x0000000914f00000)]
  0x00000180e008e800 JavaThread "Finalizer" daemon [_thread_blocked, id=8100, stack(0x0000000914f00000,0x0000000915000000)]
  0x00000180e00a4800 JavaThread "Signal Dispatcher" daemon [_thread_blocked, id=2340, stack(0x0000000915000000,0x0000000915100000)]
  0x00000180e00a5800 JavaThread "Attach Listener" daemon [_thread_blocked, id=952, stack(0x0000000915100000,0x0000000915200000)]
  0x00000180e00a7000 JavaThread "Service Thread" daemon [_thread_blocked, id=12576, stack(0x0000000915200000,0x0000000915300000)]
  0x00000180e00aa000 JavaThread "C2 CompilerThread0" daemon [_thread_in_native, id=9856, stack(0x0000000915300000,0x0000000915400000)]
  0x00000180e00b9000 JavaThread "C1 CompilerThread0" daemon [_thread_in_native, id=11612, stack(0x0000000915400000,0x0000000915500000)]
  0x00000180e00bc800 JavaThread "Sweeper thread" daemon [_thread_blocked, id=1804, stack(0x0000000915500000,0x0000000915600000)]
  0x00000180e0b66800 JavaThread "Common-Cleaner" daemon [_thread_blocked, id=6280, stack(0x0000000915600000,0x0000000915700000)]
  0x00000180e0b65000 JavaThread "Daemon health stats" [_thread_blocked, id=6400, stack(0x0000000915b00000,0x0000000915c00000)]
  0x00000180e0b63000 JavaThread "Incoming local TCP Connector on port 49281" [_thread_in_native, id=8116, stack(0x0000000915c00000,0x0000000915d00000)]
  0x00000180e0b68000 JavaThread "Daemon periodic checks" [_thread_blocked, id=4404, stack(0x0000000915d00000,0x0000000915e00000)]
  0x00000180e0b64000 JavaThread "Daemon" [_thread_blocked, id=1212, stack(0x0000000915e00000,0x0000000915f00000)]
  0x00000180e0b67000 JavaThread "Handler for socket connection from /127.0.0.1:49281 to /127.0.0.1:49282" [_thread_in_native, id=10356, stack(0x0000000915f00000,0x0000000916000000)]
  0x00000180e0b65800 JavaThread "Cancel handler" [_thread_blocked, id=11208, stack(0x0000000916000000,0x0000000916100000)]
  0x00000180e0b69000 JavaThread "Daemon worker" [_thread_in_vm, id=5712, stack(0x0000000916100000,0x0000000916200000)]
  0x00000180e0b69800 JavaThread "Asynchronous log dispatcher for DefaultDaemonConnection: socket connection from /127.0.0.1:49281 to /127.0.0.1:49282" [_thread_blocked, id=1104, stack(0x0000000916200000,0x0000000916300000)]
  0x00000180e2439000 JavaThread "Stdin handler" [_thread_blocked, id=8524, stack(0x0000000916300000,0x0000000916400000)]
  0x00000180e243c000 JavaThread "Daemon client event forwarder" [_thread_blocked, id=404, stack(0x0000000916400000,0x0000000916500000)]
  0x00000180e243d000 JavaThread "Cache worker for journal cache (C:\Users\Vik\.gradle\caches\journal-1)" [_thread_blocked, id=7096, stack(0x0000000916600000,0x0000000916700000)]
  0x00000180e2438000 JavaThread "File lock request listener" [_thread_in_native, id=4620, stack(0x0000000916700000,0x0000000916800000)]
  0x00000180e243d800 JavaThread "Cache worker for file hash cache (C:\Users\Vik\.gradle\caches\7.2\fileHashes)" [_thread_blocked, id=5464, stack(0x0000000916800000,0x0000000916900000)]
  0x00000180e243e800 JavaThread "Cache worker for file hash cache (D:\AndroidStudioProjects\KotlinLesson\m_2090_3\.gradle\7.2\fileHashes)" [_thread_blocked, id=11536, stack(0x0000000915800000,0x0000000915900000)]
  0x00000180e243f800 JavaThread "File watcher server" daemon [_thread_in_native, id=10096, stack(0x0000000916a00000,0x0000000916b00000)]
  0x00000180e243a800 JavaThread "File watcher consumer" daemon [_thread_blocked, id=5544, stack(0x0000000916b00000,0x0000000916c00000)]
  0x00000180e243b000 JavaThread "Cache worker for checksums cache (D:\AndroidStudioProjects\KotlinLesson\m_2090_3\.gradle\checksums)" [_thread_blocked, id=2328, stack(0x0000000916900000,0x0000000916a00000)]
  0x00000180e2439800 JavaThread "Cache worker for cache directory md-supplier (C:\Users\Vik\.gradle\caches\7.2\md-supplier)" [_thread_blocked, id=11844, stack(0x0000000916c00000,0x0000000916d00000)]
  0x00000180e2444000 JavaThread "Cache worker for cache directory md-rule (C:\Users\Vik\.gradle\caches\7.2\md-rule)" [_thread_blocked, id=12408, stack(0x0000000916d00000,0x0000000916e00000)]
  0x00000180e2445000 JavaThread "Cache worker for execution history cache (C:\Users\Vik\.gradle\caches\7.2\executionHistory)" [_thread_blocked, id=14196, stack(0x0000000916f00000,0x0000000917000000)]
  0x00000180e2443800 JavaThread "jar transforms" [_thread_blocked, id=14260, stack(0x0000000917000000,0x0000000917100000)]
  0x00000180e2446000 JavaThread "Cache worker for file content cache (C:\Users\Vik\.gradle\caches\7.2\fileContent)" [_thread_blocked, id=14176, stack(0x0000000917100000,0x0000000917200000)]
  0x00000180e2441000 JavaThread "jar transforms Thread 2" [_thread_blocked, id=5076, stack(0x0000000917200000,0x0000000917300000)]
  0x00000180e2446800 JavaThread "Cache worker for dependencies-accessors (D:\AndroidStudioProjects\KotlinLesson\m_2090_3\.gradle\7.2\dependencies-accessors)" [_thread_blocked, id=10584, stack(0x0000000917300000,0x0000000917400000)]
  0x00000180e2442000 JavaThread "jar transforms Thread 3" [_thread_blocked, id=5768, stack(0x0000000917400000,0x0000000917500000)]
  0x00000180e5edd000 JavaThread "Cache worker for Build Output Cleanup Cache (D:\AndroidStudioProjects\KotlinLesson\m_2090_3\.gradle\buildOutputCleanup)" [_thread_blocked, id=248, stack(0x0000000917500000,0x0000000917600000)]
  0x00000180e5edc000 JavaThread "Unconstrained build operations" [_thread_blocked, id=3360, stack(0x0000000916e00000,0x0000000916f00000)]
  0x00000180e5ed7000 JavaThread "Unconstrained build operations Thread 2" [_thread_blocked, id=14332, stack(0x0000000917600000,0x0000000917700000)]
  0x00000180e5edb800 JavaThread "Unconstrained build operations Thread 3" [_thread_blocked, id=12444, stack(0x0000000917700000,0x0000000917800000)]
  0x00000180e5edd800 JavaThread "Unconstrained build operations Thread 4" [_thread_blocked, id=8772, stack(0x0000000917800000,0x0000000917900000)]
  0x00000180e5ed9000 JavaThread "Unconstrained build operations Thread 5" [_thread_blocked, id=9340, stack(0x0000000917900000,0x0000000917a00000)]
  0x00000180e5ed9800 JavaThread "Unconstrained build operations Thread 6" [_thread_blocked, id=5352, stack(0x0000000917a00000,0x0000000917b00000)]
  0x00000180e5eda800 JavaThread "Unconstrained build operations Thread 7" [_thread_blocked, id=4712, stack(0x0000000917b00000,0x0000000917c00000)]
  0x00000180e5ed8000 JavaThread "Unconstrained build operations Thread 8" [_thread_blocked, id=13904, stack(0x0000000917c00000,0x0000000917d00000)]
  0x00000180e5ee3800 JavaThread "Unconstrained build operations Thread 9" [_thread_blocked, id=11860, stack(0x0000000917d00000,0x0000000917e00000)]
  0x00000180e5ee2000 JavaThread "Unconstrained build operations Thread 10" [_thread_blocked, id=4232, stack(0x0000000917e00000,0x0000000917f00000)]
  0x00000180e5ee0000 JavaThread "Unconstrained build operations Thread 11" [_thread_blocked, id=5084, stack(0x0000000917f00000,0x0000000918000000)]
  0x00000180e5ee4000 JavaThread "Unconstrained build operations Thread 12" [_thread_blocked, id=1824, stack(0x0000000918000000,0x0000000918100000)]
  0x00000180e5ee2800 JavaThread "Unconstrained build operations Thread 13" [_thread_blocked, id=8020, stack(0x0000000918100000,0x0000000918200000)]
  0x00000180e5ee1000 JavaThread "Unconstrained build operations Thread 14" [_thread_blocked, id=3380, stack(0x0000000918200000,0x0000000918300000)]
  0x00000180e5ede800 JavaThread "Unconstrained build operations Thread 15" [_thread_blocked, id=8636, stack(0x0000000918300000,0x0000000918400000)]
  0x00000180e5ee5000 JavaThread "Unconstrained build operations Thread 16" [_thread_blocked, id=14076, stack(0x0000000918400000,0x0000000918500000)]
  0x00000180e5edf800 JavaThread "Unconstrained build operations Thread 17" [_thread_blocked, id=8332, stack(0x0000000918500000,0x0000000918600000)]
  0x00000180e5ee6000 JavaThread "Unconstrained build operations Thread 18" [_thread_blocked, id=13268, stack(0x0000000918600000,0x0000000918700000)]
  0x00000180e63e7000 JavaThread "Unconstrained build operations Thread 19" [_thread_blocked, id=4724, stack(0x0000000918700000,0x0000000918800000)]
  0x00000180e63e7800 JavaThread "Unconstrained build operations Thread 20" [_thread_blocked, id=13900, stack(0x0000000918800000,0x0000000918900000)]
  0x00000180e63e2000 JavaThread "Unconstrained build operations Thread 21" [_thread_blocked, id=6788, stack(0x0000000918900000,0x0000000918a00000)]
  0x00000180e63e8800 JavaThread "Unconstrained build operations Thread 22" [_thread_blocked, id=1548, stack(0x0000000918a00000,0x0000000918b00000)]
  0x00000180e63e2800 JavaThread "Unconstrained build operations Thread 23" [_thread_blocked, id=14156, stack(0x0000000918b00000,0x0000000918c00000)]
  0x00000180e63e3800 JavaThread "Unconstrained build operations Thread 24" [_thread_blocked, id=4840, stack(0x0000000918c00000,0x0000000918d00000)]
  0x00000180e63e9000 JavaThread "Unconstrained build operations Thread 25" [_thread_blocked, id=10956, stack(0x0000000918d00000,0x0000000918e00000)]
  0x00000180e63e5000 JavaThread "Unconstrained build operations Thread 26" [_thread_blocked, id=8044, stack(0x0000000918e00000,0x0000000918f00000)]
  0x00000180e63e6000 JavaThread "Unconstrained build operations Thread 27" [_thread_blocked, id=11736, stack(0x0000000918f00000,0x0000000919000000)]
  0x00000180e63ea000 JavaThread "Unconstrained build operations Thread 28" [_thread_blocked, id=9860, stack(0x0000000919000000,0x0000000919100000)]
  0x00000180e63e4800 JavaThread "Unconstrained build operations Thread 29" [_thread_blocked, id=14252, stack(0x0000000919100000,0x0000000919200000)]
  0x00000180e63ee000 JavaThread "Unconstrained build operations Thread 30" [_thread_blocked, id=6920, stack(0x0000000919200000,0x0000000919300000)]
  0x00000180e63eb000 JavaThread "Unconstrained build operations Thread 31" [_thread_blocked, id=11776, stack(0x0000000919300000,0x0000000919400000)]
  0x00000180e63f0000 JavaThread "Unconstrained build operations Thread 32" [_thread_blocked, id=5272, stack(0x0000000919400000,0x0000000919500000)]
  0x00000180e63f0800 JavaThread "Unconstrained build operations Thread 33" [_thread_blocked, id=2112, stack(0x0000000919500000,0x0000000919600000)]
  0x00000180e63eb800 JavaThread "Unconstrained build operations Thread 34" [_thread_blocked, id=908, stack(0x0000000919600000,0x0000000919700000)]
  0x00000180e63ef000 JavaThread "Unconstrained build operations Thread 35" [_thread_blocked, id=788, stack(0x0000000919700000,0x0000000919800000)]
  0x00000180e63ec800 JavaThread "Unconstrained build operations Thread 36" [_thread_blocked, id=5948, stack(0x0000000919800000,0x0000000919900000)]
  0x00000180e63ed800 JavaThread "Unconstrained build operations Thread 37" [_thread_blocked, id=12340, stack(0x0000000919900000,0x0000000919a00000)]
  0x00000180e6587800 JavaThread "Unconstrained build operations Thread 38" [_thread_blocked, id=10728, stack(0x0000000919a00000,0x0000000919b00000)]
  0x00000180e6584000 JavaThread "Unconstrained build operations Thread 39" [_thread_blocked, id=1960, stack(0x0000000919b00000,0x0000000919c00000)]
  0x00000180e6586000 JavaThread "Unconstrained build operations Thread 40" [_thread_blocked, id=6512, stack(0x0000000919c00000,0x0000000919d00000)]
=>0x00000180e32bd800 JavaThread "C2 CompilerThread1" daemon [_thread_in_native, id=5748, stack(0x0000000919d00000,0x0000000919e00000)]
  0x00000180e6586800 JavaThread "jar transforms Thread 4" [_thread_blocked, id=12816, stack(0x0000000919e00000,0x0000000919f00000)]
  0x00000180e6588000 JavaThread "Memory manager" [_thread_blocked, id=13284, stack(0x0000000919f00000,0x000000091a000000)]

Other Threads:
  0x00000180e0081000 VMThread "VM Thread" [stack: 0x0000000914d00000,0x0000000914e00000] [id=9228]
  0x00000180e0b94000 WatcherThread [stack: 0x0000000915700000,0x0000000915800000] [id=7748]
  0x00000180c4554800 GCTaskThread "GC Thread#0" [stack: 0x0000000914800000,0x0000000914900000] [id=1992]
  0x00000180e11f8800 GCTaskThread "GC Thread#1" [stack: 0x0000000915900000,0x0000000915a00000] [id=14080]
  0x00000180e10c7000 GCTaskThread "GC Thread#2" [stack: 0x0000000915a00000,0x0000000915b00000] [id=14212]
  0x00000180e24d0000 GCTaskThread "GC Thread#3" [stack: 0x0000000916500000,0x0000000916600000] [id=5832]
  0x00000180c4589000 ConcurrentGCThread "G1 Main Marker" [stack: 0x0000000914900000,0x0000000914a00000] [id=9508]
  0x00000180c458a800 ConcurrentGCThread "G1 Conc#0" [stack: 0x0000000914a00000,0x0000000914b00000] [id=4992]
  0x00000180c4618800 ConcurrentGCThread "G1 Refine#0" [stack: 0x0000000914b00000,0x0000000914c00000] [id=10704]
  0x00000180c4619800 ConcurrentGCThread "G1 Young RemSet Sampling" [stack: 0x0000000914c00000,0x0000000914d00000] [id=13440]

Threads with active compile tasks:
C2 CompilerThread0  10702 7282       4       com.sun.beans.TypeResolver::resolve (37 bytes)
C2 CompilerThread1  10702 7240 %     4       org.gradle.internal.instantiation.generator.AbstractClassGenerator::inspectType @ 77 (560 bytes)

VM state:not at safepoint (normal execution)

VM Mutex/Monitor currently owned by a thread: None

Heap address: 0x0000000080000000, size: 2048 MB, Compressed Oops mode: 32-bit
Narrow klass base: 0x0000000000000000, Narrow klass shift: 3
Compressed class space size: 1073741824 Address: 0x0000000100000000

Heap:
 garbage-first heap   total 215040K, used 111078K [0x0000000080000000, 0x0000000100000000)
  region size 1024K, 57 young (58368K), 10 survivors (10240K)
 Metaspace       used 74514K, capacity 76017K, committed 76068K, reserved 1116160K
  class space    used 9556K, capacity 10129K, committed 10152K, reserved 1048576K
Heap Regions: E=young(eden), S=young(survivor), O=old, HS=humongous(starts), HC=humongous(continues), CS=collection set, F=free, A=archive, TAMS=top-at-mark-start (previous, next)
|   0|0x0000000080000000, 0x0000000080100000, 0x0000000080100000|100%| O|  |TAMS 0x0000000080100000, 0x0000000080000000| Untracked 
|   1|0x0000000080100000, 0x0000000080200000, 0x0000000080200000|100%| O|  |TAMS 0x0000000080200000, 0x0000000080100000| Untracked 
|   2|0x0000000080200000, 0x0000000080300000, 0x0000000080300000|100%| O|  |TAMS 0x0000000080300000, 0x0000000080200000| Untracked 
|   3|0x0000000080300000, 0x0000000080400000, 0x0000000080400000|100%|HS|  |TAMS 0x0000000080400000, 0x0000000080300000| Complete 
|   4|0x0000000080400000, 0x0000000080500000, 0x0000000080500000|100%|HC|  |TAMS 0x0000000080500000, 0x0000000080400000| Complete 
|   5|0x0000000080500000, 0x0000000080600000, 0x0000000080600000|100%|HC|  |TAMS 0x0000000080600000, 0x0000000080500000| Complete 
|   6|0x0000000080600000, 0x0000000080700000, 0x0000000080700000|100%| O|  |TAMS 0x0000000080700000, 0x0000000080600000| Untracked 
|   7|0x0000000080700000, 0x0000000080800000, 0x0000000080800000|100%| O|  |TAMS 0x0000000080800000, 0x0000000080700000| Untracked 
|   8|0x0000000080800000, 0x0000000080900000, 0x0000000080900000|100%| O|  |TAMS 0x0000000080900000, 0x0000000080800000| Untracked 
|   9|0x0000000080900000, 0x0000000080a00000, 0x0000000080a00000|100%| O|  |TAMS 0x0000000080a00000, 0x0000000080900000| Untracked 
|  10|0x0000000080a00000, 0x0000000080b00000, 0x0000000080b00000|100%| O|  |TAMS 0x0000000080b00000, 0x0000000080a00000| Untracked 
|  11|0x0000000080b00000, 0x0000000080c00000, 0x0000000080c00000|100%| O|  |TAMS 0x0000000080c00000, 0x0000000080b00000| Untracked 
|  12|0x0000000080c00000, 0x0000000080d00000, 0x0000000080d00000|100%| O|  |TAMS 0x0000000080d00000, 0x0000000080c00000| Untracked 
|  13|0x0000000080d00000, 0x0000000080e00000, 0x0000000080e00000|100%| O|  |TAMS 0x0000000080e00000, 0x0000000080d00000| Untracked 
|  14|0x0000000080e00000, 0x0000000080f00000, 0x0000000080f00000|100%|HS|  |TAMS 0x0000000080f00000, 0x0000000080e00000| Complete 
|  15|0x0000000080f00000, 0x0000000081000000, 0x0000000081000000|100%| O|  |TAMS 0x0000000081000000, 0x0000000080f00000| Untracked 
|  16|0x0000000081000000, 0x0000000081100000, 0x0000000081100000|100%| O|  |TAMS 0x0000000081100000, 0x0000000081000000| Untracked 
|  17|0x0000000081100000, 0x0000000081200000, 0x0000000081200000|100%| O|  |TAMS 0x0000000081200000, 0x0000000081100000| Untracked 
|  18|0x0000000081200000, 0x0000000081300000, 0x0000000081300000|100%| O|  |TAMS 0x0000000081300000, 0x0000000081200000| Untracked 
|  19|0x0000000081300000, 0x0000000081400000, 0x0000000081400000|100%| O|  |TAMS 0x0000000081400000, 0x0000000081300000| Untracked 
|  20|0x0000000081400000, 0x0000000081500000, 0x0000000081500000|100%| O|  |TAMS 0x0000000081500000, 0x0000000081400000| Untracked 
|  21|0x0000000081500000, 0x0000000081600000, 0x0000000081600000|100%| O|  |TAMS 0x0000000081600000, 0x0000000081500000| Untracked 
|  22|0x0000000081600000, 0x0000000081700000, 0x0000000081700000|100%| O|  |TAMS 0x0000000081700000, 0x0000000081600000| Untracked 
|  23|0x0000000081700000, 0x0000000081800000, 0x0000000081800000|100%| O|  |TAMS 0x0000000081800000, 0x0000000081700000| Untracked 
|  24|0x0000000081800000, 0x0000000081900000, 0x0000000081900000|100%|HS|  |TAMS 0x0000000081900000, 0x0000000081800000| Complete 
|  25|0x0000000081900000, 0x0000000081a00000, 0x0000000081a00000|100%|HS|  |TAMS 0x0000000081a00000, 0x0000000081900000| Complete 
|  26|0x0000000081a00000, 0x0000000081b00000, 0x0000000081b00000|100%|HS|  |TAMS 0x0000000081b00000, 0x0000000081a00000| Complete 
|  27|0x0000000081b00000, 0x0000000081c00000, 0x0000000081c00000|100%|HS|  |TAMS 0x0000000081c00000, 0x0000000081b00000| Complete 
|  28|0x0000000081c00000, 0x0000000081d00000, 0x0000000081d00000|100%|HC|  |TAMS 0x0000000081d00000, 0x0000000081c00000| Complete 
|  29|0x0000000081d00000, 0x0000000081e00000, 0x0000000081e00000|100%|HC|  |TAMS 0x0000000081e00000, 0x0000000081d00000| Complete 
|  30|0x0000000081e00000, 0x0000000081f00000, 0x0000000081f00000|100%|HS|  |TAMS 0x0000000081f00000, 0x0000000081e00000| Complete 
|  31|0x0000000081f00000, 0x0000000082000000, 0x0000000082000000|100%|HC|  |TAMS 0x0000000082000000, 0x0000000081f00000| Complete 
|  32|0x0000000082000000, 0x0000000082100000, 0x0000000082100000|100%| O|  |TAMS 0x0000000082100000, 0x0000000082000000| Untracked 
|  33|0x0000000082100000, 0x0000000082200000, 0x0000000082200000|100%| O|  |TAMS 0x0000000082200000, 0x0000000082100000| Untracked 
|  34|0x0000000082200000, 0x0000000082300000, 0x0000000082300000|100%| O|  |TAMS 0x0000000082300000, 0x0000000082200000| Untracked 
|  35|0x0000000082300000, 0x0000000082400000, 0x0000000082400000|100%| O|  |TAMS 0x0000000082400000, 0x0000000082300000| Untracked 
|  36|0x0000000082400000, 0x0000000082500000, 0x0000000082500000|100%| O|  |TAMS 0x0000000082500000, 0x0000000082400000| Untracked 
|  37|0x0000000082500000, 0x0000000082600000, 0x0000000082600000|100%| O|  |TAMS 0x0000000082600000, 0x0000000082500000| Untracked 
|  38|0x0000000082600000, 0x0000000082700000, 0x0000000082700000|100%| O|  |TAMS 0x0000000082700000, 0x0000000082600000| Untracked 
|  39|0x0000000082700000, 0x0000000082800000, 0x0000000082800000|100%| O|  |TAMS 0x0000000082800000, 0x0000000082700000| Untracked 
|  40|0x0000000082800000, 0x0000000082900000, 0x0000000082900000|100%| O|  |TAMS 0x0000000082900000, 0x0000000082800000| Untracked 
|  41|0x0000000082900000, 0x0000000082a00000, 0x0000000082a00000|100%| O|  |TAMS 0x0000000082a00000, 0x0000000082900000| Untracked 
|  42|0x0000000082a00000, 0x0000000082b00000, 0x0000000082b00000|100%| O|  |TAMS 0x0000000082b00000, 0x0000000082a00000| Untracked 
|  43|0x0000000082b00000, 0x0000000082c00000, 0x0000000082c00000|100%| O|  |TAMS 0x0000000082c00000, 0x0000000082b00000| Untracked 
|  44|0x0000000082c00000, 0x0000000082d00000, 0x0000000082d00000|100%| O|  |TAMS 0x0000000082d00000, 0x0000000082c00000| Untracked 
|  45|0x0000000082d00000, 0x0000000082e00000, 0x0000000082e00000|100%| O|  |TAMS 0x0000000082e00000, 0x0000000082d00000| Untracked 
|  46|0x0000000082e00000, 0x0000000082f00000, 0x0000000082f00000|100%| O|  |TAMS 0x0000000082f00000, 0x0000000082e00000| Untracked 
|  47|0x0000000082f00000, 0x0000000083000000, 0x0000000083000000|100%| O|  |TAMS 0x0000000083000000, 0x0000000082f00000| Untracked 
|  48|0x0000000083000000, 0x0000000083100000, 0x0000000083100000|100%| O|  |TAMS 0x0000000083100000, 0x0000000083000000| Untracked 
|  49|0x0000000083100000, 0x0000000083200000, 0x0000000083200000|100%| O|  |TAMS 0x0000000083200000, 0x0000000083100000| Untracked 
|  50|0x0000000083200000, 0x0000000083300000, 0x0000000083300000|100%| O|  |TAMS 0x0000000083300000, 0x0000000083200000| Untracked 
|  51|0x0000000083300000, 0x0000000083400000, 0x0000000083400000|100%| O|  |TAMS 0x00000000833e6a00, 0x0000000083300000| Untracked 
|  52|0x0000000083400000, 0x0000000083479a00, 0x0000000083500000| 47%| O|  |TAMS 0x0000000083400000, 0x0000000083400000| Untracked 
|  53|0x0000000083500000, 0x0000000083500000, 0x0000000083600000|  0%| F|  |TAMS 0x0000000083500000, 0x0000000083500000| Untracked 
|  54|0x0000000083600000, 0x0000000083600000, 0x0000000083700000|  0%| F|  |TAMS 0x0000000083600000, 0x0000000083600000| Untracked 
|  55|0x0000000083700000, 0x0000000083700000, 0x0000000083800000|  0%| F|  |TAMS 0x0000000083700000, 0x0000000083700000| Untracked 
|  56|0x0000000083800000, 0x0000000083800000, 0x0000000083900000|  0%| F|  |TAMS 0x0000000083800000, 0x0000000083800000| Untracked 
|  57|0x0000000083900000, 0x0000000083900000, 0x0000000083a00000|  0%| F|  |TAMS 0x0000000083900000, 0x0000000083900000| Untracked 
|  58|0x0000000083a00000, 0x0000000083a00000, 0x0000000083b00000|  0%| F|  |TAMS 0x0000000083a00000, 0x0000000083a00000| Untracked 
|  59|0x0000000083b00000, 0x0000000083b00000, 0x0000000083c00000|  0%| F|  |TAMS 0x0000000083b00000, 0x0000000083b00000| Untracked 
|  60|0x0000000083c00000, 0x0000000083c00000, 0x0000000083d00000|  0%| F|  |TAMS 0x0000000083c00000, 0x0000000083c00000| Untracked 
|  61|0x0000000083d00000, 0x0000000083d00000, 0x0000000083e00000|  0%| F|  |TAMS 0x0000000083d00000, 0x0000000083d00000| Untracked 
|  62|0x0000000083e00000, 0x0000000083e00000, 0x0000000083f00000|  0%| F|  |TAMS 0x0000000083e00000, 0x0000000083e00000| Untracked 
|  63|0x0000000083f00000, 0x0000000083f00000, 0x0000000084000000|  0%| F|  |TAMS 0x0000000083f00000, 0x0000000083f00000| Untracked 
|  64|0x0000000084000000, 0x0000000084000000, 0x0000000084100000|  0%| F|  |TAMS 0x0000000084000000, 0x0000000084000000| Untracked 
|  65|0x0000000084100000, 0x0000000084100000, 0x0000000084200000|  0%| F|  |TAMS 0x0000000084100000, 0x0000000084100000| Untracked 
|  66|0x0000000084200000, 0x0000000084200000, 0x0000000084300000|  0%| F|  |TAMS 0x0000000084200000, 0x0000000084200000| Untracked 
|  67|0x0000000084300000, 0x0000000084300000, 0x0000000084400000|  0%| F|  |TAMS 0x0000000084300000, 0x0000000084300000| Untracked 
|  68|0x0000000084400000, 0x0000000084400000, 0x0000000084500000|  0%| F|  |TAMS 0x0000000084400000, 0x0000000084400000| Untracked 
|  69|0x0000000084500000, 0x0000000084500000, 0x0000000084600000|  0%| F|  |TAMS 0x0000000084500000, 0x0000000084500000| Untracked 
|  70|0x0000000084600000, 0x0000000084600000, 0x0000000084700000|  0%| F|  |TAMS 0x0000000084600000, 0x0000000084600000| Untracked 
|  71|0x0000000084700000, 0x0000000084700000, 0x0000000084800000|  0%| F|  |TAMS 0x0000000084700000, 0x0000000084700000| Untracked 
|  72|0x0000000084800000, 0x0000000084800000, 0x0000000084900000|  0%| F|  |TAMS 0x0000000084800000, 0x0000000084800000| Untracked 
|  73|0x0000000084900000, 0x0000000084900000, 0x0000000084a00000|  0%| F|  |TAMS 0x0000000084900000, 0x0000000084900000| Untracked 
|  74|0x0000000084a00000, 0x0000000084a00000, 0x0000000084b00000|  0%| F|  |TAMS 0x0000000084a00000, 0x0000000084a00000| Untracked 
|  75|0x0000000084b00000, 0x0000000084b00000, 0x0000000084c00000|  0%| F|  |TAMS 0x0000000084b00000, 0x0000000084b00000| Untracked 
|  76|0x0000000084c00000, 0x0000000084c00000, 0x0000000084d00000|  0%| F|  |TAMS 0x0000000084c00000, 0x0000000084c00000| Untracked 
|  77|0x0000000084d00000, 0x0000000084d00000, 0x0000000084e00000|  0%| F|  |TAMS 0x0000000084d00000, 0x0000000084d00000| Untracked 
|  78|0x0000000084e00000, 0x0000000084e00000, 0x0000000084f00000|  0%| F|  |TAMS 0x0000000084e00000, 0x0000000084e00000| Untracked 
|  79|0x0000000084f00000, 0x0000000084f00000, 0x0000000085000000|  0%| F|  |TAMS 0x0000000084f00000, 0x0000000084f00000| Untracked 
|  80|0x0000000085000000, 0x0000000085000000, 0x0000000085100000|  0%| F|  |TAMS 0x0000000085000000, 0x0000000085000000| Untracked 
|  81|0x0000000085100000, 0x0000000085100000, 0x0000000085200000|  0%| F|  |TAMS 0x0000000085100000, 0x0000000085100000| Untracked 
|  82|0x0000000085200000, 0x0000000085200000, 0x0000000085300000|  0%| F|  |TAMS 0x0000000085200000, 0x0000000085200000| Untracked 
|  83|0x0000000085300000, 0x0000000085300000, 0x0000000085400000|  0%| F|  |TAMS 0x0000000085300000, 0x0000000085300000| Untracked 
|  84|0x0000000085400000, 0x0000000085400000, 0x0000000085500000|  0%| F|  |TAMS 0x0000000085400000, 0x0000000085400000| Untracked 
|  85|0x0000000085500000, 0x0000000085500000, 0x0000000085600000|  0%| F|  |TAMS 0x0000000085500000, 0x0000000085500000| Untracked 
|  86|0x0000000085600000, 0x0000000085600000, 0x0000000085700000|  0%| F|  |TAMS 0x0000000085600000, 0x0000000085600000| Untracked 
|  87|0x0000000085700000, 0x0000000085700000, 0x0000000085800000|  0%| F|  |TAMS 0x0000000085700000, 0x0000000085700000| Untracked 
|  88|0x0000000085800000, 0x0000000085800000, 0x0000000085900000|  0%| F|  |TAMS 0x0000000085800000, 0x0000000085800000| Untracked 
|  89|0x0000000085900000, 0x0000000085900000, 0x0000000085a00000|  0%| F|  |TAMS 0x0000000085900000, 0x0000000085900000| Untracked 
|  90|0x0000000085a00000, 0x0000000085a00000, 0x0000000085b00000|  0%| F|  |TAMS 0x0000000085a00000, 0x0000000085a00000| Untracked 
|  91|0x0000000085b00000, 0x0000000085b00000, 0x0000000085c00000|  0%| F|  |TAMS 0x0000000085b00000, 0x0000000085b00000| Untracked 
|  92|0x0000000085c00000, 0x0000000085c00000, 0x0000000085d00000|  0%| F|  |TAMS 0x0000000085c00000, 0x0000000085c00000| Untracked 
|  93|0x0000000085d00000, 0x0000000085d00000, 0x0000000085e00000|  0%| F|  |TAMS 0x0000000085d00000, 0x0000000085d00000| Untracked 
|  94|0x0000000085e00000, 0x0000000085e00000, 0x0000000085f00000|  0%| F|  |TAMS 0x0000000085e00000, 0x0000000085e00000| Untracked 
|  95|0x0000000085f00000, 0x0000000085f00000, 0x0000000086000000|  0%| F|  |TAMS 0x0000000085f00000, 0x0000000085f00000| Untracked 
|  96|0x0000000086000000, 0x0000000086000000, 0x0000000086100000|  0%| F|  |TAMS 0x0000000086000000, 0x0000000086000000| Untracked 
|  97|0x0000000086100000, 0x0000000086100000, 0x0000000086200000|  0%| F|  |TAMS 0x0000000086100000, 0x0000000086100000| Untracked 
|  98|0x0000000086200000, 0x0000000086200000, 0x0000000086300000|  0%| F|  |TAMS 0x0000000086200000, 0x0000000086200000| Untracked 
|  99|0x0000000086300000, 0x0000000086300000, 0x0000000086400000|  0%| F|  |TAMS 0x0000000086300000, 0x0000000086300000| Untracked 
| 100|0x0000000086400000, 0x0000000086400000, 0x0000000086500000|  0%| F|  |TAMS 0x0000000086400000, 0x0000000086400000| Untracked 
| 101|0x0000000086500000, 0x0000000086500000, 0x0000000086600000|  0%| F|  |TAMS 0x0000000086500000, 0x0000000086500000| Untracked 
| 102|0x0000000086600000, 0x0000000086600000, 0x0000000086700000|  0%| F|  |TAMS 0x0000000086600000, 0x0000000086600000| Untracked 
| 103|0x0000000086700000, 0x0000000086700000, 0x0000000086800000|  0%| F|  |TAMS 0x0000000086700000, 0x0000000086700000| Untracked 
| 104|0x0000000086800000, 0x0000000086800000, 0x0000000086900000|  0%| F|  |TAMS 0x0000000086800000, 0x0000000086800000| Untracked 
| 105|0x0000000086900000, 0x0000000086900000, 0x0000000086a00000|  0%| F|  |TAMS 0x0000000086900000, 0x0000000086900000| Untracked 
| 106|0x0000000086a00000, 0x0000000086a00000, 0x0000000086b00000|  0%| F|  |TAMS 0x0000000086a00000, 0x0000000086a00000| Untracked 
| 107|0x0000000086b00000, 0x0000000086b00000, 0x0000000086c00000|  0%| F|  |TAMS 0x0000000086b00000, 0x0000000086b00000| Untracked 
| 108|0x0000000086c00000, 0x0000000086c00000, 0x0000000086d00000|  0%| F|  |TAMS 0x0000000086c00000, 0x0000000086c00000| Untracked 
| 109|0x0000000086d00000, 0x0000000086d00000, 0x0000000086e00000|  0%| F|  |TAMS 0x0000000086d00000, 0x0000000086d00000| Untracked 
| 110|0x0000000086e00000, 0x0000000086e00000, 0x0000000086f00000|  0%| F|  |TAMS 0x0000000086e00000, 0x0000000086e00000| Untracked 
| 111|0x0000000086f00000, 0x0000000086f00000, 0x0000000087000000|  0%| F|  |TAMS 0x0000000086f00000, 0x0000000086f00000| Untracked 
| 112|0x0000000087000000, 0x0000000087000000, 0x0000000087100000|  0%| F|  |TAMS 0x0000000087000000, 0x0000000087000000| Untracked 
| 113|0x0000000087100000, 0x0000000087100000, 0x0000000087200000|  0%| F|  |TAMS 0x0000000087100000, 0x0000000087100000| Untracked 
| 114|0x0000000087200000, 0x0000000087200000, 0x0000000087300000|  0%| F|  |TAMS 0x0000000087200000, 0x0000000087200000| Untracked 
| 115|0x0000000087300000, 0x0000000087300000, 0x0000000087400000|  0%| F|  |TAMS 0x0000000087300000, 0x0000000087300000| Untracked 
| 116|0x0000000087400000, 0x0000000087400000, 0x0000000087500000|  0%| F|  |TAMS 0x0000000087400000, 0x0000000087400000| Untracked 
| 117|0x0000000087500000, 0x0000000087500000, 0x0000000087600000|  0%| F|  |TAMS 0x0000000087500000, 0x0000000087500000| Untracked 
| 118|0x0000000087600000, 0x0000000087600000, 0x0000000087700000|  0%| F|  |TAMS 0x0000000087600000, 0x0000000087600000| Untracked 
| 119|0x0000000087700000, 0x0000000087700000, 0x0000000087800000|  0%| F|  |TAMS 0x0000000087700000, 0x0000000087700000| Untracked 
| 120|0x0000000087800000, 0x0000000087800000, 0x0000000087900000|  0%| F|  |TAMS 0x0000000087800000, 0x0000000087800000| Untracked 
| 121|0x0000000087900000, 0x0000000087900000, 0x0000000087a00000|  0%| F|  |TAMS 0x0000000087900000, 0x0000000087900000| Untracked 
| 122|0x0000000087a00000, 0x0000000087a00000, 0x0000000087b00000|  0%| F|  |TAMS 0x0000000087a00000, 0x0000000087a00000| Untracked 
| 123|0x0000000087b00000, 0x0000000087b00000, 0x0000000087c00000|  0%| F|  |TAMS 0x0000000087b00000, 0x0000000087b00000| Untracked 
| 124|0x0000000087c00000, 0x0000000087d00000, 0x0000000087d00000|100%| S|CS|TAMS 0x0000000087c00000, 0x0000000087c00000| Complete 
| 125|0x0000000087d00000, 0x0000000087e00000, 0x0000000087e00000|100%| S|CS|TAMS 0x0000000087d00000, 0x0000000087d00000| Complete 
| 126|0x0000000087e00000, 0x0000000087f00000, 0x0000000087f00000|100%| S|CS|TAMS 0x0000000087e00000, 0x0000000087e00000| Complete 
| 127|0x0000000087f00000, 0x0000000088000000, 0x0000000088000000|100%| S|CS|TAMS 0x0000000087f00000, 0x0000000087f00000| Complete 
| 128|0x0000000088000000, 0x0000000088100000, 0x0000000088100000|100%| S|CS|TAMS 0x0000000088000000, 0x0000000088000000| Complete 
| 129|0x0000000088100000, 0x0000000088200000, 0x0000000088200000|100%| S|CS|TAMS 0x0000000088100000, 0x0000000088100000| Complete 
| 130|0x0000000088200000, 0x0000000088300000, 0x0000000088300000|100%| S|CS|TAMS 0x0000000088200000, 0x0000000088200000| Complete 
| 131|0x0000000088300000, 0x0000000088400000, 0x0000000088400000|100%| S|CS|TAMS 0x0000000088300000, 0x0000000088300000| Complete 
| 132|0x0000000088400000, 0x0000000088500000, 0x0000000088500000|100%| S|CS|TAMS 0x0000000088400000, 0x0000000088400000| Complete 
| 133|0x0000000088500000, 0x0000000088600000, 0x0000000088600000|100%| S|CS|TAMS 0x0000000088500000, 0x0000000088500000| Complete 
| 134|0x0000000088600000, 0x0000000088600000, 0x0000000088700000|  0%| F|  |TAMS 0x0000000088600000, 0x0000000088600000| Untracked 
| 135|0x0000000088700000, 0x0000000088700000, 0x0000000088800000|  0%| F|  |TAMS 0x0000000088700000, 0x0000000088700000| Untracked 
| 136|0x0000000088800000, 0x0000000088800000, 0x0000000088900000|  0%| F|  |TAMS 0x0000000088800000, 0x0000000088800000| Untracked 
| 137|0x0000000088900000, 0x0000000088900000, 0x0000000088a00000|  0%| F|  |TAMS 0x0000000088900000, 0x0000000088900000| Untracked 
| 138|0x0000000088a00000, 0x0000000088a00000, 0x0000000088b00000|  0%| F|  |TAMS 0x0000000088a00000, 0x0000000088a00000| Untracked 
| 139|0x0000000088b00000, 0x0000000088b00000, 0x0000000088c00000|  0%| F|  |TAMS 0x0000000088b00000, 0x0000000088b00000| Untracked 
| 140|0x0000000088c00000, 0x0000000088c00000, 0x0000000088d00000|  0%| F|  |TAMS 0x0000000088c00000, 0x0000000088c00000| Untracked 
| 141|0x0000000088d00000, 0x0000000088d00000, 0x0000000088e00000|  0%| F|  |TAMS 0x0000000088d00000, 0x0000000088d00000| Untracked 
| 142|0x0000000088e00000, 0x0000000088e00000, 0x0000000088f00000|  0%| F|  |TAMS 0x0000000088e00000, 0x0000000088e00000| Untracked 
| 143|0x0000000088f00000, 0x0000000088f00000, 0x0000000089000000|  0%| F|  |TAMS 0x0000000088f00000, 0x0000000088f00000| Untracked 
| 144|0x0000000089000000, 0x0000000089000000, 0x0000000089100000|  0%| F|  |TAMS 0x0000000089000000, 0x0000000089000000| Untracked 
| 145|0x0000000089100000, 0x0000000089100000, 0x0000000089200000|  0%| F|  |TAMS 0x0000000089100000, 0x0000000089100000| Untracked 
| 146|0x0000000089200000, 0x0000000089200000, 0x0000000089300000|  0%| F|  |TAMS 0x0000000089200000, 0x0000000089200000| Untracked 
| 147|0x0000000089300000, 0x0000000089300000, 0x0000000089400000|  0%| F|  |TAMS 0x0000000089300000, 0x0000000089300000| Untracked 
| 148|0x0000000089400000, 0x0000000089400000, 0x0000000089500000|  0%| F|  |TAMS 0x0000000089400000, 0x0000000089400000| Untracked 
| 149|0x0000000089500000, 0x0000000089500000, 0x0000000089600000|  0%| F|  |TAMS 0x0000000089500000, 0x0000000089500000| Untracked 
| 150|0x0000000089600000, 0x0000000089600000, 0x0000000089700000|  0%| F|  |TAMS 0x0000000089600000, 0x0000000089600000| Untracked 
| 151|0x0000000089700000, 0x0000000089700000, 0x0000000089800000|  0%| F|  |TAMS 0x0000000089700000, 0x0000000089700000| Untracked 
| 152|0x0000000089800000, 0x0000000089800000, 0x0000000089900000|  0%| F|  |TAMS 0x0000000089800000, 0x0000000089800000| Untracked 
| 153|0x0000000089900000, 0x0000000089900000, 0x0000000089a00000|  0%| F|  |TAMS 0x0000000089900000, 0x0000000089900000| Untracked 
| 154|0x0000000089a00000, 0x0000000089a00000, 0x0000000089b00000|  0%| F|  |TAMS 0x0000000089a00000, 0x0000000089a00000| Untracked 
| 155|0x0000000089b00000, 0x0000000089b00000, 0x0000000089c00000|  0%| F|  |TAMS 0x0000000089b00000, 0x0000000089b00000| Untracked 
| 156|0x0000000089c00000, 0x0000000089c00000, 0x0000000089d00000|  0%| F|  |TAMS 0x0000000089c00000, 0x0000000089c00000| Untracked 
| 157|0x0000000089d00000, 0x0000000089d00000, 0x0000000089e00000|  0%| F|  |TAMS 0x0000000089d00000, 0x0000000089d00000| Untracked 
| 158|0x0000000089e00000, 0x0000000089e00000, 0x0000000089f00000|  0%| F|  |TAMS 0x0000000089e00000, 0x0000000089e00000| Untracked 
| 159|0x0000000089f00000, 0x0000000089f00000, 0x000000008a000000|  0%| F|  |TAMS 0x0000000089f00000, 0x0000000089f00000| Untracked 
| 160|0x000000008a000000, 0x000000008a000000, 0x000000008a100000|  0%| F|  |TAMS 0x000000008a000000, 0x000000008a000000| Untracked 
| 161|0x000000008a100000, 0x000000008a100000, 0x000000008a200000|  0%| F|  |TAMS 0x000000008a100000, 0x000000008a100000| Untracked 
| 162|0x000000008a200000, 0x000000008a200000, 0x000000008a300000|  0%| F|  |TAMS 0x000000008a200000, 0x000000008a200000| Untracked 
| 163|0x000000008a300000, 0x000000008a380800, 0x000000008a400000| 50%| E|  |TAMS 0x000000008a300000, 0x000000008a300000| Complete 
| 164|0x000000008a400000, 0x000000008a500000, 0x000000008a500000|100%| E|CS|TAMS 0x000000008a400000, 0x000000008a400000| Complete 
| 165|0x000000008a500000, 0x000000008a600000, 0x000000008a600000|100%| E|CS|TAMS 0x000000008a500000, 0x000000008a500000| Complete 
| 166|0x000000008a600000, 0x000000008a700000, 0x000000008a700000|100%| E|CS|TAMS 0x000000008a600000, 0x000000008a600000| Complete 
| 167|0x000000008a700000, 0x000000008a800000, 0x000000008a800000|100%| E|CS|TAMS 0x000000008a700000, 0x000000008a700000| Complete 
| 168|0x000000008a800000, 0x000000008a900000, 0x000000008a900000|100%| E|CS|TAMS 0x000000008a800000, 0x000000008a800000| Complete 
| 169|0x000000008a900000, 0x000000008aa00000, 0x000000008aa00000|100%| E|CS|TAMS 0x000000008a900000, 0x000000008a900000| Complete 
| 170|0x000000008aa00000, 0x000000008ab00000, 0x000000008ab00000|100%| E|CS|TAMS 0x000000008aa00000, 0x000000008aa00000| Complete 
| 171|0x000000008ab00000, 0x000000008ac00000, 0x000000008ac00000|100%| E|CS|TAMS 0x000000008ab00000, 0x000000008ab00000| Complete 
| 172|0x000000008ac00000, 0x000000008ad00000, 0x000000008ad00000|100%| E|CS|TAMS 0x000000008ac00000, 0x000000008ac00000| Complete 
| 173|0x000000008ad00000, 0x000000008ae00000, 0x000000008ae00000|100%| E|CS|TAMS 0x000000008ad00000, 0x000000008ad00000| Complete 
| 174|0x000000008ae00000, 0x000000008af00000, 0x000000008af00000|100%| E|CS|TAMS 0x000000008ae00000, 0x000000008ae00000| Complete 
| 175|0x000000008af00000, 0x000000008b000000, 0x000000008b000000|100%| E|CS|TAMS 0x000000008af00000, 0x000000008af00000| Complete 
| 176|0x000000008b000000, 0x000000008b100000, 0x000000008b100000|100%| E|CS|TAMS 0x000000008b000000, 0x000000008b000000| Complete 
| 177|0x000000008b100000, 0x000000008b200000, 0x000000008b200000|100%| E|CS|TAMS 0x000000008b100000, 0x000000008b100000| Complete 
| 178|0x000000008b200000, 0x000000008b300000, 0x000000008b300000|100%| E|CS|TAMS 0x000000008b200000, 0x000000008b200000| Complete 
| 179|0x000000008b300000, 0x000000008b400000, 0x000000008b400000|100%| E|CS|TAMS 0x000000008b300000, 0x000000008b300000| Complete 
| 180|0x000000008b400000, 0x000000008b500000, 0x000000008b500000|100%| E|CS|TAMS 0x000000008b400000, 0x000000008b400000| Complete 
| 181|0x000000008b500000, 0x000000008b600000, 0x000000008b600000|100%| E|CS|TAMS 0x000000008b500000, 0x000000008b500000| Complete 
| 182|0x000000008b600000, 0x000000008b700000, 0x000000008b700000|100%| E|CS|TAMS 0x000000008b600000, 0x000000008b600000| Complete 
| 183|0x000000008b700000, 0x000000008b800000, 0x000000008b800000|100%| E|CS|TAMS 0x000000008b700000, 0x000000008b700000| Complete 
| 184|0x000000008b800000, 0x000000008b900000, 0x000000008b900000|100%| E|CS|TAMS 0x000000008b800000, 0x000000008b800000| Complete 
| 185|0x000000008b900000, 0x000000008ba00000, 0x000000008ba00000|100%| E|CS|TAMS 0x000000008b900000, 0x000000008b900000| Complete 
| 186|0x000000008ba00000, 0x000000008bb00000, 0x000000008bb00000|100%| E|CS|TAMS 0x000000008ba00000, 0x000000008ba00000| Complete 
| 187|0x000000008bb00000, 0x000000008bc00000, 0x000000008bc00000|100%| E|CS|TAMS 0x000000008bb00000, 0x000000008bb00000| Complete 
| 188|0x000000008bc00000, 0x000000008bd00000, 0x000000008bd00000|100%| E|CS|TAMS 0x000000008bc00000, 0x000000008bc00000| Complete 
| 189|0x000000008bd00000, 0x000000008be00000, 0x000000008be00000|100%| E|CS|TAMS 0x000000008bd00000, 0x000000008bd00000| Complete 
| 190|0x000000008be00000, 0x000000008bf00000, 0x000000008bf00000|100%| E|CS|TAMS 0x000000008be00000, 0x000000008be00000| Complete 
| 191|0x000000008bf00000, 0x000000008c000000, 0x000000008c000000|100%| E|CS|TAMS 0x000000008bf00000, 0x000000008bf00000| Complete 
| 192|0x000000008c000000, 0x000000008c100000, 0x000000008c100000|100%| E|CS|TAMS 0x000000008c000000, 0x000000008c000000| Complete 
| 193|0x000000008c100000, 0x000000008c200000, 0x000000008c200000|100%| E|CS|TAMS 0x000000008c100000, 0x000000008c100000| Complete 
| 194|0x000000008c200000, 0x000000008c300000, 0x000000008c300000|100%| E|CS|TAMS 0x000000008c200000, 0x000000008c200000| Complete 
| 195|0x000000008c300000, 0x000000008c400000, 0x000000008c400000|100%| E|CS|TAMS 0x000000008c300000, 0x000000008c300000| Complete 
| 196|0x000000008c400000, 0x000000008c500000, 0x000000008c500000|100%| E|CS|TAMS 0x000000008c400000, 0x000000008c400000| Complete 
| 197|0x000000008c500000, 0x000000008c600000, 0x000000008c600000|100%| E|CS|TAMS 0x000000008c500000, 0x000000008c500000| Complete 
| 198|0x000000008c600000, 0x000000008c700000, 0x000000008c700000|100%| E|CS|TAMS 0x000000008c600000, 0x000000008c600000| Complete 
| 199|0x000000008c700000, 0x000000008c800000, 0x000000008c800000|100%| E|CS|TAMS 0x000000008c700000, 0x000000008c700000| Complete 
| 200|0x000000008c800000, 0x000000008c900000, 0x000000008c900000|100%| E|CS|TAMS 0x000000008c800000, 0x000000008c800000| Complete 
| 201|0x000000008c900000, 0x000000008ca00000, 0x000000008ca00000|100%| E|CS|TAMS 0x000000008c900000, 0x000000008c900000| Complete 
| 202|0x000000008ca00000, 0x000000008cb00000, 0x000000008cb00000|100%| E|CS|TAMS 0x000000008ca00000, 0x000000008ca00000| Complete 
| 203|0x000000008cb00000, 0x000000008cc00000, 0x000000008cc00000|100%| E|CS|TAMS 0x000000008cb00000, 0x000000008cb00000| Complete 
| 204|0x000000008cc00000, 0x000000008cd00000, 0x000000008cd00000|100%| E|CS|TAMS 0x000000008cc00000, 0x000000008cc00000| Complete 
| 205|0x000000008cd00000, 0x000000008ce00000, 0x000000008ce00000|100%| E|CS|TAMS 0x000000008cd00000, 0x000000008cd00000| Complete 
| 206|0x000000008ce00000, 0x000000008cf00000, 0x000000008cf00000|100%| E|CS|TAMS 0x000000008ce00000, 0x000000008ce00000| Complete 
| 207|0x000000008cf00000, 0x000000008d000000, 0x000000008d000000|100%| E|CS|TAMS 0x000000008cf00000, 0x000000008cf00000| Complete 
| 208|0x000000008d000000, 0x000000008d100000, 0x000000008d100000|100%| E|CS|TAMS 0x000000008d000000, 0x000000008d000000| Complete 
| 209|0x000000008d100000, 0x000000008d200000, 0x000000008d200000|100%| E|CS|TAMS 0x000000008d100000, 0x000000008d100000| Complete 

Card table byte_map: [0x00000180d9240000,0x00000180d9640000] _byte_map_base: 0x00000180d8e40000

Marking Bits (Prev, Next): (CMBitMap*) 0x00000180c4580498, (CMBitMap*) 0x00000180c45804d0
 Prev Bits: [0x00000180d9a40000, 0x00000180dba40000)
 Next Bits: [0x00000180dba40000, 0x00000180dda40000)

Polling page: 0x00000180c43f0000

Metaspace:

Usage:
  Non-class:     64.34 MB capacity,    63.44 MB ( 99%) used,   740.93 KB (  1%) free+waste,   179.94 KB ( <1%) overhead. 
      Class:      9.89 MB capacity,     9.33 MB ( 94%) used,   487.48 KB (  5%) free+waste,    82.94 KB ( <1%) overhead. 
       Both:     74.24 MB capacity,    72.78 MB ( 98%) used,     1.20 MB (  2%) free+waste,   262.88 KB ( <1%) overhead. 

Virtual space:
  Non-class space:       66.00 MB reserved,      64.37 MB ( 98%) committed 
      Class space:        1.00 GB reserved,       9.91 MB ( <1%) committed 
             Both:        1.06 GB reserved,      74.29 MB (  7%) committed 

Chunk freelists:
   Non-Class:  28.00 KB
       Class:  15.00 KB
        Both:  43.00 KB

MaxMetaspaceSize: 17179869184.00 GB
CompressedClassSpaceSize: 1.00 GB

CodeHeap 'non-profiled nmethods': size=120064Kb used=4357Kb max_used=4357Kb free=115706Kb
 bounds [0x00000180d12d0000, 0x00000180d1720000, 0x00000180d8810000]
CodeHeap 'profiled nmethods': size=120000Kb used=15816Kb max_used=15816Kb free=104183Kb
 bounds [0x00000180c9da0000, 0x00000180cad20000, 0x00000180d12d0000]
CodeHeap 'non-nmethods': size=5696Kb used=2272Kb max_used=2320Kb free=3423Kb
 bounds [0x00000180c9810000, 0x00000180c9a80000, 0x00000180c9da0000]
 total_blobs=8160 nmethods=7294 adapters=777
 compilation: enabled
              stopped_count=0, restarted_count=0
 full_count=0

Compilation events (20 events):
Event: 10.662 Thread 0x00000180e00b9000 nmethod 7287 0x00000180cacf0110 code [0x00000180cacf0300, 0x00000180cacf0708]
Event: 10.662 Thread 0x00000180e00b9000 7288       3       org.gradle.api.internal.project.DefaultProject::getConfigurations (30 bytes)
Event: 10.662 Thread 0x00000180e00b9000 nmethod 7288 0x00000180cacf0890 code [0x00000180cacf0aa0, 0x00000180cacf1168]
Event: 10.662 Thread 0x00000180e00b9000 7289       3       org.gradle.api.internal.collections.DefaultCollectionEventRegister$FilteredEventRegister::getDecorator (10 bytes)
Event: 10.662 Thread 0x00000180e00b9000 nmethod 7289 0x00000180cacf1310 code [0x00000180cacf14c0, 0x00000180cacf1688]
Event: 10.670 Thread 0x00000180e00b9000 7290       3       java.lang.Class::getConstructor0 (83 bytes)
Event: 10.671 Thread 0x00000180e00b9000 nmethod 7290 0x00000180cacf1790 code [0x00000180cacf1a00, 0x00000180cacf23a8]
Event: 10.675 Thread 0x00000180e00b9000 7292       3       org.gradle.internal.event.BroadcastDispatch::assertIsMethod (76 bytes)
Event: 10.676 Thread 0x00000180e00b9000 nmethod 7292 0x00000180cacf2790 code [0x00000180cacf2ac0, 0x00000180cacf3c58]
Event: 10.677 Thread 0x00000180e00b9000 7293       3       org.gradle.api.internal.DefaultNamedDomainObjectCollection::doAdd (63 bytes)
Event: 10.677 Thread 0x00000180e00b9000 nmethod 7293 0x00000180cacf4310 code [0x00000180cacf4580, 0x00000180cacf51b8]
Event: 10.677 Thread 0x00000180e00b9000 7294       3       org.gradle.api.internal.DefaultNamedDomainObjectCollection$UnfilteredIndex::put (13 bytes)
Event: 10.677 Thread 0x00000180e00b9000 nmethod 7294 0x00000180cacf5590 code [0x00000180cacf5740, 0x00000180cacf5908]
Event: 10.678 Thread 0x00000180e00b9000 7295       3       org.apache.commons.lang.WordUtils::isDelimiter (36 bytes)
Event: 10.678 Thread 0x00000180e00b9000 nmethod 7295 0x00000180cacf5a10 code [0x00000180cacf5c00, 0x00000180cacf5ff8]
Event: 10.679 Thread 0x00000180e00b9000 7296       3       kotlin.text.StringsKt__AppendableKt::appendElement (100 bytes)
Event: 10.679 Thread 0x00000180e00b9000 nmethod 7296 0x00000180cacf6190 code [0x00000180cacf6480, 0x00000180cacf76b8]
Event: 10.679 Thread 0x00000180e00b9000 7297       3       kotlin.collections.CollectionsKt___CollectionsKt::drop (312 bytes)
Event: 10.681 Thread 0x00000180e00b9000 nmethod 7297 0x00000180cacf7b10 code [0x00000180cacf8140, 0x00000180cacfbab8]
Event: 10.681 Thread 0x00000180e00b9000 7301       3       org.jetbrains.kotlin.gradle.utils.StringUtilsKt::lowerCamelCaseName (213 bytes)

GC Heap History (20 events):
Event: 2.082 GC heap before
{Heap before GC invocations=3 (full 0):
 garbage-first heap   total 131072K, used 55637K [0x0000000080000000, 0x0000000100000000)
  region size 1024K, 45 young (46080K), 5 survivors (5120K)
 Metaspace       used 19381K, capacity 19886K, committed 19968K, reserved 1067008K
  class space    used 2367K, capacity 2548K, committed 2560K, reserved 1048576K
}
Event: 2.088 GC heap after
{Heap after GC invocations=4 (full 0):
 garbage-first heap   total 131072K, used 16930K [0x0000000080000000, 0x0000000100000000)
  region size 1024K, 6 young (6144K), 6 survivors (6144K)
 Metaspace       used 19381K, capacity 19886K, committed 19968K, reserved 1067008K
  class space    used 2367K, capacity 2548K, committed 2560K, reserved 1048576K
}
Event: 2.256 GC heap before
{Heap before GC invocations=4 (full 0):
 garbage-first heap   total 131072K, used 26146K [0x0000000080000000, 0x0000000100000000)
  region size 1024K, 16 young (16384K), 6 survivors (6144K)
 Metaspace       used 20652K, capacity 21116K, committed 21296K, reserved 1069056K
  class space    used 2532K, capacity 2660K, committed 2688K, reserved 1048576K
}
Event: 2.260 GC heap after
{Heap after GC invocations=5 (full 0):
 garbage-first heap   total 131072K, used 17482K [0x0000000080000000, 0x0000000100000000)
  region size 1024K, 4 young (4096K), 4 survivors (4096K)
 Metaspace       used 20652K, capacity 21116K, committed 21296K, reserved 1069056K
  class space    used 2532K, capacity 2660K, committed 2688K, reserved 1048576K
}
Event: 3.065 GC heap before
{Heap before GC invocations=6 (full 0):
 garbage-first heap   total 131072K, used 66634K [0x0000000080000000, 0x0000000100000000)
  region size 1024K, 52 young (53248K), 4 survivors (4096K)
 Metaspace       used 25760K, capacity 26409K, committed 26544K, reserved 1073152K
  class space    used 3360K, capacity 3580K, committed 3584K, reserved 1048576K
}
Event: 3.075 GC heap after
{Heap after GC invocations=7 (full 0):
 garbage-first heap   total 179200K, used 18968K [0x0000000080000000, 0x0000000100000000)
  region size 1024K, 5 young (5120K), 5 survivors (5120K)
 Metaspace       used 25760K, capacity 26409K, committed 26544K, reserved 1073152K
  class space    used 3360K, capacity 3580K, committed 3584K, reserved 1048576K
}
Event: 4.087 GC heap before
{Heap before GC invocations=7 (full 0):
 garbage-first heap   total 179200K, used 80408K [0x0000000080000000, 0x0000000100000000)
  region size 1024K, 66 young (67584K), 5 survivors (5120K)
 Metaspace       used 34882K, capacity 35659K, committed 35708K, reserved 1081344K
  class space    used 4538K, capacity 4861K, committed 4864K, reserved 1048576K
}
Event: 4.097 GC heap after
{Heap after GC invocations=8 (full 0):
 garbage-first heap   total 179200K, used 22845K [0x0000000080000000, 0x0000000100000000)
  region size 1024K, 9 young (9216K), 9 survivors (9216K)
 Metaspace       used 34882K, capacity 35659K, committed 35708K, reserved 1081344K
  class space    used 4538K, capacity 4861K, committed 4864K, reserved 1048576K
}
Event: 4.920 GC heap before
{Heap before GC invocations=9 (full 0):
 garbage-first heap   total 179200K, used 102717K [0x0000000080000000, 0x0000000100000000)
  region size 1024K, 85 young (87040K), 9 survivors (9216K)
 Metaspace       used 41074K, capacity 42029K, committed 42184K, reserved 1085440K
  class space    used 5277K, capacity 5648K, committed 5708K, reserved 1048576K
}
Event: 4.930 GC heap after
{Heap after GC invocations=10 (full 0):
 garbage-first heap   total 179200K, used 28661K [0x0000000080000000, 0x0000000100000000)
  region size 1024K, 11 young (11264K), 11 survivors (11264K)
 Metaspace       used 41074K, capacity 42029K, committed 42184K, reserved 1085440K
  class space    used 5277K, capacity 5648K, committed 5708K, reserved 1048576K
}
Event: 6.845 GC heap before
{Heap before GC invocations=10 (full 0):
 garbage-first heap   total 179200K, used 120821K [0x0000000080000000, 0x0000000100000000)
  region size 1024K, 101 young (103424K), 11 survivors (11264K)
 Metaspace       used 47754K, capacity 48850K, committed 48968K, reserved 1091584K
  class space    used 6088K, capacity 6532K, committed 6604K, reserved 1048576K
}
Event: 6.860 GC heap after
{Heap after GC invocations=11 (full 0):
 garbage-first heap   total 179200K, used 32976K [0x0000000080000000, 0x0000000100000000)
  region size 1024K, 10 young (10240K), 10 survivors (10240K)
 Metaspace       used 47754K, capacity 48850K, committed 48968K, reserved 1091584K
  class space    used 6088K, capacity 6532K, committed 6604K, reserved 1048576K
}
Event: 8.007 GC heap before
{Heap before GC invocations=11 (full 0):
 garbage-first heap   total 179200K, used 135376K [0x0000000080000000, 0x0000000100000000)
  region size 1024K, 102 young (104448K), 10 survivors (10240K)
 Metaspace       used 57755K, capacity 59114K, committed 59336K, reserved 1101824K
  class space    used 7244K, capacity 7716K, committed 7756K, reserved 1048576K
}
Event: 8.021 GC heap after
{Heap after GC invocations=12 (full 0):
 garbage-first heap   total 215040K, used 52444K [0x0000000080000000, 0x0000000100000000)
  region size 1024K, 13 young (13312K), 13 survivors (13312K)
 Metaspace       used 57755K, capacity 59114K, committed 59336K, reserved 1101824K
  class space    used 7244K, capacity 7716K, committed 7756K, reserved 1048576K
}
Event: 8.125 GC heap before
{Heap before GC invocations=12 (full 0):
 garbage-first heap   total 215040K, used 61660K [0x0000000080000000, 0x0000000100000000)
  region size 1024K, 23 young (23552K), 13 survivors (13312K)
 Metaspace       used 58621K, capacity 59949K, committed 60068K, reserved 1101824K
  class space    used 7392K, capacity 7906K, committed 7976K, reserved 1048576K
}
Event: 8.136 GC heap after
{Heap after GC invocations=13 (full 0):
 garbage-first heap   total 215040K, used 55194K [0x0000000080000000, 0x0000000100000000)
  region size 1024K, 2 young (2048K), 2 survivors (2048K)
 Metaspace       used 58621K, capacity 59949K, committed 60068K, reserved 1101824K
  class space    used 7392K, capacity 7906K, committed 7976K, reserved 1048576K
}
Event: 9.339 GC heap before
{Heap before GC invocations=14 (full 0):
 garbage-first heap   total 215040K, used 122778K [0x0000000080000000, 0x0000000100000000)
  region size 1024K, 68 young (69632K), 2 survivors (2048K)
 Metaspace       used 65891K, capacity 67346K, committed 67620K, reserved 1107968K
  class space    used 8299K, capacity 8844K, committed 8872K, reserved 1048576K
}
Event: 9.346 GC heap after
{Heap after GC invocations=15 (full 0):
 garbage-first heap   total 215040K, used 58852K [0x0000000080000000, 0x0000000100000000)
  region size 1024K, 6 young (6144K), 6 survivors (6144K)
 Metaspace       used 65891K, capacity 67346K, committed 67620K, reserved 1107968K
  class space    used 8299K, capacity 8844K, committed 8872K, reserved 1048576K
}
Event: 10.052 GC heap before
{Heap before GC invocations=16 (full 0):
 garbage-first heap   total 215040K, used 130532K [0x0000000080000000, 0x0000000100000000)
  region size 1024K, 76 young (77824K), 6 survivors (6144K)
 Metaspace       used 69324K, capacity 70847K, committed 71204K, reserved 1112064K
  class space    used 8703K, capacity 9262K, committed 9384K, reserved 1048576K
}
Event: 10.061 GC heap after
{Heap after GC invocations=17 (full 0):
 garbage-first heap   total 215040K, used 63974K [0x0000000080000000, 0x0000000100000000)
  region size 1024K, 10 young (10240K), 10 survivors (10240K)
 Metaspace       used 69324K, capacity 70847K, committed 71204K, reserved 1112064K
  class space    used 8703K, capacity 9262K, committed 9384K, reserved 1048576K
}

Deoptimization events (20 events):
Event: 10.554 Thread 0x00000180e0b69000 Uncommon trap: trap_request=0xffffffd6 fr.pc=0x00000180d16ff6a4 relative=0x0000000000000344
Event: 10.554 Thread 0x00000180e0b69000 Uncommon trap: reason=array_check action=maybe_recompile pc=0x00000180d16ff6a4 method=java.util.AbstractCollection.toArray([Ljava/lang/Object;)[Ljava/lang/Object; @ 116 c2
Event: 10.554 Thread 0x00000180e0b69000 DEOPT PACKING pc=0x00000180d16ff6a4 sp=0x00000009161f91f0
Event: 10.554 Thread 0x00000180e0b69000 DEOPT UNPACKING pc=0x00000180c983662f sp=0x00000009161f9190 mode 2
Event: 10.554 Thread 0x00000180e0b69000 Uncommon trap: trap_request=0xffffffd6 fr.pc=0x00000180d16ff6a4 relative=0x0000000000000344
Event: 10.554 Thread 0x00000180e0b69000 Uncommon trap: reason=array_check action=maybe_recompile pc=0x00000180d16ff6a4 method=java.util.AbstractCollection.toArray([Ljava/lang/Object;)[Ljava/lang/Object; @ 116 c2
Event: 10.554 Thread 0x00000180e0b69000 DEOPT PACKING pc=0x00000180d16ff6a4 sp=0x00000009161f91f0
Event: 10.554 Thread 0x00000180e0b69000 DEOPT UNPACKING pc=0x00000180c983662f sp=0x00000009161f9190 mode 2
Event: 10.554 Thread 0x00000180e0b69000 Uncommon trap: trap_request=0xffffffd6 fr.pc=0x00000180d16ff6a4 relative=0x0000000000000344
Event: 10.554 Thread 0x00000180e0b69000 Uncommon trap: reason=array_check action=maybe_recompile pc=0x00000180d16ff6a4 method=java.util.AbstractCollection.toArray([Ljava/lang/Object;)[Ljava/lang/Object; @ 116 c2
Event: 10.554 Thread 0x00000180e0b69000 DEOPT PACKING pc=0x00000180d16ff6a4 sp=0x00000009161f91f0
Event: 10.554 Thread 0x00000180e0b69000 DEOPT UNPACKING pc=0x00000180c983662f sp=0x00000009161f9190 mode 2
Event: 10.571 Thread 0x00000180e0b69000 Uncommon trap: trap_request=0xffffffde fr.pc=0x00000180d162d0d0 relative=0x0000000000000670
Event: 10.571 Thread 0x00000180e0b69000 Uncommon trap: reason=class_check action=maybe_recompile pc=0x00000180d162d0d0 method=org.gradle.internal.instantiation.generator.AbstractClassGenerator$InjectionAnnotationValidator.validateMethod(Ljava/lang/reflect/Method;Lorg/gradle/internal/reflect/Pro
Event: 10.571 Thread 0x00000180e0b69000 DEOPT PACKING pc=0x00000180d162d0d0 sp=0x00000009161f8a00
Event: 10.571 Thread 0x00000180e0b69000 DEOPT UNPACKING pc=0x00000180c983662f sp=0x00000009161f89b8 mode 2
Event: 10.648 Thread 0x00000180e0b69000 Uncommon trap: trap_request=0xffffff4d fr.pc=0x00000180d16a1634 relative=0x00000000000015b4
Event: 10.648 Thread 0x00000180e0b69000 Uncommon trap: reason=unstable_if action=reinterpret pc=0x00000180d16a1634 method=java.util.concurrent.ConcurrentHashMap.putVal(Ljava/lang/Object;Ljava/lang/Object;Z)Ljava/lang/Object; @ 245 c2
Event: 10.648 Thread 0x00000180e0b69000 DEOPT PACKING pc=0x00000180d16a1634 sp=0x00000009161f8020
Event: 10.648 Thread 0x00000180e0b69000 DEOPT UNPACKING pc=0x00000180c983662f sp=0x00000009161f7fa8 mode 2

Classes redefined (0 events):
No events

Internal exceptions (20 events):
Event: 9.949 Thread 0x00000180e0b69000 Exception <a 'java/lang/ClassNotFoundException'{0x0000000089512510}: com/android/build/gradle/internal/dsl/ApplicationBuildFeaturesImpl_DecoratedBeanInfo> (0x0000000089512510) thrown at [./src/hotspot/share/classfile/systemDictionary.cpp, line 231]
Event: 9.950 Thread 0x00000180e0b69000 Exception <a 'java/lang/ClassNotFoundException'{0x0000000089530750}: com/android/build/gradle/internal/dsl/ApplicationBuildFeaturesImplBeanInfo> (0x0000000089530750) thrown at [./src/hotspot/share/classfile/systemDictionary.cpp, line 231]
Event: 9.950 Thread 0x00000180e0b69000 Exception <a 'java/lang/ClassNotFoundException'{0x000000008954d040}: com/android/build/gradle/internal/dsl/BuildFeaturesImplBeanInfo> (0x000000008954d040) thrown at [./src/hotspot/share/classfile/systemDictionary.cpp, line 231]
Event: 9.950 Thread 0x00000180e0b69000 Exception <a 'java/lang/ClassNotFoundException'{0x0000000089569418}: com/android/build/gradle/internal/dsl/BuildFeaturesImplCustomizer> (0x0000000089569418) thrown at [./src/hotspot/share/classfile/systemDictionary.cpp, line 231]
Event: 9.951 Thread 0x00000180e0b69000 Exception <a 'java/lang/ClassNotFoundException'{0x0000000089593338}: com/android/build/gradle/internal/dsl/ApplicationBuildFeaturesImplCustomizer> (0x0000000089593338) thrown at [./src/hotspot/share/classfile/systemDictionary.cpp, line 231]
Event: 9.951 Thread 0x00000180e0b69000 Exception <a 'java/lang/ClassNotFoundException'{0x00000000895b94b0}: com/android/build/gradle/internal/dsl/ApplicationBuildFeaturesImpl_DecoratedCustomizer> (0x00000000895b94b0) thrown at [./src/hotspot/share/classfile/systemDictionary.cpp, line 231]
Event: 9.957 Thread 0x00000180e0b69000 Exception <a 'java/lang/ClassNotFoundException'{0x000000008948ae18}: org/gradle/api/internal/artifacts/dsl/dependencies/DefaultDependencyHandler_DecoratedBeanInfo> (0x000000008948ae18) thrown at [./src/hotspot/share/classfile/systemDictionary.cpp, line 231]
Event: 9.959 Thread 0x00000180e0b69000 Exception <a 'java/lang/ClassNotFoundException'{0x00000000894d49a8}: org/gradle/api/internal/artifacts/dsl/dependencies/DefaultDependencyHandlerBeanInfo> (0x00000000894d49a8) thrown at [./src/hotspot/share/classfile/systemDictionary.cpp, line 231]
Event: 9.960 Thread 0x00000180e0b69000 Exception <a 'java/lang/ClassNotFoundException'{0x000000008931e718}: org/gradle/api/internal/artifacts/dsl/dependencies/DefaultDependencyHandlerCustomizer> (0x000000008931e718) thrown at [./src/hotspot/share/classfile/systemDictionary.cpp, line 231]
Event: 9.962 Thread 0x00000180e0b69000 Exception <a 'java/lang/ClassNotFoundException'{0x0000000089391948}: org/gradle/api/internal/artifacts/dsl/dependencies/DefaultDependencyHandler_DecoratedCustomizer> (0x0000000089391948) thrown at [./src/hotspot/share/classfile/systemDictionary.cpp, line 231]
Event: 10.625 Thread 0x00000180e0b69000 Exception <a 'java/lang/ClassNotFoundException'{0x000000008aad0798}: com/android/build/gradle/internal/api/ApkVariantOutputImpl_DecoratedBeanInfo> (0x000000008aad0798) thrown at [./src/hotspot/share/classfile/systemDictionary.cpp, line 231]
Event: 10.625 Thread 0x00000180e0b69000 Exception <a 'java/lang/ClassNotFoundException'{0x000000008aaec0f8}: com/android/build/gradle/internal/api/ApkVariantOutputImplBeanInfo> (0x000000008aaec0f8) thrown at [./src/hotspot/share/classfile/systemDictionary.cpp, line 231]
Event: 10.625 Thread 0x00000180e0b69000 Exception <a 'java/lang/ClassNotFoundException'{0x000000008a908800}: com/android/build/gradle/internal/api/BaseVariantOutputImplBeanInfo> (0x000000008a908800) thrown at [./src/hotspot/share/classfile/systemDictionary.cpp, line 231]
Event: 10.626 Thread 0x00000180e0b69000 Exception <a 'java/lang/ClassNotFoundException'{0x000000008a924ab8}: com/android/build/gradle/internal/api/BaseVariantOutputImplCustomizer> (0x000000008a924ab8) thrown at [./src/hotspot/share/classfile/systemDictionary.cpp, line 231]
Event: 10.630 Thread 0x00000180e0b69000 Exception <a 'java/lang/ClassNotFoundException'{0x000000008a953408}: com/android/build/gradle/internal/api/ApkVariantOutputImplCustomizer> (0x000000008a953408) thrown at [./src/hotspot/share/classfile/systemDictionary.cpp, line 231]
Event: 10.631 Thread 0x00000180e0b69000 Exception <a 'java/lang/ClassNotFoundException'{0x000000008a97e3e0}: com/android/build/gradle/internal/api/ApkVariantOutputImpl_DecoratedCustomizer> (0x000000008a97e3e0) thrown at [./src/hotspot/share/classfile/systemDictionary.cpp, line 231]
Event: 10.655 Thread 0x00000180e0b69000 Exception <a 'java/lang/ClassNotFoundException'{0x000000008a7bc3f0}: com/android/build/gradle/internal/api/ReadOnlyBuildTypeBeanInfo> (0x000000008a7bc3f0) thrown at [./src/hotspot/share/classfile/systemDictionary.cpp, line 231]
Event: 10.655 Thread 0x00000180e0b69000 Exception <a 'java/lang/ClassNotFoundException'{0x000000008a7d8680}: com/android/build/gradle/internal/api/ReadOnlyBaseConfigBeanInfo> (0x000000008a7d8680) thrown at [./src/hotspot/share/classfile/systemDictionary.cpp, line 231]
Event: 10.656 Thread 0x00000180e0b69000 Exception <a 'java/lang/ClassNotFoundException'{0x000000008a7f4cf0}: com/android/build/gradle/internal/api/ReadOnlyBaseConfigCustomizer> (0x000000008a7f4cf0) thrown at [./src/hotspot/share/classfile/systemDictionary.cpp, line 231]
Event: 10.657 Thread 0x00000180e0b69000 Exception <a 'java/lang/ClassNotFoundException'{0x000000008a6208e8}: com/android/build/gradle/internal/api/ReadOnlyBuildTypeCustomizer> (0x000000008a6208e8) thrown at [./src/hotspot/share/classfile/systemDictionary.cpp, line 231]

Events (20 events):
Event: 10.667 loading class org/jetbrains/kotlin/gradle/tasks/AndroidTasksProvider$configure$1
Event: 10.667 loading class org/jetbrains/kotlin/gradle/tasks/AndroidTasksProvider$configure$1 done
Event: 10.667 loading class org/jetbrains/kotlin/gradle/plugin/mpp/AbstractKotlinCompilation$source$1
Event: 10.667 loading class org/jetbrains/kotlin/gradle/plugin/mpp/AbstractKotlinCompilation$source$1 done
Event: 10.668 loading class org/jetbrains/kotlin/gradle/plugin/mpp/AbstractKotlinCompilation$addExactSourceSetsEagerly$1$1$1
Event: 10.668 loading class org/jetbrains/kotlin/gradle/plugin/mpp/AbstractKotlinCompilation$addExactSourceSetsEagerly$1$1$1 done
Event: 10.668 loading class org/jetbrains/kotlin/gradle/plugin/sources/DefaultKotlinSourceSet$special$$inlined$Iterable$1
Event: 10.668 loading class org/jetbrains/kotlin/gradle/plugin/sources/DefaultKotlinSourceSet$special$$inlined$Iterable$1 done
Event: 10.668 loading class org/jetbrains/kotlin/gradle/plugin/mpp/AbstractKotlinCompilation$addSourcesToCompileTask$1
Event: 10.668 loading class org/jetbrains/kotlin/gradle/plugin/mpp/AbstractKotlinCompilation$addSourcesToCompileTask$1 done
Event: 10.669 loading class org/jetbrains/kotlin/gradle/plugin/mpp/KotlinCompilationsKt$addSourcesToKotlinCompileTask$1
Event: 10.669 loading class org/jetbrains/kotlin/gradle/plugin/mpp/KotlinCompilationsKt$addSourcesToKotlinCompileTask$1 done
Event: 10.669 loading class org/jetbrains/kotlin/gradle/plugin/mpp/KotlinCompilationsKt$addSourcesToKotlinCompileTask$2
Event: 10.669 loading class org/jetbrains/kotlin/gradle/plugin/mpp/KotlinCompilationsKt$addSourcesToKotlinCompileTask$2 done
Event: 10.669 loading class org/jetbrains/kotlin/gradle/plugin/GradleUtilsKt
Event: 10.669 loading class org/jetbrains/kotlin/gradle/plugin/GradleUtilsKt done
Event: 10.671 loading class org/gradle/api/NamedDomainObjectCollection
Event: 10.671 loading class org/gradle/api/NamedDomainObjectCollection done
Event: 10.671 loading class com/android/build/gradle/internal/api/UnitTestVariantImpl
Event: 10.671 loading class com/android/build/gradle/internal/api/UnitTestVariantImpl done


Dynamic libraries:
0x00007ff7e8600000 - 0x00007ff7e860a000 	C:\Program Files\Android\Android Studio\jre\bin\java.exe
0x00007ffeed450000 - 0x00007ffeed647000 	C:\WINDOWS\SYSTEM32\ntdll.dll
0x00007ffeecbf0000 - 0x00007ffeeccad000 	C:\WINDOWS\System32\KERNEL32.DLL
0x00007ffeead10000 - 0x00007ffeeafdd000 	C:\WINDOWS\System32\KERNELBASE.dll
0x00007ffeeab70000 - 0x00007ffeeac70000 	C:\WINDOWS\System32\ucrtbase.dll
0x00007ffee6350000 - 0x00007ffee6367000 	C:\Program Files\Android\Android Studio\jre\bin\VCRUNTIME140.dll
0x00007ffee2ad0000 - 0x00007ffee2ae9000 	C:\Program Files\Android\Android Studio\jre\bin\jli.dll
0x00007ffeec300000 - 0x00007ffeec4a0000 	C:\WINDOWS\System32\USER32.dll
0x00007ffeeac70000 - 0x00007ffeeac92000 	C:\WINDOWS\System32\win32u.dll
0x00007ffeece30000 - 0x00007ffeece5a000 	C:\WINDOWS\System32\GDI32.dll
0x00007ffeeb110000 - 0x00007ffeeb21b000 	C:\WINDOWS\System32\gdi32full.dll
0x00007ffeeafe0000 - 0x00007ffeeb07d000 	C:\WINDOWS\System32\msvcp_win.dll
0x00007ffed6f30000 - 0x00007ffed71ca000 	C:\WINDOWS\WinSxS\amd64_microsoft.windows.common-controls_6595b64144ccf1df_6.0.19041.1110_none_60b5254171f9507e\COMCTL32.dll
0x00007ffeebeb0000 - 0x00007ffeebf4e000 	C:\WINDOWS\System32\msvcrt.dll
0x00007ffeebf50000 - 0x00007ffeebf80000 	C:\WINDOWS\System32\IMM32.DLL
0x00007ffecc0b0000 - 0x00007ffecc14d000 	C:\Program Files\Android\Android Studio\jre\bin\msvcp140.dll
0x00007ffea2230000 - 0x00007ffea2d05000 	C:\Program Files\Android\Android Studio\jre\bin\server\jvm.dll
0x00007ffeeb590000 - 0x00007ffeeb63e000 	C:\WINDOWS\System32\ADVAPI32.dll
0x00007ffeec200000 - 0x00007ffeec29c000 	C:\WINDOWS\System32\sechost.dll
0x00007ffeeb640000 - 0x00007ffeeb765000 	C:\WINDOWS\System32\RPCRT4.dll
0x00007ffeece60000 - 0x00007ffeece68000 	C:\WINDOWS\System32\PSAPI.DLL
0x00007ffee6520000 - 0x00007ffee6529000 	C:\WINDOWS\SYSTEM32\WSOCK32.dll
0x00007ffee3e90000 - 0x00007ffee3eb7000 	C:\WINDOWS\SYSTEM32\WINMM.dll
0x00007ffeec190000 - 0x00007ffeec1fb000 	C:\WINDOWS\System32\WS2_32.dll
0x00007ffee4c40000 - 0x00007ffee4c4a000 	C:\WINDOWS\SYSTEM32\VERSION.dll
0x00007ffee9420000 - 0x00007ffee9432000 	C:\WINDOWS\SYSTEM32\kernel.appcore.dll
0x00007ffedadf0000 - 0x00007ffedae01000 	C:\Program Files\Android\Android Studio\jre\bin\verify.dll
0x00007ffed3c10000 - 0x00007ffed3df4000 	C:\WINDOWS\SYSTEM32\DBGHELP.DLL
0x00007ffed3be0000 - 0x00007ffed3c0c000 	C:\WINDOWS\SYSTEM32\dbgcore.DLL
0x00007ffeeb080000 - 0x00007ffeeb102000 	C:\WINDOWS\System32\bcryptPrimitives.dll
0x00007ffed2df0000 - 0x00007ffed2e19000 	C:\Program Files\Android\Android Studio\jre\bin\java.dll
0x00007ffee1b60000 - 0x00007ffee1b6b000 	C:\Program Files\Android\Android Studio\jre\bin\jimage.dll
0x00007ffedadd0000 - 0x00007ffedade8000 	C:\Program Files\Android\Android Studio\jre\bin\zip.dll
0x00007ffeec4a0000 - 0x00007ffeecbe4000 	C:\WINDOWS\System32\SHELL32.dll
0x00007ffee8c70000 - 0x00007ffee9404000 	C:\WINDOWS\SYSTEM32\windows.storage.dll
0x00007ffeebaa0000 - 0x00007ffeebdf4000 	C:\WINDOWS\System32\combase.dll
0x00007ffeea500000 - 0x00007ffeea52c000 	C:\WINDOWS\SYSTEM32\Wldp.dll
0x00007ffeeb770000 - 0x00007ffeeb81d000 	C:\WINDOWS\System32\SHCORE.dll
0x00007ffeeb940000 - 0x00007ffeeb995000 	C:\WINDOWS\System32\shlwapi.dll
0x00007ffeeaab0000 - 0x00007ffeeaacf000 	C:\WINDOWS\SYSTEM32\profapi.dll
0x00007ffed9e30000 - 0x00007ffed9e4a000 	C:\Program Files\Android\Android Studio\jre\bin\net.dll
0x00007ffedac80000 - 0x00007ffedad8a000 	C:\WINDOWS\SYSTEM32\WINHTTP.dll
0x00007ffeea260000 - 0x00007ffeea2ca000 	C:\WINDOWS\system32\mswsock.dll
0x00007ffed9da0000 - 0x00007ffed9db4000 	C:\Program Files\Android\Android Studio\jre\bin\nio.dll
0x00007ffee2af0000 - 0x00007ffee2b17000 	C:\Users\Vik\.gradle\native\e1d6ef7f7dcc3fd88c89a11ec53ec762bb8ba0a96d01ffa2cd45eb1d1d8dd5c5\windows-amd64\native-platform.dll
0x00007ffec31d0000 - 0x00007ffec3314000 	C:\Users\Vik\.gradle\native\5664cfc778a61ccfe75a443a1ab52a65af34e5dc3c78e0209fed803814484fcb\windows-amd64\native-platform-file-events.dll
0x00007ffedb600000 - 0x00007ffedb60a000 	C:\Program Files\Android\Android Studio\jre\bin\management.dll
0x00007ffeda9c0000 - 0x00007ffeda9cd000 	C:\Program Files\Android\Android Studio\jre\bin\management_ext.dll
0x00007ffeea460000 - 0x00007ffeea478000 	C:\WINDOWS\SYSTEM32\CRYPTSP.dll
0x00007ffee9be0000 - 0x00007ffee9c14000 	C:\WINDOWS\system32\rsaenh.dll
0x00007ffeeb220000 - 0x00007ffeeb247000 	C:\WINDOWS\System32\bcrypt.dll
0x00007ffeeaa70000 - 0x00007ffeeaa9e000 	C:\WINDOWS\SYSTEM32\USERENV.dll
0x00007ffeea450000 - 0x00007ffeea45c000 	C:\WINDOWS\SYSTEM32\CRYPTBASE.dll
0x00007ffee9f50000 - 0x00007ffee9f8b000 	C:\WINDOWS\SYSTEM32\IPHLPAPI.DLL
0x00007ffeeb9b0000 - 0x00007ffeeb9b8000 	C:\WINDOWS\System32\NSI.dll
0x00007ffee3ef0000 - 0x00007ffee3f07000 	C:\WINDOWS\SYSTEM32\dhcpcsvc6.DLL
0x00007ffee4ae0000 - 0x00007ffee4afd000 	C:\WINDOWS\SYSTEM32\dhcpcsvc.DLL
0x00007ffee9f90000 - 0x00007ffeea05b000 	C:\WINDOWS\SYSTEM32\DNSAPI.dll

dbghelp: loaded successfully - version: 4.0.5 - missing functions: none
symbol engine: initialized successfully - sym options: 0x614 - pdb path: .;C:\Program Files\Android\Android Studio\jre\bin;C:\WINDOWS\SYSTEM32;C:\WINDOWS\WinSxS\amd64_microsoft.windows.common-controls_6595b64144ccf1df_6.0.19041.1110_none_60b5254171f9507e;C:\Program Files\Android\Android Studio\jre\bin\server;C:\Users\Vik\.gradle\native\e1d6ef7f7dcc3fd88c89a11ec53ec762bb8ba0a96d01ffa2cd45eb1d1d8dd5c5\windows-amd64;C:\Users\Vik\.gradle\native\5664cfc778a61ccfe75a443a1ab52a65af34e5dc3c78e0209fed803814484fcb\windows-amd64

VM Arguments:
jvm_args: --add-opens=java.base/java.util=ALL-UNNAMED --add-opens=java.base/java.lang=ALL-UNNAMED --add-opens=java.base/java.lang.invoke=ALL-UNNAMED --add-opens=java.base/java.util=ALL-UNNAMED --add-opens=java.prefs/java.util.prefs=ALL-UNNAMED --add-opens=java.prefs/java.util.prefs=ALL-UNNAMED --add-opens=java.base/java.nio.charset=ALL-UNNAMED --add-opens=java.base/java.net=ALL-UNNAMED --add-opens=java.base/java.util.concurrent.atomic=ALL-UNNAMED -Xmx2048m -Dfile.encoding=UTF-8 -Duser.country=RU -Duser.language=ru -Duser.variant 
java_command: org.gradle.launcher.daemon.bootstrap.GradleDaemon 7.2
java_class_path (initial): C:\Users\Vik\.gradle\wrapper\dists\gradle-7.2-bin\2dnblmf4td7x66yl1d74lt32g\gradle-7.2\lib\gradle-launcher-7.2.jar
Launcher Type: SUN_STANDARD

[Global flags]
     intx CICompilerCount                          = 3                                         {product} {ergonomic}
     uint ConcGCThreads                            = 1                                         {product} {ergonomic}
     uint G1ConcRefinementThreads                  = 4                                         {product} {ergonomic}
   size_t G1HeapRegionSize                         = 1048576                                   {product} {ergonomic}
    uintx GCDrainStackTargetSize                   = 64                                        {product} {ergonomic}
   size_t InitialHeapSize                          = 134217728                                 {product} {ergonomic}
   size_t MarkStackSize                            = 4194304                                   {product} {ergonomic}
   size_t MaxHeapSize                              = 2147483648                                {product} {command line}
   size_t MaxNewSize                               = 1287651328                                {product} {ergonomic}
   size_t MinHeapDeltaBytes                        = 1048576                                   {product} {ergonomic}
    uintx NonNMethodCodeHeapSize                   = 5830732                                {pd product} {ergonomic}
    uintx NonProfiledCodeHeapSize                  = 122913754                              {pd product} {ergonomic}
    uintx ProfiledCodeHeapSize                     = 122913754                              {pd product} {ergonomic}
    uintx ReservedCodeCacheSize                    = 251658240                              {pd product} {ergonomic}
     bool SegmentedCodeCache                       = true                                      {product} {ergonomic}
     bool UseCompressedClassPointers               = true                                 {lp64_product} {ergonomic}
     bool UseCompressedOops                        = true                                 {lp64_product} {ergonomic}
     bool UseG1GC                                  = true                                      {product} {ergonomic}
     bool UseLargePagesIndividualAllocation        = false                                  {pd product} {ergonomic}

Logging:
Log output configuration:
 #0: stdout all=warning uptime,level,tags
 #1: stderr all=off uptime,level,tags

Environment Variables:
JAVA_HOME=c:\Program Files\Java\jdk-16.0.2
PATH=C:\Program Files\Common Files\Oracle\Java\javapath;C:\Program Files (x86)\Common Files\Oracle\Java\javapath;C:\ProgramData\Oracle\Java\javapath;C:\Windows\system32;C:\Windows;C:\Windows\System32\Wbem;C:\Windows\System32\WindowsPowerShell\v1.0\;C:\Program Files\Java\jdk-16.0.2\bin\;C:\WINDOWS\system32;C:\WINDOWS;C:\WINDOWS\System32\Wbem;C:\WINDOWS\System32\WindowsPowerShell\v1.0\;C:\WINDOWS\System32\OpenSSH\;C:\Program Files\dotnet\;C:\Program Files\Git\cmd;C:\Program Files (x86)\NVIDIA Corporation\PhysX\Common;C:\Users\Vik\AppData\Local\Microsoft\WindowsApps;C:\Program Files\JetBrains\IntelliJ IDEA Community Edition 2021.3\bin;C:\Users\Vik\AppData\Local\GitHubDesktop\bin;C:\Users\Vik\AppData\Local\gitkraken\bin
USERNAME=Vik
OS=Windows_NT
PROCESSOR_IDENTIFIER=Intel64 Family 6 Model 60 Stepping 3, GenuineIntel



---------------  S Y S T E M  ---------------

OS: Windows 10 , 64 bit Build 19041 (10.0.19041.1741)
OS uptime: 1 days 19:57 hours

CPU:total 4 (initial active 4) (4 cores per cpu, 1 threads per core) family 6 model 60 stepping 3 microcode 0x27, cmov, cx8, fxsr, mmx, sse, sse2, sse3, ssse3, sse4.1, sse4.2, popcnt, avx, avx2, aes, clmul, erms, lzcnt, tsc, tscinvbit, bmi1, bmi2, fma

Memory: 4k page, system-wide physical 8128M (686M free)
TotalPageFile size 10528M (AvailPageFile size 4M)
current process WorkingSet (physical memory assigned to process): 418M, peak: 443M
current process commit charge ("private bytes"): 458M, peak: 482M

vm_info: OpenJDK 64-Bit Server VM (11.0.11+9-b60-7590822) for windows-amd64 JRE (11.0.11+9-b60-7590822), built on Jul 29 2021 21:43:44 by "builder" with MS VC++ 14.0 (VS2015)

END.
