#
# There is insufficient memory for the Java Runtime Environment to continue.
# Native memory allocation (mmap) failed to map 253755392 bytes for Failed to commit area from 0x0000000094100000 to 0x00000000a3300000 of length 253755392.
# Possible reasons:
#   The system is out of physical RAM or swap space
#   The process is running with CompressedOops enabled, and the Java Heap may be blocking the growth of the native heap
# Possible solutions:
#   Reduce memory load on the system
#   Increase physical memory or swap space
#   Check if swap backing store is full
#   Decrease Java heap size (-Xmx/-Xms)
#   Decrease number of Java threads
#   Decrease Java thread stack sizes (-Xss)
#   Set larger code cache with -XX:ReservedCodeCacheSize=
#   JVM is running with Unscaled Compressed Oops mode in which the Java heap is
#     placed in the first 4GB address space. The Java Heap base address is the
#     maximum limit for the native heap growth. Please use -XX:HeapBaseMinAddress
#     to set the Java Heap base and to place the Java Heap above 4GB virtual address.
# This output file may be truncated or incomplete.
#
#  Out of Memory Error (./src/hotspot/os/windows/os_windows.cpp:3301), pid=10496, tid=14092
#
# JRE version: OpenJDK Runtime Environment (11.0.11+9) (build 11.0.11+9-b60-7590822)
# Java VM: OpenJDK 64-Bit Server VM (11.0.11+9-b60-7590822, mixed mode, tiered, compressed oops, g1 gc, windows-amd64)
# No core dump will be written. Minidumps are not enabled by default on client versions of Windows
#

---------------  S U M M A R Y ------------

Command Line: --add-opens=java.base/java.util=ALL-UNNAMED --add-opens=java.base/java.lang=ALL-UNNAMED --add-opens=java.base/java.lang.invoke=ALL-UNNAMED --add-opens=java.base/java.util=ALL-UNNAMED --add-opens=java.prefs/java.util.prefs=ALL-UNNAMED --add-opens=java.prefs/java.util.prefs=ALL-UNNAMED --add-opens=java.base/java.nio.charset=ALL-UNNAMED --add-opens=java.base/java.net=ALL-UNNAMED --add-opens=java.base/java.util.concurrent.atomic=ALL-UNNAMED -Xmx2048m -Dfile.encoding=UTF-8 -Duser.country=RU -Duser.language=ru -Duser.variant org.gradle.launcher.daemon.bootstrap.GradleDaemon 7.2

Host: Intel(R) Core(TM) i5-4690 CPU @ 3.50GHz, 4 cores, 7G,  Windows 10 , 64 bit Build 19041 (10.0.19041.1741)
Time: Sun Jun 26 11:21:50 2022 Финляндия (лето) elapsed time: 24.485596 seconds (0d 0h 0m 24s)

---------------  T H R E A D  ---------------

Current thread (0x00000266548f7000):  VMThread "VM Thread" [stack: 0x000000a3d3900000,0x000000a3d3a00000] [id=14092]

Stack: [0x000000a3d3900000,0x000000a3d3a00000]
[error occurred during error reporting (printing stack bounds), id 0xc0000005, EXCEPTION_ACCESS_VIOLATION (0xc0000005) at pc=0x000002663dfc0f2d]

Native frames: (J=compiled Java code, j=interpreted, Vv=VM code, C=native code)
V  [jvm.dll+0x5f214a]
V  [jvm.dll+0x726fb5]
V  [jvm.dll+0x7285cd]
V  [jvm.dll+0x728be5]
V  [jvm.dll+0x728b9b]
V  [jvm.dll+0x5f14e8]
V  [jvm.dll+0x5f1c78]
C  [ntdll.dll+0xa209f]
C  [ntdll.dll+0x51454]
C  [ntdll.dll+0xa0bce]
C  0x000002663dfc0f2d

VM_Operation (0x000000a3d73f9000): G1CollectForAllocation, mode: safepoint, requested by thread 0x000002665b4b1800


---------------  P R O C E S S  ---------------

Threads class SMR info:
_java_thread_list=0x000002665b92bf10, length=90, elements={
0x000002663a4c4800, 0x00000266540d3800, 0x00000266540dc800, 0x0000026654905000,
0x0000026654905800, 0x0000026654906800, 0x000002665490c000, 0x0000026654953800,
0x00000266540ee000, 0x0000026654ab1800, 0x000002665711b800, 0x000002665784f800,
0x000002665797c800, 0x00000266563fa800, 0x0000026656b90800, 0x0000026657fd8800,
0x00000266571d2800, 0x00000266571d3800, 0x000002665632b800, 0x00000266574a8000,
0x00000266574a9800, 0x00000266574a9000, 0x00000266574a6800, 0x00000266574a4000,
0x00000266574aa800, 0x00000266574a4800, 0x00000266574a5800, 0x00000266574a7000,
0x00000266576bb000, 0x00000266576be800, 0x00000266576bd000, 0x00000266576bd800,
0x00000266576b9800, 0x00000266576c0000, 0x00000266576ba800, 0x00000266576c6000,
0x00000266576c2800, 0x00000266576c6800, 0x00000266576c1000, 0x00000266576c5000,
0x00000266576c3800, 0x00000266576c4000, 0x00000266576c2000, 0x00000266576c7800,
0x000002665b4af000, 0x000002665b4ad800, 0x000002665b4b0800, 0x000002665b4b0000,
0x000002665b4ae000, 0x000002665b4b5800, 0x000002665b4b4000, 0x000002665b4b7000,
0x000002665b4b2000, 0x000002665b4b1800, 0x000002665b4b8000, 0x000002665b4b9000,
0x000002665b4b3000, 0x000002665b4ba800, 0x000002665b4b4800, 0x000002665b4b9800,
0x000002665b4bb000, 0x000002665b4bc000, 0x000002665b4b6800, 0x000002665b7dc800,
0x000002665b7d9000, 0x000002665b7dd000, 0x000002665b7d7800, 0x000002665b7da800,
0x000002665b7de000, 0x000002665b7db800, 0x000002665b7d8800, 0x000002665b7df000,
0x000002665b7df800, 0x000002665b7da000, 0x000002665b7e3800, 0x000002665b7e4800,
0x000002665b7e1800, 0x000002665b7e3000, 0x000002665b7e2000, 0x000002665b7e5800,
0x000002665b7e6000, 0x0000026658458800, 0x000002665845a800, 0x0000026658459800,
0x0000026658454800, 0x0000026654b96000, 0x0000026658456000, 0x0000026658457000,
0x000002665845b000, 0x0000026658458000
}

Java Threads: ( => current thread )
  0x000002663a4c4800 JavaThread "main" [_thread_blocked, id=5092, stack(0x000000a3d3300000,0x000000a3d3400000)]
  0x00000266540d3800 JavaThread "Reference Handler" daemon [_thread_blocked, id=8732, stack(0x000000a3d3a00000,0x000000a3d3b00000)]
  0x00000266540dc800 JavaThread "Finalizer" daemon [_thread_blocked, id=8908, stack(0x000000a3d3b00000,0x000000a3d3c00000)]
  0x0000026654905000 JavaThread "Signal Dispatcher" daemon [_thread_blocked, id=13172, stack(0x000000a3d3c00000,0x000000a3d3d00000)]
  0x0000026654905800 JavaThread "Attach Listener" daemon [_thread_blocked, id=9088, stack(0x000000a3d3d00000,0x000000a3d3e00000)]
  0x0000026654906800 JavaThread "Service Thread" daemon [_thread_blocked, id=6796, stack(0x000000a3d3e00000,0x000000a3d3f00000)]
  0x000002665490c000 JavaThread "C2 CompilerThread0" daemon [_thread_in_native, id=12196, stack(0x000000a3d3f00000,0x000000a3d4000000)]
  0x0000026654953800 JavaThread "C1 CompilerThread0" daemon [_thread_blocked, id=9440, stack(0x000000a3d4000000,0x000000a3d4100000)]
  0x00000266540ee000 JavaThread "Sweeper thread" daemon [_thread_blocked, id=5492, stack(0x000000a3d4100000,0x000000a3d4200000)]
  0x0000026654ab1800 JavaThread "Common-Cleaner" daemon [_thread_blocked, id=2532, stack(0x000000a3d4200000,0x000000a3d4300000)]
  0x000002665711b800 JavaThread "Daemon health stats" [_thread_blocked, id=2696, stack(0x000000a3d4700000,0x000000a3d4800000)]
  0x000002665784f800 JavaThread "Incoming local TCP Connector on port 49338" [_thread_in_native, id=8692, stack(0x000000a3d4800000,0x000000a3d4900000)]
  0x000002665797c800 JavaThread "Daemon periodic checks" [_thread_blocked, id=4184, stack(0x000000a3d4900000,0x000000a3d4a00000)]
  0x00000266563fa800 JavaThread "Daemon" [_thread_blocked, id=6412, stack(0x000000a3d4a00000,0x000000a3d4b00000)]
  0x0000026656b90800 JavaThread "Handler for socket connection from /127.0.0.1:49338 to /127.0.0.1:49339" [_thread_in_native, id=12412, stack(0x000000a3d4b00000,0x000000a3d4c00000)]
  0x0000026657fd8800 JavaThread "Cancel handler" [_thread_blocked, id=8660, stack(0x000000a3d4c00000,0x000000a3d4d00000)]
  0x00000266571d2800 JavaThread "Daemon worker" [_thread_blocked, id=5852, stack(0x000000a3d4d00000,0x000000a3d4e00000)]
  0x00000266571d3800 JavaThread "Asynchronous log dispatcher for DefaultDaemonConnection: socket connection from /127.0.0.1:49338 to /127.0.0.1:49339" [_thread_blocked, id=6640, stack(0x000000a3d4e00000,0x000000a3d4f00000)]
  0x000002665632b800 JavaThread "Stdin handler" [_thread_blocked, id=4964, stack(0x000000a3d4f00000,0x000000a3d5000000)]
  0x00000266574a8000 JavaThread "Daemon client event forwarder" [_thread_blocked, id=11784, stack(0x000000a3d5000000,0x000000a3d5100000)]
  0x00000266574a9800 JavaThread "Cache worker for journal cache (C:\Users\Vik\.gradle\caches\journal-1)" [_thread_blocked, id=12964, stack(0x000000a3d5200000,0x000000a3d5300000)]
  0x00000266574a9000 JavaThread "File lock request listener" [_thread_in_native, id=7900, stack(0x000000a3d5300000,0x000000a3d5400000)]
  0x00000266574a6800 JavaThread "Cache worker for file hash cache (C:\Users\Vik\.gradle\caches\7.2\fileHashes)" [_thread_blocked, id=13040, stack(0x000000a3d5400000,0x000000a3d5500000)]
  0x00000266574a4000 JavaThread "Cache worker for file hash cache (D:\AndroidStudioProjects\KotlinLesson\m_2090_3\.gradle\7.2\fileHashes)" [_thread_blocked, id=8144, stack(0x000000a3d5500000,0x000000a3d5600000)]
  0x00000266574aa800 JavaThread "File watcher server" daemon [_thread_blocked, id=972, stack(0x000000a3d5600000,0x000000a3d5700000)]
  0x00000266574a4800 JavaThread "File watcher consumer" daemon [_thread_blocked, id=8936, stack(0x000000a3d5700000,0x000000a3d5800000)]
  0x00000266574a5800 JavaThread "Cache worker for checksums cache (D:\AndroidStudioProjects\KotlinLesson\m_2090_3\.gradle\checksums)" [_thread_blocked, id=6528, stack(0x000000a3d5800000,0x000000a3d5900000)]
  0x00000266574a7000 JavaThread "Cache worker for cache directory md-supplier (C:\Users\Vik\.gradle\caches\7.2\md-supplier)" [_thread_blocked, id=4512, stack(0x000000a3d5900000,0x000000a3d5a00000)]
  0x00000266576bb000 JavaThread "Cache worker for cache directory md-rule (C:\Users\Vik\.gradle\caches\7.2\md-rule)" [_thread_blocked, id=8068, stack(0x000000a3d5a00000,0x000000a3d5b00000)]
  0x00000266576be800 JavaThread "Cache worker for execution history cache (C:\Users\Vik\.gradle\caches\7.2\executionHistory)" [_thread_blocked, id=10080, stack(0x000000a3d5b00000,0x000000a3d5c00000)]
  0x00000266576bd000 JavaThread "jar transforms" [_thread_blocked, id=1844, stack(0x000000a3d5c00000,0x000000a3d5d00000)]
  0x00000266576bd800 JavaThread "Cache worker for file content cache (C:\Users\Vik\.gradle\caches\7.2\fileContent)" [_thread_blocked, id=8108, stack(0x000000a3d5d00000,0x000000a3d5e00000)]
  0x00000266576b9800 JavaThread "jar transforms Thread 2" [_thread_blocked, id=13104, stack(0x000000a3d5e00000,0x000000a3d5f00000)]
  0x00000266576c0000 JavaThread "Cache worker for dependencies-accessors (D:\AndroidStudioProjects\KotlinLesson\m_2090_3\.gradle\7.2\dependencies-accessors)" [_thread_blocked, id=8040, stack(0x000000a3d5f00000,0x000000a3d6000000)]
  0x00000266576ba800 JavaThread "jar transforms Thread 3" [_thread_blocked, id=5328, stack(0x000000a3d6000000,0x000000a3d6100000)]
  0x00000266576c6000 JavaThread "Cache worker for Build Output Cleanup Cache (D:\AndroidStudioProjects\KotlinLesson\m_2090_3\.gradle\buildOutputCleanup)" [_thread_blocked, id=4976, stack(0x000000a3d6100000,0x000000a3d6200000)]
  0x00000266576c2800 JavaThread "Unconstrained build operations" [_thread_blocked, id=10048, stack(0x000000a3d6200000,0x000000a3d6300000)]
  0x00000266576c6800 JavaThread "Unconstrained build operations Thread 2" [_thread_blocked, id=2056, stack(0x000000a3d6300000,0x000000a3d6400000)]
  0x00000266576c1000 JavaThread "Unconstrained build operations Thread 3" [_thread_blocked, id=1224, stack(0x000000a3d6400000,0x000000a3d6500000)]
  0x00000266576c5000 JavaThread "Unconstrained build operations Thread 4" [_thread_blocked, id=6820, stack(0x000000a3d6500000,0x000000a3d6600000)]
  0x00000266576c3800 JavaThread "Unconstrained build operations Thread 5" [_thread_blocked, id=13636, stack(0x000000a3d6600000,0x000000a3d6700000)]
  0x00000266576c4000 JavaThread "Unconstrained build operations Thread 6" [_thread_blocked, id=4180, stack(0x000000a3d6700000,0x000000a3d6800000)]
  0x00000266576c2000 JavaThread "Unconstrained build operations Thread 7" [_thread_blocked, id=5788, stack(0x000000a3d6800000,0x000000a3d6900000)]
  0x00000266576c7800 JavaThread "Unconstrained build operations Thread 8" [_thread_blocked, id=9288, stack(0x000000a3d6900000,0x000000a3d6a00000)]
  0x000002665b4af000 JavaThread "Unconstrained build operations Thread 9" [_thread_blocked, id=14324, stack(0x000000a3d6a00000,0x000000a3d6b00000)]
  0x000002665b4ad800 JavaThread "Unconstrained build operations Thread 10" [_thread_blocked, id=6816, stack(0x000000a3d6b00000,0x000000a3d6c00000)]
  0x000002665b4b0800 JavaThread "Unconstrained build operations Thread 11" [_thread_blocked, id=10532, stack(0x000000a3d6c00000,0x000000a3d6d00000)]
  0x000002665b4b0000 JavaThread "Unconstrained build operations Thread 12" [_thread_blocked, id=744, stack(0x000000a3d6d00000,0x000000a3d6e00000)]
  0x000002665b4ae000 JavaThread "Unconstrained build operations Thread 13" [_thread_blocked, id=9844, stack(0x000000a3d6e00000,0x000000a3d6f00000)]
  0x000002665b4b5800 JavaThread "Unconstrained build operations Thread 14" [_thread_blocked, id=3788, stack(0x000000a3d6f00000,0x000000a3d7000000)]
  0x000002665b4b4000 JavaThread "Unconstrained build operations Thread 15" [_thread_blocked, id=12452, stack(0x000000a3d7000000,0x000000a3d7100000)]
  0x000002665b4b7000 JavaThread "Unconstrained build operations Thread 16" [_thread_blocked, id=5848, stack(0x000000a3d7100000,0x000000a3d7200000)]
  0x000002665b4b2000 JavaThread "Unconstrained build operations Thread 17" [_thread_blocked, id=10232, stack(0x000000a3d7200000,0x000000a3d7300000)]
  0x000002665b4b1800 JavaThread "Unconstrained build operations Thread 18" [_thread_blocked, id=2816, stack(0x000000a3d7300000,0x000000a3d7400000)]
  0x000002665b4b8000 JavaThread "Unconstrained build operations Thread 19" [_thread_blocked, id=5808, stack(0x000000a3d7400000,0x000000a3d7500000)]
  0x000002665b4b9000 JavaThread "Unconstrained build operations Thread 20" [_thread_blocked, id=5540, stack(0x000000a3d7500000,0x000000a3d7600000)]
  0x000002665b4b3000 JavaThread "Unconstrained build operations Thread 21" [_thread_blocked, id=2920, stack(0x000000a3d7600000,0x000000a3d7700000)]
  0x000002665b4ba800 JavaThread "Unconstrained build operations Thread 22" [_thread_blocked, id=1792, stack(0x000000a3d7700000,0x000000a3d7800000)]
  0x000002665b4b4800 JavaThread "Unconstrained build operations Thread 23" [_thread_blocked, id=8872, stack(0x000000a3d7800000,0x000000a3d7900000)]
  0x000002665b4b9800 JavaThread "Unconstrained build operations Thread 24" [_thread_blocked, id=10772, stack(0x000000a3d7900000,0x000000a3d7a00000)]
  0x000002665b4bb000 JavaThread "Unconstrained build operations Thread 25" [_thread_blocked, id=13488, stack(0x000000a3d7a00000,0x000000a3d7b00000)]
  0x000002665b4bc000 JavaThread "Unconstrained build operations Thread 26" [_thread_blocked, id=8468, stack(0x000000a3d7b00000,0x000000a3d7c00000)]
  0x000002665b4b6800 JavaThread "Unconstrained build operations Thread 27" [_thread_blocked, id=4900, stack(0x000000a3d7c00000,0x000000a3d7d00000)]
  0x000002665b7dc800 JavaThread "Unconstrained build operations Thread 28" [_thread_blocked, id=10140, stack(0x000000a3d7d00000,0x000000a3d7e00000)]
  0x000002665b7d9000 JavaThread "Unconstrained build operations Thread 29" [_thread_blocked, id=5100, stack(0x000000a3d7e00000,0x000000a3d7f00000)]
  0x000002665b7dd000 JavaThread "Unconstrained build operations Thread 30" [_thread_blocked, id=3540, stack(0x000000a3d7f00000,0x000000a3d8000000)]
  0x000002665b7d7800 JavaThread "Unconstrained build operations Thread 31" [_thread_blocked, id=3432, stack(0x000000a3d8000000,0x000000a3d8100000)]
  0x000002665b7da800 JavaThread "Unconstrained build operations Thread 32" [_thread_blocked, id=7292, stack(0x000000a3d8100000,0x000000a3d8200000)]
  0x000002665b7de000 JavaThread "Unconstrained build operations Thread 33" [_thread_blocked, id=5316, stack(0x000000a3d8200000,0x000000a3d8300000)]
  0x000002665b7db800 JavaThread "Unconstrained build operations Thread 34" [_thread_blocked, id=2940, stack(0x000000a3d8300000,0x000000a3d8400000)]
  0x000002665b7d8800 JavaThread "Unconstrained build operations Thread 35" [_thread_blocked, id=7032, stack(0x000000a3d8400000,0x000000a3d8500000)]
  0x000002665b7df000 JavaThread "Unconstrained build operations Thread 36" [_thread_blocked, id=12440, stack(0x000000a3d8500000,0x000000a3d8600000)]
  0x000002665b7df800 JavaThread "Unconstrained build operations Thread 37" [_thread_blocked, id=7012, stack(0x000000a3d8600000,0x000000a3d8700000)]
  0x000002665b7da000 JavaThread "Unconstrained build operations Thread 38" [_thread_blocked, id=7376, stack(0x000000a3d8700000,0x000000a3d8800000)]
  0x000002665b7e3800 JavaThread "Unconstrained build operations Thread 39" [_thread_blocked, id=2864, stack(0x000000a3d8800000,0x000000a3d8900000)]
  0x000002665b7e4800 JavaThread "Unconstrained build operations Thread 40" [_thread_blocked, id=11804, stack(0x000000a3d8900000,0x000000a3d8a00000)]
  0x000002665b7e1800 JavaThread "jar transforms Thread 4" [_thread_blocked, id=9512, stack(0x000000a3d8a00000,0x000000a3d8b00000)]
  0x000002665b7e3000 JavaThread "Memory manager" [_thread_blocked, id=12552, stack(0x000000a3d8c00000,0x000000a3d8d00000)]
  0x000002665b7e2000 JavaThread "build event listener" [_thread_blocked, id=1340, stack(0x000000a3d8d00000,0x000000a3d8e00000)]
  0x000002665b7e5800 JavaThread "pool-3-thread-1" [_thread_blocked, id=6344, stack(0x000000a3d8e00000,0x000000a3d8f00000)]
  0x000002665b7e6000 JavaThread "build event listener" [_thread_blocked, id=7840, stack(0x000000a3d8f00000,0x000000a3d9000000)]
  0x0000026658458800 JavaThread "Execution worker for ':'" [_thread_blocked, id=1412, stack(0x000000a3d9000000,0x000000a3d9100000)]
  0x000002665845a800 JavaThread "Execution worker for ':' Thread 2" [_thread_blocked, id=14264, stack(0x000000a3d9100000,0x000000a3d9200000)]
  0x0000026658459800 JavaThread "Execution worker for ':' Thread 3" [_thread_blocked, id=12860, stack(0x000000a3d9200000,0x000000a3d9300000)]
  0x0000026658454800 JavaThread "Cache worker for execution history cache (D:\AndroidStudioProjects\KotlinLesson\m_2090_3\.gradle\7.2\executionHistory)" [_thread_blocked, id=11520, stack(0x000000a3d9300000,0x000000a3d9400000)]
  0x0000026654b96000 JavaThread "C2 CompilerThread1" daemon [_thread_blocked, id=8904, stack(0x000000a3d4400000,0x000000a3d4500000)]
  0x0000026658456000 JavaThread "WorkerExecutor Queue" [_thread_blocked, id=4368, stack(0x000000a3d9500000,0x000000a3d9600000)]
  0x0000026658457000 JavaThread "WorkerExecutor Queue Thread 2" [_thread_blocked, id=7144, stack(0x000000a3d9600000,0x000000a3d9700000)]
  0x000002665845b000 JavaThread "WorkerExecutor Queue Thread 3" [_thread_blocked, id=6156, stack(0x000000a3d9700000,0x000000a3d9800000)]
  0x0000026658458000 JavaThread "WorkerExecutor Queue Thread 4" [_thread_blocked, id=10216, stack(0x000000a3d9800000,0x000000a3d9900000)]

Other Threads:
=>0x00000266548f7000 VMThread "VM Thread" [stack: 0x000000a3d3900000,0x000000a3d3a00000] [id=14092]
  0x0000026654aea800 WatcherThread [stack: 0x000000a3d4300000,0x000000a3d4400000] [id=1968]
  0x00000266382bd800 GCTaskThread "GC Thread#0" [stack: 0x000000a3d3400000,0x000000a3d3500000] [id=11840]
  0x0000026654bcd000 GCTaskThread "GC Thread#1" [stack: 0x000000a3d4500000,0x000000a3d4600000] [id=12144]
  0x000002665578e000 GCTaskThread "GC Thread#2" [stack: 0x000000a3d4600000,0x000000a3d4700000] [id=12112]
  0x0000026657fd9000 GCTaskThread "GC Thread#3" [stack: 0x000000a3d5100000,0x000000a3d5200000] [id=6004]
  0x000002663a509000 ConcurrentGCThread "G1 Main Marker" [stack: 0x000000a3d3500000,0x000000a3d3600000] [id=8164]
  0x000002663a50c800 ConcurrentGCThread "G1 Conc#0" [stack: 0x000000a3d3600000,0x000000a3d3700000] [id=13456]
  0x0000026653f25800 ConcurrentGCThread "G1 Refine#0" [stack: 0x000000a3d3700000,0x000000a3d3800000] [id=12568]
  0x0000026659e77000 ConcurrentGCThread "G1 Refine#1" [stack: 0x000000a3d8b00000,0x000000a3d8c00000] [id=12396]
  0x000002665b570000 ConcurrentGCThread "G1 Refine#2" [stack: 0x000000a3d9400000,0x000000a3d9500000] [id=1272]
  0x0000026653f26800 ConcurrentGCThread "G1 Young RemSet Sampling" [stack: 0x000000a3d3800000,0x000000a3d3900000] [id=13556]

Threads with active compile tasks:
C2 CompilerThread0  24504 19288       4       com.android.tools.r8.ir.regalloc.b::c (3939 bytes)
C2 CompilerThread1  24504 19502 %     4       com.android.tools.r8.ir.regalloc.b::a @ 1542 (1824 bytes)

VM state:at safepoint (normal execution)

VM Mutex/Monitor currently owned by a thread:  ([mutex/lock_event])
[0x000002663a4c05a0] Threads_lock - owner thread: 0x00000266548f7000
[0x000002663a4bef20] Heap_lock - owner thread: 0x000002665b4b1800

Heap address: 0x0000000080000000, size: 2048 MB, Compressed Oops mode: 32-bit
Narrow klass base: 0x0000000000000000, Narrow klass shift: 3
Compressed class space size: 1073741824 Address: 0x0000000100000000

Heap:
 garbage-first heap   total 576512K, used 165991K [0x0000000080000000, 0x0000000100000000)
  region size 1024K, 6 young (6144K), 6 survivors (6144K)
 Metaspace       used 119024K, capacity 121761K, committed 122460K, reserved 1157120K
  class space    used 14834K, capacity 15901K, committed 16128K, reserved 1048576K
Heap Regions: E=young(eden), S=young(survivor), O=old, HS=humongous(starts), HC=humongous(continues), CS=collection set, F=free, A=archive, TAMS=top-at-mark-start (previous, next)
|   0|0x0000000080000000, 0x0000000080100000, 0x0000000080100000|100%| O|  |TAMS 0x0000000080100000, 0x0000000080000000| Untracked 
|   1|0x0000000080100000, 0x0000000080200000, 0x0000000080200000|100%| O|  |TAMS 0x0000000080200000, 0x0000000080100000| Untracked 
|   2|0x0000000080200000, 0x0000000080300000, 0x0000000080300000|100%| O|  |TAMS 0x0000000080300000, 0x0000000080200000| Untracked 
|   3|0x0000000080300000, 0x0000000080400000, 0x0000000080400000|100%|HS|  |TAMS 0x0000000080400000, 0x0000000080300000| Complete 
|   4|0x0000000080400000, 0x0000000080500000, 0x0000000080500000|100%|HC|  |TAMS 0x0000000080500000, 0x0000000080400000| Complete 
|   5|0x0000000080500000, 0x0000000080600000, 0x0000000080600000|100%|HC|  |TAMS 0x0000000080600000, 0x0000000080500000| Complete 
|   6|0x0000000080600000, 0x0000000080700000, 0x0000000080700000|100%| O|  |TAMS 0x0000000080700000, 0x0000000080600000| Untracked 
|   7|0x0000000080700000, 0x0000000080800000, 0x0000000080800000|100%| O|  |TAMS 0x0000000080800000, 0x0000000080700000| Untracked 
|   8|0x0000000080800000, 0x0000000080900000, 0x0000000080900000|100%| O|  |TAMS 0x0000000080900000, 0x0000000080800000| Untracked 
|   9|0x0000000080900000, 0x0000000080a00000, 0x0000000080a00000|100%| O|  |TAMS 0x0000000080a00000, 0x0000000080900000| Untracked 
|  10|0x0000000080a00000, 0x0000000080b00000, 0x0000000080b00000|100%| O|  |TAMS 0x0000000080b00000, 0x0000000080a00000| Untracked 
|  11|0x0000000080b00000, 0x0000000080c00000, 0x0000000080c00000|100%| O|  |TAMS 0x0000000080c00000, 0x0000000080b00000| Untracked 
|  12|0x0000000080c00000, 0x0000000080d00000, 0x0000000080d00000|100%| O|  |TAMS 0x0000000080d00000, 0x0000000080c00000| Untracked 
|  13|0x0000000080d00000, 0x0000000080e00000, 0x0000000080e00000|100%| O|  |TAMS 0x0000000080e00000, 0x0000000080d00000| Untracked 
|  14|0x0000000080e00000, 0x0000000080f00000, 0x0000000080f00000|100%| O|  |TAMS 0x0000000080f00000, 0x0000000080e00000| Untracked 
|  15|0x0000000080f00000, 0x0000000081000000, 0x0000000081000000|100%| O|  |TAMS 0x0000000081000000, 0x0000000080f00000| Untracked 
|  16|0x0000000081000000, 0x0000000081100000, 0x0000000081100000|100%| O|  |TAMS 0x0000000081100000, 0x0000000081000000| Untracked 
|  17|0x0000000081100000, 0x0000000081200000, 0x0000000081200000|100%|HS|  |TAMS 0x0000000081200000, 0x0000000081100000| Complete 
|  18|0x0000000081200000, 0x0000000081300000, 0x0000000081300000|100%| O|  |TAMS 0x0000000081300000, 0x0000000081200000| Untracked 
|  19|0x0000000081300000, 0x0000000081400000, 0x0000000081400000|100%| O|  |TAMS 0x0000000081400000, 0x0000000081300000| Untracked 
|  20|0x0000000081400000, 0x0000000081500000, 0x0000000081500000|100%| O|  |TAMS 0x0000000081500000, 0x0000000081400000| Untracked 
|  21|0x0000000081500000, 0x0000000081600000, 0x0000000081600000|100%| O|  |TAMS 0x0000000081600000, 0x0000000081500000| Untracked 
|  22|0x0000000081600000, 0x0000000081700000, 0x0000000081700000|100%| O|  |TAMS 0x0000000081700000, 0x0000000081600000| Untracked 
|  23|0x0000000081700000, 0x0000000081800000, 0x0000000081800000|100%| O|  |TAMS 0x0000000081800000, 0x0000000081700000| Untracked 
|  24|0x0000000081800000, 0x0000000081900000, 0x0000000081900000|100%|HS|  |TAMS 0x0000000081900000, 0x0000000081800000| Complete 
|  25|0x0000000081900000, 0x0000000081a00000, 0x0000000081a00000|100%|HS|  |TAMS 0x0000000081a00000, 0x0000000081900000| Complete 
|  26|0x0000000081a00000, 0x0000000081b00000, 0x0000000081b00000|100%|HS|  |TAMS 0x0000000081b00000, 0x0000000081a00000| Complete 
|  27|0x0000000081b00000, 0x0000000081c00000, 0x0000000081c00000|100%|HS|  |TAMS 0x0000000081c00000, 0x0000000081b00000| Complete 
|  28|0x0000000081c00000, 0x0000000081d00000, 0x0000000081d00000|100%|HC|  |TAMS 0x0000000081d00000, 0x0000000081c00000| Complete 
|  29|0x0000000081d00000, 0x0000000081e00000, 0x0000000081e00000|100%|HC|  |TAMS 0x0000000081e00000, 0x0000000081d00000| Complete 
|  30|0x0000000081e00000, 0x0000000081f00000, 0x0000000081f00000|100%|HS|  |TAMS 0x0000000081f00000, 0x0000000081e00000| Complete 
|  31|0x0000000081f00000, 0x0000000082000000, 0x0000000082000000|100%|HC|  |TAMS 0x0000000082000000, 0x0000000081f00000| Complete 
|  32|0x0000000082000000, 0x0000000082100000, 0x0000000082100000|100%| O|  |TAMS 0x0000000082100000, 0x0000000082000000| Untracked 
|  33|0x0000000082100000, 0x0000000082200000, 0x0000000082200000|100%| O|  |TAMS 0x0000000082200000, 0x0000000082100000| Untracked 
|  34|0x0000000082200000, 0x0000000082300000, 0x0000000082300000|100%| O|  |TAMS 0x0000000082300000, 0x0000000082200000| Untracked 
|  35|0x0000000082300000, 0x0000000082400000, 0x0000000082400000|100%| O|  |TAMS 0x0000000082400000, 0x0000000082300000| Untracked 
|  36|0x0000000082400000, 0x0000000082500000, 0x0000000082500000|100%| O|  |TAMS 0x0000000082500000, 0x0000000082400000| Untracked 
|  37|0x0000000082500000, 0x0000000082600000, 0x0000000082600000|100%| O|  |TAMS 0x0000000082600000, 0x0000000082500000| Untracked 
|  38|0x0000000082600000, 0x0000000082700000, 0x0000000082700000|100%| O|  |TAMS 0x0000000082700000, 0x0000000082600000| Untracked 
|  39|0x0000000082700000, 0x0000000082800000, 0x0000000082800000|100%| O|  |TAMS 0x0000000082800000, 0x0000000082700000| Untracked 
|  40|0x0000000082800000, 0x0000000082900000, 0x0000000082900000|100%| O|  |TAMS 0x0000000082900000, 0x0000000082800000| Untracked 
|  41|0x0000000082900000, 0x0000000082a00000, 0x0000000082a00000|100%| O|  |TAMS 0x0000000082a00000, 0x0000000082900000| Untracked 
|  42|0x0000000082a00000, 0x0000000082b00000, 0x0000000082b00000|100%| O|  |TAMS 0x0000000082b00000, 0x0000000082a00000| Untracked 
|  43|0x0000000082b00000, 0x0000000082c00000, 0x0000000082c00000|100%| O|  |TAMS 0x0000000082c00000, 0x0000000082b00000| Untracked 
|  44|0x0000000082c00000, 0x0000000082d00000, 0x0000000082d00000|100%| O|  |TAMS 0x0000000082d00000, 0x0000000082c00000| Untracked 
|  45|0x0000000082d00000, 0x0000000082e00000, 0x0000000082e00000|100%| O|  |TAMS 0x0000000082e00000, 0x0000000082d00000| Untracked 
|  46|0x0000000082e00000, 0x0000000082f00000, 0x0000000082f00000|100%| O|  |TAMS 0x0000000082f00000, 0x0000000082e00000| Untracked 
|  47|0x0000000082f00000, 0x0000000083000000, 0x0000000083000000|100%| O|  |TAMS 0x0000000083000000, 0x0000000082f00000| Untracked 
|  48|0x0000000083000000, 0x0000000083100000, 0x0000000083100000|100%| O|  |TAMS 0x0000000083100000, 0x0000000083000000| Untracked 
|  49|0x0000000083100000, 0x0000000083200000, 0x0000000083200000|100%| O|  |TAMS 0x0000000083200000, 0x0000000083100000| Untracked 
|  50|0x0000000083200000, 0x0000000083300000, 0x0000000083300000|100%| O|  |TAMS 0x0000000083300000, 0x0000000083200000| Untracked 
|  51|0x0000000083300000, 0x0000000083400000, 0x0000000083400000|100%| O|  |TAMS 0x0000000083400000, 0x0000000083300000| Untracked 
|  52|0x0000000083400000, 0x0000000083500000, 0x0000000083500000|100%| O|  |TAMS 0x0000000083500000, 0x0000000083400000| Untracked 
|  53|0x0000000083500000, 0x0000000083600000, 0x0000000083600000|100%| O|  |TAMS 0x0000000083600000, 0x0000000083500000| Untracked 
|  54|0x0000000083600000, 0x0000000083700000, 0x0000000083700000|100%| O|  |TAMS 0x0000000083700000, 0x0000000083600000| Untracked 
|  55|0x0000000083700000, 0x0000000083800000, 0x0000000083800000|100%| O|  |TAMS 0x0000000083800000, 0x0000000083700000| Untracked 
|  56|0x0000000083800000, 0x0000000083900000, 0x0000000083900000|100%| O|  |TAMS 0x0000000083900000, 0x0000000083800000| Untracked 
|  57|0x0000000083900000, 0x0000000083a00000, 0x0000000083a00000|100%| O|  |TAMS 0x0000000083a00000, 0x0000000083900000| Untracked 
|  58|0x0000000083a00000, 0x0000000083b00000, 0x0000000083b00000|100%| O|  |TAMS 0x0000000083b00000, 0x0000000083a00000| Untracked 
|  59|0x0000000083b00000, 0x0000000083c00000, 0x0000000083c00000|100%| O|  |TAMS 0x0000000083c00000, 0x0000000083b00000| Untracked 
|  60|0x0000000083c00000, 0x0000000083d00000, 0x0000000083d00000|100%| O|  |TAMS 0x0000000083d00000, 0x0000000083c00000| Untracked 
|  61|0x0000000083d00000, 0x0000000083e00000, 0x0000000083e00000|100%| O|  |TAMS 0x0000000083e00000, 0x0000000083d00000| Untracked 
|  62|0x0000000083e00000, 0x0000000083f00000, 0x0000000083f00000|100%| O|  |TAMS 0x0000000083f00000, 0x0000000083e00000| Untracked 
|  63|0x0000000083f00000, 0x0000000084000000, 0x0000000084000000|100%| O|  |TAMS 0x0000000084000000, 0x0000000083f00000| Untracked 
|  64|0x0000000084000000, 0x0000000084100000, 0x0000000084100000|100%| O|  |TAMS 0x0000000084100000, 0x0000000084000000| Untracked 
|  65|0x0000000084100000, 0x0000000084200000, 0x0000000084200000|100%| O|  |TAMS 0x0000000084200000, 0x0000000084100000| Untracked 
|  66|0x0000000084200000, 0x0000000084300000, 0x0000000084300000|100%| O|  |TAMS 0x0000000084300000, 0x0000000084200000| Untracked 
|  67|0x0000000084300000, 0x0000000084400000, 0x0000000084400000|100%| O|  |TAMS 0x0000000084400000, 0x0000000084300000| Untracked 
|  68|0x0000000084400000, 0x0000000084500000, 0x0000000084500000|100%| O|  |TAMS 0x0000000084500000, 0x0000000084400000| Untracked 
|  69|0x0000000084500000, 0x0000000084600000, 0x0000000084600000|100%| O|  |TAMS 0x0000000084600000, 0x0000000084500000| Untracked 
|  70|0x0000000084600000, 0x0000000084700000, 0x0000000084700000|100%| O|  |TAMS 0x0000000084700000, 0x0000000084600000| Untracked 
|  71|0x0000000084700000, 0x0000000084800000, 0x0000000084800000|100%| O|  |TAMS 0x0000000084800000, 0x0000000084700000| Untracked 
|  72|0x0000000084800000, 0x0000000084900000, 0x0000000084900000|100%| O|  |TAMS 0x0000000084900000, 0x0000000084800000| Untracked 
|  73|0x0000000084900000, 0x0000000084a00000, 0x0000000084a00000|100%| O|  |TAMS 0x0000000084a00000, 0x0000000084900000| Untracked 
|  74|0x0000000084a00000, 0x0000000084b00000, 0x0000000084b00000|100%| O|  |TAMS 0x0000000084b00000, 0x0000000084a00000| Untracked 
|  75|0x0000000084b00000, 0x0000000084c00000, 0x0000000084c00000|100%| O|  |TAMS 0x0000000084c00000, 0x0000000084b00000| Untracked 
|  76|0x0000000084c00000, 0x0000000084d00000, 0x0000000084d00000|100%| O|  |TAMS 0x0000000084d00000, 0x0000000084c00000| Untracked 
|  77|0x0000000084d00000, 0x0000000084e00000, 0x0000000084e00000|100%| O|  |TAMS 0x0000000084e00000, 0x0000000084d00000| Untracked 
|  78|0x0000000084e00000, 0x0000000084f00000, 0x0000000084f00000|100%| O|  |TAMS 0x0000000084f00000, 0x0000000084e00000| Untracked 
|  79|0x0000000084f00000, 0x0000000085000000, 0x0000000085000000|100%| O|  |TAMS 0x0000000085000000, 0x0000000084f00000| Untracked 
|  80|0x0000000085000000, 0x0000000085100000, 0x0000000085100000|100%| O|  |TAMS 0x0000000085100000, 0x0000000085000000| Untracked 
|  81|0x0000000085100000, 0x0000000085200000, 0x0000000085200000|100%| O|  |TAMS 0x0000000085200000, 0x0000000085100000| Untracked 
|  82|0x0000000085200000, 0x0000000085300000, 0x0000000085300000|100%| O|  |TAMS 0x0000000085300000, 0x0000000085200000| Untracked 
|  83|0x0000000085300000, 0x0000000085400000, 0x0000000085400000|100%| O|  |TAMS 0x0000000085400000, 0x0000000085300000| Untracked 
|  84|0x0000000085400000, 0x0000000085500000, 0x0000000085500000|100%| O|  |TAMS 0x0000000085500000, 0x0000000085400000| Untracked 
|  85|0x0000000085500000, 0x0000000085600000, 0x0000000085600000|100%| O|  |TAMS 0x0000000085600000, 0x0000000085500000| Untracked 
|  86|0x0000000085600000, 0x0000000085700000, 0x0000000085700000|100%| O|  |TAMS 0x0000000085700000, 0x0000000085600000| Untracked 
|  87|0x0000000085700000, 0x0000000085800000, 0x0000000085800000|100%| O|  |TAMS 0x0000000085800000, 0x0000000085700000| Untracked 
|  88|0x0000000085800000, 0x0000000085900000, 0x0000000085900000|100%| O|  |TAMS 0x0000000085900000, 0x0000000085800000| Untracked 
|  89|0x0000000085900000, 0x0000000085a00000, 0x0000000085a00000|100%| O|  |TAMS 0x0000000085a00000, 0x0000000085900000| Untracked 
|  90|0x0000000085a00000, 0x0000000085b00000, 0x0000000085b00000|100%| O|  |TAMS 0x0000000085b00000, 0x0000000085a00000| Untracked 
|  91|0x0000000085b00000, 0x0000000085c00000, 0x0000000085c00000|100%| O|  |TAMS 0x0000000085c00000, 0x0000000085b00000| Untracked 
|  92|0x0000000085c00000, 0x0000000085d00000, 0x0000000085d00000|100%| O|  |TAMS 0x0000000085d00000, 0x0000000085c00000| Untracked 
|  93|0x0000000085d00000, 0x0000000085e00000, 0x0000000085e00000|100%| O|  |TAMS 0x0000000085e00000, 0x0000000085d00000| Untracked 
|  94|0x0000000085e00000, 0x0000000085f00000, 0x0000000085f00000|100%| O|  |TAMS 0x0000000085ea3c00, 0x0000000085e00000| Untracked 
|  95|0x0000000085f00000, 0x0000000086000000, 0x0000000086000000|100%| O|  |TAMS 0x0000000086000000, 0x0000000085f00000| Untracked 
|  96|0x0000000086000000, 0x0000000086100000, 0x0000000086100000|100%| O|  |TAMS 0x0000000086100000, 0x0000000086000000| Untracked 
|  97|0x0000000086100000, 0x0000000086200000, 0x0000000086200000|100%| O|  |TAMS 0x0000000086200000, 0x0000000086100000| Untracked 
|  98|0x0000000086200000, 0x0000000086300000, 0x0000000086300000|100%| O|  |TAMS 0x0000000086300000, 0x0000000086200000| Untracked 
|  99|0x0000000086300000, 0x0000000086400000, 0x0000000086400000|100%| O|  |TAMS 0x0000000086400000, 0x0000000086300000| Untracked 
| 100|0x0000000086400000, 0x0000000086500000, 0x0000000086500000|100%| O|  |TAMS 0x0000000086500000, 0x0000000086400000| Untracked 
| 101|0x0000000086500000, 0x0000000086600000, 0x0000000086600000|100%| O|  |TAMS 0x0000000086500000, 0x0000000086500000| Untracked 
| 102|0x0000000086600000, 0x0000000086700000, 0x0000000086700000|100%| O|  |TAMS 0x0000000086600000, 0x0000000086600000| Untracked 
| 103|0x0000000086700000, 0x0000000086800000, 0x0000000086800000|100%| O|  |TAMS 0x0000000086700000, 0x0000000086700000| Untracked 
| 104|0x0000000086800000, 0x0000000086900000, 0x0000000086900000|100%| O|  |TAMS 0x0000000086800000, 0x0000000086800000| Untracked 
| 105|0x0000000086900000, 0x0000000086a00000, 0x0000000086a00000|100%| O|  |TAMS 0x0000000086a00000, 0x0000000086900000| Untracked 
| 106|0x0000000086a00000, 0x0000000086b00000, 0x0000000086b00000|100%| O|  |TAMS 0x0000000086a00000, 0x0000000086a00000| Untracked 
| 107|0x0000000086b00000, 0x0000000086c00000, 0x0000000086c00000|100%| O|  |TAMS 0x0000000086c00000, 0x0000000086b00000| Untracked 
| 108|0x0000000086c00000, 0x0000000086d00000, 0x0000000086d00000|100%| O|  |TAMS 0x0000000086c00000, 0x0000000086c00000| Untracked 
| 109|0x0000000086d00000, 0x0000000086e00000, 0x0000000086e00000|100%| O|  |TAMS 0x0000000086e00000, 0x0000000086d00000| Untracked 
| 110|0x0000000086e00000, 0x0000000086f00000, 0x0000000086f00000|100%| O|  |TAMS 0x0000000086f00000, 0x0000000086e00000| Untracked 
| 111|0x0000000086f00000, 0x0000000087000000, 0x0000000087000000|100%| O|  |TAMS 0x0000000086f00000, 0x0000000086f00000| Untracked 
| 112|0x0000000087000000, 0x0000000087100000, 0x0000000087100000|100%| O|  |TAMS 0x0000000087000000, 0x0000000087000000| Untracked 
| 113|0x0000000087100000, 0x0000000087200000, 0x0000000087200000|100%| O|  |TAMS 0x0000000087100000, 0x0000000087100000| Untracked 
| 114|0x0000000087200000, 0x0000000087300000, 0x0000000087300000|100%| O|  |TAMS 0x0000000087200000, 0x0000000087200000| Untracked 
| 115|0x0000000087300000, 0x0000000087400000, 0x0000000087400000|100%| O|  |TAMS 0x0000000087300000, 0x0000000087300000| Untracked 
| 116|0x0000000087400000, 0x0000000087500000, 0x0000000087500000|100%| O|  |TAMS 0x0000000087400000, 0x0000000087400000| Untracked 
| 117|0x0000000087500000, 0x0000000087600000, 0x0000000087600000|100%| O|  |TAMS 0x0000000087500000, 0x0000000087500000| Untracked 
| 118|0x0000000087600000, 0x0000000087700000, 0x0000000087700000|100%| O|  |TAMS 0x0000000087600000, 0x0000000087600000| Untracked 
| 119|0x0000000087700000, 0x0000000087800000, 0x0000000087800000|100%| O|  |TAMS 0x0000000087700000, 0x0000000087700000| Untracked 
| 120|0x0000000087800000, 0x0000000087900000, 0x0000000087900000|100%| O|  |TAMS 0x0000000087800000, 0x0000000087800000| Untracked 
| 121|0x0000000087900000, 0x0000000087a00000, 0x0000000087a00000|100%| O|  |TAMS 0x0000000087900000, 0x0000000087900000| Untracked 
| 122|0x0000000087a00000, 0x0000000087b00000, 0x0000000087b00000|100%| O|  |TAMS 0x0000000087a00000, 0x0000000087a00000| Untracked 
| 123|0x0000000087b00000, 0x0000000087c00000, 0x0000000087c00000|100%| O|  |TAMS 0x0000000087c00000, 0x0000000087b00000| Untracked 
| 124|0x0000000087c00000, 0x0000000087d00000, 0x0000000087d00000|100%| O|  |TAMS 0x0000000087c00000, 0x0000000087c00000| Untracked 
| 125|0x0000000087d00000, 0x0000000087e00000, 0x0000000087e00000|100%| O|  |TAMS 0x0000000087d00000, 0x0000000087d00000| Untracked 
| 126|0x0000000087e00000, 0x0000000087f00000, 0x0000000087f00000|100%| O|  |TAMS 0x0000000087e00000, 0x0000000087e00000| Untracked 
| 127|0x0000000087f00000, 0x0000000088000000, 0x0000000088000000|100%| O|  |TAMS 0x0000000087f00000, 0x0000000087f00000| Untracked 
| 128|0x0000000088000000, 0x0000000088100000, 0x0000000088100000|100%| O|  |TAMS 0x0000000088000000, 0x0000000088000000| Untracked 
| 129|0x0000000088100000, 0x0000000088200000, 0x0000000088200000|100%| O|  |TAMS 0x0000000088100000, 0x0000000088100000| Untracked 
| 130|0x0000000088200000, 0x0000000088300000, 0x0000000088300000|100%| O|  |TAMS 0x0000000088200000, 0x0000000088200000| Untracked 
| 131|0x0000000088300000, 0x0000000088400000, 0x0000000088400000|100%| O|  |TAMS 0x0000000088300000, 0x0000000088300000| Untracked 
| 132|0x0000000088400000, 0x0000000088500000, 0x0000000088500000|100%| O|  |TAMS 0x0000000088400000, 0x0000000088400000| Untracked 
| 133|0x0000000088500000, 0x0000000088600000, 0x0000000088600000|100%| O|  |TAMS 0x0000000088500000, 0x0000000088500000| Untracked 
| 134|0x0000000088600000, 0x0000000088700000, 0x0000000088700000|100%| O|  |TAMS 0x0000000088600000, 0x0000000088600000| Untracked 
| 135|0x0000000088700000, 0x0000000088800000, 0x0000000088800000|100%| O|  |TAMS 0x0000000088700000, 0x0000000088700000| Untracked 
| 136|0x0000000088800000, 0x0000000088900000, 0x0000000088900000|100%| O|  |TAMS 0x0000000088800000, 0x0000000088800000| Untracked 
| 137|0x0000000088900000, 0x0000000088a00000, 0x0000000088a00000|100%| O|  |TAMS 0x0000000088900000, 0x0000000088900000| Untracked 
| 138|0x0000000088a00000, 0x0000000088b00000, 0x0000000088b00000|100%| O|  |TAMS 0x0000000088a00000, 0x0000000088a00000| Untracked 
| 139|0x0000000088b00000, 0x0000000088c00000, 0x0000000088c00000|100%| O|  |TAMS 0x0000000088b00000, 0x0000000088b00000| Untracked 
| 140|0x0000000088c00000, 0x0000000088d00000, 0x0000000088d00000|100%| O|  |TAMS 0x0000000088c00000, 0x0000000088c00000| Untracked 
| 141|0x0000000088d00000, 0x0000000088e00000, 0x0000000088e00000|100%| O|  |TAMS 0x0000000088d00000, 0x0000000088d00000| Untracked 
| 142|0x0000000088e00000, 0x0000000088f00000, 0x0000000088f00000|100%| O|  |TAMS 0x0000000088e00000, 0x0000000088e00000| Untracked 
| 143|0x0000000088f00000, 0x0000000089000000, 0x0000000089000000|100%| O|  |TAMS 0x0000000088f00000, 0x0000000088f00000| Untracked 
| 144|0x0000000089000000, 0x0000000089100000, 0x0000000089100000|100%| O|  |TAMS 0x0000000089000000, 0x0000000089000000| Untracked 
| 145|0x0000000089100000, 0x0000000089200000, 0x0000000089200000|100%| O|  |TAMS 0x0000000089100000, 0x0000000089100000| Untracked 
| 146|0x0000000089200000, 0x0000000089300000, 0x0000000089300000|100%| O|  |TAMS 0x0000000089200000, 0x0000000089200000| Untracked 
| 147|0x0000000089300000, 0x0000000089400000, 0x0000000089400000|100%| O|  |TAMS 0x0000000089300000, 0x0000000089300000| Untracked 
| 148|0x0000000089400000, 0x0000000089500000, 0x0000000089500000|100%| O|  |TAMS 0x0000000089400000, 0x0000000089400000| Untracked 
| 149|0x0000000089500000, 0x0000000089600000, 0x0000000089600000|100%| O|  |TAMS 0x0000000089500000, 0x0000000089500000| Untracked 
| 150|0x0000000089600000, 0x0000000089700000, 0x0000000089700000|100%| O|  |TAMS 0x0000000089600000, 0x0000000089600000| Untracked 
| 151|0x0000000089700000, 0x0000000089800000, 0x0000000089800000|100%| O|  |TAMS 0x0000000089700000, 0x0000000089700000| Untracked 
| 152|0x0000000089800000, 0x0000000089900000, 0x0000000089900000|100%| O|  |TAMS 0x0000000089800000, 0x0000000089800000| Untracked 
| 153|0x0000000089900000, 0x0000000089a00000, 0x0000000089a00000|100%| O|  |TAMS 0x0000000089900000, 0x0000000089900000| Untracked 
| 154|0x0000000089a00000, 0x0000000089b00000, 0x0000000089b00000|100%| O|  |TAMS 0x0000000089a00000, 0x0000000089a00000| Untracked 
| 155|0x0000000089b00000, 0x0000000089c00000, 0x0000000089c00000|100%| O|  |TAMS 0x0000000089b00000, 0x0000000089b00000| Untracked 
| 156|0x0000000089c00000, 0x0000000089cd7000, 0x0000000089d00000| 83%| O|  |TAMS 0x0000000089c00000, 0x0000000089c00000| Untracked 
| 157|0x0000000089d00000, 0x0000000089d00000, 0x0000000089e00000|  0%| F|  |TAMS 0x0000000089d00000, 0x0000000089d00000| Untracked 
| 158|0x0000000089e00000, 0x0000000089e00000, 0x0000000089f00000|  0%| F|  |TAMS 0x0000000089e00000, 0x0000000089e00000| Untracked 
| 159|0x0000000089f00000, 0x0000000089f00000, 0x000000008a000000|  0%| F|  |TAMS 0x0000000089f00000, 0x0000000089f00000| Untracked 
| 160|0x000000008a000000, 0x000000008a000000, 0x000000008a100000|  0%| F|  |TAMS 0x000000008a000000, 0x000000008a000000| Untracked 
| 161|0x000000008a100000, 0x000000008a100000, 0x000000008a200000|  0%| F|  |TAMS 0x000000008a100000, 0x000000008a100000| Untracked 
| 162|0x000000008a200000, 0x000000008a200000, 0x000000008a300000|  0%| F|  |TAMS 0x000000008a200000, 0x000000008a200000| Untracked 
| 163|0x000000008a300000, 0x000000008a300000, 0x000000008a400000|  0%| F|  |TAMS 0x000000008a300000, 0x000000008a300000| Untracked 
| 164|0x000000008a400000, 0x000000008a400000, 0x000000008a500000|  0%| F|  |TAMS 0x000000008a400000, 0x000000008a400000| Untracked 
| 165|0x000000008a500000, 0x000000008a500000, 0x000000008a600000|  0%| F|  |TAMS 0x000000008a500000, 0x000000008a500000| Untracked 
| 166|0x000000008a600000, 0x000000008a600000, 0x000000008a700000|  0%| F|  |TAMS 0x000000008a600000, 0x000000008a600000| Untracked 
| 167|0x000000008a700000, 0x000000008a700000, 0x000000008a800000|  0%| F|  |TAMS 0x000000008a700000, 0x000000008a700000| Untracked 
| 168|0x000000008a800000, 0x000000008a800000, 0x000000008a900000|  0%| F|  |TAMS 0x000000008a800000, 0x000000008a800000| Untracked 
| 169|0x000000008a900000, 0x000000008a900000, 0x000000008aa00000|  0%| F|  |TAMS 0x000000008a900000, 0x000000008a900000| Untracked 
| 170|0x000000008aa00000, 0x000000008aa00000, 0x000000008ab00000|  0%| F|  |TAMS 0x000000008aa00000, 0x000000008aa00000| Untracked 
| 171|0x000000008ab00000, 0x000000008ab00000, 0x000000008ac00000|  0%| F|  |TAMS 0x000000008ab00000, 0x000000008ab00000| Untracked 
| 172|0x000000008ac00000, 0x000000008ac00000, 0x000000008ad00000|  0%| F|  |TAMS 0x000000008ac00000, 0x000000008ac00000| Untracked 
| 173|0x000000008ad00000, 0x000000008ad00000, 0x000000008ae00000|  0%| F|  |TAMS 0x000000008ad00000, 0x000000008ad00000| Untracked 
| 174|0x000000008ae00000, 0x000000008ae00000, 0x000000008af00000|  0%| F|  |TAMS 0x000000008ae00000, 0x000000008ae00000| Untracked 
| 175|0x000000008af00000, 0x000000008af00000, 0x000000008b000000|  0%| F|  |TAMS 0x000000008af00000, 0x000000008af00000| Untracked 
| 176|0x000000008b000000, 0x000000008b000000, 0x000000008b100000|  0%| F|  |TAMS 0x000000008b000000, 0x000000008b000000| Untracked 
| 177|0x000000008b100000, 0x000000008b100000, 0x000000008b200000|  0%| F|  |TAMS 0x000000008b100000, 0x000000008b100000| Untracked 
| 178|0x000000008b200000, 0x000000008b200000, 0x000000008b300000|  0%| F|  |TAMS 0x000000008b200000, 0x000000008b200000| Untracked 
| 179|0x000000008b300000, 0x000000008b300000, 0x000000008b400000|  0%| F|  |TAMS 0x000000008b300000, 0x000000008b300000| Untracked 
| 180|0x000000008b400000, 0x000000008b400000, 0x000000008b500000|  0%| F|  |TAMS 0x000000008b400000, 0x000000008b400000| Untracked 
| 181|0x000000008b500000, 0x000000008b500000, 0x000000008b600000|  0%| F|  |TAMS 0x000000008b500000, 0x000000008b500000| Untracked 
| 182|0x000000008b600000, 0x000000008b600000, 0x000000008b700000|  0%| F|  |TAMS 0x000000008b600000, 0x000000008b600000| Untracked 
| 183|0x000000008b700000, 0x000000008b700000, 0x000000008b800000|  0%| F|  |TAMS 0x000000008b700000, 0x000000008b700000| Untracked 
| 184|0x000000008b800000, 0x000000008b800000, 0x000000008b900000|  0%| F|  |TAMS 0x000000008b800000, 0x000000008b800000| Untracked 
| 185|0x000000008b900000, 0x000000008b900000, 0x000000008ba00000|  0%| F|  |TAMS 0x000000008b900000, 0x000000008b900000| Untracked 
| 186|0x000000008ba00000, 0x000000008ba00000, 0x000000008bb00000|  0%| F|  |TAMS 0x000000008ba00000, 0x000000008ba00000| Untracked 
| 187|0x000000008bb00000, 0x000000008bb00000, 0x000000008bc00000|  0%| F|  |TAMS 0x000000008bb00000, 0x000000008bb00000| Untracked 
| 188|0x000000008bc00000, 0x000000008bc00000, 0x000000008bd00000|  0%| F|  |TAMS 0x000000008bc00000, 0x000000008bc00000| Untracked 
| 189|0x000000008bd00000, 0x000000008bd00000, 0x000000008be00000|  0%| F|  |TAMS 0x000000008bd00000, 0x000000008bd00000| Untracked 
| 190|0x000000008be00000, 0x000000008be00000, 0x000000008bf00000|  0%| F|  |TAMS 0x000000008be00000, 0x000000008be00000| Untracked 
| 191|0x000000008bf00000, 0x000000008bf00000, 0x000000008c000000|  0%| F|  |TAMS 0x000000008bf00000, 0x000000008bf00000| Untracked 
| 192|0x000000008c000000, 0x000000008c000000, 0x000000008c100000|  0%| F|  |TAMS 0x000000008c000000, 0x000000008c000000| Untracked 
| 193|0x000000008c100000, 0x000000008c100000, 0x000000008c200000|  0%| F|  |TAMS 0x000000008c100000, 0x000000008c100000| Untracked 
| 194|0x000000008c200000, 0x000000008c200000, 0x000000008c300000|  0%| F|  |TAMS 0x000000008c200000, 0x000000008c200000| Untracked 
| 195|0x000000008c300000, 0x000000008c300000, 0x000000008c400000|  0%| F|  |TAMS 0x000000008c300000, 0x000000008c300000| Untracked 
| 196|0x000000008c400000, 0x000000008c400000, 0x000000008c500000|  0%| F|  |TAMS 0x000000008c400000, 0x000000008c400000| Untracked 
| 197|0x000000008c500000, 0x000000008c500000, 0x000000008c600000|  0%| F|  |TAMS 0x000000008c500000, 0x000000008c500000| Untracked 
| 198|0x000000008c600000, 0x000000008c600000, 0x000000008c700000|  0%| F|  |TAMS 0x000000008c600000, 0x000000008c600000| Untracked 
| 199|0x000000008c700000, 0x000000008c700000, 0x000000008c800000|  0%| F|  |TAMS 0x000000008c700000, 0x000000008c700000| Untracked 
| 200|0x000000008c800000, 0x000000008c800000, 0x000000008c900000|  0%| F|  |TAMS 0x000000008c800000, 0x000000008c800000| Untracked 
| 201|0x000000008c900000, 0x000000008c900000, 0x000000008ca00000|  0%| F|  |TAMS 0x000000008c900000, 0x000000008c900000| Untracked 
| 202|0x000000008ca00000, 0x000000008ca00000, 0x000000008cb00000|  0%| F|  |TAMS 0x000000008ca00000, 0x000000008ca00000| Untracked 
| 203|0x000000008cb00000, 0x000000008cb00000, 0x000000008cc00000|  0%| F|  |TAMS 0x000000008cb00000, 0x000000008cb00000| Untracked 
| 204|0x000000008cc00000, 0x000000008cc00000, 0x000000008cd00000|  0%| F|  |TAMS 0x000000008cc00000, 0x000000008cc00000| Untracked 
| 205|0x000000008cd00000, 0x000000008cd00000, 0x000000008ce00000|  0%| F|  |TAMS 0x000000008cd00000, 0x000000008cd00000| Untracked 
| 206|0x000000008ce00000, 0x000000008ce00000, 0x000000008cf00000|  0%| F|  |TAMS 0x000000008ce00000, 0x000000008ce00000| Untracked 
| 207|0x000000008cf00000, 0x000000008cf00000, 0x000000008d000000|  0%| F|  |TAMS 0x000000008cf00000, 0x000000008cf00000| Untracked 
| 208|0x000000008d000000, 0x000000008d000000, 0x000000008d100000|  0%| F|  |TAMS 0x000000008d000000, 0x000000008d000000| Untracked 
| 209|0x000000008d100000, 0x000000008d100000, 0x000000008d200000|  0%| F|  |TAMS 0x000000008d100000, 0x000000008d100000| Untracked 
| 210|0x000000008d200000, 0x000000008d200000, 0x000000008d300000|  0%| F|  |TAMS 0x000000008d200000, 0x000000008d200000| Untracked 
| 211|0x000000008d300000, 0x000000008d300000, 0x000000008d400000|  0%| F|  |TAMS 0x000000008d300000, 0x000000008d300000| Untracked 
| 212|0x000000008d400000, 0x000000008d400000, 0x000000008d500000|  0%| F|  |TAMS 0x000000008d400000, 0x000000008d400000| Untracked 
| 213|0x000000008d500000, 0x000000008d500000, 0x000000008d600000|  0%| F|  |TAMS 0x000000008d500000, 0x000000008d500000| Untracked 
| 214|0x000000008d600000, 0x000000008d600000, 0x000000008d700000|  0%| F|  |TAMS 0x000000008d600000, 0x000000008d600000| Untracked 
| 215|0x000000008d700000, 0x000000008d700000, 0x000000008d800000|  0%| F|  |TAMS 0x000000008d700000, 0x000000008d700000| Untracked 
| 216|0x000000008d800000, 0x000000008d842ea0, 0x000000008d900000| 26%| S|CS|TAMS 0x000000008d800000, 0x000000008d800000| Complete 
| 217|0x000000008d900000, 0x000000008da00000, 0x000000008da00000|100%| S|CS|TAMS 0x000000008d900000, 0x000000008d900000| Complete 
| 218|0x000000008da00000, 0x000000008db00000, 0x000000008db00000|100%| S|CS|TAMS 0x000000008da00000, 0x000000008da00000| Complete 
| 219|0x000000008db00000, 0x000000008dc00000, 0x000000008dc00000|100%| S|CS|TAMS 0x000000008db00000, 0x000000008db00000| Complete 
| 220|0x000000008dc00000, 0x000000008dd00000, 0x000000008dd00000|100%| S|CS|TAMS 0x000000008dc00000, 0x000000008dc00000| Complete 
| 221|0x000000008dd00000, 0x000000008de00000, 0x000000008de00000|100%| S|CS|TAMS 0x000000008dd00000, 0x000000008dd00000| Complete 
| 222|0x000000008de00000, 0x000000008de00000, 0x000000008df00000|  0%| F|  |TAMS 0x000000008de00000, 0x000000008de00000| Untracked 
| 223|0x000000008df00000, 0x000000008df00000, 0x000000008e000000|  0%| F|  |TAMS 0x000000008df00000, 0x000000008df00000| Untracked 
| 224|0x000000008e000000, 0x000000008e000000, 0x000000008e100000|  0%| F|  |TAMS 0x000000008e000000, 0x000000008e000000| Untracked 
| 225|0x000000008e100000, 0x000000008e100000, 0x000000008e200000|  0%| F|  |TAMS 0x000000008e100000, 0x000000008e100000| Untracked 
| 226|0x000000008e200000, 0x000000008e200000, 0x000000008e300000|  0%| F|  |TAMS 0x000000008e200000, 0x000000008e200000| Untracked 
| 227|0x000000008e300000, 0x000000008e300000, 0x000000008e400000|  0%| F|  |TAMS 0x000000008e300000, 0x000000008e300000| Untracked 
| 228|0x000000008e400000, 0x000000008e400000, 0x000000008e500000|  0%| F|  |TAMS 0x000000008e400000, 0x000000008e400000| Untracked 
| 229|0x000000008e500000, 0x000000008e500000, 0x000000008e600000|  0%| F|  |TAMS 0x000000008e500000, 0x000000008e500000| Untracked 
| 230|0x000000008e600000, 0x000000008e600000, 0x000000008e700000|  0%| F|  |TAMS 0x000000008e600000, 0x000000008e600000| Untracked 
| 231|0x000000008e700000, 0x000000008e700000, 0x000000008e800000|  0%| F|  |TAMS 0x000000008e700000, 0x000000008e700000| Untracked 
| 232|0x000000008e800000, 0x000000008e800000, 0x000000008e900000|  0%| F|  |TAMS 0x000000008e800000, 0x000000008e800000| Untracked 
| 233|0x000000008e900000, 0x000000008e900000, 0x000000008ea00000|  0%| F|  |TAMS 0x000000008e900000, 0x000000008e900000| Untracked 
| 234|0x000000008ea00000, 0x000000008ea00000, 0x000000008eb00000|  0%| F|  |TAMS 0x000000008ea00000, 0x000000008ea00000| Untracked 
| 235|0x000000008eb00000, 0x000000008eb00000, 0x000000008ec00000|  0%| F|  |TAMS 0x000000008eb00000, 0x000000008eb00000| Untracked 
| 236|0x000000008ec00000, 0x000000008ec00000, 0x000000008ed00000|  0%| F|  |TAMS 0x000000008ec00000, 0x000000008ec00000| Untracked 
| 237|0x000000008ed00000, 0x000000008ed00000, 0x000000008ee00000|  0%| F|  |TAMS 0x000000008ed00000, 0x000000008ed00000| Untracked 
| 238|0x000000008ee00000, 0x000000008ee00000, 0x000000008ef00000|  0%| F|  |TAMS 0x000000008ee00000, 0x000000008ee00000| Untracked 
| 239|0x000000008ef00000, 0x000000008ef00000, 0x000000008f000000|  0%| F|  |TAMS 0x000000008ef00000, 0x000000008ef00000| Untracked 
| 240|0x000000008f000000, 0x000000008f000000, 0x000000008f100000|  0%| F|  |TAMS 0x000000008f000000, 0x000000008f000000| Untracked 
| 241|0x000000008f100000, 0x000000008f100000, 0x000000008f200000|  0%| F|  |TAMS 0x000000008f100000, 0x000000008f100000| Untracked 
| 242|0x000000008f200000, 0x000000008f200000, 0x000000008f300000|  0%| F|  |TAMS 0x000000008f200000, 0x000000008f200000| Untracked 
| 243|0x000000008f300000, 0x000000008f300000, 0x000000008f400000|  0%| F|  |TAMS 0x000000008f300000, 0x000000008f300000| Untracked 
| 244|0x000000008f400000, 0x000000008f400000, 0x000000008f500000|  0%| F|  |TAMS 0x000000008f400000, 0x000000008f400000| Untracked 
| 245|0x000000008f500000, 0x000000008f500000, 0x000000008f600000|  0%| F|  |TAMS 0x000000008f500000, 0x000000008f500000| Untracked 
| 246|0x000000008f600000, 0x000000008f600000, 0x000000008f700000|  0%| F|  |TAMS 0x000000008f600000, 0x000000008f600000| Untracked 
| 247|0x000000008f700000, 0x000000008f700000, 0x000000008f800000|  0%| F|  |TAMS 0x000000008f700000, 0x000000008f700000| Untracked 
| 248|0x000000008f800000, 0x000000008f800000, 0x000000008f900000|  0%| F|  |TAMS 0x000000008f800000, 0x000000008f800000| Untracked 
| 249|0x000000008f900000, 0x000000008f900000, 0x000000008fa00000|  0%| F|  |TAMS 0x000000008f900000, 0x000000008f900000| Untracked 
| 250|0x000000008fa00000, 0x000000008fa00000, 0x000000008fb00000|  0%| F|  |TAMS 0x000000008fa00000, 0x000000008fa00000| Untracked 
| 251|0x000000008fb00000, 0x000000008fb00000, 0x000000008fc00000|  0%| F|  |TAMS 0x000000008fb00000, 0x000000008fb00000| Untracked 
| 252|0x000000008fc00000, 0x000000008fc00000, 0x000000008fd00000|  0%| F|  |TAMS 0x000000008fc00000, 0x000000008fc00000| Untracked 
| 253|0x000000008fd00000, 0x000000008fd00000, 0x000000008fe00000|  0%| F|  |TAMS 0x000000008fd00000, 0x000000008fd00000| Untracked 
| 254|0x000000008fe00000, 0x000000008fe00000, 0x000000008ff00000|  0%| F|  |TAMS 0x000000008fe00000, 0x000000008fe00000| Untracked 
| 255|0x000000008ff00000, 0x000000008ff00000, 0x0000000090000000|  0%| F|  |TAMS 0x000000008ff00000, 0x000000008ff00000| Untracked 
| 256|0x0000000090000000, 0x0000000090000000, 0x0000000090100000|  0%| F|  |TAMS 0x0000000090000000, 0x0000000090000000| Untracked 
| 257|0x0000000090100000, 0x0000000090100000, 0x0000000090200000|  0%| F|  |TAMS 0x0000000090100000, 0x0000000090100000| Untracked 
| 258|0x0000000090200000, 0x0000000090200000, 0x0000000090300000|  0%| F|  |TAMS 0x0000000090200000, 0x0000000090200000| Untracked 
| 259|0x0000000090300000, 0x0000000090300000, 0x0000000090400000|  0%| F|  |TAMS 0x0000000090300000, 0x0000000090300000| Untracked 
| 260|0x0000000090400000, 0x0000000090400000, 0x0000000090500000|  0%| F|  |TAMS 0x0000000090400000, 0x0000000090400000| Untracked 
| 261|0x0000000090500000, 0x0000000090500000, 0x0000000090600000|  0%| F|  |TAMS 0x0000000090500000, 0x0000000090500000| Untracked 
| 262|0x0000000090600000, 0x0000000090600000, 0x0000000090700000|  0%| F|  |TAMS 0x0000000090600000, 0x0000000090600000| Untracked 
| 263|0x0000000090700000, 0x0000000090700000, 0x0000000090800000|  0%| F|  |TAMS 0x0000000090700000, 0x0000000090700000| Untracked 
| 264|0x0000000090800000, 0x0000000090800000, 0x0000000090900000|  0%| F|  |TAMS 0x0000000090800000, 0x0000000090800000| Untracked 
| 265|0x0000000090900000, 0x0000000090900000, 0x0000000090a00000|  0%| F|  |TAMS 0x0000000090900000, 0x0000000090900000| Untracked 
| 266|0x0000000090a00000, 0x0000000090a00000, 0x0000000090b00000|  0%| F|  |TAMS 0x0000000090a00000, 0x0000000090a00000| Untracked 
| 267|0x0000000090b00000, 0x0000000090b00000, 0x0000000090c00000|  0%| F|  |TAMS 0x0000000090b00000, 0x0000000090b00000| Untracked 
| 268|0x0000000090c00000, 0x0000000090c00000, 0x0000000090d00000|  0%| F|  |TAMS 0x0000000090c00000, 0x0000000090c00000| Untracked 
| 269|0x0000000090d00000, 0x0000000090d00000, 0x0000000090e00000|  0%| F|  |TAMS 0x0000000090d00000, 0x0000000090d00000| Untracked 
| 270|0x0000000090e00000, 0x0000000090e00000, 0x0000000090f00000|  0%| F|  |TAMS 0x0000000090e00000, 0x0000000090e00000| Untracked 
| 271|0x0000000090f00000, 0x0000000090f00000, 0x0000000091000000|  0%| F|  |TAMS 0x0000000090f00000, 0x0000000090f00000| Untracked 
| 272|0x0000000091000000, 0x0000000091000000, 0x0000000091100000|  0%| F|  |TAMS 0x0000000091000000, 0x0000000091000000| Untracked 
| 273|0x0000000091100000, 0x0000000091100000, 0x0000000091200000|  0%| F|  |TAMS 0x0000000091100000, 0x0000000091100000| Untracked 
| 274|0x0000000091200000, 0x0000000091200000, 0x0000000091300000|  0%| F|  |TAMS 0x0000000091200000, 0x0000000091200000| Untracked 
| 275|0x0000000091300000, 0x0000000091300000, 0x0000000091400000|  0%| F|  |TAMS 0x0000000091300000, 0x0000000091300000| Untracked 
| 276|0x0000000091400000, 0x0000000091400000, 0x0000000091500000|  0%| F|  |TAMS 0x0000000091400000, 0x0000000091400000| Untracked 
| 277|0x0000000091500000, 0x0000000091500000, 0x0000000091600000|  0%| F|  |TAMS 0x0000000091500000, 0x0000000091500000| Untracked 
| 278|0x0000000091600000, 0x0000000091600000, 0x0000000091700000|  0%| F|  |TAMS 0x0000000091600000, 0x0000000091600000| Untracked 
| 279|0x0000000091700000, 0x0000000091700000, 0x0000000091800000|  0%| F|  |TAMS 0x0000000091700000, 0x0000000091700000| Untracked 
| 280|0x0000000091800000, 0x0000000091800000, 0x0000000091900000|  0%| F|  |TAMS 0x0000000091800000, 0x0000000091800000| Untracked 
| 281|0x0000000091900000, 0x0000000091900000, 0x0000000091a00000|  0%| F|  |TAMS 0x0000000091900000, 0x0000000091900000| Untracked 
| 282|0x0000000091a00000, 0x0000000091a00000, 0x0000000091b00000|  0%| F|  |TAMS 0x0000000091a00000, 0x0000000091a00000| Untracked 
| 283|0x0000000091b00000, 0x0000000091b00000, 0x0000000091c00000|  0%| F|  |TAMS 0x0000000091b00000, 0x0000000091b00000| Untracked 
| 284|0x0000000091c00000, 0x0000000091c00000, 0x0000000091d00000|  0%| F|  |TAMS 0x0000000091c00000, 0x0000000091c00000| Untracked 
| 285|0x0000000091d00000, 0x0000000091d00000, 0x0000000091e00000|  0%| F|  |TAMS 0x0000000091d00000, 0x0000000091d00000| Untracked 
| 286|0x0000000091e00000, 0x0000000091e00000, 0x0000000091f00000|  0%| F|  |TAMS 0x0000000091e00000, 0x0000000091e00000| Untracked 
| 287|0x0000000091f00000, 0x0000000091f00000, 0x0000000092000000|  0%| F|  |TAMS 0x0000000091f00000, 0x0000000091f00000| Untracked 
| 288|0x0000000092000000, 0x0000000092000000, 0x0000000092100000|  0%| F|  |TAMS 0x0000000092000000, 0x0000000092000000| Untracked 
| 289|0x0000000092100000, 0x0000000092100000, 0x0000000092200000|  0%| F|  |TAMS 0x0000000092100000, 0x0000000092100000| Untracked 
| 290|0x0000000092200000, 0x0000000092200000, 0x0000000092300000|  0%| F|  |TAMS 0x0000000092200000, 0x0000000092200000| Untracked 
| 291|0x0000000092300000, 0x0000000092300000, 0x0000000092400000|  0%| F|  |TAMS 0x0000000092300000, 0x0000000092300000| Untracked 
| 292|0x0000000092400000, 0x0000000092400000, 0x0000000092500000|  0%| F|  |TAMS 0x0000000092400000, 0x0000000092400000| Untracked 
| 293|0x0000000092500000, 0x0000000092500000, 0x0000000092600000|  0%| F|  |TAMS 0x0000000092500000, 0x0000000092500000| Untracked 
| 294|0x0000000092600000, 0x0000000092600000, 0x0000000092700000|  0%| F|  |TAMS 0x0000000092600000, 0x0000000092600000| Untracked 
| 295|0x0000000092700000, 0x0000000092700000, 0x0000000092800000|  0%| F|  |TAMS 0x0000000092700000, 0x0000000092700000| Untracked 
| 296|0x0000000092800000, 0x0000000092800000, 0x0000000092900000|  0%| F|  |TAMS 0x0000000092800000, 0x0000000092800000| Untracked 
| 297|0x0000000092900000, 0x0000000092900000, 0x0000000092a00000|  0%| F|  |TAMS 0x0000000092900000, 0x0000000092900000| Untracked 
| 298|0x0000000092a00000, 0x0000000092a00000, 0x0000000092b00000|  0%| F|  |TAMS 0x0000000092a00000, 0x0000000092a00000| Untracked 
| 299|0x0000000092b00000, 0x0000000092b00000, 0x0000000092c00000|  0%| F|  |TAMS 0x0000000092b00000, 0x0000000092b00000| Untracked 
| 300|0x0000000092c00000, 0x0000000092c00000, 0x0000000092d00000|  0%| F|  |TAMS 0x0000000092c00000, 0x0000000092c00000| Untracked 
| 301|0x0000000092d00000, 0x0000000092d00000, 0x0000000092e00000|  0%| F|  |TAMS 0x0000000092d00000, 0x0000000092d00000| Untracked 
| 302|0x0000000092e00000, 0x0000000092e00000, 0x0000000092f00000|  0%| F|  |TAMS 0x0000000092e00000, 0x0000000092e00000| Untracked 
| 303|0x0000000092f00000, 0x0000000092f00000, 0x0000000093000000|  0%| F|  |TAMS 0x0000000092f00000, 0x0000000092f00000| Untracked 
| 304|0x0000000093000000, 0x0000000093000000, 0x0000000093100000|  0%| F|  |TAMS 0x0000000093000000, 0x0000000093000000| Untracked 
| 305|0x0000000093100000, 0x0000000093100000, 0x0000000093200000|  0%| F|  |TAMS 0x0000000093100000, 0x0000000093100000| Untracked 
| 306|0x0000000093200000, 0x0000000093200000, 0x0000000093300000|  0%| F|  |TAMS 0x0000000093200000, 0x0000000093200000| Untracked 
| 307|0x0000000093300000, 0x0000000093300000, 0x0000000093400000|  0%| F|  |TAMS 0x0000000093300000, 0x0000000093300000| Untracked 
| 308|0x0000000093400000, 0x0000000093400000, 0x0000000093500000|  0%| F|  |TAMS 0x0000000093400000, 0x0000000093400000| Untracked 
| 309|0x0000000093500000, 0x0000000093500000, 0x0000000093600000|  0%| F|  |TAMS 0x0000000093500000, 0x0000000093500000| Untracked 
| 310|0x0000000093600000, 0x0000000093600000, 0x0000000093700000|  0%| F|  |TAMS 0x0000000093600000, 0x0000000093600000| Untracked 
| 311|0x0000000093700000, 0x0000000093700000, 0x0000000093800000|  0%| F|  |TAMS 0x0000000093700000, 0x0000000093700000| Untracked 
| 312|0x0000000093800000, 0x0000000093800000, 0x0000000093900000|  0%| F|  |TAMS 0x0000000093800000, 0x0000000093800000| Untracked 
| 313|0x0000000093900000, 0x0000000093900000, 0x0000000093a00000|  0%| F|  |TAMS 0x0000000093900000, 0x0000000093900000| Untracked 
| 314|0x0000000093a00000, 0x0000000093a00000, 0x0000000093b00000|  0%| F|  |TAMS 0x0000000093a00000, 0x0000000093a00000| Untracked 
| 315|0x0000000093b00000, 0x0000000093b00000, 0x0000000093c00000|  0%| F|  |TAMS 0x0000000093b00000, 0x0000000093b00000| Untracked 
| 316|0x0000000093c00000, 0x0000000093c00000, 0x0000000093d00000|  0%| F|  |TAMS 0x0000000093c00000, 0x0000000093c00000| Untracked 
| 317|0x0000000093d00000, 0x0000000093d00000, 0x0000000093e00000|  0%| F|  |TAMS 0x0000000093d00000, 0x0000000093d00000| Untracked 
| 318|0x0000000093e00000, 0x0000000093e00000, 0x0000000093f00000|  0%| F|  |TAMS 0x0000000093e00000, 0x0000000093e00000| Untracked 
| 319|0x0000000093f00000, 0x0000000093f00000, 0x0000000094000000|  0%| F|  |TAMS 0x0000000093f00000, 0x0000000093f00000| Untracked 
| 320|0x0000000094000000, 0x0000000094000000, 0x0000000094100000|  0%| F|  |TAMS 0x0000000094000000, 0x0000000094000000| Untracked 

Card table byte_map: [0x000002664d3c0000,0x000002664d7c0000] _byte_map_base: 0x000002664cfc0000

Marking Bits (Prev, Next): (CMBitMap*) 0x000002663a500248, (CMBitMap*) 0x000002663a500280
 Prev Bits: [0x000002664dbc0000, 0x000002664fbc0000)
 Next Bits: [0x000002664fbc0000, 0x0000026651bc0000)

Polling page: 0x0000026638400000

Metaspace:

Usage:
  Non-class:    103.38 MB capacity,   101.75 MB ( 98%) used,     1.28 MB (  1%) free+waste,   363.38 KB ( <1%) overhead. 
      Class:     15.53 MB capacity,    14.49 MB ( 93%) used,   909.48 KB (  6%) free+waste,   156.94 KB ( <1%) overhead. 
       Both:    118.91 MB capacity,   116.23 MB ( 98%) used,     2.16 MB (  2%) free+waste,   520.31 KB ( <1%) overhead. 

Virtual space:
  Non-class space:      106.00 MB reserved,     103.84 MB ( 98%) committed 
      Class space:        1.00 GB reserved,      15.75 MB (  2%) committed 
             Both:        1.10 GB reserved,     119.59 MB ( 11%) committed 

Chunk freelists:
   Non-Class:  280.00 KB
       Class:  227.00 KB
        Both:  507.00 KB

MaxMetaspaceSize: 17179869184.00 GB
CompressedClassSpaceSize: 1.00 GB

CodeHeap 'non-profiled nmethods': size=120064Kb used=10730Kb max_used=10730Kb free=109333Kb
 bounds [0x0000026645a80000, 0x0000026646540000, 0x000002664cfc0000]
CodeHeap 'profiled nmethods': size=120000Kb used=43626Kb max_used=43626Kb free=76373Kb
 bounds [0x000002663e550000, 0x0000026641000000, 0x0000026645a80000]
CodeHeap 'non-nmethods': size=5696Kb used=2333Kb max_used=2428Kb free=3362Kb
 bounds [0x000002663dfc0000, 0x000002663e230000, 0x000002663e550000]
 total_blobs=19406 nmethods=18455 adapters=860
 compilation: enabled
              stopped_count=0, restarted_count=0
 full_count=0

Compilation events (20 events):
Event: 24.423 Thread 0x0000026654953800 19521       2       com.android.tools.r8.internal.A91::k0 (2 bytes)
Event: 24.423 Thread 0x0000026654953800 nmethod 19521 0x0000026640ff3410 code [0x0000026640ff35c0, 0x0000026640ff36b8]
Event: 24.431 Thread 0x0000026654953800 19522 %     3       com.android.tools.r8.internal.zL0::a @ 16 (56 bytes)
Event: 24.432 Thread 0x0000026654953800 nmethod 19522% 0x0000026640ff3790 code [0x0000026640ff3980, 0x0000026640ff3f38]
Event: 24.439 Thread 0x0000026654953800 19524       2       sun.security.provider.DigestBase::engineUpdate (32 bytes)
Event: 24.439 Thread 0x0000026654953800 nmethod 19524 0x0000026640ff4190 code [0x0000026640ff4360, 0x0000026640ff45c8]
Event: 24.446 Thread 0x0000026654953800 19525       2       com.android.tools.r8.internal.pS0$a::b (82 bytes)
Event: 24.447 Thread 0x0000026654953800 nmethod 19525 0x0000026640ff4710 code [0x0000026640ff48e0, 0x0000026640ff4b88]
Event: 24.447 Thread 0x0000026654953800 19526       2       com.android.tools.r8.internal.eB0::c (76 bytes)
Event: 24.447 Thread 0x0000026654953800 nmethod 19526 0x0000026640ff4d10 code [0x0000026640ff4ee0, 0x0000026640ff5068]
Event: 24.449 Thread 0x0000026654953800 19527       2       com.android.tools.r8.internal.U81::compare (22 bytes)
Event: 24.449 Thread 0x0000026654953800 nmethod 19527 0x0000026640ff5190 code [0x0000026640ff5360, 0x0000026640ff5558]
Event: 24.449 Thread 0x0000026654953800 19528       2       com.android.tools.r8.internal.PD0::a (30 bytes)
Event: 24.449 Thread 0x0000026654953800 nmethod 19528 0x0000026640ff5690 code [0x0000026640ff5860, 0x0000026640ff59d8]
Event: 24.449 Thread 0x0000026654953800 19529       2       com.android.tools.r8.internal.TR0::a (39 bytes)
Event: 24.449 Thread 0x0000026654953800 nmethod 19529 0x0000026640ff5b10 code [0x0000026640ff5ce0, 0x0000026640ff5f68]
Event: 24.450 Thread 0x0000026654953800 19530       2       com.android.tools.r8.internal.yL0::a (46 bytes)
Event: 24.450 Thread 0x0000026654953800 nmethod 19530 0x0000026640ff6110 code [0x0000026640ff63a0, 0x0000026640ff6bf8]
Event: 24.457 Thread 0x0000026654953800 19531       1       com.android.tools.r8.code.T0::h (6 bytes)
Event: 24.457 Thread 0x0000026654953800 nmethod 19531 0x0000026645bc2e10 code [0x0000026645bc2fc0, 0x0000026645bc3078]

GC Heap History (20 events):
Event: 22.830 GC heap after
{Heap after GC invocations=41 (full 0):
 garbage-first heap   total 227328K, used 126976K [0x0000000080000000, 0x0000000100000000)
  region size 1024K, 10 young (10240K), 10 survivors (10240K)
 Metaspace       used 118564K, capacity 121301K, committed 121948K, reserved 1157120K
  class space    used 14785K, capacity 15837K, committed 16128K, reserved 1048576K
}
Event: 23.012 GC heap before
{Heap before GC invocations=42 (full 0):
 garbage-first heap   total 227328K, used 184319K [0x0000000080000000, 0x0000000100000000)
  region size 1024K, 67 young (68608K), 10 survivors (10240K)
 Metaspace       used 118755K, capacity 121519K, committed 122204K, reserved 1157120K
  class space    used 14813K, capacity 15887K, committed 16128K, reserved 1048576K
}
Event: 23.023 GC heap after
{Heap after GC invocations=43 (full 0):
 garbage-first heap   total 273408K, used 129918K [0x0000000080000000, 0x0000000100000000)
  region size 1024K, 3 young (3072K), 3 survivors (3072K)
 Metaspace       used 118755K, capacity 121519K, committed 122204K, reserved 1157120K
  class space    used 14813K, capacity 15887K, committed 16128K, reserved 1048576K
}
Event: 23.046 GC heap before
{Heap before GC invocations=43 (full 0):
 garbage-first heap   total 273408K, used 139134K [0x0000000080000000, 0x0000000100000000)
  region size 1024K, 13 young (13312K), 3 survivors (3072K)
 Metaspace       used 118757K, capacity 121519K, committed 122204K, reserved 1157120K
  class space    used 14813K, capacity 15887K, committed 16128K, reserved 1048576K
}
Event: 23.051 GC heap after
{Heap after GC invocations=44 (full 0):
 garbage-first heap   total 273408K, used 130912K [0x0000000080000000, 0x0000000100000000)
  region size 1024K, 2 young (2048K), 2 survivors (2048K)
 Metaspace       used 118757K, capacity 121519K, committed 122204K, reserved 1157120K
  class space    used 14813K, capacity 15887K, committed 16128K, reserved 1048576K
}
Event: 23.232 GC heap before
{Heap before GC invocations=44 (full 0):
 garbage-first heap   total 273408K, used 206688K [0x0000000080000000, 0x0000000100000000)
  region size 1024K, 76 young (77824K), 2 survivors (2048K)
 Metaspace       used 118804K, capacity 121587K, committed 122204K, reserved 1157120K
  class space    used 14813K, capacity 15887K, committed 16128K, reserved 1048576K
}
Event: 23.240 GC heap after
{Heap after GC invocations=45 (full 0):
 garbage-first heap   total 273408K, used 138022K [0x0000000080000000, 0x0000000100000000)
  region size 1024K, 9 young (9216K), 9 survivors (9216K)
 Metaspace       used 118804K, capacity 121587K, committed 122204K, reserved 1157120K
  class space    used 14813K, capacity 15887K, committed 16128K, reserved 1048576K
}
Event: 23.394 GC heap before
{Heap before GC invocations=45 (full 0):
 garbage-first heap   total 273408K, used 212774K [0x0000000080000000, 0x0000000100000000)
  region size 1024K, 82 young (83968K), 9 survivors (9216K)
 Metaspace       used 118858K, capacity 121601K, committed 122204K, reserved 1157120K
  class space    used 14816K, capacity 15892K, committed 16128K, reserved 1048576K
}
Event: 23.403 GC heap after
{Heap after GC invocations=46 (full 0):
 garbage-first heap   total 273408K, used 141159K [0x0000000080000000, 0x0000000100000000)
  region size 1024K, 4 young (4096K), 4 survivors (4096K)
 Metaspace       used 118858K, capacity 121601K, committed 122204K, reserved 1157120K
  class space    used 14816K, capacity 15892K, committed 16128K, reserved 1048576K
}
Event: 23.584 GC heap before
{Heap before GC invocations=46 (full 0):
 garbage-first heap   total 273408K, used 214887K [0x0000000080000000, 0x0000000100000000)
  region size 1024K, 77 young (78848K), 4 survivors (4096K)
 Metaspace       used 118880K, capacity 121612K, committed 122204K, reserved 1157120K
  class space    used 14819K, capacity 15896K, committed 16128K, reserved 1048576K
}
Event: 23.588 GC heap after
{Heap after GC invocations=47 (full 0):
 garbage-first heap   total 273408K, used 141388K [0x0000000080000000, 0x0000000100000000)
  region size 1024K, 5 young (5120K), 5 survivors (5120K)
 Metaspace       used 118880K, capacity 121612K, committed 122204K, reserved 1157120K
  class space    used 14819K, capacity 15896K, committed 16128K, reserved 1048576K
}
Event: 23.716 GC heap before
{Heap before GC invocations=47 (full 0):
 garbage-first heap   total 273408K, used 217164K [0x0000000080000000, 0x0000000100000000)
  region size 1024K, 80 young (81920K), 5 survivors (5120K)
 Metaspace       used 118893K, capacity 121676K, committed 122204K, reserved 1157120K
  class space    used 14819K, capacity 15896K, committed 16128K, reserved 1048576K
}
Event: 23.726 GC heap after
{Heap after GC invocations=48 (full 0):
 garbage-first heap   total 328704K, used 148207K [0x0000000080000000, 0x0000000100000000)
  region size 1024K, 10 young (10240K), 10 survivors (10240K)
 Metaspace       used 118893K, capacity 121676K, committed 122204K, reserved 1157120K
  class space    used 14819K, capacity 15896K, committed 16128K, reserved 1048576K
}
Event: 23.912 GC heap before
{Heap before GC invocations=48 (full 0):
 garbage-first heap   total 328704K, used 243439K [0x0000000080000000, 0x0000000100000000)
  region size 1024K, 104 young (106496K), 10 survivors (10240K)
 Metaspace       used 118944K, capacity 121681K, committed 122204K, reserved 1157120K
  class space    used 14820K, capacity 15897K, committed 16128K, reserved 1048576K
}
Event: 23.925 GC heap after
{Heap after GC invocations=49 (full 0):
 garbage-first heap   total 328704K, used 153864K [0x0000000080000000, 0x0000000100000000)
  region size 1024K, 12 young (12288K), 12 survivors (12288K)
 Metaspace       used 118944K, capacity 121681K, committed 122204K, reserved 1157120K
  class space    used 14820K, capacity 15897K, committed 16128K, reserved 1048576K
}
Event: 24.093 GC heap before
{Heap before GC invocations=49 (full 0):
 garbage-first heap   total 328704K, used 250120K [0x0000000080000000, 0x0000000100000000)
  region size 1024K, 106 young (108544K), 12 survivors (12288K)
 Metaspace       used 118994K, capacity 121747K, committed 122460K, reserved 1157120K
  class space    used 14832K, capacity 15897K, committed 16128K, reserved 1048576K
}
Event: 24.115 GC heap after
{Heap after GC invocations=50 (full 0):
 garbage-first heap   total 328704K, used 161938K [0x0000000080000000, 0x0000000100000000)
  region size 1024K, 9 young (9216K), 9 survivors (9216K)
 Metaspace       used 118994K, capacity 121747K, committed 122460K, reserved 1157120K
  class space    used 14832K, capacity 15897K, committed 16128K, reserved 1048576K
}
Event: 24.305 GC heap before
{Heap before GC invocations=50 (full 0):
 garbage-first heap   total 328704K, used 257170K [0x0000000080000000, 0x0000000100000000)
  region size 1024K, 102 young (104448K), 9 survivors (9216K)
 Metaspace       used 119006K, capacity 121748K, committed 122460K, reserved 1157120K
  class space    used 14832K, capacity 15897K, committed 16128K, reserved 1048576K
}
Event: 24.320 GC heap after
{Heap after GC invocations=51 (full 0):
 garbage-first heap   total 328704K, used 166159K [0x0000000080000000, 0x0000000100000000)
  region size 1024K, 6 young (6144K), 6 survivors (6144K)
 Metaspace       used 119006K, capacity 121748K, committed 122460K, reserved 1157120K
  class space    used 14832K, capacity 15897K, committed 16128K, reserved 1048576K
}
Event: 24.477 GC heap before
{Heap before GC invocations=51 (full 0):
 garbage-first heap   total 328704K, used 261391K [0x0000000080000000, 0x0000000100000000)
  region size 1024K, 99 young (101376K), 6 survivors (6144K)
 Metaspace       used 119024K, capacity 121761K, committed 122460K, reserved 1157120K
  class space    used 14834K, capacity 15901K, committed 16128K, reserved 1048576K
}

Deoptimization events (20 events):
Event: 24.414 Thread 0x00000266576c5000 DEOPT PACKING pc=0x0000026645aa6abc sp=0x000000a3d65f92d0
Event: 24.414 Thread 0x00000266576c5000 DEOPT UNPACKING pc=0x000002663dfe662f sp=0x000000a3d65f91a0 mode 2
Event: 24.414 Thread 0x00000266576c5000 Uncommon trap: trap_request=0xffffff4d fr.pc=0x0000026645b090b0 relative=0x0000000000000ab0
Event: 24.414 Thread 0x00000266576c5000 Uncommon trap: reason=unstable_if action=reinterpret pc=0x0000026645b090b0 method=com.android.tools.r8.graph.X0.i0()Z @ 11 c2
Event: 24.414 Thread 0x00000266576c5000 DEOPT PACKING pc=0x0000026645b090b0 sp=0x000000a3d65f9220
Event: 24.414 Thread 0x00000266576c5000 DEOPT UNPACKING pc=0x000002663dfe662f sp=0x000000a3d65f9110 mode 2
Event: 24.414 Thread 0x00000266576c5000 Uncommon trap: trap_request=0xffffff4d fr.pc=0x00000266464bb37c relative=0x000000000000005c
Event: 24.414 Thread 0x00000266576c5000 Uncommon trap: reason=unstable_if action=reinterpret pc=0x00000266464bb37c method=com.android.tools.r8.internal.KK0.a(C)Z @ 9 c2
Event: 24.414 Thread 0x00000266576c5000 DEOPT PACKING pc=0x00000266464bb37c sp=0x000000a3d65f8c30
Event: 24.414 Thread 0x00000266576c5000 DEOPT UNPACKING pc=0x000002663dfe662f sp=0x000000a3d65f8bc0 mode 2
Event: 24.415 Thread 0x00000266576c5000 Uncommon trap: trap_request=0xffffff4d fr.pc=0x0000026645a97dbc relative=0x000000000000009c
Event: 24.415 Thread 0x00000266576c5000 Uncommon trap: reason=unstable_if action=reinterpret pc=0x0000026645a97dbc method=com.android.tools.r8.graph.X0.i0()Z @ 11 c2
Event: 24.415 Thread 0x00000266576c5000 DEOPT PACKING pc=0x0000026645a97dbc sp=0x000000a3d65f91c0
Event: 24.415 Thread 0x00000266576c5000 DEOPT UNPACKING pc=0x000002663dfe662f sp=0x000000a3d65f90f8 mode 2
Event: 24.417 Thread 0x000002665b4ae000 DEOPT PACKING pc=0x0000026640ae2817 sp=0x000000a3d6ef9560
Event: 24.417 Thread 0x000002665b4ae000 DEOPT UNPACKING pc=0x000002663dfe6dde sp=0x000000a3d6ef8a00 mode 0
Event: 24.438 Thread 0x000002665b4b1800 DEOPT PACKING pc=0x0000026640b51fcf sp=0x000000a3d73f8d50
Event: 24.438 Thread 0x000002665b4b1800 DEOPT UNPACKING pc=0x000002663dfe6dde sp=0x000000a3d73f8510 mode 0
Event: 24.448 Thread 0x000002665b4ae000 DEOPT PACKING pc=0x0000026640b51fcf sp=0x000000a3d6ef8f20
Event: 24.448 Thread 0x000002665b4ae000 DEOPT UNPACKING pc=0x000002663dfe6dde sp=0x000000a3d6ef86e0 mode 0

Classes redefined (0 events):
No events

Internal exceptions (20 events):
Event: 22.327 Thread 0x000002665845a800 Implicit null exception at 0x0000026645c003eb to 0x0000026645c0040c
Event: 22.386 Thread 0x000002665845a800 Exception <a 'sun/nio/fs/WindowsException'{0x000000008c005f38}> (0x000000008c005f38) thrown at [./src/hotspot/share/prims/jni.cpp, line 615]
Event: 22.394 Thread 0x000002665b7df800 Exception <a 'sun/nio/fs/WindowsException'{0x000000008c085e48}> (0x000000008c085e48) thrown at [./src/hotspot/share/prims/jni.cpp, line 615]
Event: 22.466 Thread 0x000002665b4ae000 Exception <a 'sun/nio/fs/WindowsException'{0x000000008acb6120}> (0x000000008acb6120) thrown at [./src/hotspot/share/prims/jni.cpp, line 615]
Event: 22.472 Thread 0x00000266576c1000 Exception <a 'sun/nio/fs/WindowsException'{0x000000008aba96b8}> (0x000000008aba96b8) thrown at [./src/hotspot/share/prims/jni.cpp, line 615]
Event: 22.520 Thread 0x00000266576c1000 Exception <a 'sun/nio/fs/WindowsException'{0x00000000895d2410}> (0x00000000895d2410) thrown at [./src/hotspot/share/prims/jni.cpp, line 615]
Event: 22.771 Thread 0x00000266576c6800 Exception <a 'sun/nio/fs/WindowsException'{0x000000008a3b45e8}> (0x000000008a3b45e8) thrown at [./src/hotspot/share/prims/jni.cpp, line 615]
Event: 22.800 Thread 0x00000266576c6800 Exception <a 'sun/nio/fs/WindowsException'{0x0000000089fe81e8}> (0x0000000089fe81e8) thrown at [./src/hotspot/share/prims/jni.cpp, line 615]
Event: 22.865 Thread 0x000002665b4b2000 Exception <a 'sun/nio/fs/WindowsException'{0x000000008d694f88}> (0x000000008d694f88) thrown at [./src/hotspot/share/prims/jni.cpp, line 615]
Event: 22.917 Thread 0x000002665b4b2000 Exception <a 'sun/nio/fs/WindowsException'{0x000000008be03978}> (0x000000008be03978) thrown at [./src/hotspot/share/prims/jni.cpp, line 615]
Event: 22.918 Thread 0x000002665b4ae000 Exception <a 'java/lang/NoSuchMethodError'{0x000000008bfcf890}: 'java.lang.Object java.lang.invoke.DirectMethodHandle$Holder.invokeSpecial(java.lang.Object, java.lang.Object, java.lang.Object, java.lang.Object, java.lang.Object, java.lang.Object, java.lang.Object, java.lang.Object, java.lang.Object, java.lang.Object, java.lang.Object)'> (0x000000008bfcf890) thrown at [./src/hotspot/share/interpreter/linkResolver.cpp, line 773]
Event: 22.919 Thread 0x000002665b4ae000 Exception <a 'java/lang/NoSuchMethodError'{0x000000008bfdb6f0}: 'java.lang.Object java.lang.invoke.Invokers$Holder.linkToTargetMethod(java.lang.Object, java.lang.Object, java.lang.Object, java.lang.Object, java.lang.Object, java.lang.Object, java.lang.Object, java.lang.Object, java.lang.Object, java.lang.Object)'> (0x000000008bfdb6f0) thrown at [./src/hotspot/share/interpreter/linkResolver.cpp, line 773]
Event: 22.926 Thread 0x000002665b4ae000 Exception <a 'java/lang/IncompatibleClassChangeError'{0x000000008be60ef8}: Found class java.lang.Object, but interface was expected> (0x000000008be60ef8) thrown at [./src/hotspot/share/interpreter/linkResolver.cpp, line 839]
Event: 22.928 Thread 0x000002665b4ae000 Exception <a 'java/lang/NoSuchMethodError'{0x000000008be74038}: 'void java.lang.invoke.DirectMethodHandle$Holder.invokeSpecialIFC(java.lang.Object, java.lang.Object, java.lang.Object, java.lang.Object)'> (0x000000008be74038) thrown at [./src/hotspot/share/interpreter/linkResolver.cpp, line 773]
Event: 22.930 Thread 0x000002665b4ba800 Exception <a 'sun/nio/fs/WindowsException'{0x000000008beca210}> (0x000000008beca210) thrown at [./src/hotspot/share/prims/jni.cpp, line 615]
Event: 22.944 Thread 0x000002665b4ba800 Exception <a 'sun/nio/fs/WindowsException'{0x000000008b946008}> (0x000000008b946008) thrown at [./src/hotspot/share/prims/jni.cpp, line 615]
Event: 23.043 Thread 0x000002665b4b7000 Exception <a 'sun/nio/fs/WindowsException'{0x0000000090292620}> (0x0000000090292620) thrown at [./src/hotspot/share/prims/jni.cpp, line 615]
Event: 23.056 Thread 0x00000266576c5000 Exception <a 'sun/nio/fs/WindowsException'{0x00000000908d96b8}> (0x00000000908d96b8) thrown at [./src/hotspot/share/prims/jni.cpp, line 615]
Event: 23.146 Thread 0x000002665b4b7000 Exception <a 'sun/nio/fs/WindowsException'{0x000000008e790898}> (0x000000008e790898) thrown at [./src/hotspot/share/prims/jni.cpp, line 615]
Event: 23.730 Thread 0x000002665b4b1800 Exception <a 'sun/nio/fs/WindowsException'{0x0000000093e0bd00}> (0x0000000093e0bd00) thrown at [./src/hotspot/share/prims/jni.cpp, line 615]

Events (20 events):
Event: 24.320 Executing VM operation: G1CollectForAllocation done
Event: 24.357 loading class com/android/tools/r8/internal/aY0
Event: 24.357 loading class com/android/tools/r8/internal/aY0 done
Event: 24.357 loading class com/android/tools/r8/internal/aY0
Event: 24.357 loading class com/android/tools/r8/internal/aY0 done
Event: 24.357 loading class com/android/tools/r8/internal/Sb1
Event: 24.357 loading class com/android/tools/r8/internal/Sb1 done
Event: 24.358 loading class com/android/tools/r8/internal/Sb1
Event: 24.358 loading class com/android/tools/r8/internal/Sb1 done
Event: 24.358 loading class com/android/tools/r8/internal/Sb1
Event: 24.358 loading class com/android/tools/r8/internal/Sb1 done
Event: 24.358 loading class com/android/tools/r8/internal/Sb1
Event: 24.358 loading class com/android/tools/r8/internal/Sb1 done
Event: 24.358 loading class com/android/tools/r8/internal/WR0
Event: 24.358 loading class com/android/tools/r8/internal/WR0 done
Event: 24.358 loading class com/android/tools/r8/internal/Sb1
Event: 24.358 loading class com/android/tools/r8/internal/Sb1 done
Event: 24.358 loading class com/android/tools/r8/internal/gS0
Event: 24.358 loading class com/android/tools/r8/internal/gS0 done
Event: 24.477 Executing VM operation: G1CollectForAllocation


Dynamic libraries:
0x00007ff7e8600000 - 0x00007ff7e860a000 	C:\Program Files\Android\Android Studio\jre\bin\java.exe
0x00007ffeed450000 - 0x00007ffeed647000 	C:\WINDOWS\SYSTEM32\ntdll.dll
0x00007ffeecbf0000 - 0x00007ffeeccad000 	C:\WINDOWS\System32\KERNEL32.DLL
0x00007ffeead10000 - 0x00007ffeeafdd000 	C:\WINDOWS\System32\KERNELBASE.dll
0x00007ffeeab70000 - 0x00007ffeeac70000 	C:\WINDOWS\System32\ucrtbase.dll
0x00007ffee2ad0000 - 0x00007ffee2ae9000 	C:\Program Files\Android\Android Studio\jre\bin\jli.dll
0x00007ffee6350000 - 0x00007ffee6367000 	C:\Program Files\Android\Android Studio\jre\bin\VCRUNTIME140.dll
0x00007ffeec300000 - 0x00007ffeec4a0000 	C:\WINDOWS\System32\USER32.dll
0x00007ffeeac70000 - 0x00007ffeeac92000 	C:\WINDOWS\System32\win32u.dll
0x00007ffeece30000 - 0x00007ffeece5a000 	C:\WINDOWS\System32\GDI32.dll
0x00007ffeeb110000 - 0x00007ffeeb21b000 	C:\WINDOWS\System32\gdi32full.dll
0x00007ffeeafe0000 - 0x00007ffeeb07d000 	C:\WINDOWS\System32\msvcp_win.dll
0x00007ffed6f30000 - 0x00007ffed71ca000 	C:\WINDOWS\WinSxS\amd64_microsoft.windows.common-controls_6595b64144ccf1df_6.0.19041.1110_none_60b5254171f9507e\COMCTL32.dll
0x00007ffeebeb0000 - 0x00007ffeebf4e000 	C:\WINDOWS\System32\msvcrt.dll
0x00007ffeebf50000 - 0x00007ffeebf80000 	C:\WINDOWS\System32\IMM32.DLL
0x00007ffecc0b0000 - 0x00007ffecc14d000 	C:\Program Files\Android\Android Studio\jre\bin\msvcp140.dll
0x00007ffea2230000 - 0x00007ffea2d05000 	C:\Program Files\Android\Android Studio\jre\bin\server\jvm.dll
0x00007ffeeb590000 - 0x00007ffeeb63e000 	C:\WINDOWS\System32\ADVAPI32.dll
0x00007ffeec200000 - 0x00007ffeec29c000 	C:\WINDOWS\System32\sechost.dll
0x00007ffeeb640000 - 0x00007ffeeb765000 	C:\WINDOWS\System32\RPCRT4.dll
0x00007ffeece60000 - 0x00007ffeece68000 	C:\WINDOWS\System32\PSAPI.DLL
0x00007ffee6520000 - 0x00007ffee6529000 	C:\WINDOWS\SYSTEM32\WSOCK32.dll
0x00007ffee3e90000 - 0x00007ffee3eb7000 	C:\WINDOWS\SYSTEM32\WINMM.dll
0x00007ffeec190000 - 0x00007ffeec1fb000 	C:\WINDOWS\System32\WS2_32.dll
0x00007ffee4c40000 - 0x00007ffee4c4a000 	C:\WINDOWS\SYSTEM32\VERSION.dll
0x00007ffee9420000 - 0x00007ffee9432000 	C:\WINDOWS\SYSTEM32\kernel.appcore.dll
0x00007ffedadf0000 - 0x00007ffedae01000 	C:\Program Files\Android\Android Studio\jre\bin\verify.dll
0x00007ffed3c10000 - 0x00007ffed3df4000 	C:\WINDOWS\SYSTEM32\DBGHELP.DLL
0x00007ffed3be0000 - 0x00007ffed3c0c000 	C:\WINDOWS\SYSTEM32\dbgcore.DLL
0x00007ffeeb080000 - 0x00007ffeeb102000 	C:\WINDOWS\System32\bcryptPrimitives.dll
0x00007ffed2df0000 - 0x00007ffed2e19000 	C:\Program Files\Android\Android Studio\jre\bin\java.dll
0x00007ffee1b60000 - 0x00007ffee1b6b000 	C:\Program Files\Android\Android Studio\jre\bin\jimage.dll
0x00007ffedadd0000 - 0x00007ffedade8000 	C:\Program Files\Android\Android Studio\jre\bin\zip.dll
0x00007ffeec4a0000 - 0x00007ffeecbe4000 	C:\WINDOWS\System32\SHELL32.dll
0x00007ffee8c70000 - 0x00007ffee9404000 	C:\WINDOWS\SYSTEM32\windows.storage.dll
0x00007ffeebaa0000 - 0x00007ffeebdf4000 	C:\WINDOWS\System32\combase.dll
0x00007ffeea500000 - 0x00007ffeea52c000 	C:\WINDOWS\SYSTEM32\Wldp.dll
0x00007ffeeb770000 - 0x00007ffeeb81d000 	C:\WINDOWS\System32\SHCORE.dll
0x00007ffeeb940000 - 0x00007ffeeb995000 	C:\WINDOWS\System32\shlwapi.dll
0x00007ffeeaab0000 - 0x00007ffeeaacf000 	C:\WINDOWS\SYSTEM32\profapi.dll
0x00007ffed9e30000 - 0x00007ffed9e4a000 	C:\Program Files\Android\Android Studio\jre\bin\net.dll
0x00007ffedac80000 - 0x00007ffedad8a000 	C:\WINDOWS\SYSTEM32\WINHTTP.dll
0x00007ffeea260000 - 0x00007ffeea2ca000 	C:\WINDOWS\system32\mswsock.dll
0x00007ffed9da0000 - 0x00007ffed9db4000 	C:\Program Files\Android\Android Studio\jre\bin\nio.dll
0x00007ffee2af0000 - 0x00007ffee2b17000 	C:\Users\Vik\.gradle\native\e1d6ef7f7dcc3fd88c89a11ec53ec762bb8ba0a96d01ffa2cd45eb1d1d8dd5c5\windows-amd64\native-platform.dll
0x00007ffec2a60000 - 0x00007ffec2ba4000 	C:\Users\Vik\.gradle\native\5664cfc778a61ccfe75a443a1ab52a65af34e5dc3c78e0209fed803814484fcb\windows-amd64\native-platform-file-events.dll
0x00007ffedb600000 - 0x00007ffedb60a000 	C:\Program Files\Android\Android Studio\jre\bin\management.dll
0x00007ffeda9c0000 - 0x00007ffeda9cd000 	C:\Program Files\Android\Android Studio\jre\bin\management_ext.dll
0x00007ffeea460000 - 0x00007ffeea478000 	C:\WINDOWS\SYSTEM32\CRYPTSP.dll
0x00007ffee9be0000 - 0x00007ffee9c14000 	C:\WINDOWS\system32\rsaenh.dll
0x00007ffeeb220000 - 0x00007ffeeb247000 	C:\WINDOWS\System32\bcrypt.dll
0x00007ffeeaa70000 - 0x00007ffeeaa9e000 	C:\WINDOWS\SYSTEM32\USERENV.dll
0x00007ffeea450000 - 0x00007ffeea45c000 	C:\WINDOWS\SYSTEM32\CRYPTBASE.dll
0x00007ffee9f50000 - 0x00007ffee9f8b000 	C:\WINDOWS\SYSTEM32\IPHLPAPI.DLL
0x00007ffeeb9b0000 - 0x00007ffeeb9b8000 	C:\WINDOWS\System32\NSI.dll
0x00007ffee3ef0000 - 0x00007ffee3f07000 	C:\WINDOWS\SYSTEM32\dhcpcsvc6.DLL
0x00007ffee4ae0000 - 0x00007ffee4afd000 	C:\WINDOWS\SYSTEM32\dhcpcsvc.DLL
0x00007ffee9f90000 - 0x00007ffeea05b000 	C:\WINDOWS\SYSTEM32\DNSAPI.dll
0x00007ffee9870000 - 0x00007ffee98a3000 	C:\WINDOWS\SYSTEM32\ntmarta.dll

dbghelp: loaded successfully - version: 4.0.5 - missing functions: none
symbol engine: initialized successfully - sym options: 0x614 - pdb path: .;C:\Program Files\Android\Android Studio\jre\bin;C:\WINDOWS\SYSTEM32;C:\WINDOWS\WinSxS\amd64_microsoft.windows.common-controls_6595b64144ccf1df_6.0.19041.1110_none_60b5254171f9507e;C:\Program Files\Android\Android Studio\jre\bin\server;C:\Users\Vik\.gradle\native\e1d6ef7f7dcc3fd88c89a11ec53ec762bb8ba0a96d01ffa2cd45eb1d1d8dd5c5\windows-amd64;C:\Users\Vik\.gradle\native\5664cfc778a61ccfe75a443a1ab52a65af34e5dc3c78e0209fed803814484fcb\windows-amd64

VM Arguments:
jvm_args: --add-opens=java.base/java.util=ALL-UNNAMED --add-opens=java.base/java.lang=ALL-UNNAMED --add-opens=java.base/java.lang.invoke=ALL-UNNAMED --add-opens=java.base/java.util=ALL-UNNAMED --add-opens=java.prefs/java.util.prefs=ALL-UNNAMED --add-opens=java.prefs/java.util.prefs=ALL-UNNAMED --add-opens=java.base/java.nio.charset=ALL-UNNAMED --add-opens=java.base/java.net=ALL-UNNAMED --add-opens=java.base/java.util.concurrent.atomic=ALL-UNNAMED -Xmx2048m -Dfile.encoding=UTF-8 -Duser.country=RU -Duser.language=ru -Duser.variant 
java_command: org.gradle.launcher.daemon.bootstrap.GradleDaemon 7.2
java_class_path (initial): C:\Users\Vik\.gradle\wrapper\dists\gradle-7.2-bin\2dnblmf4td7x66yl1d74lt32g\gradle-7.2\lib\gradle-launcher-7.2.jar
Launcher Type: SUN_STANDARD

[Global flags]
     intx CICompilerCount                          = 3                                         {product} {ergonomic}
     uint ConcGCThreads                            = 1                                         {product} {ergonomic}
     uint G1ConcRefinementThreads                  = 4                                         {product} {ergonomic}
   size_t G1HeapRegionSize                         = 1048576                                   {product} {ergonomic}
    uintx GCDrainStackTargetSize                   = 64                                        {product} {ergonomic}
   size_t InitialHeapSize                          = 134217728                                 {product} {ergonomic}
   size_t MarkStackSize                            = 4194304                                   {product} {ergonomic}
   size_t MaxHeapSize                              = 2147483648                                {product} {command line}
   size_t MaxNewSize                               = 1287651328                                {product} {ergonomic}
   size_t MinHeapDeltaBytes                        = 1048576                                   {product} {ergonomic}
    uintx NonNMethodCodeHeapSize                   = 5830732                                {pd product} {ergonomic}
    uintx NonProfiledCodeHeapSize                  = 122913754                              {pd product} {ergonomic}
    uintx ProfiledCodeHeapSize                     = 122913754                              {pd product} {ergonomic}
    uintx ReservedCodeCacheSize                    = 251658240                              {pd product} {ergonomic}
     bool SegmentedCodeCache                       = true                                      {product} {ergonomic}
     bool UseCompressedClassPointers               = true                                 {lp64_product} {ergonomic}
     bool UseCompressedOops                        = true                                 {lp64_product} {ergonomic}
     bool UseG1GC                                  = true                                      {product} {ergonomic}
     bool UseLargePagesIndividualAllocation        = false                                  {pd product} {ergonomic}

Logging:
Log output configuration:
 #0: stdout all=warning uptime,level,tags
 #1: stderr all=off uptime,level,tags

Environment Variables:
JAVA_HOME=c:\Program Files\Java\jdk-16.0.2
PATH=C:\Program Files\Common Files\Oracle\Java\javapath;C:\Program Files (x86)\Common Files\Oracle\Java\javapath;C:\ProgramData\Oracle\Java\javapath;C:\Windows\system32;C:\Windows;C:\Windows\System32\Wbem;C:\Windows\System32\WindowsPowerShell\v1.0\;C:\Program Files\Java\jdk-16.0.2\bin\;C:\WINDOWS\system32;C:\WINDOWS;C:\WINDOWS\System32\Wbem;C:\WINDOWS\System32\WindowsPowerShell\v1.0\;C:\WINDOWS\System32\OpenSSH\;C:\Program Files\dotnet\;C:\Program Files\Git\cmd;C:\Program Files (x86)\NVIDIA Corporation\PhysX\Common;C:\Users\Vik\AppData\Local\Microsoft\WindowsApps;C:\Program Files\JetBrains\IntelliJ IDEA Community Edition 2021.3\bin;C:\Users\Vik\AppData\Local\GitHubDesktop\bin;C:\Users\Vik\AppData\Local\gitkraken\bin
USERNAME=Vik
OS=Windows_NT
PROCESSOR_IDENTIFIER=Intel64 Family 6 Model 60 Stepping 3, GenuineIntel



---------------  S Y S T E M  ---------------

OS: Windows 10 , 64 bit Build 19041 (10.0.19041.1741)
OS uptime: 1 days 19:58 hours

CPU:total 4 (initial active 4) (4 cores per cpu, 1 threads per core) family 6 model 60 stepping 3 microcode 0x27, cmov, cx8, fxsr, mmx, sse, sse2, sse3, ssse3, sse4.1, sse4.2, popcnt, avx, avx2, aes, clmul, erms, lzcnt, tsc, tscinvbit, bmi1, bmi2, fma

Memory: 4k page, system-wide physical 8128M (639M free)
TotalPageFile size 10528M (AvailPageFile size 164M)
current process WorkingSet (physical memory assigned to process): 739M, peak: 745M
current process commit charge ("private bytes"): 798M, peak: 1040M

vm_info: OpenJDK 64-Bit Server VM (11.0.11+9-b60-7590822) for windows-amd64 JRE (11.0.11+9-b60-7590822), built on Jul 29 2021 21:43:44 by "builder" with MS VC++ 14.0 (VS2015)

END.
