#
# There is insufficient memory for the Java Runtime Environment to continue.
# Native memory allocation (mmap) failed to map 47185920 bytes for Failed to commit area from 0x000000008de00000 to 0x0000000090b00000 of length 47185920.
# Possible reasons:
#   The system is out of physical RAM or swap space
#   The process is running with CompressedOops enabled, and the Java Heap may be blocking the growth of the native heap
# Possible solutions:
#   Reduce memory load on the system
#   Increase physical memory or swap space
#   Check if swap backing store is full
#   Decrease Java heap size (-Xmx/-Xms)
#   Decrease number of Java threads
#   Decrease Java thread stack sizes (-Xss)
#   Set larger code cache with -XX:ReservedCodeCacheSize=
#   JVM is running with Unscaled Compressed Oops mode in which the Java heap is
#     placed in the first 4GB address space. The Java Heap base address is the
#     maximum limit for the native heap growth. Please use -XX:HeapBaseMinAddress
#     to set the Java Heap base and to place the Java Heap above 4GB virtual address.
# This output file may be truncated or incomplete.
#
#  Out of Memory Error (./src/hotspot/os/windows/os_windows.cpp:3301), pid=12940, tid=7724
#
# JRE version: OpenJDK Runtime Environment (11.0.11+9) (build 11.0.11+9-b60-7590822)
# Java VM: OpenJDK 64-Bit Server VM (11.0.11+9-b60-7590822, mixed mode, tiered, compressed oops, g1 gc, windows-amd64)
# No core dump will be written. Minidumps are not enabled by default on client versions of Windows
#

---------------  S U M M A R Y ------------

Command Line: --add-opens=java.base/java.util=ALL-UNNAMED --add-opens=java.base/java.lang=ALL-UNNAMED --add-opens=java.base/java.lang.invoke=ALL-UNNAMED --add-opens=java.base/java.util=ALL-UNNAMED --add-opens=java.prefs/java.util.prefs=ALL-UNNAMED --add-opens=java.prefs/java.util.prefs=ALL-UNNAMED --add-opens=java.base/java.nio.charset=ALL-UNNAMED --add-opens=java.base/java.net=ALL-UNNAMED --add-opens=java.base/java.util.concurrent.atomic=ALL-UNNAMED -Xmx2048m -Dfile.encoding=UTF-8 -Duser.country=RU -Duser.language=ru -Duser.variant org.gradle.launcher.daemon.bootstrap.GradleDaemon 7.2

Host: Intel(R) Core(TM) i5-4690 CPU @ 3.50GHz, 4 cores, 7G,  Windows 10 , 64 bit Build 19041 (10.0.19041.1741)
Time: Sun Jun 26 11:20:03 2022 Финляндия (лето) elapsed time: 109.957349 seconds (0d 0h 1m 49s)

---------------  T H R E A D  ---------------

Current thread (0x000002b5aac6b000):  VMThread "VM Thread" [stack: 0x000000eec7500000,0x000000eec7600000] [id=7724]

Stack: [0x000000eec7500000,0x000000eec7600000]
[error occurred during error reporting (printing stack bounds), id 0xc0000005, EXCEPTION_ACCESS_VIOLATION (0xc0000005) at pc=0x000002b594b90f2d]

Native frames: (J=compiled Java code, j=interpreted, Vv=VM code, C=native code)
V  [jvm.dll+0x5f214a]
V  [jvm.dll+0x726fb5]
V  [jvm.dll+0x7285cd]
V  [jvm.dll+0x728be5]
V  [jvm.dll+0x728b9b]
V  [jvm.dll+0x5f14e8]
V  [jvm.dll+0x5f1c78]
C  [ntdll.dll+0xa209f]
C  [ntdll.dll+0x51454]
C  [ntdll.dll+0xa0bce]
C  0x000002b594b90f2d

VM_Operation (0x000000eeccdf9a70): G1CollectForAllocation, mode: safepoint, requested by thread 0x000002b5abc15800


---------------  P R O C E S S  ---------------

Threads class SMR info:
_java_thread_list=0x000002b5aef3a7f0, length=91, elements={
0x000002b591095000, 0x000002b5aac70800, 0x000002b5aac73800, 0x000002b5aac93000,
0x000002b5aac94000, 0x000002b5aac95000, 0x000002b5aac9a000, 0x000002b5aac9e800,
0x000002b5aaca4000, 0x000002b5ab762800, 0x000002b5ad5e2800, 0x000002b5ad732800,
0x000002b5acf71000, 0x000002b5ae3fe000, 0x000002b5ae3ff000, 0x000002b5ae3fb800,
0x000002b5ae402000, 0x000002b5ae3ff800, 0x000002b5ae3fc800, 0x000002b5ae3fd000,
0x000002b5ae3d0800, 0x000002b5ae3cf800, 0x000002b5ae3d3000, 0x000002b5ae3d4000,
0x000002b5adbd1800, 0x000002b5adbd3000, 0x000002b5adbcb000, 0x000002b5adbca000,
0x000002b5adbcc000, 0x000002b5adbcc800, 0x000002b5adbcd800, 0x000002b5adbce800,
0x000002b5adbc8800, 0x000002b5adbcf000, 0x000002b5adbc9800, 0x000002b5adbd2800,
0x000002b5adbd4000, 0x000002b5adbd5800, 0x000002b5adbd0000, 0x000002b5adbd6800,
0x000002b5adbd0800, 0x000002b5adbd7000, 0x000002b5ae3d2000, 0x000002b5ae3cc800,
0x000002b5ae3cd800, 0x000002b5ae3ce000, 0x000002b5ae3cf000, 0x000002b5ae3d8800,
0x000002b5ae3d8000, 0x000002b5ae3d9800, 0x000002b5ae3da800, 0x000002b5ae3db000,
0x000002b5ae3d7000, 0x000002b5ae3d5800, 0x000002b5ae3d6000, 0x000002b5ae400800,
0x000002b5ae401800, 0x000002b5b572a800, 0x000002b5b5728000, 0x000002b5b5727800,
0x000002b5b572b800, 0x000002b5b5725800, 0x000002b5b5729800, 0x000002b5b5729000,
0x000002b5b572c000, 0x000002b5b5726800, 0x000002b5b572d000, 0x000002b5b572e800,
0x000002b5b572f800, 0x000002b5b572e000, 0x000002b5b5730000, 0x000002b5b5731000,
0x000002b5b5732000, 0x000002b5b5732800, 0x000002b5b5733800, 0x000002b5b5734800,
0x000002b5abc17000, 0x000002b5abc16800, 0x000002b5abc13000, 0x000002b5abc14000,
0x000002b5abc18000, 0x000002b5abc12800, 0x000002b5abc19000, 0x000002b5abc15800,
0x000002b5abc19800, 0x000002b5abc1a800, 0x000002b5abc14800, 0x000002b5ac5ae800,
0x000002b5abc1c000, 0x000002b5abc20000, 0x000002b5abc1f800
}

Java Threads: ( => current thread )
  0x000002b591095000 JavaThread "main" [_thread_blocked, id=12140, stack(0x000000eec6f00000,0x000000eec7000000)]
  0x000002b5aac70800 JavaThread "Reference Handler" daemon [_thread_blocked, id=3240, stack(0x000000eec7600000,0x000000eec7700000)]
  0x000002b5aac73800 JavaThread "Finalizer" daemon [_thread_blocked, id=12976, stack(0x000000eec7700000,0x000000eec7800000)]
  0x000002b5aac93000 JavaThread "Signal Dispatcher" daemon [_thread_blocked, id=11328, stack(0x000000eec7800000,0x000000eec7900000)]
  0x000002b5aac94000 JavaThread "Attach Listener" daemon [_thread_blocked, id=9240, stack(0x000000eec7900000,0x000000eec7a00000)]
  0x000002b5aac95000 JavaThread "Service Thread" daemon [_thread_blocked, id=3596, stack(0x000000eec7a00000,0x000000eec7b00000)]
  0x000002b5aac9a000 JavaThread "C2 CompilerThread0" daemon [_thread_blocked, id=5972, stack(0x000000eec7b00000,0x000000eec7c00000)]
  0x000002b5aac9e800 JavaThread "C1 CompilerThread0" daemon [_thread_blocked, id=10496, stack(0x000000eec7c00000,0x000000eec7d00000)]
  0x000002b5aaca4000 JavaThread "Sweeper thread" daemon [_thread_blocked, id=1392, stack(0x000000eec7d00000,0x000000eec7e00000)]
  0x000002b5ab762800 JavaThread "Common-Cleaner" daemon [_thread_blocked, id=10024, stack(0x000000eec7e00000,0x000000eec7f00000)]
  0x000002b5ad5e2800 JavaThread "Daemon health stats" [_thread_blocked, id=11772, stack(0x000000eec8300000,0x000000eec8400000)]
  0x000002b5ad732800 JavaThread "Incoming local TCP Connector on port 49235" [_thread_in_native, id=1984, stack(0x000000eec8400000,0x000000eec8500000)]
  0x000002b5acf71000 JavaThread "Daemon periodic checks" [_thread_blocked, id=13352, stack(0x000000eec8500000,0x000000eec8600000)]
  0x000002b5ae3fe000 JavaThread "Cache worker for journal cache (C:\Users\Vik\.gradle\caches\journal-1)" [_thread_blocked, id=12568, stack(0x000000eec8e00000,0x000000eec8f00000)]
  0x000002b5ae3ff000 JavaThread "File lock request listener" [_thread_in_native, id=13556, stack(0x000000eec8f00000,0x000000eec9000000)]
  0x000002b5ae3fb800 JavaThread "Cache worker for file hash cache (C:\Users\Vik\.gradle\caches\7.2\fileHashes)" [_thread_blocked, id=14092, stack(0x000000eec9000000,0x000000eec9100000)]
  0x000002b5ae402000 JavaThread "File watcher server" daemon [_thread_blocked, id=8908, stack(0x000000eec9200000,0x000000eec9300000)]
  0x000002b5ae3ff800 JavaThread "File watcher consumer" daemon [_thread_blocked, id=13172, stack(0x000000eec9300000,0x000000eec9400000)]
  0x000002b5ae3fc800 JavaThread "jar transforms" [_thread_blocked, id=9088, stack(0x000000eec9400000,0x000000eec9500000)]
  0x000002b5ae3fd000 JavaThread "jar transforms Thread 2" [_thread_blocked, id=6796, stack(0x000000eec9500000,0x000000eec9600000)]
  0x000002b5ae3d0800 JavaThread "jar transforms Thread 3" [_thread_blocked, id=12196, stack(0x000000eec9600000,0x000000eec9700000)]
  0x000002b5ae3cf800 JavaThread "jar transforms Thread 4" [_thread_blocked, id=9440, stack(0x000000eec9700000,0x000000eec9800000)]
  0x000002b5ae3d3000 JavaThread "Cache worker for execution history cache (C:\Users\Vik\.gradle\caches\7.2\executionHistory)" [_thread_blocked, id=13480, stack(0x000000eec9b00000,0x000000eec9c00000)]
  0x000002b5ae3d4000 JavaThread "Cache worker for file content cache (C:\Users\Vik\.gradle\caches\7.2\fileContent)" [_thread_blocked, id=8516, stack(0x000000eec9c00000,0x000000eec9d00000)]
  0x000002b5adbd1800 JavaThread "Memory manager" [_thread_blocked, id=10784, stack(0x000000eecc700000,0x000000eecc800000)]
  0x000002b5adbd3000 JavaThread "pool-3-thread-1" [_thread_blocked, id=8444, stack(0x000000eecc800000,0x000000eecc900000)]
  0x000002b5adbcb000 JavaThread "Daemon Thread 2" [_thread_blocked, id=12236, stack(0x000000eec6c00000,0x000000eec6d00000)]
  0x000002b5adbca000 JavaThread "Handler for socket connection from /127.0.0.1:49235 to /127.0.0.1:49260" [_thread_in_native, id=5716, stack(0x000000eec6d00000,0x000000eec6e00000)]
  0x000002b5adbcc000 JavaThread "Cancel handler" [_thread_blocked, id=12432, stack(0x000000eec6e00000,0x000000eec6f00000)]
  0x000002b5adbcc800 JavaThread "Daemon worker Thread 2" [_thread_blocked, id=14100, stack(0x000000eec8600000,0x000000eec8700000)]
  0x000002b5adbcd800 JavaThread "Asynchronous log dispatcher for DefaultDaemonConnection: socket connection from /127.0.0.1:49235 to /127.0.0.1:49260" [_thread_blocked, id=1376, stack(0x000000eec8800000,0x000000eec8900000)]
  0x000002b5adbce800 JavaThread "Stdin handler" [_thread_blocked, id=12144, stack(0x000000eec8900000,0x000000eec8a00000)]
  0x000002b5adbc8800 JavaThread "Daemon client event forwarder" [_thread_blocked, id=6596, stack(0x000000eec8a00000,0x000000eec8b00000)]
  0x000002b5adbcf000 JavaThread "Cache worker for file hash cache (D:\AndroidStudioProjects\KotlinLesson\m_2090_3\.gradle\7.2\fileHashes)" [_thread_blocked, id=6028, stack(0x000000eec8b00000,0x000000eec8c00000)]
  0x000002b5adbc9800 JavaThread "Cache worker for checksums cache (D:\AndroidStudioProjects\KotlinLesson\m_2090_3\.gradle\checksums)" [_thread_blocked, id=3668, stack(0x000000eec8c00000,0x000000eec8d00000)]
  0x000002b5adbd2800 JavaThread "Cache worker for cache directory md-supplier (C:\Users\Vik\.gradle\caches\7.2\md-supplier)" [_thread_blocked, id=6840, stack(0x000000eec9100000,0x000000eec9200000)]
  0x000002b5adbd4000 JavaThread "Cache worker for cache directory md-rule (C:\Users\Vik\.gradle\caches\7.2\md-rule)" [_thread_blocked, id=5360, stack(0x000000eec9800000,0x000000eec9900000)]
  0x000002b5adbd5800 JavaThread "Cache worker for dependencies-accessors (D:\AndroidStudioProjects\KotlinLesson\m_2090_3\.gradle\7.2\dependencies-accessors)" [_thread_blocked, id=11060, stack(0x000000eec9900000,0x000000eec9a00000)]
  0x000002b5adbd0000 JavaThread "Cache worker for Build Output Cleanup Cache (D:\AndroidStudioProjects\KotlinLesson\m_2090_3\.gradle\buildOutputCleanup)" [_thread_blocked, id=6388, stack(0x000000eec9a00000,0x000000eec9b00000)]
  0x000002b5adbd6800 JavaThread "Unconstrained build operations" [_thread_blocked, id=916, stack(0x000000eec9e00000,0x000000eec9f00000)]
  0x000002b5adbd0800 JavaThread "Unconstrained build operations Thread 2" [_thread_blocked, id=5092, stack(0x000000eec9f00000,0x000000eeca000000)]
  0x000002b5adbd7000 JavaThread "Unconstrained build operations Thread 3" [_thread_blocked, id=8164, stack(0x000000eeca000000,0x000000eeca100000)]
  0x000002b5ae3d2000 JavaThread "Unconstrained build operations Thread 4" [_thread_blocked, id=11840, stack(0x000000eeca100000,0x000000eeca200000)]
  0x000002b5ae3cc800 JavaThread "Unconstrained build operations Thread 5" [_thread_blocked, id=664, stack(0x000000eeca200000,0x000000eeca300000)]
  0x000002b5ae3cd800 JavaThread "Unconstrained build operations Thread 6" [_thread_blocked, id=2824, stack(0x000000eeca300000,0x000000eeca400000)]
  0x000002b5ae3ce000 JavaThread "Unconstrained build operations Thread 7" [_thread_blocked, id=11856, stack(0x000000eeca400000,0x000000eeca500000)]
  0x000002b5ae3cf000 JavaThread "Unconstrained build operations Thread 8" [_thread_blocked, id=6416, stack(0x000000eeca500000,0x000000eeca600000)]
  0x000002b5ae3d8800 JavaThread "Unconstrained build operations Thread 9" [_thread_blocked, id=11476, stack(0x000000eeca600000,0x000000eeca700000)]
  0x000002b5ae3d8000 JavaThread "Unconstrained build operations Thread 10" [_thread_blocked, id=3832, stack(0x000000eeca700000,0x000000eeca800000)]
  0x000002b5ae3d9800 JavaThread "Unconstrained build operations Thread 11" [_thread_blocked, id=6960, stack(0x000000eeca800000,0x000000eeca900000)]
  0x000002b5ae3da800 JavaThread "Unconstrained build operations Thread 12" [_thread_blocked, id=13948, stack(0x000000eeca900000,0x000000eecaa00000)]
  0x000002b5ae3db000 JavaThread "Unconstrained build operations Thread 13" [_thread_blocked, id=5520, stack(0x000000eecaa00000,0x000000eecab00000)]
  0x000002b5ae3d7000 JavaThread "Unconstrained build operations Thread 14" [_thread_blocked, id=5988, stack(0x000000eecab00000,0x000000eecac00000)]
  0x000002b5ae3d5800 JavaThread "Unconstrained build operations Thread 15" [_thread_blocked, id=9272, stack(0x000000eecac00000,0x000000eecad00000)]
  0x000002b5ae3d6000 JavaThread "Unconstrained build operations Thread 16" [_thread_blocked, id=11780, stack(0x000000eecad00000,0x000000eecae00000)]
  0x000002b5ae400800 JavaThread "Unconstrained build operations Thread 17" [_thread_blocked, id=5208, stack(0x000000eecae00000,0x000000eecaf00000)]
  0x000002b5ae401800 JavaThread "Unconstrained build operations Thread 18" [_thread_blocked, id=1424, stack(0x000000eecaf00000,0x000000eecb000000)]
  0x000002b5b572a800 JavaThread "Unconstrained build operations Thread 19" [_thread_blocked, id=13356, stack(0x000000eecb000000,0x000000eecb100000)]
  0x000002b5b5728000 JavaThread "Unconstrained build operations Thread 20" [_thread_blocked, id=6780, stack(0x000000eecb100000,0x000000eecb200000)]
  0x000002b5b5727800 JavaThread "Unconstrained build operations Thread 21" [_thread_blocked, id=12980, stack(0x000000eecb200000,0x000000eecb300000)]
  0x000002b5b572b800 JavaThread "Unconstrained build operations Thread 22" [_thread_blocked, id=9804, stack(0x000000eecb300000,0x000000eecb400000)]
  0x000002b5b5725800 JavaThread "Unconstrained build operations Thread 23" [_thread_blocked, id=11136, stack(0x000000eecb400000,0x000000eecb500000)]
  0x000002b5b5729800 JavaThread "Unconstrained build operations Thread 24" [_thread_blocked, id=1876, stack(0x000000eecb500000,0x000000eecb600000)]
  0x000002b5b5729000 JavaThread "Unconstrained build operations Thread 25" [_thread_blocked, id=8732, stack(0x000000eecb600000,0x000000eecb700000)]
  0x000002b5b572c000 JavaThread "Unconstrained build operations Thread 26" [_thread_blocked, id=3372, stack(0x000000eecb700000,0x000000eecb800000)]
  0x000002b5b5726800 JavaThread "Unconstrained build operations Thread 27" [_thread_blocked, id=1968, stack(0x000000eecb800000,0x000000eecb900000)]
  0x000002b5b572d000 JavaThread "Unconstrained build operations Thread 28" [_thread_blocked, id=2556, stack(0x000000eecb900000,0x000000eecba00000)]
  0x000002b5b572e800 JavaThread "Unconstrained build operations Thread 29" [_thread_blocked, id=2532, stack(0x000000eecba00000,0x000000eecbb00000)]
  0x000002b5b572f800 JavaThread "Unconstrained build operations Thread 30" [_thread_blocked, id=5492, stack(0x000000eecbb00000,0x000000eecbc00000)]
  0x000002b5b572e000 JavaThread "Unconstrained build operations Thread 31" [_thread_blocked, id=7740, stack(0x000000eecbc00000,0x000000eecbd00000)]
  0x000002b5b5730000 JavaThread "Unconstrained build operations Thread 32" [_thread_blocked, id=2368, stack(0x000000eecbd00000,0x000000eecbe00000)]
  0x000002b5b5731000 JavaThread "Unconstrained build operations Thread 33" [_thread_blocked, id=8668, stack(0x000000eecbe00000,0x000000eecbf00000)]
  0x000002b5b5732000 JavaThread "Unconstrained build operations Thread 34" [_thread_blocked, id=12084, stack(0x000000eecbf00000,0x000000eecc000000)]
  0x000002b5b5732800 JavaThread "Unconstrained build operations Thread 35" [_thread_blocked, id=8656, stack(0x000000eecc000000,0x000000eecc100000)]
  0x000002b5b5733800 JavaThread "Unconstrained build operations Thread 36" [_thread_blocked, id=11440, stack(0x000000eecc100000,0x000000eecc200000)]
  0x000002b5b5734800 JavaThread "Unconstrained build operations Thread 37" [_thread_blocked, id=2576, stack(0x000000eecc200000,0x000000eecc300000)]
  0x000002b5abc17000 JavaThread "Unconstrained build operations Thread 38" [_thread_blocked, id=3092, stack(0x000000eecc300000,0x000000eecc400000)]
  0x000002b5abc16800 JavaThread "Unconstrained build operations Thread 39" [_thread_blocked, id=1488, stack(0x000000eecc400000,0x000000eecc500000)]
  0x000002b5abc13000 JavaThread "Unconstrained build operations Thread 40" [_thread_blocked, id=11788, stack(0x000000eecc500000,0x000000eecc600000)]
  0x000002b5abc14000 JavaThread "build event listener" [_thread_blocked, id=6564, stack(0x000000eecc600000,0x000000eecc700000)]
  0x000002b5abc18000 JavaThread "pool-6-thread-1" [_thread_blocked, id=12112, stack(0x000000eecca00000,0x000000eeccb00000)]
  0x000002b5abc12800 JavaThread "build event listener" [_thread_blocked, id=4200, stack(0x000000eeccb00000,0x000000eeccc00000)]
  0x000002b5abc19000 JavaThread "Execution worker for ':'" [_thread_blocked, id=1108, stack(0x000000eeccc00000,0x000000eeccd00000)]
  0x000002b5abc15800 JavaThread "Execution worker for ':' Thread 2" [_thread_blocked, id=3860, stack(0x000000eeccd00000,0x000000eecce00000)]
  0x000002b5abc19800 JavaThread "Execution worker for ':' Thread 3" [_thread_blocked, id=6508, stack(0x000000eecce00000,0x000000eeccf00000)]
  0x000002b5abc1a800 JavaThread "Cache worker for execution history cache (D:\AndroidStudioProjects\KotlinLesson\m_2090_3\.gradle\7.2\executionHistory)" [_thread_blocked, id=484, stack(0x000000eeccf00000,0x000000eecd000000)]
  0x000002b5abc14800 JavaThread "WorkerExecutor Queue" [_thread_blocked, id=7080, stack(0x000000eec9d00000,0x000000eec9e00000)]
  0x000002b5ac5ae800 JavaThread "C2 CompilerThread1" daemon [_thread_blocked, id=11384, stack(0x000000eecd000000,0x000000eecd100000)]
  0x000002b5abc1c000 JavaThread "WorkerExecutor Queue Thread 2" [_thread_blocked, id=5732, stack(0x000000eecd100000,0x000000eecd200000)]
  0x000002b5abc20000 JavaThread "WorkerExecutor Queue Thread 3" [_thread_blocked, id=11980, stack(0x000000eecd200000,0x000000eecd300000)]
  0x000002b5abc1f800 JavaThread "WorkerExecutor Queue Thread 4" [_thread_blocked, id=10176, stack(0x000000eecd300000,0x000000eecd400000)]

Other Threads:
=>0x000002b5aac6b000 VMThread "VM Thread" [stack: 0x000000eec7500000,0x000000eec7600000] [id=7724]
  0x000002b5ab78e800 WatcherThread [stack: 0x000000eec7f00000,0x000000eec8000000] [id=8964]
  0x000002b5910a7800 GCTaskThread "GC Thread#0" [stack: 0x000000eec7000000,0x000000eec7100000] [id=1560]
  0x000002b5ab9d3800 GCTaskThread "GC Thread#1" [stack: 0x000000eec8100000,0x000000eec8200000] [id=6348]
  0x000002b5abfaa000 GCTaskThread "GC Thread#2" [stack: 0x000000eec8200000,0x000000eec8300000] [id=12856]
  0x000002b5af0d4800 GCTaskThread "GC Thread#3" [stack: 0x000000eec8d00000,0x000000eec8e00000] [id=13456]
  0x000002b5910db800 ConcurrentGCThread "G1 Main Marker" [stack: 0x000000eec7100000,0x000000eec7200000] [id=8036]
  0x000002b5910dc800 ConcurrentGCThread "G1 Conc#0" [stack: 0x000000eec7200000,0x000000eec7300000] [id=13792]
  0x000002b591169000 ConcurrentGCThread "G1 Refine#0" [stack: 0x000000eec7300000,0x000000eec7400000] [id=6660]
  0x000002b59116a000 ConcurrentGCThread "G1 Young RemSet Sampling" [stack: 0x000000eec7400000,0x000000eec7500000] [id=10444]

Threads with active compile tasks:
C2 CompilerThread0 109978 19481       4       java.lang.StringLatin1::toUpperCase (180 bytes)
C2 CompilerThread1 109978 19484       4       org.apache.xerces.dom.DeferredDocumentImpl::setChunkValue (80 bytes)

VM state:at safepoint (normal execution)

VM Mutex/Monitor currently owned by a thread:  ([mutex/lock_event])
[0x000002b591090100] Threads_lock - owner thread: 0x000002b5aac6b000
[0x000002b591090220] Heap_lock - owner thread: 0x000002b5abc15800

Heap address: 0x0000000080000000, size: 2048 MB, Compressed Oops mode: 32-bit
Narrow klass base: 0x0000000000000000, Narrow klass shift: 3
Compressed class space size: 1073741824 Address: 0x0000000100000000

Heap:
 garbage-first heap   total 273408K, used 157270K [0x0000000080000000, 0x0000000100000000)
  region size 1024K, 2 young (2048K), 2 survivors (2048K)
 Metaspace       used 136657K, capacity 139981K, committed 140356K, reserved 1171456K
  class space    used 16726K, capacity 17960K, committed 18048K, reserved 1048576K
Heap Regions: E=young(eden), S=young(survivor), O=old, HS=humongous(starts), HC=humongous(continues), CS=collection set, F=free, A=archive, TAMS=top-at-mark-start (previous, next)
|   0|0x0000000080000000, 0x0000000080100000, 0x0000000080100000|100%| O|  |TAMS 0x0000000080100000, 0x0000000080000000| Untracked 
|   1|0x0000000080100000, 0x0000000080200000, 0x0000000080200000|100%| O|  |TAMS 0x0000000080200000, 0x0000000080100000| Untracked 
|   2|0x0000000080200000, 0x0000000080300000, 0x0000000080300000|100%| O|  |TAMS 0x0000000080300000, 0x0000000080200000| Untracked 
|   3|0x0000000080300000, 0x0000000080400000, 0x0000000080400000|100%|HS|  |TAMS 0x0000000080400000, 0x0000000080300000| Complete 
|   4|0x0000000080400000, 0x0000000080500000, 0x0000000080500000|100%|HC|  |TAMS 0x0000000080500000, 0x0000000080400000| Complete 
|   5|0x0000000080500000, 0x0000000080600000, 0x0000000080600000|100%|HC|  |TAMS 0x0000000080600000, 0x0000000080500000| Complete 
|   6|0x0000000080600000, 0x0000000080700000, 0x0000000080700000|100%| O|  |TAMS 0x0000000080700000, 0x0000000080600000| Untracked 
|   7|0x0000000080700000, 0x0000000080800000, 0x0000000080800000|100%| O|  |TAMS 0x0000000080800000, 0x0000000080700000| Untracked 
|   8|0x0000000080800000, 0x0000000080900000, 0x0000000080900000|100%| O|  |TAMS 0x0000000080900000, 0x0000000080800000| Untracked 
|   9|0x0000000080900000, 0x0000000080a00000, 0x0000000080a00000|100%| O|  |TAMS 0x0000000080a00000, 0x0000000080900000| Untracked 
|  10|0x0000000080a00000, 0x0000000080b00000, 0x0000000080b00000|100%| O|  |TAMS 0x0000000080b00000, 0x0000000080a00000| Untracked 
|  11|0x0000000080b00000, 0x0000000080c00000, 0x0000000080c00000|100%| O|  |TAMS 0x0000000080c00000, 0x0000000080b00000| Untracked 
|  12|0x0000000080c00000, 0x0000000080d00000, 0x0000000080d00000|100%| O|  |TAMS 0x0000000080d00000, 0x0000000080c00000| Untracked 
|  13|0x0000000080d00000, 0x0000000080e00000, 0x0000000080e00000|100%| O|  |TAMS 0x0000000080e00000, 0x0000000080d00000| Untracked 
|  14|0x0000000080e00000, 0x0000000080f00000, 0x0000000080f00000|100%| O|  |TAMS 0x0000000080f00000, 0x0000000080e00000| Untracked 
|  15|0x0000000080f00000, 0x0000000081000000, 0x0000000081000000|100%| O|  |TAMS 0x0000000081000000, 0x0000000080f00000| Untracked 
|  16|0x0000000081000000, 0x0000000081100000, 0x0000000081100000|100%| O|  |TAMS 0x0000000081100000, 0x0000000081000000| Untracked 
|  17|0x0000000081100000, 0x0000000081200000, 0x0000000081200000|100%|HS|  |TAMS 0x0000000081200000, 0x0000000081100000| Complete 
|  18|0x0000000081200000, 0x0000000081300000, 0x0000000081300000|100%|HC|  |TAMS 0x0000000081300000, 0x0000000081200000| Complete 
|  19|0x0000000081300000, 0x0000000081400000, 0x0000000081400000|100%|HS|  |TAMS 0x0000000081400000, 0x0000000081300000| Complete 
|  20|0x0000000081400000, 0x0000000081500000, 0x0000000081500000|100%|HC|  |TAMS 0x0000000081500000, 0x0000000081400000| Complete 
|  21|0x0000000081500000, 0x0000000081600000, 0x0000000081600000|100%|HC|  |TAMS 0x0000000081600000, 0x0000000081500000| Complete 
|  22|0x0000000081600000, 0x0000000081700000, 0x0000000081700000|100%|HS|  |TAMS 0x0000000081700000, 0x0000000081600000| Complete 
|  23|0x0000000081700000, 0x0000000081800000, 0x0000000081800000|100%|HC|  |TAMS 0x0000000081800000, 0x0000000081700000| Complete 
|  24|0x0000000081800000, 0x0000000081900000, 0x0000000081900000|100%|HC|  |TAMS 0x0000000081900000, 0x0000000081800000| Complete 
|  25|0x0000000081900000, 0x0000000081a00000, 0x0000000081a00000|100%|HC|  |TAMS 0x0000000081a00000, 0x0000000081900000| Complete 
|  26|0x0000000081a00000, 0x0000000081b00000, 0x0000000081b00000|100%| O|  |TAMS 0x0000000081b00000, 0x0000000081a00000| Untracked 
|  27|0x0000000081b00000, 0x0000000081c00000, 0x0000000081c00000|100%| O|  |TAMS 0x0000000081c00000, 0x0000000081b00000| Untracked 
|  28|0x0000000081c00000, 0x0000000081d00000, 0x0000000081d00000|100%| O|  |TAMS 0x0000000081d00000, 0x0000000081c00000| Untracked 
|  29|0x0000000081d00000, 0x0000000081e00000, 0x0000000081e00000|100%| O|  |TAMS 0x0000000081e00000, 0x0000000081d00000| Untracked 
|  30|0x0000000081e00000, 0x0000000081f00000, 0x0000000081f00000|100%| O|  |TAMS 0x0000000081f00000, 0x0000000081e00000| Untracked 
|  31|0x0000000081f00000, 0x0000000082000000, 0x0000000082000000|100%| O|  |TAMS 0x0000000082000000, 0x0000000081f00000| Untracked 
|  32|0x0000000082000000, 0x0000000082100000, 0x0000000082100000|100%| O|  |TAMS 0x0000000082100000, 0x0000000082000000| Untracked 
|  33|0x0000000082100000, 0x0000000082200000, 0x0000000082200000|100%| O|  |TAMS 0x0000000082200000, 0x0000000082100000| Untracked 
|  34|0x0000000082200000, 0x0000000082300000, 0x0000000082300000|100%|HS|  |TAMS 0x0000000082300000, 0x0000000082200000| Complete 
|  35|0x0000000082300000, 0x0000000082400000, 0x0000000082400000|100%|HC|  |TAMS 0x0000000082400000, 0x0000000082300000| Complete 
|  36|0x0000000082400000, 0x0000000082500000, 0x0000000082500000|100%|HC|  |TAMS 0x0000000082500000, 0x0000000082400000| Complete 
|  37|0x0000000082500000, 0x0000000082600000, 0x0000000082600000|100%| O|  |TAMS 0x0000000082600000, 0x0000000082500000| Untracked 
|  38|0x0000000082600000, 0x0000000082700000, 0x0000000082700000|100%| O|  |TAMS 0x0000000082700000, 0x0000000082600000| Untracked 
|  39|0x0000000082700000, 0x0000000082800000, 0x0000000082800000|100%| O|  |TAMS 0x0000000082800000, 0x0000000082700000| Untracked 
|  40|0x0000000082800000, 0x0000000082900000, 0x0000000082900000|100%| O|  |TAMS 0x0000000082900000, 0x0000000082800000| Untracked 
|  41|0x0000000082900000, 0x0000000082a00000, 0x0000000082a00000|100%| O|  |TAMS 0x0000000082a00000, 0x0000000082900000| Untracked 
|  42|0x0000000082a00000, 0x0000000082b00000, 0x0000000082b00000|100%| O|  |TAMS 0x0000000082b00000, 0x0000000082a00000| Untracked 
|  43|0x0000000082b00000, 0x0000000082c00000, 0x0000000082c00000|100%| O|  |TAMS 0x0000000082c00000, 0x0000000082b00000| Untracked 
|  44|0x0000000082c00000, 0x0000000082d00000, 0x0000000082d00000|100%| O|  |TAMS 0x0000000082d00000, 0x0000000082c00000| Untracked 
|  45|0x0000000082d00000, 0x0000000082e00000, 0x0000000082e00000|100%| O|  |TAMS 0x0000000082e00000, 0x0000000082d00000| Untracked 
|  46|0x0000000082e00000, 0x0000000082f00000, 0x0000000082f00000|100%| O|  |TAMS 0x0000000082f00000, 0x0000000082e00000| Untracked 
|  47|0x0000000082f00000, 0x0000000083000000, 0x0000000083000000|100%|HS|  |TAMS 0x0000000083000000, 0x0000000082f00000| Complete 
|  48|0x0000000083000000, 0x0000000083100000, 0x0000000083100000|100%|HC|  |TAMS 0x0000000083100000, 0x0000000083000000| Complete 
|  49|0x0000000083100000, 0x0000000083200000, 0x0000000083200000|100%|HC|  |TAMS 0x0000000083200000, 0x0000000083100000| Complete 
|  50|0x0000000083200000, 0x0000000083300000, 0x0000000083300000|100%|HC|  |TAMS 0x0000000083300000, 0x0000000083200000| Complete 
|  51|0x0000000083300000, 0x0000000083400000, 0x0000000083400000|100%|HS|  |TAMS 0x0000000083400000, 0x0000000083300000| Complete 
|  52|0x0000000083400000, 0x0000000083500000, 0x0000000083500000|100%|HS|  |TAMS 0x0000000083500000, 0x0000000083400000| Complete 
|  53|0x0000000083500000, 0x0000000083600000, 0x0000000083600000|100%|HS|  |TAMS 0x0000000083600000, 0x0000000083500000| Complete 
|  54|0x0000000083600000, 0x0000000083700000, 0x0000000083700000|100%|HS|  |TAMS 0x0000000083700000, 0x0000000083600000| Complete 
|  55|0x0000000083700000, 0x0000000083800000, 0x0000000083800000|100%|HS|  |TAMS 0x0000000083800000, 0x0000000083700000| Complete 
|  56|0x0000000083800000, 0x0000000083900000, 0x0000000083900000|100%|HC|  |TAMS 0x0000000083900000, 0x0000000083800000| Complete 
|  57|0x0000000083900000, 0x0000000083a00000, 0x0000000083a00000|100%|HC|  |TAMS 0x0000000083a00000, 0x0000000083900000| Complete 
|  58|0x0000000083a00000, 0x0000000083b00000, 0x0000000083b00000|100%|HS|  |TAMS 0x0000000083b00000, 0x0000000083a00000| Complete 
|  59|0x0000000083b00000, 0x0000000083c00000, 0x0000000083c00000|100%|HC|  |TAMS 0x0000000083c00000, 0x0000000083b00000| Complete 
|  60|0x0000000083c00000, 0x0000000083d00000, 0x0000000083d00000|100%| O|  |TAMS 0x0000000083d00000, 0x0000000083c00000| Untracked 
|  61|0x0000000083d00000, 0x0000000083e00000, 0x0000000083e00000|100%| O|  |TAMS 0x0000000083e00000, 0x0000000083d00000| Untracked 
|  62|0x0000000083e00000, 0x0000000083f00000, 0x0000000083f00000|100%| O|  |TAMS 0x0000000083f00000, 0x0000000083e00000| Untracked 
|  63|0x0000000083f00000, 0x0000000084000000, 0x0000000084000000|100%| O|  |TAMS 0x0000000084000000, 0x0000000083f00000| Untracked 
|  64|0x0000000084000000, 0x0000000084100000, 0x0000000084100000|100%| O|  |TAMS 0x0000000084100000, 0x0000000084000000| Untracked 
|  65|0x0000000084100000, 0x0000000084100000, 0x0000000084200000|  0%| F|  |TAMS 0x0000000084100000, 0x0000000084100000| Untracked 
|  66|0x0000000084200000, 0x0000000084300000, 0x0000000084300000|100%| O|  |TAMS 0x0000000084300000, 0x0000000084200000| Untracked 
|  67|0x0000000084300000, 0x0000000084400000, 0x0000000084400000|100%| O|  |TAMS 0x0000000084400000, 0x0000000084300000| Untracked 
|  68|0x0000000084400000, 0x0000000084500000, 0x0000000084500000|100%| O|  |TAMS 0x0000000084500000, 0x0000000084400000| Untracked 
|  69|0x0000000084500000, 0x0000000084600000, 0x0000000084600000|100%| O|  |TAMS 0x0000000084600000, 0x0000000084500000| Untracked 
|  70|0x0000000084600000, 0x0000000084700000, 0x0000000084700000|100%| O|  |TAMS 0x0000000084700000, 0x0000000084600000| Untracked 
|  71|0x0000000084700000, 0x0000000084800000, 0x0000000084800000|100%| O|  |TAMS 0x0000000084800000, 0x0000000084700000| Untracked 
|  72|0x0000000084800000, 0x0000000084900000, 0x0000000084900000|100%| O|  |TAMS 0x0000000084900000, 0x0000000084800000| Untracked 
|  73|0x0000000084900000, 0x0000000084a00000, 0x0000000084a00000|100%| O|  |TAMS 0x0000000084a00000, 0x0000000084900000| Untracked 
|  74|0x0000000084a00000, 0x0000000084b00000, 0x0000000084b00000|100%| O|  |TAMS 0x0000000084b00000, 0x0000000084a00000| Untracked 
|  75|0x0000000084b00000, 0x0000000084c00000, 0x0000000084c00000|100%| O|  |TAMS 0x0000000084c00000, 0x0000000084b00000| Untracked 
|  76|0x0000000084c00000, 0x0000000084d00000, 0x0000000084d00000|100%| O|  |TAMS 0x0000000084d00000, 0x0000000084c00000| Untracked 
|  77|0x0000000084d00000, 0x0000000084e00000, 0x0000000084e00000|100%| O|  |TAMS 0x0000000084e00000, 0x0000000084d00000| Untracked 
|  78|0x0000000084e00000, 0x0000000084f00000, 0x0000000084f00000|100%| O|  |TAMS 0x0000000084f00000, 0x0000000084e00000| Untracked 
|  79|0x0000000084f00000, 0x0000000085000000, 0x0000000085000000|100%| O|  |TAMS 0x0000000085000000, 0x0000000084f00000| Untracked 
|  80|0x0000000085000000, 0x0000000085100000, 0x0000000085100000|100%|HS|  |TAMS 0x0000000085100000, 0x0000000085000000| Complete 
|  81|0x0000000085100000, 0x0000000085200000, 0x0000000085200000|100%|HC|  |TAMS 0x0000000085200000, 0x0000000085100000| Complete 
|  82|0x0000000085200000, 0x0000000085300000, 0x0000000085300000|100%|HS|  |TAMS 0x0000000085300000, 0x0000000085200000| Complete 
|  83|0x0000000085300000, 0x0000000085400000, 0x0000000085400000|100%|HC|  |TAMS 0x0000000085400000, 0x0000000085300000| Complete 
|  84|0x0000000085400000, 0x0000000085500000, 0x0000000085500000|100%|HC|  |TAMS 0x0000000085500000, 0x0000000085400000| Complete 
|  85|0x0000000085500000, 0x0000000085600000, 0x0000000085600000|100%|HS|  |TAMS 0x0000000085600000, 0x0000000085500000| Complete 
|  86|0x0000000085600000, 0x0000000085700000, 0x0000000085700000|100%|HC|  |TAMS 0x0000000085700000, 0x0000000085600000| Complete 
|  87|0x0000000085700000, 0x0000000085800000, 0x0000000085800000|100%|HC|  |TAMS 0x0000000085800000, 0x0000000085700000| Complete 
|  88|0x0000000085800000, 0x0000000085900000, 0x0000000085900000|100%|HC|  |TAMS 0x0000000085900000, 0x0000000085800000| Complete 
|  89|0x0000000085900000, 0x0000000085a00000, 0x0000000085a00000|100%| O|  |TAMS 0x0000000085a00000, 0x0000000085900000| Untracked 
|  90|0x0000000085a00000, 0x0000000085b00000, 0x0000000085b00000|100%| O|  |TAMS 0x0000000085b00000, 0x0000000085a00000| Untracked 
|  91|0x0000000085b00000, 0x0000000085c00000, 0x0000000085c00000|100%| O|  |TAMS 0x0000000085c00000, 0x0000000085b00000| Untracked 
|  92|0x0000000085c00000, 0x0000000085d00000, 0x0000000085d00000|100%| O|  |TAMS 0x0000000085d00000, 0x0000000085c00000| Untracked 
|  93|0x0000000085d00000, 0x0000000085e00000, 0x0000000085e00000|100%| O|  |TAMS 0x0000000085e00000, 0x0000000085d00000| Untracked 
|  94|0x0000000085e00000, 0x0000000085e00000, 0x0000000085f00000|  0%| F|  |TAMS 0x0000000085e00000, 0x0000000085e00000| Untracked 
|  95|0x0000000085f00000, 0x0000000086000000, 0x0000000086000000|100%| O|  |TAMS 0x0000000086000000, 0x0000000085f00000| Untracked 
|  96|0x0000000086000000, 0x0000000086100000, 0x0000000086100000|100%| O|  |TAMS 0x0000000086100000, 0x0000000086000000| Untracked 
|  97|0x0000000086100000, 0x0000000086200000, 0x0000000086200000|100%| O|  |TAMS 0x0000000086200000, 0x0000000086100000| Untracked 
|  98|0x0000000086200000, 0x0000000086300000, 0x0000000086300000|100%| O|  |TAMS 0x0000000086300000, 0x0000000086200000| Untracked 
|  99|0x0000000086300000, 0x0000000086400000, 0x0000000086400000|100%| O|  |TAMS 0x0000000086400000, 0x0000000086300000| Untracked 
| 100|0x0000000086400000, 0x0000000086500000, 0x0000000086500000|100%| O|  |TAMS 0x0000000086500000, 0x0000000086400000| Untracked 
| 101|0x0000000086500000, 0x0000000086600000, 0x0000000086600000|100%| O|  |TAMS 0x0000000086600000, 0x0000000086500000| Untracked 
| 102|0x0000000086600000, 0x0000000086700000, 0x0000000086700000|100%| O|  |TAMS 0x0000000086700000, 0x0000000086600000| Untracked 
| 103|0x0000000086700000, 0x0000000086800000, 0x0000000086800000|100%| O|  |TAMS 0x0000000086800000, 0x0000000086700000| Untracked 
| 104|0x0000000086800000, 0x0000000086900000, 0x0000000086900000|100%| O|  |TAMS 0x0000000086900000, 0x0000000086800000| Untracked 
| 105|0x0000000086900000, 0x0000000086a00000, 0x0000000086a00000|100%| O|  |TAMS 0x0000000086a00000, 0x0000000086900000| Untracked 
| 106|0x0000000086a00000, 0x0000000086b00000, 0x0000000086b00000|100%| O|  |TAMS 0x0000000086b00000, 0x0000000086a00000| Untracked 
| 107|0x0000000086b00000, 0x0000000086c00000, 0x0000000086c00000|100%| O|  |TAMS 0x0000000086c00000, 0x0000000086b00000| Untracked 
| 108|0x0000000086c00000, 0x0000000086c00000, 0x0000000086d00000|  0%| F|  |TAMS 0x0000000086c00000, 0x0000000086c00000| Untracked 
| 109|0x0000000086d00000, 0x0000000086e00000, 0x0000000086e00000|100%| O|  |TAMS 0x0000000086e00000, 0x0000000086d00000| Untracked 
| 110|0x0000000086e00000, 0x0000000086f00000, 0x0000000086f00000|100%| O|  |TAMS 0x0000000086f00000, 0x0000000086e00000| Untracked 
| 111|0x0000000086f00000, 0x0000000087000000, 0x0000000087000000|100%| O|  |TAMS 0x0000000087000000, 0x0000000086f00000| Untracked 
| 112|0x0000000087000000, 0x0000000087100000, 0x0000000087100000|100%| O|  |TAMS 0x0000000087100000, 0x0000000087000000| Untracked 
| 113|0x0000000087100000, 0x0000000087200000, 0x0000000087200000|100%| O|  |TAMS 0x0000000087200000, 0x0000000087100000| Untracked 
| 114|0x0000000087200000, 0x0000000087300000, 0x0000000087300000|100%| O|  |TAMS 0x0000000087300000, 0x0000000087200000| Untracked 
| 115|0x0000000087300000, 0x0000000087400000, 0x0000000087400000|100%| O|  |TAMS 0x0000000087400000, 0x0000000087300000| Untracked 
| 116|0x0000000087400000, 0x0000000087500000, 0x0000000087500000|100%| O|  |TAMS 0x0000000087500000, 0x0000000087400000| Untracked 
| 117|0x0000000087500000, 0x0000000087600000, 0x0000000087600000|100%| O|  |TAMS 0x0000000087600000, 0x0000000087500000| Untracked 
| 118|0x0000000087600000, 0x0000000087700000, 0x0000000087700000|100%| O|  |TAMS 0x0000000087700000, 0x0000000087600000| Untracked 
| 119|0x0000000087700000, 0x0000000087800000, 0x0000000087800000|100%| O|  |TAMS 0x0000000087800000, 0x0000000087700000| Untracked 
| 120|0x0000000087800000, 0x0000000087900000, 0x0000000087900000|100%| O|  |TAMS 0x0000000087900000, 0x0000000087800000| Untracked 
| 121|0x0000000087900000, 0x0000000087a00000, 0x0000000087a00000|100%| O|  |TAMS 0x0000000087a00000, 0x0000000087900000| Untracked 
| 122|0x0000000087a00000, 0x0000000087b00000, 0x0000000087b00000|100%| O|  |TAMS 0x0000000087b00000, 0x0000000087a00000| Untracked 
| 123|0x0000000087b00000, 0x0000000087c00000, 0x0000000087c00000|100%| O|  |TAMS 0x0000000087c00000, 0x0000000087b00000| Untracked 
| 124|0x0000000087c00000, 0x0000000087d00000, 0x0000000087d00000|100%| O|  |TAMS 0x0000000087d00000, 0x0000000087c00000| Untracked 
| 125|0x0000000087d00000, 0x0000000087e00000, 0x0000000087e00000|100%| O|  |TAMS 0x0000000087e00000, 0x0000000087d00000| Untracked 
| 126|0x0000000087e00000, 0x0000000087f00000, 0x0000000087f00000|100%| O|  |TAMS 0x0000000087f00000, 0x0000000087e00000| Untracked 
| 127|0x0000000087f00000, 0x0000000088000000, 0x0000000088000000|100%| O|  |TAMS 0x0000000088000000, 0x0000000087f00000| Untracked 
| 128|0x0000000088000000, 0x0000000088100000, 0x0000000088100000|100%| O|  |TAMS 0x0000000088100000, 0x0000000088000000| Untracked 
| 129|0x0000000088100000, 0x0000000088200000, 0x0000000088200000|100%| O|  |TAMS 0x0000000088200000, 0x0000000088100000| Untracked 
| 130|0x0000000088200000, 0x0000000088300000, 0x0000000088300000|100%| O|  |TAMS 0x0000000088300000, 0x0000000088200000| Untracked 
| 131|0x0000000088300000, 0x0000000088400000, 0x0000000088400000|100%| O|  |TAMS 0x0000000088400000, 0x0000000088300000| Untracked 
| 132|0x0000000088400000, 0x0000000088500000, 0x0000000088500000|100%| O|  |TAMS 0x0000000088500000, 0x0000000088400000| Untracked 
| 133|0x0000000088500000, 0x0000000088600000, 0x0000000088600000|100%| O|  |TAMS 0x0000000088600000, 0x0000000088500000| Untracked 
| 134|0x0000000088600000, 0x0000000088700000, 0x0000000088700000|100%| O|  |TAMS 0x0000000088700000, 0x0000000088600000| Untracked 
| 135|0x0000000088700000, 0x0000000088800000, 0x0000000088800000|100%| O|  |TAMS 0x0000000088800000, 0x0000000088700000| Untracked 
| 136|0x0000000088800000, 0x0000000088900000, 0x0000000088900000|100%| O|  |TAMS 0x0000000088900000, 0x0000000088800000| Untracked 
| 137|0x0000000088900000, 0x0000000088a00000, 0x0000000088a00000|100%| O|  |TAMS 0x0000000088a00000, 0x0000000088900000| Untracked 
| 138|0x0000000088a00000, 0x0000000088b00000, 0x0000000088b00000|100%| O|  |TAMS 0x0000000088b00000, 0x0000000088a00000| Untracked 
| 139|0x0000000088b00000, 0x0000000088c00000, 0x0000000088c00000|100%| O|  |TAMS 0x0000000088c00000, 0x0000000088b00000| Untracked 
| 140|0x0000000088c00000, 0x0000000088d00000, 0x0000000088d00000|100%| O|  |TAMS 0x0000000088d00000, 0x0000000088c00000| Untracked 
| 141|0x0000000088d00000, 0x0000000088e00000, 0x0000000088e00000|100%| O|  |TAMS 0x0000000088e00000, 0x0000000088d00000| Untracked 
| 142|0x0000000088e00000, 0x0000000088f00000, 0x0000000088f00000|100%| O|  |TAMS 0x0000000088f00000, 0x0000000088e00000| Untracked 
| 143|0x0000000088f00000, 0x0000000088f00000, 0x0000000089000000|  0%| F|  |TAMS 0x0000000088f00000, 0x0000000088f00000| Untracked 
| 144|0x0000000089000000, 0x0000000089000000, 0x0000000089100000|  0%| F|  |TAMS 0x0000000089000000, 0x0000000089000000| Untracked 
| 145|0x0000000089100000, 0x0000000089100000, 0x0000000089200000|  0%| F|  |TAMS 0x0000000089100000, 0x0000000089100000| Untracked 
| 146|0x0000000089200000, 0x0000000089300000, 0x0000000089300000|100%| O|  |TAMS 0x0000000089300000, 0x0000000089200000| Untracked 
| 147|0x0000000089300000, 0x0000000089300000, 0x0000000089400000|  0%| F|  |TAMS 0x0000000089300000, 0x0000000089300000| Untracked 
| 148|0x0000000089400000, 0x0000000089400000, 0x0000000089500000|  0%| F|  |TAMS 0x0000000089400000, 0x0000000089400000| Untracked 
| 149|0x0000000089500000, 0x0000000089500000, 0x0000000089600000|  0%| F|  |TAMS 0x0000000089500000, 0x0000000089500000| Untracked 
| 150|0x0000000089600000, 0x0000000089700000, 0x0000000089700000|100%| O|  |TAMS 0x0000000089600000, 0x0000000089600000| Untracked 
| 151|0x0000000089700000, 0x0000000089800000, 0x0000000089800000|100%| O|  |TAMS 0x0000000089700000, 0x0000000089700000| Untracked 
| 152|0x0000000089800000, 0x0000000089800000, 0x0000000089900000|  0%| F|  |TAMS 0x0000000089800000, 0x0000000089800000| Untracked 
| 153|0x0000000089900000, 0x0000000089900000, 0x0000000089a00000|  0%| F|  |TAMS 0x0000000089900000, 0x0000000089900000| Untracked 
| 154|0x0000000089a00000, 0x0000000089a00000, 0x0000000089b00000|  0%| F|  |TAMS 0x0000000089a00000, 0x0000000089a00000| Untracked 
| 155|0x0000000089b00000, 0x0000000089b00000, 0x0000000089c00000|  0%| F|  |TAMS 0x0000000089b00000, 0x0000000089b00000| Untracked 
| 156|0x0000000089c00000, 0x0000000089c00000, 0x0000000089d00000|  0%| F|  |TAMS 0x0000000089c00000, 0x0000000089c00000| Untracked 
| 157|0x0000000089d00000, 0x0000000089e00000, 0x0000000089e00000|100%| O|  |TAMS 0x0000000089d00000, 0x0000000089d00000| Untracked 
| 158|0x0000000089e00000, 0x0000000089e4e400, 0x0000000089f00000| 30%| O|  |TAMS 0x0000000089e00000, 0x0000000089e00000| Untracked 
| 159|0x0000000089f00000, 0x0000000089f00000, 0x000000008a000000|  0%| F|  |TAMS 0x0000000089f00000, 0x0000000089f00000| Untracked 
| 160|0x000000008a000000, 0x000000008a000000, 0x000000008a100000|  0%| F|  |TAMS 0x000000008a000000, 0x000000008a000000| Untracked 
| 161|0x000000008a100000, 0x000000008a100000, 0x000000008a200000|  0%| F|  |TAMS 0x000000008a100000, 0x000000008a100000| Untracked 
| 162|0x000000008a200000, 0x000000008a200000, 0x000000008a300000|  0%| F|  |TAMS 0x000000008a200000, 0x000000008a200000| Untracked 
| 163|0x000000008a300000, 0x000000008a300000, 0x000000008a400000|  0%| F|  |TAMS 0x000000008a300000, 0x000000008a300000| Untracked 
| 164|0x000000008a400000, 0x000000008a400000, 0x000000008a500000|  0%| F|  |TAMS 0x000000008a400000, 0x000000008a400000| Untracked 
| 165|0x000000008a500000, 0x000000008a500000, 0x000000008a600000|  0%| F|  |TAMS 0x000000008a500000, 0x000000008a500000| Untracked 
| 166|0x000000008a600000, 0x000000008a700000, 0x000000008a700000|100%| O|  |TAMS 0x000000008a700000, 0x000000008a600000| Untracked 
| 167|0x000000008a700000, 0x000000008a800000, 0x000000008a800000|100%| O|  |TAMS 0x000000008a800000, 0x000000008a700000| Untracked 
| 168|0x000000008a800000, 0x000000008a900000, 0x000000008a900000|100%| O|  |TAMS 0x000000008a900000, 0x000000008a800000| Untracked 
| 169|0x000000008a900000, 0x000000008a900000, 0x000000008aa00000|  0%| F|  |TAMS 0x000000008a900000, 0x000000008a900000| Untracked 
| 170|0x000000008aa00000, 0x000000008ab00000, 0x000000008ab00000|100%| O|  |TAMS 0x000000008ab00000, 0x000000008aa00000| Untracked 
| 171|0x000000008ab00000, 0x000000008ac00000, 0x000000008ac00000|100%| O|  |TAMS 0x000000008ac00000, 0x000000008ab00000| Untracked 
| 172|0x000000008ac00000, 0x000000008ad00000, 0x000000008ad00000|100%| O|  |TAMS 0x000000008ad00000, 0x000000008ac00000| Untracked 
| 173|0x000000008ad00000, 0x000000008ae00000, 0x000000008ae00000|100%| O|  |TAMS 0x000000008ae00000, 0x000000008ad00000| Untracked 
| 174|0x000000008ae00000, 0x000000008af00000, 0x000000008af00000|100%| O|  |TAMS 0x000000008ae7d600, 0x000000008ae00000| Untracked 
| 175|0x000000008af00000, 0x000000008af00000, 0x000000008b000000|  0%| F|  |TAMS 0x000000008af00000, 0x000000008af00000| Untracked 
| 176|0x000000008b000000, 0x000000008b000000, 0x000000008b100000|  0%| F|  |TAMS 0x000000008b000000, 0x000000008b000000| Untracked 
| 177|0x000000008b100000, 0x000000008b100000, 0x000000008b200000|  0%| F|  |TAMS 0x000000008b100000, 0x000000008b100000| Untracked 
| 178|0x000000008b200000, 0x000000008b200000, 0x000000008b300000|  0%| F|  |TAMS 0x000000008b200000, 0x000000008b200000| Untracked 
| 179|0x000000008b300000, 0x000000008b300000, 0x000000008b400000|  0%| F|  |TAMS 0x000000008b300000, 0x000000008b300000| Untracked 
| 180|0x000000008b400000, 0x000000008b400000, 0x000000008b500000|  0%| F|  |TAMS 0x000000008b400000, 0x000000008b400000| Untracked 
| 181|0x000000008b500000, 0x000000008b500000, 0x000000008b600000|  0%| F|  |TAMS 0x000000008b500000, 0x000000008b500000| Untracked 
| 182|0x000000008b600000, 0x000000008b600000, 0x000000008b700000|  0%| F|  |TAMS 0x000000008b600000, 0x000000008b600000| Untracked 
| 183|0x000000008b700000, 0x000000008b700000, 0x000000008b800000|  0%| F|  |TAMS 0x000000008b700000, 0x000000008b700000| Untracked 
| 184|0x000000008b800000, 0x000000008b800000, 0x000000008b900000|  0%| F|  |TAMS 0x000000008b800000, 0x000000008b800000| Untracked 
| 185|0x000000008b900000, 0x000000008b900000, 0x000000008ba00000|  0%| F|  |TAMS 0x000000008b900000, 0x000000008b900000| Untracked 
| 186|0x000000008ba00000, 0x000000008ba00000, 0x000000008bb00000|  0%| F|  |TAMS 0x000000008ba00000, 0x000000008ba00000| Untracked 
| 187|0x000000008bb00000, 0x000000008bb00000, 0x000000008bc00000|  0%| F|  |TAMS 0x000000008bb00000, 0x000000008bb00000| Untracked 
| 188|0x000000008bc00000, 0x000000008bc00000, 0x000000008bd00000|  0%| F|  |TAMS 0x000000008bc00000, 0x000000008bc00000| Untracked 
| 189|0x000000008bd00000, 0x000000008bd47568, 0x000000008be00000| 27%| S|CS|TAMS 0x000000008bd00000, 0x000000008bd00000| Complete 
| 190|0x000000008be00000, 0x000000008bf00000, 0x000000008bf00000|100%| S|CS|TAMS 0x000000008be00000, 0x000000008be00000| Complete 
| 191|0x000000008bf00000, 0x000000008bf00000, 0x000000008c000000|  0%| F|  |TAMS 0x000000008bf00000, 0x000000008bf00000| Untracked 
| 192|0x000000008c000000, 0x000000008c000000, 0x000000008c100000|  0%| F|  |TAMS 0x000000008c000000, 0x000000008c000000| Untracked 
| 193|0x000000008c100000, 0x000000008c100000, 0x000000008c200000|  0%| F|  |TAMS 0x000000008c100000, 0x000000008c100000| Untracked 
| 194|0x000000008c200000, 0x000000008c200000, 0x000000008c300000|  0%| F|  |TAMS 0x000000008c200000, 0x000000008c200000| Untracked 
| 195|0x000000008c300000, 0x000000008c300000, 0x000000008c400000|  0%| F|  |TAMS 0x000000008c300000, 0x000000008c300000| Untracked 
| 196|0x000000008c400000, 0x000000008c400000, 0x000000008c500000|  0%| F|  |TAMS 0x000000008c400000, 0x000000008c400000| Untracked 
| 197|0x000000008c500000, 0x000000008c500000, 0x000000008c600000|  0%| F|  |TAMS 0x000000008c500000, 0x000000008c500000| Untracked 
| 198|0x000000008c600000, 0x000000008c600000, 0x000000008c700000|  0%| F|  |TAMS 0x000000008c600000, 0x000000008c600000| Untracked 
| 199|0x000000008c700000, 0x000000008c700000, 0x000000008c800000|  0%| F|  |TAMS 0x000000008c700000, 0x000000008c700000| Untracked 
| 200|0x000000008c800000, 0x000000008c800000, 0x000000008c900000|  0%| F|  |TAMS 0x000000008c800000, 0x000000008c800000| Untracked 
| 201|0x000000008c900000, 0x000000008c900000, 0x000000008ca00000|  0%| F|  |TAMS 0x000000008c900000, 0x000000008c900000| Untracked 
| 202|0x000000008ca00000, 0x000000008ca00000, 0x000000008cb00000|  0%| F|  |TAMS 0x000000008ca00000, 0x000000008ca00000| Untracked 
| 203|0x000000008cb00000, 0x000000008cb00000, 0x000000008cc00000|  0%| F|  |TAMS 0x000000008cb00000, 0x000000008cb00000| Untracked 
| 204|0x000000008cc00000, 0x000000008cc00000, 0x000000008cd00000|  0%| F|  |TAMS 0x000000008cc00000, 0x000000008cc00000| Untracked 
| 205|0x000000008cd00000, 0x000000008cd00000, 0x000000008ce00000|  0%| F|  |TAMS 0x000000008cd00000, 0x000000008cd00000| Untracked 
| 206|0x000000008ce00000, 0x000000008ce00000, 0x000000008cf00000|  0%| F|  |TAMS 0x000000008ce00000, 0x000000008ce00000| Untracked 
| 207|0x000000008cf00000, 0x000000008cf00000, 0x000000008d000000|  0%| F|  |TAMS 0x000000008cf00000, 0x000000008cf00000| Untracked 
| 208|0x000000008d000000, 0x000000008d000000, 0x000000008d100000|  0%| F|  |TAMS 0x000000008d000000, 0x000000008d000000| Untracked 
| 209|0x000000008d100000, 0x000000008d100000, 0x000000008d200000|  0%| F|  |TAMS 0x000000008d100000, 0x000000008d100000| Untracked 
| 210|0x000000008d200000, 0x000000008d200000, 0x000000008d300000|  0%| F|  |TAMS 0x000000008d200000, 0x000000008d200000| Untracked 
| 211|0x000000008d300000, 0x000000008d300000, 0x000000008d400000|  0%| F|  |TAMS 0x000000008d300000, 0x000000008d300000| Untracked 
| 212|0x000000008d400000, 0x000000008d400000, 0x000000008d500000|  0%| F|  |TAMS 0x000000008d400000, 0x000000008d400000| Untracked 
| 213|0x000000008d500000, 0x000000008d500000, 0x000000008d600000|  0%| F|  |TAMS 0x000000008d500000, 0x000000008d500000| Untracked 
| 214|0x000000008d600000, 0x000000008d600000, 0x000000008d700000|  0%| F|  |TAMS 0x000000008d600000, 0x000000008d600000| Untracked 
| 215|0x000000008d700000, 0x000000008d700000, 0x000000008d800000|  0%| F|  |TAMS 0x000000008d700000, 0x000000008d700000| Untracked 
| 216|0x000000008d800000, 0x000000008d800000, 0x000000008d900000|  0%| F|  |TAMS 0x000000008d800000, 0x000000008d800000| Untracked 
| 217|0x000000008d900000, 0x000000008d900000, 0x000000008da00000|  0%| F|  |TAMS 0x000000008d900000, 0x000000008d900000| Untracked 
| 218|0x000000008da00000, 0x000000008da00000, 0x000000008db00000|  0%| F|  |TAMS 0x000000008da00000, 0x000000008da00000| Untracked 
| 219|0x000000008db00000, 0x000000008db00000, 0x000000008dc00000|  0%| F|  |TAMS 0x000000008db00000, 0x000000008db00000| Untracked 
| 220|0x000000008dc00000, 0x000000008dc00000, 0x000000008dd00000|  0%| F|  |TAMS 0x000000008dc00000, 0x000000008dc00000| Untracked 
| 221|0x000000008dd00000, 0x000000008dd00000, 0x000000008de00000|  0%| F|  |TAMS 0x000000008dd00000, 0x000000008dd00000| Untracked 

Card table byte_map: [0x000002b5a3f90000,0x000002b5a4390000] _byte_map_base: 0x000002b5a3b90000

Marking Bits (Prev, Next): (CMBitMap*) 0x000002b5910d28a0, (CMBitMap*) 0x000002b5910d2868
 Prev Bits: [0x000002b5a6790000, 0x000002b5a8790000)
 Next Bits: [0x000002b5a4790000, 0x000002b5a6790000)

Polling page: 0x000002b58ef50000

Metaspace:

Usage:
  Non-class:    119.16 MB capacity,   117.12 MB ( 98%) used,     1.67 MB (  1%) free+waste,   376.31 KB ( <1%) overhead. 
      Class:     17.54 MB capacity,    16.33 MB ( 93%) used,     1.04 MB (  6%) free+waste,   166.56 KB ( <1%) overhead. 
       Both:    136.70 MB capacity,   133.45 MB ( 98%) used,     2.72 MB (  2%) free+waste,   542.88 KB ( <1%) overhead. 

Virtual space:
  Non-class space:      120.00 MB reserved,     119.44 MB (>99%) committed 
      Class space:        1.00 GB reserved,      17.63 MB (  2%) committed 
             Both:        1.12 GB reserved,     137.07 MB ( 12%) committed 

Chunk freelists:
   Non-Class:  95.00 KB
       Class:  24.00 KB
        Both:  119.00 KB

MaxMetaspaceSize: 17179869184.00 GB
CompressedClassSpaceSize: 1.00 GB

CodeHeap 'non-profiled nmethods': size=120064Kb used=12468Kb max_used=12468Kb free=107595Kb
 bounds [0x000002b59c650000, 0x000002b59d280000, 0x000002b5a3b90000]
CodeHeap 'profiled nmethods': size=120000Kb used=43109Kb max_used=43109Kb free=76890Kb
 bounds [0x000002b595120000, 0x000002b597b50000, 0x000002b59c650000]
CodeHeap 'non-nmethods': size=5696Kb used=2387Kb max_used=2480Kb free=3308Kb
 bounds [0x000002b594b90000, 0x000002b594e10000, 0x000002b595120000]
 total_blobs=19496 nmethods=18474 adapters=930
 compilation: enabled
              stopped_count=0, restarted_count=0
 full_count=0

Compilation events (20 events):
Event: 109.891 Thread 0x000002b5ac5ae800 nmethod 19473 0x000002b59d27dc90 code [0x000002b59d27de20, 0x000002b59d27deb8]
Event: 109.891 Thread 0x000002b5aac9e800 nmethod 19474 0x000002b597b42890 code [0x000002b597b42aa0, 0x000002b597b43228]
Event: 109.891 Thread 0x000002b5aac9e800 19475       3       org.antlr.v4.runtime.Parser::consume (198 bytes)
Event: 109.892 Thread 0x000002b5aac9e800 nmethod 19475 0x000002b597b43490 code [0x000002b597b43860, 0x000002b597b45898]
Event: 109.932 Thread 0x000002b5aac9a000 19476       4       java.lang.Character::toUpperCaseEx (30 bytes)
Event: 109.933 Thread 0x000002b5aac9a000 nmethod 19476 0x000002b59d27df90 code [0x000002b59d27e140, 0x000002b59d27e238]
Event: 109.934 Thread 0x000002b5aac9e800 19477       3       com.sun.org.apache.xml.internal.dtm.ref.ExpandedNameTable$HashEntry::<init> (26 bytes)
Event: 109.934 Thread 0x000002b5aac9e800 nmethod 19477 0x000002b597b46210 code [0x000002b597b463c0, 0x000002b597b465d8]
Event: 109.934 Thread 0x000002b5aac9e800 19478       3       com.sun.org.apache.xml.internal.utils.SuballocatedIntVector::elementAt (34 bytes)
Event: 109.934 Thread 0x000002b5aac9e800 nmethod 19478 0x000002b597b46690 code [0x000002b597b46860, 0x000002b597b46a38]
Event: 109.940 Thread 0x000002b5ac5ae800 19479       4       java.nio.channels.spi.AbstractInterruptibleChannel::isOpen (13 bytes)
Event: 109.940 Thread 0x000002b5ac5ae800 nmethod 19479 0x000002b59d27e390 code [0x000002b59d27e520, 0x000002b59d27e598]
Event: 109.944 Thread 0x000002b5aac9e800 19480       3       org.antlr.v4.runtime.atn.ParserATNSimulator::getExistingTargetState (31 bytes)
Event: 109.945 Thread 0x000002b5aac9e800 nmethod 19480 0x000002b597b46b90 code [0x000002b597b46d40, 0x000002b597b46f18]
Event: 109.948 Thread 0x000002b5aac9a000 19481       4       java.lang.StringLatin1::toUpperCase (180 bytes)
Event: 109.949 Thread 0x000002b5aac9e800 19482       3       org.apache.xerces.impl.XMLEntityManager$RewindableInputStream::readAndBuffer (97 bytes)
Event: 109.949 Thread 0x000002b5ac5ae800 19484       4       org.apache.xerces.dom.DeferredDocumentImpl::setChunkValue (80 bytes)
Event: 109.950 Thread 0x000002b5aac9e800 nmethod 19482 0x000002b597b47010 code [0x000002b597b47200, 0x000002b597b47658]
Event: 109.950 Thread 0x000002b5aac9e800 19483       3       org.apache.xerces.impl.XMLEntityManager$RewindableInputStream::read (128 bytes)
Event: 109.950 Thread 0x000002b5aac9e800 nmethod 19483 0x000002b597b47810 code [0x000002b597b47a00, 0x000002b597b47f68]

GC Heap History (20 events):
Event: 106.495 GC heap after
{Heap after GC invocations=47 (full 0):
 garbage-first heap   total 227328K, used 170766K [0x0000000080000000, 0x0000000100000000)
  region size 1024K, 1 young (1024K), 1 survivors (1024K)
 Metaspace       used 130520K, capacity 133836K, committed 133956K, reserved 1165312K
  class space    used 16241K, capacity 17426K, committed 17536K, reserved 1048576K
}
Event: 106.764 GC heap before
{Heap before GC invocations=47 (full 0):
 garbage-first heap   total 227328K, used 192270K [0x0000000080000000, 0x0000000100000000)
  region size 1024K, 22 young (22528K), 1 survivors (1024K)
 Metaspace       used 131239K, capacity 134547K, committed 134724K, reserved 1167360K
  class space    used 16311K, capacity 17492K, committed 17536K, reserved 1048576K
}
Event: 106.768 GC heap after
{Heap after GC invocations=48 (full 0):
 garbage-first heap   total 227328K, used 170843K [0x0000000080000000, 0x0000000100000000)
  region size 1024K, 1 young (1024K), 1 survivors (1024K)
 Metaspace       used 131239K, capacity 134547K, committed 134724K, reserved 1167360K
  class space    used 16311K, capacity 17492K, committed 17536K, reserved 1048576K
}
Event: 107.264 GC heap before
{Heap before GC invocations=49 (full 0):
 garbage-first heap   total 227328K, used 193371K [0x0000000080000000, 0x0000000100000000)
  region size 1024K, 23 young (23552K), 1 survivors (1024K)
 Metaspace       used 131245K, capacity 134547K, committed 134724K, reserved 1167360K
  class space    used 16311K, capacity 17492K, committed 17536K, reserved 1048576K
}
Event: 107.267 GC heap after
{Heap after GC invocations=50 (full 0):
 garbage-first heap   total 227328K, used 170778K [0x0000000080000000, 0x0000000100000000)
  region size 1024K, 1 young (1024K), 1 survivors (1024K)
 Metaspace       used 131245K, capacity 134547K, committed 134724K, reserved 1167360K
  class space    used 16311K, capacity 17492K, committed 17536K, reserved 1048576K
}
Event: 107.286 GC heap before
{Heap before GC invocations=50 (full 0):
 garbage-first heap   total 227328K, used 181018K [0x0000000080000000, 0x0000000100000000)
  region size 1024K, 11 young (11264K), 1 survivors (1024K)
 Metaspace       used 131246K, capacity 134547K, committed 134724K, reserved 1167360K
  class space    used 16311K, capacity 17492K, committed 17536K, reserved 1048576K
}
Event: 107.288 GC heap after
{Heap after GC invocations=51 (full 0):
 garbage-first heap   total 227328K, used 170489K [0x0000000080000000, 0x0000000100000000)
  region size 1024K, 1 young (1024K), 1 survivors (1024K)
 Metaspace       used 131246K, capacity 134547K, committed 134724K, reserved 1167360K
  class space    used 16311K, capacity 17492K, committed 17536K, reserved 1048576K
}
Event: 107.632 GC heap before
{Heap before GC invocations=51 (full 0):
 garbage-first heap   total 227328K, used 208377K [0x0000000080000000, 0x0000000100000000)
  region size 1024K, 24 young (24576K), 1 survivors (1024K)
 Metaspace       used 131538K, capacity 134819K, committed 134980K, reserved 1167360K
  class space    used 16334K, capacity 17533K, committed 17536K, reserved 1048576K
}
Event: 107.635 GC heap after
{Heap after GC invocations=52 (full 0):
 garbage-first heap   total 227328K, used 170915K [0x0000000080000000, 0x0000000100000000)
  region size 1024K, 2 young (2048K), 2 survivors (2048K)
 Metaspace       used 131538K, capacity 134819K, committed 134980K, reserved 1167360K
  class space    used 16334K, capacity 17533K, committed 17536K, reserved 1048576K
}
Event: 107.989 GC heap before
{Heap before GC invocations=52 (full 0):
 garbage-first heap   total 227328K, used 193443K [0x0000000080000000, 0x0000000100000000)
  region size 1024K, 25 young (25600K), 2 survivors (2048K)
 Metaspace       used 132490K, capacity 135821K, committed 136132K, reserved 1167360K
  class space    used 16420K, capacity 17606K, committed 17664K, reserved 1048576K
}
Event: 107.995 GC heap after
{Heap after GC invocations=53 (full 0):
 garbage-first heap   total 227328K, used 173639K [0x0000000080000000, 0x0000000100000000)
  region size 1024K, 4 young (4096K), 4 survivors (4096K)
 Metaspace       used 132490K, capacity 135821K, committed 136132K, reserved 1167360K
  class space    used 16420K, capacity 17606K, committed 17664K, reserved 1048576K
}
Event: 108.360 GC heap before
{Heap before GC invocations=54 (full 0):
 garbage-first heap   total 227328K, used 195143K [0x0000000080000000, 0x0000000100000000)
  region size 1024K, 26 young (26624K), 4 survivors (4096K)
 Metaspace       used 135367K, capacity 138730K, committed 138948K, reserved 1171456K
  class space    used 16652K, capacity 17863K, committed 17920K, reserved 1048576K
}
Event: 108.372 GC heap after
{Heap after GC invocations=55 (full 0):
 garbage-first heap   total 227328K, used 177158K [0x0000000080000000, 0x0000000100000000)
  region size 1024K, 4 young (4096K), 4 survivors (4096K)
 Metaspace       used 135367K, capacity 138730K, committed 138948K, reserved 1171456K
  class space    used 16652K, capacity 17863K, committed 17920K, reserved 1048576K
}
Event: 108.588 GC heap before
{Heap before GC invocations=55 (full 0):
 garbage-first heap   total 227328K, used 196614K [0x0000000080000000, 0x0000000100000000)
  region size 1024K, 23 young (23552K), 4 survivors (4096K)
 Metaspace       used 135899K, capacity 139210K, committed 139460K, reserved 1171456K
  class space    used 16675K, capacity 17895K, committed 17920K, reserved 1048576K
}
Event: 108.596 GC heap after
{Heap after GC invocations=56 (full 0):
 garbage-first heap   total 227328K, used 181749K [0x0000000080000000, 0x0000000100000000)
  region size 1024K, 3 young (3072K), 3 survivors (3072K)
 Metaspace       used 135899K, capacity 139210K, committed 139460K, reserved 1171456K
  class space    used 16675K, capacity 17895K, committed 17920K, reserved 1048576K
}
Event: 109.049 GC heap before
{Heap before GC invocations=57 (full 0):
 garbage-first heap   total 227328K, used 188917K [0x0000000080000000, 0x0000000100000000)
  region size 1024K, 17 young (17408K), 3 survivors (3072K)
 Metaspace       used 136044K, capacity 139338K, committed 139460K, reserved 1171456K
  class space    used 16684K, capacity 17895K, committed 17920K, reserved 1048576K
}
Event: 109.055 GC heap after
{Heap after GC invocations=58 (full 0):
 garbage-first heap   total 227328K, used 174783K [0x0000000080000000, 0x0000000100000000)
  region size 1024K, 2 young (2048K), 2 survivors (2048K)
 Metaspace       used 136044K, capacity 139338K, committed 139460K, reserved 1171456K
  class space    used 16684K, capacity 17895K, committed 17920K, reserved 1048576K
}
Event: 109.208 GC heap before
{Heap before GC invocations=58 (full 0):
 garbage-first heap   total 227328K, used 183999K [0x0000000080000000, 0x0000000100000000)
  region size 1024K, 11 young (11264K), 2 survivors (2048K)
 Metaspace       used 136070K, capacity 139402K, committed 139716K, reserved 1171456K
  class space    used 16684K, capacity 17895K, committed 17920K, reserved 1048576K
}
Event: 109.215 GC heap after
{Heap after GC invocations=59 (full 0):
 garbage-first heap   total 227328K, used 157135K [0x0000000080000000, 0x0000000100000000)
  region size 1024K, 2 young (2048K), 2 survivors (2048K)
 Metaspace       used 136070K, capacity 139402K, committed 139716K, reserved 1171456K
  class space    used 16684K, capacity 17895K, committed 17920K, reserved 1048576K
}
Event: 109.951 GC heap before
{Heap before GC invocations=59 (full 0):
 garbage-first heap   total 227328K, used 185807K [0x0000000080000000, 0x0000000100000000)
  region size 1024K, 31 young (31744K), 2 survivors (2048K)
 Metaspace       used 136657K, capacity 139981K, committed 140356K, reserved 1171456K
  class space    used 16726K, capacity 17960K, committed 18048K, reserved 1048576K
}

Deoptimization events (20 events):
Event: 109.709 Thread 0x000002b5abc1c000 DEOPT PACKING pc=0x000002b59c835b7c sp=0x000000eecd1fd7a0
Event: 109.709 Thread 0x000002b5abc1c000 DEOPT UNPACKING pc=0x000002b594bb662f sp=0x000000eecd1fd6e0 mode 2
Event: 109.710 Thread 0x000002b5abc1f800 Uncommon trap: trap_request=0xffffff4d fr.pc=0x000002b59d259c54 relative=0x0000000000000294
Event: 109.710 Thread 0x000002b5abc1f800 Uncommon trap: reason=unstable_if action=reinterpret pc=0x000002b59d259c54 method=com.ctc.wstx.util.TextBuffer.resetWithIndentation(IC)V @ 69 c2
Event: 109.710 Thread 0x000002b5abc1f800 DEOPT PACKING pc=0x000002b59d259c54 sp=0x000000eecd3fcf60
Event: 109.710 Thread 0x000002b5abc1f800 DEOPT UNPACKING pc=0x000002b594bb662f sp=0x000000eecd3fcf00 mode 2
Event: 109.764 Thread 0x000002b5abc15800 Uncommon trap: trap_request=0xffffffde fr.pc=0x000002b59d1a9a7c relative=0x000000000000069c
Event: 109.764 Thread 0x000002b5abc15800 Uncommon trap: reason=class_check action=maybe_recompile pc=0x000002b59d1a9a7c method=org.apache.xerces.dom.NamedNodeMapImpl.item(I)Lorg/w3c/dom/Node; @ 30 c2
Event: 109.764 Thread 0x000002b5abc15800 DEOPT PACKING pc=0x000002b59d1a9a7c sp=0x000000eeccdfa190
Event: 109.764 Thread 0x000002b5abc15800 DEOPT UNPACKING pc=0x000002b594bb662f sp=0x000000eeccdfa090 mode 2
Event: 109.765 Thread 0x000002b5abc15800 Uncommon trap: trap_request=0xffffffde fr.pc=0x000002b59d202b68 relative=0x0000000000002ee8
Event: 109.765 Thread 0x000002b5abc15800 Uncommon trap: reason=class_check action=maybe_recompile pc=0x000002b59d202b68 method=com.android.ide.common.resources.NodeUtils.processSingleNodeNamespace(Lorg/w3c/dom/Node;Lorg/w3c/dom/Document;)Z @ 100 c2
Event: 109.765 Thread 0x000002b5abc15800 DEOPT PACKING pc=0x000002b59d202b68 sp=0x000000eeccdfa1f0
Event: 109.765 Thread 0x000002b5abc15800 DEOPT UNPACKING pc=0x000002b594bb662f sp=0x000000eeccdfa0d8 mode 2
Event: 109.798 Thread 0x000002b5adbcc800 Uncommon trap: trap_request=0xffffffbe fr.pc=0x000002b59d26d354 relative=0x0000000000001814
Event: 109.798 Thread 0x000002b5adbcc800 Uncommon trap: reason=profile_predicate action=maybe_recompile pc=0x000002b59d26d354 method=org.apache.commons.io.FilenameUtils.failIfNullBytePresent(Ljava/lang/String;)V @ 9 c2
Event: 109.798 Thread 0x000002b5adbcc800 DEOPT PACKING pc=0x000002b59d26d354 sp=0x000000eec86f8280
Event: 109.798 Thread 0x000002b5adbcc800 DEOPT UNPACKING pc=0x000002b594bb662f sp=0x000000eec86f81b8 mode 2
Event: 109.872 Thread 0x000002b5abc15800 DEOPT PACKING pc=0x000002b596888730 sp=0x000000eeccdfa030
Event: 109.872 Thread 0x000002b5abc15800 DEOPT UNPACKING pc=0x000002b594bb6dde sp=0x000000eeccdf9558 mode 0

Classes redefined (0 events):
No events

Internal exceptions (20 events):
Event: 107.626 Thread 0x000002b5adbcc800 Exception <a 'java/lang/NoSuchMethodError'{0x000000008c624440}: <clinit>> (0x000000008c624440) thrown at [./src/hotspot/share/prims/jni.cpp, line 1362]
Event: 109.773 Thread 0x000002b5abc15800 Exception <a 'sun/nio/fs/WindowsException'{0x000000008c2b1608}> (0x000000008c2b1608) thrown at [./src/hotspot/share/prims/jni.cpp, line 615]
Event: 109.775 Thread 0x000002b5abc15800 Exception <a 'sun/nio/fs/WindowsException'{0x000000008c2c4be8}> (0x000000008c2c4be8) thrown at [./src/hotspot/share/prims/jni.cpp, line 615]
Event: 109.781 Thread 0x000002b5abc15800 Exception <a 'sun/nio/fs/WindowsException'{0x000000008c2da370}> (0x000000008c2da370) thrown at [./src/hotspot/share/prims/jni.cpp, line 615]
Event: 109.827 Thread 0x000002b5abc15800 Exception <a 'sun/nio/fs/WindowsException'{0x000000008c114c68}> (0x000000008c114c68) thrown at [./src/hotspot/share/prims/jni.cpp, line 615]
Event: 109.848 Thread 0x000002b5abc15800 Exception <a 'sun/nio/fs/WindowsException'{0x000000008c139b68}> (0x000000008c139b68) thrown at [./src/hotspot/share/prims/jni.cpp, line 615]
Event: 109.854 Thread 0x000002b5abc15800 Exception <a 'sun/nio/fs/WindowsException'{0x000000008c15a8e8}> (0x000000008c15a8e8) thrown at [./src/hotspot/share/prims/jni.cpp, line 615]
Event: 109.856 Thread 0x000002b5abc15800 Exception <a 'sun/nio/fs/WindowsException'{0x000000008c1712c8}> (0x000000008c1712c8) thrown at [./src/hotspot/share/prims/jni.cpp, line 615]
Event: 109.857 Thread 0x000002b5abc15800 Exception <a 'sun/nio/fs/WindowsException'{0x000000008c179538}> (0x000000008c179538) thrown at [./src/hotspot/share/prims/jni.cpp, line 615]
Event: 109.858 Thread 0x000002b5abc15800 Exception <a 'sun/nio/fs/WindowsException'{0x000000008c17d1f8}> (0x000000008c17d1f8) thrown at [./src/hotspot/share/prims/jni.cpp, line 615]
Event: 109.864 Thread 0x000002b5abc15800 Exception <a 'sun/nio/fs/WindowsException'{0x000000008c1862c0}> (0x000000008c1862c0) thrown at [./src/hotspot/share/prims/jni.cpp, line 615]
Event: 109.869 Thread 0x000002b5abc15800 Exception <a 'sun/nio/fs/WindowsException'{0x000000008c194100}> (0x000000008c194100) thrown at [./src/hotspot/share/prims/jni.cpp, line 615]
Event: 109.870 Thread 0x000002b5abc15800 Exception <a 'sun/nio/fs/WindowsException'{0x000000008c19eb40}> (0x000000008c19eb40) thrown at [./src/hotspot/share/prims/jni.cpp, line 615]
Event: 109.892 Thread 0x000002b5abc15800 Exception <a 'sun/nio/fs/WindowsException'{0x000000008c0650f0}> (0x000000008c0650f0) thrown at [./src/hotspot/share/prims/jni.cpp, line 615]
Event: 109.893 Thread 0x000002b5abc15800 Exception <a 'sun/nio/fs/WindowsException'{0x000000008c066400}> (0x000000008c066400) thrown at [./src/hotspot/share/prims/jni.cpp, line 615]
Event: 109.903 Thread 0x000002b5abc15800 Exception <a 'sun/nio/fs/WindowsException'{0x000000008c07b308}> (0x000000008c07b308) thrown at [./src/hotspot/share/prims/jni.cpp, line 615]
Event: 109.903 Thread 0x000002b5abc15800 Exception <a 'sun/nio/fs/WindowsException'{0x000000008c07d000}> (0x000000008c07d000) thrown at [./src/hotspot/share/prims/jni.cpp, line 615]
Event: 109.904 Thread 0x000002b5abc15800 Exception <a 'sun/nio/fs/WindowsException'{0x000000008c07eef0}> (0x000000008c07eef0) thrown at [./src/hotspot/share/prims/jni.cpp, line 615]
Event: 109.931 Thread 0x000002b5abc15800 Exception <a 'sun/nio/fs/WindowsException'{0x000000008c0d6fa0}> (0x000000008c0d6fa0) thrown at [./src/hotspot/share/prims/jni.cpp, line 615]
Event: 109.947 Thread 0x000002b5abc15800 Exception <a 'sun/nio/fs/WindowsException'{0x000000008bf9a3a0}> (0x000000008bf9a3a0) thrown at [./src/hotspot/share/prims/jni.cpp, line 615]

Events (20 events):
Event: 109.681 loading class com/android/aapt/Resources$FileReference$Type$1 done
Event: 109.681 loading class android/aapt/pb/internal/ResourcesInternal$CompiledFile$Symbol$1
Event: 109.681 loading class android/aapt/pb/internal/ResourcesInternal$CompiledFile$Symbol$1 done
Event: 109.681 loading class android/aapt/pb/internal/ResourcesInternal$CompiledFile$Symbol$Builder
Event: 109.681 loading class android/aapt/pb/internal/ResourcesInternal$CompiledFile$Symbol$Builder done
Event: 109.682 loading class com/android/aaptcompiler/ResourceCompiler$getCompileMethod$4
Event: 109.682 loading class com/android/aaptcompiler/ResourceCompiler$getCompileMethod$4 done
Event: 109.683 loading class kotlin/io/ByteStreamsKt
Event: 109.683 loading class kotlin/io/ByteStreamsKt done
Event: 109.683 loading class kotlin/io/ByteStreamsKt
Event: 109.683 loading class kotlin/io/ByteStreamsKt done
Event: 109.730 loading class com/android/aaptcompiler/XmlProcessorKt
Event: 109.730 loading class com/android/aaptcompiler/XmlProcessorKt done
Event: 109.747 Executing VM operation: RevokeBias
Event: 109.747 Executing VM operation: RevokeBias done
Event: 109.748 loading class com/android/ide/common/resources/CopyToOutputDirectoryResourceCompilationService
Event: 109.748 loading class com/android/ide/common/resources/CopyToOutputDirectoryResourceCompilationService done
Event: 109.749 loading class android/databinding/tool/LayoutXmlProcessor$OriginalFileLookup
Event: 109.749 loading class android/databinding/tool/LayoutXmlProcessor$OriginalFileLookup done
Event: 109.950 Executing VM operation: G1CollectForAllocation


Dynamic libraries:
0x00007ff7e8600000 - 0x00007ff7e860a000 	C:\Program Files\Android\Android Studio\jre\bin\java.exe
0x00007ffeed450000 - 0x00007ffeed647000 	C:\WINDOWS\SYSTEM32\ntdll.dll
0x00007ffeecbf0000 - 0x00007ffeeccad000 	C:\WINDOWS\System32\KERNEL32.DLL
0x00007ffeead10000 - 0x00007ffeeafdd000 	C:\WINDOWS\System32\KERNELBASE.dll
0x00007ffeeab70000 - 0x00007ffeeac70000 	C:\WINDOWS\System32\ucrtbase.dll
0x00007ffee6350000 - 0x00007ffee6369000 	C:\Program Files\Android\Android Studio\jre\bin\jli.dll
0x00007ffeec300000 - 0x00007ffeec4a0000 	C:\WINDOWS\System32\USER32.dll
0x00007ffeeac70000 - 0x00007ffeeac92000 	C:\WINDOWS\System32\win32u.dll
0x00007ffee2ad0000 - 0x00007ffee2ae7000 	C:\Program Files\Android\Android Studio\jre\bin\VCRUNTIME140.dll
0x00007ffed6f30000 - 0x00007ffed71ca000 	C:\WINDOWS\WinSxS\amd64_microsoft.windows.common-controls_6595b64144ccf1df_6.0.19041.1110_none_60b5254171f9507e\COMCTL32.dll
0x00007ffeece30000 - 0x00007ffeece5a000 	C:\WINDOWS\System32\GDI32.dll
0x00007ffeebeb0000 - 0x00007ffeebf4e000 	C:\WINDOWS\System32\msvcrt.dll
0x00007ffeeb110000 - 0x00007ffeeb21b000 	C:\WINDOWS\System32\gdi32full.dll
0x00007ffeeafe0000 - 0x00007ffeeb07d000 	C:\WINDOWS\System32\msvcp_win.dll
0x00007ffeebf50000 - 0x00007ffeebf80000 	C:\WINDOWS\System32\IMM32.DLL
0x00007ffecc100000 - 0x00007ffecc19d000 	C:\Program Files\Android\Android Studio\jre\bin\msvcp140.dll
0x00007ffea2230000 - 0x00007ffea2d05000 	C:\Program Files\Android\Android Studio\jre\bin\server\jvm.dll
0x00007ffeeb590000 - 0x00007ffeeb63e000 	C:\WINDOWS\System32\ADVAPI32.dll
0x00007ffeec200000 - 0x00007ffeec29c000 	C:\WINDOWS\System32\sechost.dll
0x00007ffeeb640000 - 0x00007ffeeb765000 	C:\WINDOWS\System32\RPCRT4.dll
0x00007ffeece60000 - 0x00007ffeece68000 	C:\WINDOWS\System32\PSAPI.DLL
0x00007ffee6520000 - 0x00007ffee6529000 	C:\WINDOWS\SYSTEM32\WSOCK32.dll
0x00007ffee3e90000 - 0x00007ffee3eb7000 	C:\WINDOWS\SYSTEM32\WINMM.dll
0x00007ffee4c40000 - 0x00007ffee4c4a000 	C:\WINDOWS\SYSTEM32\VERSION.dll
0x00007ffeec190000 - 0x00007ffeec1fb000 	C:\WINDOWS\System32\WS2_32.dll
0x00007ffee9420000 - 0x00007ffee9432000 	C:\WINDOWS\SYSTEM32\kernel.appcore.dll
0x00007ffedadf0000 - 0x00007ffedae01000 	C:\Program Files\Android\Android Studio\jre\bin\verify.dll
0x00007ffed3c10000 - 0x00007ffed3df4000 	C:\WINDOWS\SYSTEM32\DBGHELP.DLL
0x00007ffed3be0000 - 0x00007ffed3c0c000 	C:\WINDOWS\SYSTEM32\dbgcore.DLL
0x00007ffeeb080000 - 0x00007ffeeb102000 	C:\WINDOWS\System32\bcryptPrimitives.dll
0x00007ffed2df0000 - 0x00007ffed2e19000 	C:\Program Files\Android\Android Studio\jre\bin\java.dll
0x00007ffee1b60000 - 0x00007ffee1b6b000 	C:\Program Files\Android\Android Studio\jre\bin\jimage.dll
0x00007ffedadd0000 - 0x00007ffedade8000 	C:\Program Files\Android\Android Studio\jre\bin\zip.dll
0x00007ffeec4a0000 - 0x00007ffeecbe4000 	C:\WINDOWS\System32\SHELL32.dll
0x00007ffee8c70000 - 0x00007ffee9404000 	C:\WINDOWS\SYSTEM32\windows.storage.dll
0x00007ffeebaa0000 - 0x00007ffeebdf4000 	C:\WINDOWS\System32\combase.dll
0x00007ffeea500000 - 0x00007ffeea52c000 	C:\WINDOWS\SYSTEM32\Wldp.dll
0x00007ffeeb770000 - 0x00007ffeeb81d000 	C:\WINDOWS\System32\SHCORE.dll
0x00007ffeeb940000 - 0x00007ffeeb995000 	C:\WINDOWS\System32\shlwapi.dll
0x00007ffeeaab0000 - 0x00007ffeeaacf000 	C:\WINDOWS\SYSTEM32\profapi.dll
0x00007ffed9e30000 - 0x00007ffed9e4a000 	C:\Program Files\Android\Android Studio\jre\bin\net.dll
0x00007ffedac80000 - 0x00007ffedad8a000 	C:\WINDOWS\SYSTEM32\WINHTTP.dll
0x00007ffeea260000 - 0x00007ffeea2ca000 	C:\WINDOWS\system32\mswsock.dll
0x00007ffed9da0000 - 0x00007ffed9db4000 	C:\Program Files\Android\Android Studio\jre\bin\nio.dll
0x00007ffee2af0000 - 0x00007ffee2b17000 	C:\Users\Vik\.gradle\native\e1d6ef7f7dcc3fd88c89a11ec53ec762bb8ba0a96d01ffa2cd45eb1d1d8dd5c5\windows-amd64\native-platform.dll
0x00007ffecbfb0000 - 0x00007ffecc0f4000 	C:\Users\Vik\.gradle\native\5664cfc778a61ccfe75a443a1ab52a65af34e5dc3c78e0209fed803814484fcb\windows-amd64\native-platform-file-events.dll
0x00007ffedb600000 - 0x00007ffedb60a000 	C:\Program Files\Android\Android Studio\jre\bin\management.dll
0x00007ffeda9c0000 - 0x00007ffeda9cd000 	C:\Program Files\Android\Android Studio\jre\bin\management_ext.dll
0x00007ffeea460000 - 0x00007ffeea478000 	C:\WINDOWS\SYSTEM32\CRYPTSP.dll
0x00007ffee9be0000 - 0x00007ffee9c14000 	C:\WINDOWS\system32\rsaenh.dll
0x00007ffeeb220000 - 0x00007ffeeb247000 	C:\WINDOWS\System32\bcrypt.dll
0x00007ffeeaa70000 - 0x00007ffeeaa9e000 	C:\WINDOWS\SYSTEM32\USERENV.dll
0x00007ffeea450000 - 0x00007ffeea45c000 	C:\WINDOWS\SYSTEM32\CRYPTBASE.dll
0x00007ffee9f50000 - 0x00007ffee9f8b000 	C:\WINDOWS\SYSTEM32\IPHLPAPI.DLL
0x00007ffeeb9b0000 - 0x00007ffeeb9b8000 	C:\WINDOWS\System32\NSI.dll
0x00007ffee3ef0000 - 0x00007ffee3f07000 	C:\WINDOWS\SYSTEM32\dhcpcsvc6.DLL
0x00007ffee4ae0000 - 0x00007ffee4afd000 	C:\WINDOWS\SYSTEM32\dhcpcsvc.DLL
0x00007ffee9f90000 - 0x00007ffeea05b000 	C:\WINDOWS\SYSTEM32\DNSAPI.dll
0x00007ffecc1a0000 - 0x00007ffecc1c7000 	C:\Program Files\Android\Android Studio\jre\bin\sunec.dll
0x00007ffedbe70000 - 0x00007ffedbe7a000 	C:\Windows\System32\rasadhlp.dll
0x00007ffed8ce0000 - 0x00007ffed8d60000 	C:\WINDOWS\System32\fwpuclnt.dll
0x00007ffee9870000 - 0x00007ffee98a3000 	C:\WINDOWS\SYSTEM32\ntmarta.dll

dbghelp: loaded successfully - version: 4.0.5 - missing functions: none
symbol engine: initialized successfully - sym options: 0x614 - pdb path: .;C:\Program Files\Android\Android Studio\jre\bin;C:\WINDOWS\SYSTEM32;C:\WINDOWS\WinSxS\amd64_microsoft.windows.common-controls_6595b64144ccf1df_6.0.19041.1110_none_60b5254171f9507e;C:\Program Files\Android\Android Studio\jre\bin\server;C:\Users\Vik\.gradle\native\e1d6ef7f7dcc3fd88c89a11ec53ec762bb8ba0a96d01ffa2cd45eb1d1d8dd5c5\windows-amd64;C:\Users\Vik\.gradle\native\5664cfc778a61ccfe75a443a1ab52a65af34e5dc3c78e0209fed803814484fcb\windows-amd64

VM Arguments:
jvm_args: --add-opens=java.base/java.util=ALL-UNNAMED --add-opens=java.base/java.lang=ALL-UNNAMED --add-opens=java.base/java.lang.invoke=ALL-UNNAMED --add-opens=java.base/java.util=ALL-UNNAMED --add-opens=java.prefs/java.util.prefs=ALL-UNNAMED --add-opens=java.prefs/java.util.prefs=ALL-UNNAMED --add-opens=java.base/java.nio.charset=ALL-UNNAMED --add-opens=java.base/java.net=ALL-UNNAMED --add-opens=java.base/java.util.concurrent.atomic=ALL-UNNAMED -Xmx2048m -Dfile.encoding=UTF-8 -Duser.country=RU -Duser.language=ru -Duser.variant 
java_command: org.gradle.launcher.daemon.bootstrap.GradleDaemon 7.2
java_class_path (initial): C:\Users\Vik\.gradle\wrapper\dists\gradle-7.2-bin\2dnblmf4td7x66yl1d74lt32g\gradle-7.2\lib\gradle-launcher-7.2.jar
Launcher Type: SUN_STANDARD

[Global flags]
     intx CICompilerCount                          = 3                                         {product} {ergonomic}
     uint ConcGCThreads                            = 1                                         {product} {ergonomic}
     uint G1ConcRefinementThreads                  = 4                                         {product} {ergonomic}
   size_t G1HeapRegionSize                         = 1048576                                   {product} {ergonomic}
    uintx GCDrainStackTargetSize                   = 64                                        {product} {ergonomic}
   size_t InitialHeapSize                          = 134217728                                 {product} {ergonomic}
   size_t MarkStackSize                            = 4194304                                   {product} {ergonomic}
   size_t MaxHeapSize                              = 2147483648                                {product} {command line}
   size_t MaxNewSize                               = 1287651328                                {product} {ergonomic}
   size_t MinHeapDeltaBytes                        = 1048576                                   {product} {ergonomic}
    uintx NonNMethodCodeHeapSize                   = 5830732                                {pd product} {ergonomic}
    uintx NonProfiledCodeHeapSize                  = 122913754                              {pd product} {ergonomic}
    uintx ProfiledCodeHeapSize                     = 122913754                              {pd product} {ergonomic}
    uintx ReservedCodeCacheSize                    = 251658240                              {pd product} {ergonomic}
     bool SegmentedCodeCache                       = true                                      {product} {ergonomic}
     bool UseCompressedClassPointers               = true                                 {lp64_product} {ergonomic}
     bool UseCompressedOops                        = true                                 {lp64_product} {ergonomic}
     bool UseG1GC                                  = true                                      {product} {ergonomic}
     bool UseLargePagesIndividualAllocation        = false                                  {pd product} {ergonomic}

Logging:
Log output configuration:
 #0: stdout all=warning uptime,level,tags
 #1: stderr all=off uptime,level,tags

Environment Variables:
JAVA_HOME=c:\Program Files\Java\jdk-16.0.2
PATH=C:\Program Files\Common Files\Oracle\Java\javapath;C:\Program Files (x86)\Common Files\Oracle\Java\javapath;C:\ProgramData\Oracle\Java\javapath;C:\Windows\system32;C:\Windows;C:\Windows\System32\Wbem;C:\Windows\System32\WindowsPowerShell\v1.0\;C:\Program Files\Java\jdk-16.0.2\bin\;C:\WINDOWS\system32;C:\WINDOWS;C:\WINDOWS\System32\Wbem;C:\WINDOWS\System32\WindowsPowerShell\v1.0\;C:\WINDOWS\System32\OpenSSH\;C:\Program Files\dotnet\;C:\Program Files\Git\cmd;C:\Program Files (x86)\NVIDIA Corporation\PhysX\Common;C:\Users\Vik\AppData\Local\Microsoft\WindowsApps;C:\Program Files\JetBrains\IntelliJ IDEA Community Edition 2021.3\bin;C:\Users\Vik\AppData\Local\GitHubDesktop\bin;C:\Users\Vik\AppData\Local\gitkraken\bin
USERNAME=Vik
OS=Windows_NT
PROCESSOR_IDENTIFIER=Intel64 Family 6 Model 60 Stepping 3, GenuineIntel



---------------  S Y S T E M  ---------------

OS: Windows 10 , 64 bit Build 19041 (10.0.19041.1741)
OS uptime: 1 days 19:56 hours

CPU:total 4 (initial active 4) (4 cores per cpu, 1 threads per core) family 6 model 60 stepping 3 microcode 0x27, cmov, cx8, fxsr, mmx, sse, sse2, sse3, ssse3, sse4.1, sse4.2, popcnt, avx, avx2, aes, clmul, erms, lzcnt, tsc, tscinvbit, bmi1, bmi2, fma

Memory: 4k page, system-wide physical 8128M (620M free)
TotalPageFile size 10528M (AvailPageFile size 9M)
current process WorkingSet (physical memory assigned to process): 586M, peak: 589M
current process commit charge ("private bytes"): 612M, peak: 657M

vm_info: OpenJDK 64-Bit Server VM (11.0.11+9-b60-7590822) for windows-amd64 JRE (11.0.11+9-b60-7590822), built on Jul 29 2021 21:43:44 by "builder" with MS VC++ 14.0 (VS2015)

END.
