#
# There is insufficient memory for the Java Runtime Environment to continue.
# Native memory allocation (mmap) failed to map 55574528 bytes for Failed to commit area from 0x000000008de00000 to 0x0000000091300000 of length 55574528.
# Possible reasons:
#   The system is out of physical RAM or swap space
#   The process is running with CompressedOops enabled, and the Java Heap may be blocking the growth of the native heap
# Possible solutions:
#   Reduce memory load on the system
#   Increase physical memory or swap space
#   Check if swap backing store is full
#   Decrease Java heap size (-Xmx/-Xms)
#   Decrease number of Java threads
#   Decrease Java thread stack sizes (-Xss)
#   Set larger code cache with -XX:ReservedCodeCacheSize=
#   JVM is running with Unscaled Compressed Oops mode in which the Java heap is
#     placed in the first 4GB address space. The Java Heap base address is the
#     maximum limit for the native heap growth. Please use -XX:HeapBaseMinAddress
#     to set the Java Heap base and to place the Java Heap above 4GB virtual address.
# This output file may be truncated or incomplete.
#
#  Out of Memory Error (./src/hotspot/os/windows/os_windows.cpp:3301), pid=8956, tid=1076
#
# JRE version: OpenJDK Runtime Environment (11.0.11+9) (build 11.0.11+9-b60-7590822)
# Java VM: OpenJDK 64-Bit Server VM (11.0.11+9-b60-7590822, mixed mode, tiered, compressed oops, g1 gc, windows-amd64)
# No core dump will be written. Minidumps are not enabled by default on client versions of Windows
#

---------------  S U M M A R Y ------------

Command Line: --add-opens=java.base/java.util=ALL-UNNAMED --add-opens=java.base/java.lang=ALL-UNNAMED --add-opens=java.base/java.lang.invoke=ALL-UNNAMED --add-opens=java.base/java.util=ALL-UNNAMED --add-opens=java.prefs/java.util.prefs=ALL-UNNAMED --add-opens=java.prefs/java.util.prefs=ALL-UNNAMED --add-opens=java.base/java.nio.charset=ALL-UNNAMED --add-opens=java.base/java.net=ALL-UNNAMED --add-opens=java.base/java.util.concurrent.atomic=ALL-UNNAMED -Xmx2048m -Dfile.encoding=UTF-8 -Duser.country=RU -Duser.language=ru -Duser.variant org.gradle.launcher.daemon.bootstrap.GradleDaemon 7.2

Host: Intel(R) Core(TM) i5-4690 CPU @ 3.50GHz, 4 cores, 7G,  Windows 10 , 64 bit Build 19041 (10.0.19041.1741)
Time: Sun Jun 26 13:33:42 2022 Финляндия (лето) elapsed time: 7028.519013 seconds (0d 1h 57m 8s)

---------------  T H R E A D  ---------------

Current thread (0x000001aeff349800):  VMThread "VM Thread" [stack: 0x0000009f33f00000,0x0000009f34000000] [id=1076]

Stack: [0x0000009f33f00000,0x0000009f34000000]
[error occurred during error reporting (printing stack bounds), id 0xc0000005, EXCEPTION_ACCESS_VIOLATION (0xc0000005) at pc=0x000001aeecc20f2d]

Native frames: (J=compiled Java code, j=interpreted, Vv=VM code, C=native code)
V  [jvm.dll+0x5f214a]
V  [jvm.dll+0x726fb5]
V  [jvm.dll+0x7285cd]
V  [jvm.dll+0x728be5]
V  [jvm.dll+0x728b9b]
V  [jvm.dll+0x5f14e8]
V  [jvm.dll+0x5f1c78]
C  [ntdll.dll+0xa209f]
C  [ntdll.dll+0x51454]
C  [ntdll.dll+0xa0bce]
C  0x000001aeecc20f2d

VM_Operation (0x0000009f35cfddb0): G1CollectForAllocation, mode: safepoint, requested by thread 0x000001ae866a6000


---------------  P R O C E S S  ---------------

Threads class SMR info:
_java_thread_list=0x000001ae8ffb3080, length=94, elements={
0x000001aee911f000, 0x000001aeff351000, 0x000001aeff35a000, 0x000001aeff36f000,
0x000001aeff370000, 0x000001aeff371000, 0x000001aeff37f000, 0x000001aeff38c000,
0x000001aeff38f000, 0x000001ae84198800, 0x000001ae856a7000, 0x000001ae868ed800,
0x000001ae85c3e000, 0x000001ae866a2800, 0x000001ae866a3800, 0x000001ae866a4000,
0x000001ae866a6000, 0x000001ae866a5000, 0x000001ae866f6000, 0x000001ae866fa000,
0x000001ae866f7800, 0x000001ae866f9800, 0x000001ae866f7000, 0x000001ae8afae800,
0x000001ae8afad000, 0x000001ae8afaa800, 0x000001ae8d265800, 0x000001ae8d260800,
0x000001ae8d26a000, 0x000001ae8c870000, 0x000001ae8d145000, 0x000001ae8afa5000,
0x000001ae8afa3000, 0x000001ae8afa5800, 0x000001ae8afa0000, 0x000001ae8afa6800,
0x000001ae8afa2800, 0x000001ae8afa4000, 0x000001ae8afa0800, 0x000001ae8afa7800,
0x000001ae8afa1800, 0x000001ae8afac000, 0x000001ae8afae000, 0x000001ae8afa8000,
0x000001ae8afa9800, 0x000001ae8d142800, 0x000001ae8d144000, 0x000001ae8d13f000,
0x000001ae8d143000, 0x000001ae8d13e000, 0x000001ae8d145800, 0x000001ae8d140000,
0x000001ae8d146800, 0x000001ae8d140800, 0x000001ae8d147000, 0x000001ae8d141800,
0x000001ae8d14a800, 0x000001ae8d14b800, 0x000001ae8d149000, 0x000001ae8d14c000,
0x000001ae8d14d000, 0x000001ae8d148000, 0x000001ae8d149800, 0x000001ae8c86b000,
0x000001ae8c86f000, 0x000001ae8c86c800, 0x000001ae8c86a800, 0x000001ae8c86c000,
0x000001ae8c871000, 0x000001ae8c871800, 0x000001ae8c872800, 0x000001ae8c873800,
0x000001ae8c86d800, 0x000001ae8c878000, 0x000001ae8c875800, 0x000001ae8c879000,
0x000001ae8c874000, 0x000001ae8c876800, 0x000001ae8c877800, 0x000001ae8d263000,
0x000001ae8d262000, 0x000001ae8d261000, 0x000001ae8d25f800, 0x000001ae8d263800,
0x000001ae8d25e000, 0x000001ae8d25f000, 0x000001ae8d26c000, 0x000001ae8d26c800,
0x000001ae8d26b000, 0x000001ae8d268000, 0x000001ae8d268800, 0x000001ae8d269800,
0x000001ae8cabd000, 0x000001ae8d266000
}

Java Threads: ( => current thread )
  0x000001aee911f000 JavaThread "main" [_thread_blocked, id=1512, stack(0x0000009f33900000,0x0000009f33a00000)]
  0x000001aeff351000 JavaThread "Reference Handler" daemon [_thread_blocked, id=9104, stack(0x0000009f34000000,0x0000009f34100000)]
  0x000001aeff35a000 JavaThread "Finalizer" daemon [_thread_blocked, id=7532, stack(0x0000009f34100000,0x0000009f34200000)]
  0x000001aeff36f000 JavaThread "Signal Dispatcher" daemon [_thread_blocked, id=2168, stack(0x0000009f34200000,0x0000009f34300000)]
  0x000001aeff370000 JavaThread "Attach Listener" daemon [_thread_blocked, id=656, stack(0x0000009f34300000,0x0000009f34400000)]
  0x000001aeff371000 JavaThread "Service Thread" daemon [_thread_blocked, id=2932, stack(0x0000009f34400000,0x0000009f34500000)]
  0x000001aeff37f000 JavaThread "C2 CompilerThread0" daemon [_thread_in_native, id=864, stack(0x0000009f34500000,0x0000009f34600000)]
  0x000001aeff38c000 JavaThread "C1 CompilerThread0" daemon [_thread_blocked, id=9320, stack(0x0000009f34600000,0x0000009f34700000)]
  0x000001aeff38f000 JavaThread "Sweeper thread" daemon [_thread_blocked, id=3604, stack(0x0000009f34700000,0x0000009f34800000)]
  0x000001ae84198800 JavaThread "Common-Cleaner" daemon [_thread_blocked, id=3280, stack(0x0000009f34800000,0x0000009f34900000)]
  0x000001ae856a7000 JavaThread "Daemon health stats" [_thread_blocked, id=3328, stack(0x0000009f34d00000,0x0000009f34e00000)]
  0x000001ae868ed800 JavaThread "Incoming local TCP Connector on port 64501" [_thread_in_native, id=3480, stack(0x0000009f34e00000,0x0000009f34f00000)]
  0x000001ae85c3e000 JavaThread "Daemon periodic checks" [_thread_blocked, id=1548, stack(0x0000009f34f00000,0x0000009f35000000)]
  0x000001ae866a2800 JavaThread "Cache worker for journal cache (C:\Users\Vik\.gradle\caches\journal-1)" [_thread_blocked, id=10108, stack(0x0000009f35800000,0x0000009f35900000)]
  0x000001ae866a3800 JavaThread "File lock request listener" [_thread_in_native, id=8948, stack(0x0000009f35900000,0x0000009f35a00000)]
  0x000001ae866a4000 JavaThread "Cache worker for file hash cache (C:\Users\Vik\.gradle\caches\7.2\fileHashes)" [_thread_blocked, id=1968, stack(0x0000009f35a00000,0x0000009f35b00000)]
  0x000001ae866a6000 JavaThread "File watcher server" daemon [_thread_blocked, id=9976, stack(0x0000009f35c00000,0x0000009f35d00000)]
  0x000001ae866a5000 JavaThread "File watcher consumer" daemon [_thread_blocked, id=5872, stack(0x0000009f35d00000,0x0000009f35e00000)]
  0x000001ae866f6000 JavaThread "Cache worker for execution history cache (C:\Users\Vik\.gradle\caches\7.2\executionHistory)" [_thread_blocked, id=8952, stack(0x0000009f36000000,0x0000009f36100000)]
  0x000001ae866fa000 JavaThread "jar transforms" [_thread_blocked, id=7788, stack(0x0000009f36200000,0x0000009f36300000)]
  0x000001ae866f7800 JavaThread "Cache worker for file content cache (C:\Users\Vik\.gradle\caches\7.2\fileContent)" [_thread_blocked, id=5192, stack(0x0000009f36300000,0x0000009f36400000)]
  0x000001ae866f9800 JavaThread "jar transforms Thread 2" [_thread_blocked, id=9908, stack(0x0000009f36400000,0x0000009f36500000)]
  0x000001ae866f7000 JavaThread "jar transforms Thread 3" [_thread_blocked, id=1072, stack(0x0000009f36600000,0x0000009f36700000)]
  0x000001ae8afae800 JavaThread "jar transforms Thread 4" [_thread_blocked, id=3576, stack(0x0000009f39000000,0x0000009f39100000)]
  0x000001ae8afad000 JavaThread "Memory manager" [_thread_blocked, id=2004, stack(0x0000009f39100000,0x0000009f39200000)]
  0x000001ae8afaa800 JavaThread "pool-3-thread-1" [_thread_blocked, id=9628, stack(0x0000009f39300000,0x0000009f39400000)]
  0x000001ae8d265800 JavaThread "RMI Scheduler(0)" daemon [_thread_blocked, id=10800, stack(0x0000009f39a00000,0x0000009f39b00000)]
  0x000001ae8d260800 JavaThread "RMI TCP Accept-0" daemon [_thread_in_native, id=10820, stack(0x0000009f39e00000,0x0000009f39f00000)]
  0x000001ae8d26a000 JavaThread "ForkJoinPool.commonPool-worker-7" daemon [_thread_blocked, id=10916, stack(0x0000009f3a600000,0x0000009f3a700000)]
  0x000001ae8c870000 JavaThread "pool-7-thread-1" [_thread_blocked, id=2852, stack(0x0000009f38d00000,0x0000009f38e00000)]
  0x000001ae8d145000 JavaThread "pool-10-thread-1" [_thread_blocked, id=7076, stack(0x0000009f39200000,0x0000009f39300000)]
  0x000001ae8afa5000 JavaThread "pool-14-thread-1" [_thread_blocked, id=6396, stack(0x0000009f38e00000,0x0000009f38f00000)]
  0x000001ae8afa3000 JavaThread "Daemon Thread 6" [_thread_blocked, id=11084, stack(0x0000009f33600000,0x0000009f33700000)]
  0x000001ae8afa5800 JavaThread "Handler for socket connection from /127.0.0.1:64501 to /127.0.0.1:56722" [_thread_in_native, id=9132, stack(0x0000009f33700000,0x0000009f33800000)]
  0x000001ae8afa0000 JavaThread "Cancel handler" [_thread_blocked, id=11052, stack(0x0000009f33800000,0x0000009f33900000)]
  0x000001ae8afa6800 JavaThread "Daemon worker Thread 6" [_thread_blocked, id=208, stack(0x0000009f34a00000,0x0000009f34b00000)]
  0x000001ae8afa2800 JavaThread "Asynchronous log dispatcher for DefaultDaemonConnection: socket connection from /127.0.0.1:64501 to /127.0.0.1:56722" [_thread_blocked, id=6500, stack(0x0000009f35000000,0x0000009f35100000)]
  0x000001ae8afa4000 JavaThread "Stdin handler" [_thread_blocked, id=7436, stack(0x0000009f35100000,0x0000009f35200000)]
  0x000001ae8afa0800 JavaThread "Daemon client event forwarder" [_thread_blocked, id=11508, stack(0x0000009f35200000,0x0000009f35300000)]
  0x000001ae8afa7800 JavaThread "Cache worker for file hash cache (D:\AndroidStudioProjects\KotlinLesson\m_2090_3\.gradle\7.2\fileHashes)" [_thread_blocked, id=11640, stack(0x0000009f35300000,0x0000009f35400000)]
  0x000001ae8afa1800 JavaThread "Cache worker for checksums cache (D:\AndroidStudioProjects\KotlinLesson\m_2090_3\.gradle\checksums)" [_thread_blocked, id=4596, stack(0x0000009f35400000,0x0000009f35500000)]
  0x000001ae8afac000 JavaThread "Cache worker for cache directory md-supplier (C:\Users\Vik\.gradle\caches\7.2\md-supplier)" [_thread_blocked, id=4952, stack(0x0000009f35500000,0x0000009f35600000)]
  0x000001ae8afae000 JavaThread "Cache worker for cache directory md-rule (C:\Users\Vik\.gradle\caches\7.2\md-rule)" [_thread_blocked, id=11964, stack(0x0000009f35600000,0x0000009f35700000)]
  0x000001ae8afa8000 JavaThread "Cache worker for dependencies-accessors (D:\AndroidStudioProjects\KotlinLesson\m_2090_3\.gradle\7.2\dependencies-accessors)" [_thread_blocked, id=11188, stack(0x0000009f35b00000,0x0000009f35c00000)]
  0x000001ae8afa9800 JavaThread "Cache worker for Build Output Cleanup Cache (D:\AndroidStudioProjects\KotlinLesson\m_2090_3\.gradle\buildOutputCleanup)" [_thread_blocked, id=7688, stack(0x0000009f35e00000,0x0000009f35f00000)]
  0x000001ae8d142800 JavaThread "Unconstrained build operations" [_thread_blocked, id=11212, stack(0x0000009f36100000,0x0000009f36200000)]
  0x000001ae8d144000 JavaThread "Unconstrained build operations Thread 2" [_thread_blocked, id=10236, stack(0x0000009f36500000,0x0000009f36600000)]
  0x000001ae8d13f000 JavaThread "Unconstrained build operations Thread 3" [_thread_blocked, id=1120, stack(0x0000009f36700000,0x0000009f36800000)]
  0x000001ae8d143000 JavaThread "Unconstrained build operations Thread 4" [_thread_blocked, id=8276, stack(0x0000009f36800000,0x0000009f36900000)]
  0x000001ae8d13e000 JavaThread "Unconstrained build operations Thread 5" [_thread_blocked, id=5696, stack(0x0000009f36900000,0x0000009f36a00000)]
  0x000001ae8d145800 JavaThread "Unconstrained build operations Thread 6" [_thread_blocked, id=3704, stack(0x0000009f36a00000,0x0000009f36b00000)]
  0x000001ae8d140000 JavaThread "Unconstrained build operations Thread 7" [_thread_blocked, id=2368, stack(0x0000009f36b00000,0x0000009f36c00000)]
  0x000001ae8d146800 JavaThread "Unconstrained build operations Thread 8" [_thread_blocked, id=4080, stack(0x0000009f36c00000,0x0000009f36d00000)]
  0x000001ae8d140800 JavaThread "Unconstrained build operations Thread 9" [_thread_blocked, id=7228, stack(0x0000009f36d00000,0x0000009f36e00000)]
  0x000001ae8d147000 JavaThread "Unconstrained build operations Thread 10" [_thread_blocked, id=5820, stack(0x0000009f36e00000,0x0000009f36f00000)]
  0x000001ae8d141800 JavaThread "Unconstrained build operations Thread 11" [_thread_blocked, id=3784, stack(0x0000009f36f00000,0x0000009f37000000)]
  0x000001ae8d14a800 JavaThread "Unconstrained build operations Thread 12" [_thread_blocked, id=11772, stack(0x0000009f37000000,0x0000009f37100000)]
  0x000001ae8d14b800 JavaThread "Unconstrained build operations Thread 13" [_thread_blocked, id=10272, stack(0x0000009f37100000,0x0000009f37200000)]
  0x000001ae8d149000 JavaThread "Unconstrained build operations Thread 14" [_thread_blocked, id=12056, stack(0x0000009f37200000,0x0000009f37300000)]
  0x000001ae8d14c000 JavaThread "Unconstrained build operations Thread 15" [_thread_blocked, id=7648, stack(0x0000009f37300000,0x0000009f37400000)]
  0x000001ae8d14d000 JavaThread "Unconstrained build operations Thread 16" [_thread_blocked, id=9304, stack(0x0000009f37400000,0x0000009f37500000)]
  0x000001ae8d148000 JavaThread "Unconstrained build operations Thread 17" [_thread_blocked, id=6228, stack(0x0000009f37500000,0x0000009f37600000)]
  0x000001ae8d149800 JavaThread "Unconstrained build operations Thread 18" [_thread_blocked, id=7740, stack(0x0000009f37600000,0x0000009f37700000)]
  0x000001ae8c86b000 JavaThread "Unconstrained build operations Thread 19" [_thread_blocked, id=11548, stack(0x0000009f37700000,0x0000009f37800000)]
  0x000001ae8c86f000 JavaThread "Unconstrained build operations Thread 20" [_thread_blocked, id=10160, stack(0x0000009f37800000,0x0000009f37900000)]
  0x000001ae8c86c800 JavaThread "Unconstrained build operations Thread 21" [_thread_blocked, id=9964, stack(0x0000009f37900000,0x0000009f37a00000)]
  0x000001ae8c86a800 JavaThread "Unconstrained build operations Thread 22" [_thread_blocked, id=9272, stack(0x0000009f37a00000,0x0000009f37b00000)]
  0x000001ae8c86c000 JavaThread "Unconstrained build operations Thread 23" [_thread_blocked, id=8364, stack(0x0000009f37b00000,0x0000009f37c00000)]
  0x000001ae8c871000 JavaThread "Unconstrained build operations Thread 24" [_thread_blocked, id=3360, stack(0x0000009f37c00000,0x0000009f37d00000)]
  0x000001ae8c871800 JavaThread "Unconstrained build operations Thread 25" [_thread_blocked, id=512, stack(0x0000009f37d00000,0x0000009f37e00000)]
  0x000001ae8c872800 JavaThread "Unconstrained build operations Thread 26" [_thread_blocked, id=9348, stack(0x0000009f37e00000,0x0000009f37f00000)]
  0x000001ae8c873800 JavaThread "Unconstrained build operations Thread 27" [_thread_blocked, id=11824, stack(0x0000009f37f00000,0x0000009f38000000)]
  0x000001ae8c86d800 JavaThread "Unconstrained build operations Thread 28" [_thread_blocked, id=11812, stack(0x0000009f38000000,0x0000009f38100000)]
  0x000001ae8c878000 JavaThread "Unconstrained build operations Thread 29" [_thread_blocked, id=9100, stack(0x0000009f38100000,0x0000009f38200000)]
  0x000001ae8c875800 JavaThread "Unconstrained build operations Thread 30" [_thread_blocked, id=3852, stack(0x0000009f38200000,0x0000009f38300000)]
  0x000001ae8c879000 JavaThread "Unconstrained build operations Thread 31" [_thread_blocked, id=8268, stack(0x0000009f38300000,0x0000009f38400000)]
  0x000001ae8c874000 JavaThread "Unconstrained build operations Thread 32" [_thread_blocked, id=6684, stack(0x0000009f38400000,0x0000009f38500000)]
  0x000001ae8c876800 JavaThread "Unconstrained build operations Thread 33" [_thread_blocked, id=11504, stack(0x0000009f38500000,0x0000009f38600000)]
  0x000001ae8c877800 JavaThread "Unconstrained build operations Thread 34" [_thread_blocked, id=11572, stack(0x0000009f38600000,0x0000009f38700000)]
  0x000001ae8d263000 JavaThread "Unconstrained build operations Thread 35" [_thread_blocked, id=9328, stack(0x0000009f38700000,0x0000009f38800000)]
  0x000001ae8d262000 JavaThread "Unconstrained build operations Thread 36" [_thread_blocked, id=10952, stack(0x0000009f38800000,0x0000009f38900000)]
  0x000001ae8d261000 JavaThread "Unconstrained build operations Thread 37" [_thread_blocked, id=12180, stack(0x0000009f38900000,0x0000009f38a00000)]
  0x000001ae8d25f800 JavaThread "Unconstrained build operations Thread 38" [_thread_blocked, id=9156, stack(0x0000009f38a00000,0x0000009f38b00000)]
  0x000001ae8d263800 JavaThread "Unconstrained build operations Thread 39" [_thread_blocked, id=9812, stack(0x0000009f38b00000,0x0000009f38c00000)]
  0x000001ae8d25e000 JavaThread "Unconstrained build operations Thread 40" [_thread_blocked, id=5204, stack(0x0000009f38c00000,0x0000009f38d00000)]
  0x000001ae8d25f000 JavaThread "build event listener" [_thread_blocked, id=8348, stack(0x0000009f38f00000,0x0000009f39000000)]
  0x000001ae8d26c000 JavaThread "pool-17-thread-1" [_thread_blocked, id=6196, stack(0x0000009f39400000,0x0000009f39500000)]
  0x000001ae8d26c800 JavaThread "build event listener" [_thread_blocked, id=11712, stack(0x0000009f39500000,0x0000009f39600000)]
  0x000001ae8d26b000 JavaThread "Execution worker for ':'" [_thread_blocked, id=1196, stack(0x0000009f39600000,0x0000009f39700000)]
  0x000001ae8d268000 JavaThread "Execution worker for ':' Thread 2" [_thread_blocked, id=1612, stack(0x0000009f39700000,0x0000009f39800000)]
  0x000001ae8d268800 JavaThread "Execution worker for ':' Thread 3" [_thread_blocked, id=9948, stack(0x0000009f39800000,0x0000009f39900000)]
  0x000001ae8d269800 JavaThread "Cache worker for execution history cache (D:\AndroidStudioProjects\KotlinLesson\m_2090_3\.gradle\7.2\executionHistory)" [_thread_blocked, id=1488, stack(0x0000009f39900000,0x0000009f39a00000)]
  0x000001ae8cabd000 JavaThread "C2 CompilerThread1" daemon [_thread_blocked, id=4788, stack(0x0000009f35f00000,0x0000009f36000000)]
  0x000001ae8d266000 JavaThread "WorkerExecutor Queue" [_thread_blocked, id=1688, stack(0x0000009f39b00000,0x0000009f39c00000)]

Other Threads:
=>0x000001aeff349800 VMThread "VM Thread" [stack: 0x0000009f33f00000,0x0000009f34000000] [id=1076]
  0x000001ae84199000 WatcherThread [stack: 0x0000009f34900000,0x0000009f34a00000] [id=1008]
  0x000001aee9137000 GCTaskThread "GC Thread#0" [stack: 0x0000009f33a00000,0x0000009f33b00000] [id=1860]
  0x000001ae84baa000 GCTaskThread "GC Thread#1" [stack: 0x0000009f34b00000,0x0000009f34c00000] [id=5944]
  0x000001ae84789000 GCTaskThread "GC Thread#2" [stack: 0x0000009f34c00000,0x0000009f34d00000] [id=9008]
  0x000001ae85cb2000 GCTaskThread "GC Thread#3" [stack: 0x0000009f35700000,0x0000009f35800000] [id=3488]
  0x000001aee9168000 ConcurrentGCThread "G1 Main Marker" [stack: 0x0000009f33b00000,0x0000009f33c00000] [id=9636]
  0x000001aee9169800 ConcurrentGCThread "G1 Conc#0" [stack: 0x0000009f33c00000,0x0000009f33d00000] [id=6124]
  0x000001aee91fb000 ConcurrentGCThread "G1 Refine#0" [stack: 0x0000009f33d00000,0x0000009f33e00000] [id=1604]
  0x000001aee91fc000 ConcurrentGCThread "G1 Young RemSet Sampling" [stack: 0x0000009f33e00000,0x0000009f33f00000] [id=8420]

Threads with active compile tasks:
C2 CompilerThread07028540 21807       4       com.android.utils.XmlUtils::append (647 bytes)
C2 CompilerThread17028540 21893       4       org.apache.xerces.impl.XMLEntityManager::getPropertyDefault (36 bytes)

VM state:at safepoint (normal execution)

VM Mutex/Monitor currently owned by a thread:  ([mutex/lock_event])
[0x000001aee9119130] Threads_lock - owner thread: 0x000001aeff349800
[0x000001aee91197f0] Heap_lock - owner thread: 0x000001ae866a6000

Heap address: 0x0000000080000000, size: 2048 MB, Compressed Oops mode: 32-bit
Narrow klass base: 0x0000000000000000, Narrow klass shift: 3
Compressed class space size: 1073741824 Address: 0x0000000100000000

Heap:
 garbage-first heap   total 281600K, used 179954K [0x0000000080000000, 0x0000000100000000)
  region size 1024K, 2 young (2048K), 2 survivors (2048K)
 Metaspace       used 144512K, capacity 148734K, committed 150564K, reserved 1179648K
  class space    used 18354K, capacity 19888K, committed 20392K, reserved 1048576K
Heap Regions: E=young(eden), S=young(survivor), O=old, HS=humongous(starts), HC=humongous(continues), CS=collection set, F=free, A=archive, TAMS=top-at-mark-start (previous, next)
|   0|0x0000000080000000, 0x0000000080100000, 0x0000000080100000|100%| O|  |TAMS 0x0000000080100000, 0x0000000080000000| Untracked 
|   1|0x0000000080100000, 0x0000000080200000, 0x0000000080200000|100%| O|  |TAMS 0x0000000080200000, 0x0000000080100000| Complete 
|   2|0x0000000080200000, 0x0000000080300000, 0x0000000080300000|100%| O|  |TAMS 0x0000000080300000, 0x0000000080200000| Complete 
|   3|0x0000000080300000, 0x0000000080400000, 0x0000000080400000|100%|HS|  |TAMS 0x0000000080400000, 0x0000000080300000| Complete 
|   4|0x0000000080400000, 0x0000000080500000, 0x0000000080500000|100%|HC|  |TAMS 0x0000000080500000, 0x0000000080400000| Complete 
|   5|0x0000000080500000, 0x0000000080600000, 0x0000000080600000|100%|HC|  |TAMS 0x0000000080600000, 0x0000000080500000| Complete 
|   6|0x0000000080600000, 0x0000000080700000, 0x0000000080700000|100%| O|  |TAMS 0x0000000080700000, 0x0000000080600000| Complete 
|   7|0x0000000080700000, 0x0000000080800000, 0x0000000080800000|100%| O|  |TAMS 0x0000000080800000, 0x0000000080700000| Untracked 
|   8|0x0000000080800000, 0x0000000080900000, 0x0000000080900000|100%| O|  |TAMS 0x0000000080900000, 0x0000000080800000| Untracked 
|   9|0x0000000080900000, 0x0000000080a00000, 0x0000000080a00000|100%| O|  |TAMS 0x0000000080a00000, 0x0000000080900000| Untracked 
|  10|0x0000000080a00000, 0x0000000080b00000, 0x0000000080b00000|100%| O|  |TAMS 0x0000000080b00000, 0x0000000080a00000| Untracked 
|  11|0x0000000080b00000, 0x0000000080c00000, 0x0000000080c00000|100%| O|  |TAMS 0x0000000080c00000, 0x0000000080b00000| Untracked 
|  12|0x0000000080c00000, 0x0000000080d00000, 0x0000000080d00000|100%| O|  |TAMS 0x0000000080d00000, 0x0000000080c00000| Complete 
|  13|0x0000000080d00000, 0x0000000080e00000, 0x0000000080e00000|100%| O|  |TAMS 0x0000000080e00000, 0x0000000080d00000| Untracked 
|  14|0x0000000080e00000, 0x0000000080f00000, 0x0000000080f00000|100%| O|  |TAMS 0x0000000080f00000, 0x0000000080e00000| Untracked 
|  15|0x0000000080f00000, 0x0000000081000000, 0x0000000081000000|100%| O|  |TAMS 0x0000000081000000, 0x0000000080f00000| Untracked 
|  16|0x0000000081000000, 0x0000000081100000, 0x0000000081100000|100%| O|  |TAMS 0x0000000081100000, 0x0000000081000000| Complete 
|  17|0x0000000081100000, 0x0000000081200000, 0x0000000081200000|100%|HS|  |TAMS 0x0000000081200000, 0x0000000081100000| Complete 
|  18|0x0000000081200000, 0x0000000081300000, 0x0000000081300000|100%| O|  |TAMS 0x0000000081300000, 0x0000000081200000| Complete 
|  19|0x0000000081300000, 0x0000000081400000, 0x0000000081400000|100%| O|  |TAMS 0x0000000081400000, 0x0000000081300000| Complete 
|  20|0x0000000081400000, 0x0000000081500000, 0x0000000081500000|100%| O|  |TAMS 0x0000000081500000, 0x0000000081400000| Complete 
|  21|0x0000000081500000, 0x0000000081600000, 0x0000000081600000|100%| O|  |TAMS 0x0000000081600000, 0x0000000081500000| Complete 
|  22|0x0000000081600000, 0x0000000081700000, 0x0000000081700000|100%| O|  |TAMS 0x0000000081700000, 0x0000000081600000| Complete 
|  23|0x0000000081700000, 0x0000000081800000, 0x0000000081800000|100%| O|  |TAMS 0x0000000081800000, 0x0000000081700000| Complete 
|  24|0x0000000081800000, 0x0000000081900000, 0x0000000081900000|100%|HS|  |TAMS 0x0000000081900000, 0x0000000081800000| Complete 
|  25|0x0000000081900000, 0x0000000081a00000, 0x0000000081a00000|100%|HS|  |TAMS 0x0000000081a00000, 0x0000000081900000| Complete 
|  26|0x0000000081a00000, 0x0000000081b00000, 0x0000000081b00000|100%|HS|  |TAMS 0x0000000081b00000, 0x0000000081a00000| Complete 
|  27|0x0000000081b00000, 0x0000000081c00000, 0x0000000081c00000|100%|HS|  |TAMS 0x0000000081c00000, 0x0000000081b00000| Complete 
|  28|0x0000000081c00000, 0x0000000081d00000, 0x0000000081d00000|100%|HC|  |TAMS 0x0000000081d00000, 0x0000000081c00000| Complete 
|  29|0x0000000081d00000, 0x0000000081e00000, 0x0000000081e00000|100%|HC|  |TAMS 0x0000000081e00000, 0x0000000081d00000| Complete 
|  30|0x0000000081e00000, 0x0000000081f00000, 0x0000000081f00000|100%|HS|  |TAMS 0x0000000081f00000, 0x0000000081e00000| Complete 
|  31|0x0000000081f00000, 0x0000000082000000, 0x0000000082000000|100%|HC|  |TAMS 0x0000000082000000, 0x0000000081f00000| Complete 
|  32|0x0000000082000000, 0x0000000082100000, 0x0000000082100000|100%| O|  |TAMS 0x0000000082100000, 0x0000000082000000| Untracked 
|  33|0x0000000082100000, 0x0000000082200000, 0x0000000082200000|100%| O|  |TAMS 0x0000000082200000, 0x0000000082100000| Untracked 
|  34|0x0000000082200000, 0x0000000082300000, 0x0000000082300000|100%| O|  |TAMS 0x0000000082300000, 0x0000000082200000| Untracked 
|  35|0x0000000082300000, 0x0000000082400000, 0x0000000082400000|100%| O|  |TAMS 0x0000000082400000, 0x0000000082300000| Complete 
|  36|0x0000000082400000, 0x0000000082500000, 0x0000000082500000|100%| O|  |TAMS 0x0000000082500000, 0x0000000082400000| Complete 
|  37|0x0000000082500000, 0x0000000082600000, 0x0000000082600000|100%| O|  |TAMS 0x0000000082600000, 0x0000000082500000| Untracked 
|  38|0x0000000082600000, 0x0000000082700000, 0x0000000082700000|100%| O|  |TAMS 0x0000000082700000, 0x0000000082600000| Untracked 
|  39|0x0000000082700000, 0x0000000082800000, 0x0000000082800000|100%| O|  |TAMS 0x0000000082800000, 0x0000000082700000| Untracked 
|  40|0x0000000082800000, 0x0000000082900000, 0x0000000082900000|100%| O|  |TAMS 0x0000000082900000, 0x0000000082800000| Complete 
|  41|0x0000000082900000, 0x0000000082a00000, 0x0000000082a00000|100%| O|  |TAMS 0x0000000082a00000, 0x0000000082900000| Untracked 
|  42|0x0000000082a00000, 0x0000000082b00000, 0x0000000082b00000|100%| O|  |TAMS 0x0000000082b00000, 0x0000000082a00000| Untracked 
|  43|0x0000000082b00000, 0x0000000082c00000, 0x0000000082c00000|100%| O|  |TAMS 0x0000000082c00000, 0x0000000082b00000| Untracked 
|  44|0x0000000082c00000, 0x0000000082d00000, 0x0000000082d00000|100%| O|  |TAMS 0x0000000082d00000, 0x0000000082c00000| Complete 
|  45|0x0000000082d00000, 0x0000000082e00000, 0x0000000082e00000|100%| O|  |TAMS 0x0000000082e00000, 0x0000000082d00000| Complete 
|  46|0x0000000082e00000, 0x0000000082f00000, 0x0000000082f00000|100%| O|  |TAMS 0x0000000082f00000, 0x0000000082e00000| Untracked 
|  47|0x0000000082f00000, 0x0000000083000000, 0x0000000083000000|100%| O|  |TAMS 0x0000000083000000, 0x0000000082f00000| Complete 
|  48|0x0000000083000000, 0x0000000083100000, 0x0000000083100000|100%| O|  |TAMS 0x0000000083100000, 0x0000000083000000| Complete 
|  49|0x0000000083100000, 0x0000000083200000, 0x0000000083200000|100%| O|  |TAMS 0x0000000083200000, 0x0000000083100000| Complete 
|  50|0x0000000083200000, 0x0000000083300000, 0x0000000083300000|100%| O|  |TAMS 0x0000000083300000, 0x0000000083200000| Untracked 
|  51|0x0000000083300000, 0x0000000083400000, 0x0000000083400000|100%| O|  |TAMS 0x0000000083400000, 0x0000000083300000| Untracked 
|  52|0x0000000083400000, 0x0000000083500000, 0x0000000083500000|100%| O|  |TAMS 0x0000000083500000, 0x0000000083400000| Complete 
|  53|0x0000000083500000, 0x0000000083600000, 0x0000000083600000|100%| O|  |TAMS 0x0000000083600000, 0x0000000083500000| Complete 
|  54|0x0000000083600000, 0x0000000083700000, 0x0000000083700000|100%| O|  |TAMS 0x0000000083700000, 0x0000000083600000| Complete 
|  55|0x0000000083700000, 0x0000000083800000, 0x0000000083800000|100%| O|  |TAMS 0x0000000083800000, 0x0000000083700000| Untracked 
|  56|0x0000000083800000, 0x0000000083900000, 0x0000000083900000|100%| O|  |TAMS 0x0000000083900000, 0x0000000083800000| Untracked 
|  57|0x0000000083900000, 0x0000000083a00000, 0x0000000083a00000|100%| O|  |TAMS 0x0000000083a00000, 0x0000000083900000| Untracked 
|  58|0x0000000083a00000, 0x0000000083b00000, 0x0000000083b00000|100%| O|  |TAMS 0x0000000083b00000, 0x0000000083a00000| Complete 
|  59|0x0000000083b00000, 0x0000000083c00000, 0x0000000083c00000|100%| O|  |TAMS 0x0000000083c00000, 0x0000000083b00000| Complete 
|  60|0x0000000083c00000, 0x0000000083d00000, 0x0000000083d00000|100%| O|  |TAMS 0x0000000083d00000, 0x0000000083c00000| Complete 
|  61|0x0000000083d00000, 0x0000000083e00000, 0x0000000083e00000|100%| O|  |TAMS 0x0000000083e00000, 0x0000000083d00000| Untracked 
|  62|0x0000000083e00000, 0x0000000083f00000, 0x0000000083f00000|100%| O|  |TAMS 0x0000000083f00000, 0x0000000083e00000| Complete 
|  63|0x0000000083f00000, 0x0000000084000000, 0x0000000084000000|100%| O|  |TAMS 0x0000000084000000, 0x0000000083f00000| Complete 
|  64|0x0000000084000000, 0x0000000084100000, 0x0000000084100000|100%| O|  |TAMS 0x0000000084100000, 0x0000000084000000| Untracked 
|  65|0x0000000084100000, 0x0000000084200000, 0x0000000084200000|100%|HS|  |TAMS 0x0000000084200000, 0x0000000084100000| Complete 
|  66|0x0000000084200000, 0x0000000084300000, 0x0000000084300000|100%| O|  |TAMS 0x0000000084300000, 0x0000000084200000| Untracked 
|  67|0x0000000084300000, 0x0000000084400000, 0x0000000084400000|100%| O|  |TAMS 0x0000000084400000, 0x0000000084300000| Complete 
|  68|0x0000000084400000, 0x0000000084500000, 0x0000000084500000|100%| O|  |TAMS 0x0000000084500000, 0x0000000084400000| Untracked 
|  69|0x0000000084500000, 0x0000000084600000, 0x0000000084600000|100%| O|  |TAMS 0x0000000084600000, 0x0000000084500000| Complete 
|  70|0x0000000084600000, 0x0000000084700000, 0x0000000084700000|100%| O|  |TAMS 0x0000000084700000, 0x0000000084600000| Untracked 
|  71|0x0000000084700000, 0x0000000084800000, 0x0000000084800000|100%| O|  |TAMS 0x0000000084800000, 0x0000000084700000| Untracked 
|  72|0x0000000084800000, 0x0000000084900000, 0x0000000084900000|100%| O|  |TAMS 0x0000000084900000, 0x0000000084800000| Untracked 
|  73|0x0000000084900000, 0x0000000084a00000, 0x0000000084a00000|100%| O|  |TAMS 0x0000000084a00000, 0x0000000084900000| Complete 
|  74|0x0000000084a00000, 0x0000000084b00000, 0x0000000084b00000|100%| O|  |TAMS 0x0000000084b00000, 0x0000000084a00000| Untracked 
|  75|0x0000000084b00000, 0x0000000084c00000, 0x0000000084c00000|100%| O|  |TAMS 0x0000000084c00000, 0x0000000084b00000| Untracked 
|  76|0x0000000084c00000, 0x0000000084d00000, 0x0000000084d00000|100%| O|  |TAMS 0x0000000084d00000, 0x0000000084c00000| Untracked 
|  77|0x0000000084d00000, 0x0000000084e00000, 0x0000000084e00000|100%| O|  |TAMS 0x0000000084e00000, 0x0000000084d00000| Complete 
|  78|0x0000000084e00000, 0x0000000084f00000, 0x0000000084f00000|100%| O|  |TAMS 0x0000000084f00000, 0x0000000084e00000| Complete 
|  79|0x0000000084f00000, 0x0000000085000000, 0x0000000085000000|100%| O|  |TAMS 0x0000000085000000, 0x0000000084f00000| Complete 
|  80|0x0000000085000000, 0x0000000085100000, 0x0000000085100000|100%| O|  |TAMS 0x0000000085100000, 0x0000000085000000| Untracked 
|  81|0x0000000085100000, 0x0000000085200000, 0x0000000085200000|100%| O|  |TAMS 0x0000000085200000, 0x0000000085100000| Complete 
|  82|0x0000000085200000, 0x0000000085300000, 0x0000000085300000|100%| O|  |TAMS 0x0000000085300000, 0x0000000085200000| Complete 
|  83|0x0000000085300000, 0x0000000085400000, 0x0000000085400000|100%| O|  |TAMS 0x0000000085400000, 0x0000000085300000| Untracked 
|  84|0x0000000085400000, 0x0000000085500000, 0x0000000085500000|100%| O|  |TAMS 0x0000000085500000, 0x0000000085400000| Untracked 
|  85|0x0000000085500000, 0x0000000085600000, 0x0000000085600000|100%| O|  |TAMS 0x0000000085600000, 0x0000000085500000| Complete 
|  86|0x0000000085600000, 0x0000000085700000, 0x0000000085700000|100%| O|  |TAMS 0x0000000085700000, 0x0000000085600000| Untracked 
|  87|0x0000000085700000, 0x0000000085800000, 0x0000000085800000|100%| O|  |TAMS 0x0000000085800000, 0x0000000085700000| Untracked 
|  88|0x0000000085800000, 0x0000000085900000, 0x0000000085900000|100%| O|  |TAMS 0x0000000085900000, 0x0000000085800000| Complete 
|  89|0x0000000085900000, 0x0000000085a00000, 0x0000000085a00000|100%| O|  |TAMS 0x0000000085a00000, 0x0000000085900000| Untracked 
|  90|0x0000000085a00000, 0x0000000085b00000, 0x0000000085b00000|100%| O|  |TAMS 0x0000000085b00000, 0x0000000085a00000| Untracked 
|  91|0x0000000085b00000, 0x0000000085c00000, 0x0000000085c00000|100%|HS|  |TAMS 0x0000000085c00000, 0x0000000085b00000| Complete 
|  92|0x0000000085c00000, 0x0000000085d00000, 0x0000000085d00000|100%|HC|  |TAMS 0x0000000085d00000, 0x0000000085c00000| Complete 
|  93|0x0000000085d00000, 0x0000000085e00000, 0x0000000085e00000|100%|HS|  |TAMS 0x0000000085e00000, 0x0000000085d00000| Complete 
|  94|0x0000000085e00000, 0x0000000085f00000, 0x0000000085f00000|100%|HC|  |TAMS 0x0000000085f00000, 0x0000000085e00000| Complete 
|  95|0x0000000085f00000, 0x0000000086000000, 0x0000000086000000|100%|HC|  |TAMS 0x0000000086000000, 0x0000000085f00000| Complete 
|  96|0x0000000086000000, 0x0000000086100000, 0x0000000086100000|100%|HS|  |TAMS 0x0000000086100000, 0x0000000086000000| Complete 
|  97|0x0000000086100000, 0x0000000086200000, 0x0000000086200000|100%|HC|  |TAMS 0x0000000086200000, 0x0000000086100000| Complete 
|  98|0x0000000086200000, 0x0000000086300000, 0x0000000086300000|100%|HC|  |TAMS 0x0000000086300000, 0x0000000086200000| Complete 
|  99|0x0000000086300000, 0x0000000086400000, 0x0000000086400000|100%|HC|  |TAMS 0x0000000086400000, 0x0000000086300000| Complete 
| 100|0x0000000086400000, 0x0000000086500000, 0x0000000086500000|100%| O|  |TAMS 0x0000000086500000, 0x0000000086400000| Complete 
| 101|0x0000000086500000, 0x0000000086600000, 0x0000000086600000|100%| O|  |TAMS 0x0000000086600000, 0x0000000086500000| Untracked 
| 102|0x0000000086600000, 0x0000000086700000, 0x0000000086700000|100%| O|  |TAMS 0x0000000086700000, 0x0000000086600000| Untracked 
| 103|0x0000000086700000, 0x0000000086800000, 0x0000000086800000|100%| O|  |TAMS 0x0000000086800000, 0x0000000086700000| Untracked 
| 104|0x0000000086800000, 0x0000000086900000, 0x0000000086900000|100%| O|  |TAMS 0x0000000086900000, 0x0000000086800000| Untracked 
| 105|0x0000000086900000, 0x0000000086a00000, 0x0000000086a00000|100%| O|  |TAMS 0x0000000086a00000, 0x0000000086900000| Untracked 
| 106|0x0000000086a00000, 0x0000000086b00000, 0x0000000086b00000|100%|HS|  |TAMS 0x0000000086b00000, 0x0000000086a00000| Complete 
| 107|0x0000000086b00000, 0x0000000086c00000, 0x0000000086c00000|100%|HC|  |TAMS 0x0000000086c00000, 0x0000000086b00000| Complete 
| 108|0x0000000086c00000, 0x0000000086d00000, 0x0000000086d00000|100%|HC|  |TAMS 0x0000000086d00000, 0x0000000086c00000| Complete 
| 109|0x0000000086d00000, 0x0000000086e00000, 0x0000000086e00000|100%| O|  |TAMS 0x0000000086e00000, 0x0000000086d00000| Untracked 
| 110|0x0000000086e00000, 0x0000000086f00000, 0x0000000086f00000|100%| O|  |TAMS 0x0000000086f00000, 0x0000000086e00000| Untracked 
| 111|0x0000000086f00000, 0x0000000087000000, 0x0000000087000000|100%| O|  |TAMS 0x0000000087000000, 0x0000000086f00000| Untracked 
| 112|0x0000000087000000, 0x0000000087100000, 0x0000000087100000|100%| O|  |TAMS 0x0000000087100000, 0x0000000087000000| Untracked 
| 113|0x0000000087100000, 0x0000000087200000, 0x0000000087200000|100%| O|  |TAMS 0x0000000087200000, 0x0000000087100000| Complete 
| 114|0x0000000087200000, 0x0000000087300000, 0x0000000087300000|100%|HS|  |TAMS 0x0000000087300000, 0x0000000087200000| Complete 
| 115|0x0000000087300000, 0x0000000087400000, 0x0000000087400000|100%|HC|  |TAMS 0x0000000087400000, 0x0000000087300000| Complete 
| 116|0x0000000087400000, 0x0000000087500000, 0x0000000087500000|100%|HC|  |TAMS 0x0000000087500000, 0x0000000087400000| Complete 
| 117|0x0000000087500000, 0x0000000087600000, 0x0000000087600000|100%|HC|  |TAMS 0x0000000087600000, 0x0000000087500000| Complete 
| 118|0x0000000087600000, 0x0000000087700000, 0x0000000087700000|100%| O|  |TAMS 0x0000000087700000, 0x0000000087600000| Untracked 
| 119|0x0000000087700000, 0x0000000087800000, 0x0000000087800000|100%| O|  |TAMS 0x0000000087800000, 0x0000000087700000| Untracked 
| 120|0x0000000087800000, 0x0000000087900000, 0x0000000087900000|100%| O|  |TAMS 0x0000000087900000, 0x0000000087800000| Complete 
| 121|0x0000000087900000, 0x0000000087a00000, 0x0000000087a00000|100%| O|  |TAMS 0x0000000087a00000, 0x0000000087900000| Untracked 
| 122|0x0000000087a00000, 0x0000000087b00000, 0x0000000087b00000|100%| O|  |TAMS 0x0000000087b00000, 0x0000000087a00000| Untracked 
| 123|0x0000000087b00000, 0x0000000087c00000, 0x0000000087c00000|100%| O|  |TAMS 0x0000000087c00000, 0x0000000087b00000| Untracked 
| 124|0x0000000087c00000, 0x0000000087d00000, 0x0000000087d00000|100%| O|  |TAMS 0x0000000087d00000, 0x0000000087c00000| Complete 
| 125|0x0000000087d00000, 0x0000000087e00000, 0x0000000087e00000|100%| O|  |TAMS 0x0000000087e00000, 0x0000000087d00000| Untracked 
| 126|0x0000000087e00000, 0x0000000087f00000, 0x0000000087f00000|100%| O|  |TAMS 0x0000000087f00000, 0x0000000087e00000| Untracked 
| 127|0x0000000087f00000, 0x0000000088000000, 0x0000000088000000|100%| O|  |TAMS 0x0000000088000000, 0x0000000087f00000| Complete 
| 128|0x0000000088000000, 0x0000000088100000, 0x0000000088100000|100%| O|  |TAMS 0x0000000088100000, 0x0000000088000000| Complete 
| 129|0x0000000088100000, 0x0000000088200000, 0x0000000088200000|100%|HS|  |TAMS 0x0000000088200000, 0x0000000088100000| Complete 
| 130|0x0000000088200000, 0x0000000088300000, 0x0000000088300000|100%|HC|  |TAMS 0x0000000088300000, 0x0000000088200000| Complete 
| 131|0x0000000088300000, 0x0000000088400000, 0x0000000088400000|100%|HS|  |TAMS 0x0000000088400000, 0x0000000088300000| Complete 
| 132|0x0000000088400000, 0x0000000088500000, 0x0000000088500000|100%|HC|  |TAMS 0x0000000088500000, 0x0000000088400000| Complete 
| 133|0x0000000088500000, 0x0000000088600000, 0x0000000088600000|100%|HC|  |TAMS 0x0000000088600000, 0x0000000088500000| Complete 
| 134|0x0000000088600000, 0x0000000088700000, 0x0000000088700000|100%|HS|  |TAMS 0x0000000088700000, 0x0000000088600000| Complete 
| 135|0x0000000088700000, 0x0000000088800000, 0x0000000088800000|100%|HC|  |TAMS 0x0000000088800000, 0x0000000088700000| Complete 
| 136|0x0000000088800000, 0x0000000088900000, 0x0000000088900000|100%|HC|  |TAMS 0x0000000088900000, 0x0000000088800000| Complete 
| 137|0x0000000088900000, 0x0000000088a00000, 0x0000000088a00000|100%|HC|  |TAMS 0x0000000088a00000, 0x0000000088900000| Complete 
| 138|0x0000000088a00000, 0x0000000088b00000, 0x0000000088b00000|100%| O|  |TAMS 0x0000000088b00000, 0x0000000088a00000| Untracked 
| 139|0x0000000088b00000, 0x0000000088c00000, 0x0000000088c00000|100%| O|  |TAMS 0x0000000088c00000, 0x0000000088b00000| Complete 
| 140|0x0000000088c00000, 0x0000000088d00000, 0x0000000088d00000|100%| O|  |TAMS 0x0000000088d00000, 0x0000000088c00000| Complete 
| 141|0x0000000088d00000, 0x0000000088e00000, 0x0000000088e00000|100%| O|  |TAMS 0x0000000088e00000, 0x0000000088d00000| Untracked 
| 142|0x0000000088e00000, 0x0000000088f00000, 0x0000000088f00000|100%| O|  |TAMS 0x0000000088f00000, 0x0000000088e00000| Untracked 
| 143|0x0000000088f00000, 0x0000000089000000, 0x0000000089000000|100%| O|  |TAMS 0x0000000089000000, 0x0000000088f00000| Complete 
| 144|0x0000000089000000, 0x0000000089100000, 0x0000000089100000|100%| O|  |TAMS 0x0000000089100000, 0x0000000089000000| Untracked 
| 145|0x0000000089100000, 0x0000000089200000, 0x0000000089200000|100%| O|  |TAMS 0x0000000089200000, 0x0000000089100000| Untracked 
| 146|0x0000000089200000, 0x0000000089300000, 0x0000000089300000|100%| O|  |TAMS 0x0000000089300000, 0x0000000089200000| Untracked 
| 147|0x0000000089300000, 0x0000000089400000, 0x0000000089400000|100%| O|  |TAMS 0x0000000089400000, 0x0000000089300000| Untracked 
| 148|0x0000000089400000, 0x0000000089500000, 0x0000000089500000|100%| O|  |TAMS 0x0000000089500000, 0x0000000089400000| Untracked 
| 149|0x0000000089500000, 0x0000000089600000, 0x0000000089600000|100%| O|  |TAMS 0x0000000089600000, 0x0000000089500000| Untracked 
| 150|0x0000000089600000, 0x0000000089700000, 0x0000000089700000|100%| O|  |TAMS 0x0000000089700000, 0x0000000089600000| Untracked 
| 151|0x0000000089700000, 0x0000000089800000, 0x0000000089800000|100%| O|  |TAMS 0x0000000089800000, 0x0000000089700000| Untracked 
| 152|0x0000000089800000, 0x0000000089900000, 0x0000000089900000|100%| O|  |TAMS 0x0000000089900000, 0x0000000089800000| Complete 
| 153|0x0000000089900000, 0x0000000089a00000, 0x0000000089a00000|100%| O|  |TAMS 0x0000000089a00000, 0x0000000089900000| Untracked 
| 154|0x0000000089a00000, 0x0000000089b00000, 0x0000000089b00000|100%| O|  |TAMS 0x0000000089b00000, 0x0000000089a00000| Untracked 
| 155|0x0000000089b00000, 0x0000000089c00000, 0x0000000089c00000|100%| O|  |TAMS 0x0000000089c00000, 0x0000000089b00000| Untracked 
| 156|0x0000000089c00000, 0x0000000089d00000, 0x0000000089d00000|100%| O|  |TAMS 0x0000000089d00000, 0x0000000089c00000| Untracked 
| 157|0x0000000089d00000, 0x0000000089e00000, 0x0000000089e00000|100%| O|  |TAMS 0x0000000089e00000, 0x0000000089d00000| Complete 
| 158|0x0000000089e00000, 0x0000000089f00000, 0x0000000089f00000|100%| O|  |TAMS 0x0000000089f00000, 0x0000000089e00000| Complete 
| 159|0x0000000089f00000, 0x0000000089f00000, 0x000000008a000000|  0%| F|  |TAMS 0x0000000089f00000, 0x0000000089f00000| Untracked 
| 160|0x000000008a000000, 0x000000008a100000, 0x000000008a100000|100%| O|  |TAMS 0x000000008a100000, 0x000000008a000000| Untracked 
| 161|0x000000008a100000, 0x000000008a200000, 0x000000008a200000|100%| O|  |TAMS 0x000000008a200000, 0x000000008a100000| Untracked 
| 162|0x000000008a200000, 0x000000008a300000, 0x000000008a300000|100%| O|  |TAMS 0x000000008a300000, 0x000000008a200000| Untracked 
| 163|0x000000008a300000, 0x000000008a400000, 0x000000008a400000|100%| O|  |TAMS 0x000000008a400000, 0x000000008a300000| Untracked 
| 164|0x000000008a400000, 0x000000008a500000, 0x000000008a500000|100%| O|  |TAMS 0x000000008a500000, 0x000000008a400000| Complete 
| 165|0x000000008a500000, 0x000000008a600000, 0x000000008a600000|100%| O|  |TAMS 0x000000008a600000, 0x000000008a500000| Complete 
| 166|0x000000008a600000, 0x000000008a600000, 0x000000008a700000|  0%| F|  |TAMS 0x000000008a600000, 0x000000008a600000| Untracked 
| 167|0x000000008a700000, 0x000000008a700000, 0x000000008a800000|  0%| F|  |TAMS 0x000000008a700000, 0x000000008a700000| Untracked 
| 168|0x000000008a800000, 0x000000008a800000, 0x000000008a900000|  0%| F|  |TAMS 0x000000008a800000, 0x000000008a800000| Untracked 
| 169|0x000000008a900000, 0x000000008a9bca00, 0x000000008aa00000| 73%| O|  |TAMS 0x000000008a92f000, 0x000000008a900000| Untracked 
| 170|0x000000008aa00000, 0x000000008aa00000, 0x000000008ab00000|  0%| F|  |TAMS 0x000000008aa00000, 0x000000008aa00000| Untracked 
| 171|0x000000008ab00000, 0x000000008ab00000, 0x000000008ac00000|  0%| F|  |TAMS 0x000000008ab00000, 0x000000008ab00000| Untracked 
| 172|0x000000008ac00000, 0x000000008ac00000, 0x000000008ad00000|  0%| F|  |TAMS 0x000000008ac00000, 0x000000008ac00000| Untracked 
| 173|0x000000008ad00000, 0x000000008ad00000, 0x000000008ae00000|  0%| F|  |TAMS 0x000000008ad00000, 0x000000008ad00000| Untracked 
| 174|0x000000008ae00000, 0x000000008ae00000, 0x000000008af00000|  0%| F|  |TAMS 0x000000008ae00000, 0x000000008ae00000| Untracked 
| 175|0x000000008af00000, 0x000000008af00000, 0x000000008b000000|  0%| F|  |TAMS 0x000000008af00000, 0x000000008af00000| Untracked 
| 176|0x000000008b000000, 0x000000008b100000, 0x000000008b100000|100%| O|  |TAMS 0x000000008b100000, 0x000000008b000000| Untracked 
| 177|0x000000008b100000, 0x000000008b100000, 0x000000008b200000|  0%| F|  |TAMS 0x000000008b100000, 0x000000008b100000| Untracked 
| 178|0x000000008b200000, 0x000000008b300000, 0x000000008b300000|100%| O|  |TAMS 0x000000008b300000, 0x000000008b200000| Untracked 
| 179|0x000000008b300000, 0x000000008b300000, 0x000000008b400000|  0%| F|  |TAMS 0x000000008b300000, 0x000000008b300000| Untracked 
| 180|0x000000008b400000, 0x000000008b400000, 0x000000008b500000|  0%| F|  |TAMS 0x000000008b400000, 0x000000008b400000| Untracked 
| 181|0x000000008b500000, 0x000000008b500000, 0x000000008b600000|  0%| F|  |TAMS 0x000000008b500000, 0x000000008b500000| Untracked 
| 182|0x000000008b600000, 0x000000008b600000, 0x000000008b700000|  0%| F|  |TAMS 0x000000008b600000, 0x000000008b600000| Untracked 
| 183|0x000000008b700000, 0x000000008b700000, 0x000000008b800000|  0%| F|  |TAMS 0x000000008b700000, 0x000000008b700000| Untracked 
| 184|0x000000008b800000, 0x000000008b800000, 0x000000008b900000|  0%| F|  |TAMS 0x000000008b800000, 0x000000008b800000| Untracked 
| 185|0x000000008b900000, 0x000000008b900000, 0x000000008ba00000|  0%| F|  |TAMS 0x000000008b900000, 0x000000008b900000| Untracked 
| 186|0x000000008ba00000, 0x000000008bb00000, 0x000000008bb00000|100%| O|  |TAMS 0x000000008bb00000, 0x000000008ba00000| Complete 
| 187|0x000000008bb00000, 0x000000008bb00000, 0x000000008bc00000|  0%| F|  |TAMS 0x000000008bb00000, 0x000000008bb00000| Untracked 
| 188|0x000000008bc00000, 0x000000008bc00000, 0x000000008bd00000|  0%| F|  |TAMS 0x000000008bc00000, 0x000000008bc00000| Untracked 
| 189|0x000000008bd00000, 0x000000008be00000, 0x000000008be00000|100%| O|  |TAMS 0x000000008be00000, 0x000000008bd00000| Complete 
| 190|0x000000008be00000, 0x000000008bf00000, 0x000000008bf00000|100%| O|  |TAMS 0x000000008bf00000, 0x000000008be00000| Untracked 
| 191|0x000000008bf00000, 0x000000008c000000, 0x000000008c000000|100%| O|  |TAMS 0x000000008c000000, 0x000000008bf00000| Complete 
| 192|0x000000008c000000, 0x000000008c100000, 0x000000008c100000|100%| O|  |TAMS 0x000000008c100000, 0x000000008c000000| Untracked 
| 193|0x000000008c100000, 0x000000008c200000, 0x000000008c200000|100%| O|  |TAMS 0x000000008c200000, 0x000000008c100000| Complete 
| 194|0x000000008c200000, 0x000000008c200000, 0x000000008c300000|  0%| F|  |TAMS 0x000000008c200000, 0x000000008c200000| Untracked 
| 195|0x000000008c300000, 0x000000008c300000, 0x000000008c400000|  0%| F|  |TAMS 0x000000008c300000, 0x000000008c300000| Untracked 
| 196|0x000000008c400000, 0x000000008c400000, 0x000000008c500000|  0%| F|  |TAMS 0x000000008c400000, 0x000000008c400000| Untracked 
| 197|0x000000008c500000, 0x000000008c500000, 0x000000008c600000|  0%| F|  |TAMS 0x000000008c500000, 0x000000008c500000| Untracked 
| 198|0x000000008c600000, 0x000000008c600000, 0x000000008c700000|  0%| F|  |TAMS 0x000000008c600000, 0x000000008c600000| Untracked 
| 199|0x000000008c700000, 0x000000008c700000, 0x000000008c800000|  0%| F|  |TAMS 0x000000008c700000, 0x000000008c700000| Untracked 
| 200|0x000000008c800000, 0x000000008c800000, 0x000000008c900000|  0%| F|  |TAMS 0x000000008c800000, 0x000000008c800000| Untracked 
| 201|0x000000008c900000, 0x000000008c900000, 0x000000008ca00000|  0%| F|  |TAMS 0x000000008c900000, 0x000000008c900000| Untracked 
| 202|0x000000008ca00000, 0x000000008ca00000, 0x000000008cb00000|  0%| F|  |TAMS 0x000000008ca00000, 0x000000008ca00000| Untracked 
| 203|0x000000008cb00000, 0x000000008cb00000, 0x000000008cc00000|  0%| F|  |TAMS 0x000000008cb00000, 0x000000008cb00000| Untracked 
| 204|0x000000008cc00000, 0x000000008cc00000, 0x000000008cd00000|  0%| F|  |TAMS 0x000000008cc00000, 0x000000008cc00000| Untracked 
| 205|0x000000008cd00000, 0x000000008cd00000, 0x000000008ce00000|  0%| F|  |TAMS 0x000000008cd00000, 0x000000008cd00000| Untracked 
| 206|0x000000008ce00000, 0x000000008cf00000, 0x000000008cf00000|100%| S|CS|TAMS 0x000000008ce00000, 0x000000008ce00000| Complete 
| 207|0x000000008cf00000, 0x000000008d000000, 0x000000008d000000|100%| S|CS|TAMS 0x000000008cf00000, 0x000000008cf00000| Complete 
| 208|0x000000008d000000, 0x000000008d000000, 0x000000008d100000|  0%| F|  |TAMS 0x000000008d000000, 0x000000008d000000| Untracked 
| 209|0x000000008d100000, 0x000000008d100000, 0x000000008d200000|  0%| F|  |TAMS 0x000000008d100000, 0x000000008d100000| Untracked 
| 210|0x000000008d200000, 0x000000008d200000, 0x000000008d300000|  0%| F|  |TAMS 0x000000008d200000, 0x000000008d200000| Untracked 
| 211|0x000000008d300000, 0x000000008d300000, 0x000000008d400000|  0%| F|  |TAMS 0x000000008d300000, 0x000000008d300000| Untracked 
| 212|0x000000008d400000, 0x000000008d400000, 0x000000008d500000|  0%| F|  |TAMS 0x000000008d400000, 0x000000008d400000| Untracked 
| 213|0x000000008d500000, 0x000000008d500000, 0x000000008d600000|  0%| F|  |TAMS 0x000000008d500000, 0x000000008d500000| Untracked 
| 214|0x000000008d600000, 0x000000008d600000, 0x000000008d700000|  0%| F|  |TAMS 0x000000008d600000, 0x000000008d600000| Untracked 
| 215|0x000000008d700000, 0x000000008d700000, 0x000000008d800000|  0%| F|  |TAMS 0x000000008d700000, 0x000000008d700000| Untracked 
| 216|0x000000008d800000, 0x000000008d800000, 0x000000008d900000|  0%| F|  |TAMS 0x000000008d800000, 0x000000008d800000| Untracked 
| 217|0x000000008d900000, 0x000000008d900000, 0x000000008da00000|  0%| F|  |TAMS 0x000000008d900000, 0x000000008d900000| Untracked 
| 218|0x000000008da00000, 0x000000008da00000, 0x000000008db00000|  0%| F|  |TAMS 0x000000008da00000, 0x000000008da00000| Untracked 
| 219|0x000000008db00000, 0x000000008db00000, 0x000000008dc00000|  0%| F|  |TAMS 0x000000008db00000, 0x000000008db00000| Untracked 
| 220|0x000000008dc00000, 0x000000008dc00000, 0x000000008dd00000|  0%| F|  |TAMS 0x000000008dc00000, 0x000000008dc00000| Untracked 
| 221|0x000000008dd00000, 0x000000008dd00000, 0x000000008de00000|  0%| F|  |TAMS 0x000000008dd00000, 0x000000008dd00000| Untracked 

Card table byte_map: [0x000001aefc560000,0x000001aefc960000] _byte_map_base: 0x000001aefc160000

Marking Bits (Prev, Next): (CMBitMap*) 0x000001aee915f380, (CMBitMap*) 0x000001aee915f348
 Prev Bits: [0x000001ae80000000, 0x000001ae82000000)
 Next Bits: [0x000001aefcd60000, 0x000001aefed60000)

Polling page: 0x000001aee76e0000

Metaspace:

Usage:
  Non-class:    125.83 MB capacity,   123.20 MB ( 98%) used,     2.16 MB (  2%) free+waste,   476.56 KB ( <1%) overhead. 
      Class:     19.42 MB capacity,    17.92 MB ( 92%) used,     1.29 MB (  7%) free+waste,   216.75 KB (  1%) overhead. 
       Both:    145.25 MB capacity,   141.13 MB ( 97%) used,     3.45 MB (  2%) free+waste,   693.31 KB ( <1%) overhead. 

Virtual space:
  Non-class space:      128.00 MB reserved,     127.12 MB (>99%) committed 
      Class space:        1.00 GB reserved,      19.91 MB (  2%) committed 
             Both:        1.13 GB reserved,     147.04 MB ( 13%) committed 

Chunk freelists:
   Non-Class:  1.11 MB
       Class:  427.00 KB
        Both:  1.52 MB

MaxMetaspaceSize: 17179869184.00 GB
CompressedClassSpaceSize: 1.00 GB

CodeHeap 'non-profiled nmethods': size=120064Kb used=14756Kb max_used=14756Kb free=105307Kb
 bounds [0x000001aef46e0000, 0x000001aef5550000, 0x000001aefbc20000]
CodeHeap 'profiled nmethods': size=120000Kb used=45482Kb max_used=45482Kb free=74517Kb
 bounds [0x000001aeed1b0000, 0x000001aeefe40000, 0x000001aef46e0000]
CodeHeap 'non-nmethods': size=5696Kb used=2425Kb max_used=2515Kb free=3270Kb
 bounds [0x000001aeecc20000, 0x000001aeeceb0000, 0x000001aeed1b0000]
 total_blobs=21242 nmethods=20169 adapters=983
 compilation: enabled
              stopped_count=0, restarted_count=0
 full_count=0

Compilation events (20 events):
Event: 7028.491 Thread 0x000001aeff38c000 21882       3       com.google.common.util.concurrent.SettableFuture::set (6 bytes)
Event: 7028.491 Thread 0x000001aeff38c000 nmethod 21882 0x000001aeefe2cf10 code [0x000001aeefe2d100, 0x000001aeefe2d488]
Event: 7028.492 Thread 0x000001aeff38c000 21883       3       com.google.common.collect.AbstractMapBasedMultimap$WrappedCollection$WrappedIterator::<init> (32 bytes)
Event: 7028.493 Thread 0x000001aeff38c000 nmethod 21883 0x000001aeefe2d610 code [0x000001aeefe2d820, 0x000001aeefe2df38]
Event: 7028.495 Thread 0x000001ae8cabd000 nmethod 21876 0x000001aef5549a90 code [0x000001aef5549cc0, 0x000001aef554a2d0]
Event: 7028.495 Thread 0x000001aeff38c000 21884       1       com.android.ide.common.blame.SourceFile::setOverrideSourcePath (6 bytes)
Event: 7028.495 Thread 0x000001aeff38c000 nmethod 21884 0x000001aef554a910 code [0x000001aef554aac0, 0x000001aef554abb8]
Event: 7028.495 Thread 0x000001aeff38c000 21885       1       com.android.ide.common.resources.MergedResourceWriterRequest::getResourceCompilationService (5 bytes)
Event: 7028.495 Thread 0x000001aeff38c000 nmethod 21885 0x000001aef554ac10 code [0x000001aef554adc0, 0x000001aef554ae78]
Event: 7028.497 Thread 0x000001ae8cabd000 21886       4       org.apache.xerces.impl.XMLEntityManager::getFeatureDefault (36 bytes)
Event: 7028.497 Thread 0x000001aeff38c000 21888   !   3       org.apache.xerces.impl.dv.ObjectFactory::findProviderClass (137 bytes)
Event: 7028.499 Thread 0x000001aeff38c000 nmethod 21888 0x000001aeefe2e110 code [0x000001aeefe2e4c0, 0x000001aeefe2fd08]
Event: 7028.499 Thread 0x000001aeff38c000 21889       3       org.apache.xerces.parsers.AbstractXMLDocumentParser::<init> (27 bytes)
Event: 7028.499 Thread 0x000001aeff38c000 nmethod 21889 0x000001aeefe30590 code [0x000001aeefe30780, 0x000001aeefe30dd8]
Event: 7028.499 Thread 0x000001aeff38c000 21890       3       org.apache.xerces.parsers.XMLParser::<init> (22 bytes)
Event: 7028.499 Thread 0x000001aeff38c000 nmethod 21890 0x000001aeefe30f90 code [0x000001aeefe31160, 0x000001aeefe31428]
Event: 7028.499 Thread 0x000001aeff38c000 21891       3       org.apache.xerces.parsers.XML11Configuration::setDocumentHandler (46 bytes)
Event: 7028.499 Thread 0x000001aeff38c000 nmethod 21891 0x000001aeefe31590 code [0x000001aeefe31760, 0x000001aeefe31ab8]
Event: 7028.501 Thread 0x000001ae8cabd000 nmethod 21886 0x000001aef554af10 code [0x000001aef554b0a0, 0x000001aef554b478]
Event: 7028.501 Thread 0x000001ae8cabd000 21893       4       org.apache.xerces.impl.XMLEntityManager::getPropertyDefault (36 bytes)

GC Heap History (20 events):
Event: 7026.643 GC heap after
{Heap after GC invocations=80 (full 0):
 garbage-first heap   total 227328K, used 196440K [0x0000000080000000, 0x0000000100000000)
  region size 1024K, 2 young (2048K), 2 survivors (2048K)
 Metaspace       used 142906K, capacity 147027K, committed 149284K, reserved 1177600K
  class space    used 18227K, capacity 19749K, committed 20392K, reserved 1048576K
}
Event: 7026.712 GC heap before
{Heap before GC invocations=80 (full 0):
 garbage-first heap   total 227328K, used 204632K [0x0000000080000000, 0x0000000100000000)
  region size 1024K, 11 young (11264K), 2 survivors (2048K)
 Metaspace       used 142917K, capacity 147091K, committed 149284K, reserved 1177600K
  class space    used 18227K, capacity 19749K, committed 20392K, reserved 1048576K
}
Event: 7026.721 GC heap after
{Heap after GC invocations=81 (full 0):
 garbage-first heap   total 227328K, used 175735K [0x0000000080000000, 0x0000000100000000)
  region size 1024K, 2 young (2048K), 2 survivors (2048K)
 Metaspace       used 142917K, capacity 147091K, committed 149284K, reserved 1177600K
  class space    used 18227K, capacity 19749K, committed 20392K, reserved 1048576K
}
Event: 7026.825 GC heap before
{Heap before GC invocations=81 (full 0):
 garbage-first heap   total 227328K, used 184951K [0x0000000080000000, 0x0000000100000000)
  region size 1024K, 11 young (11264K), 2 survivors (2048K)
 Metaspace       used 142954K, capacity 147123K, committed 149284K, reserved 1177600K
  class space    used 18232K, capacity 19781K, committed 20392K, reserved 1048576K
}
Event: 7026.841 GC heap after
{Heap after GC invocations=82 (full 0):
 garbage-first heap   total 227328K, used 161683K [0x0000000080000000, 0x0000000100000000)
  region size 1024K, 1 young (1024K), 1 survivors (1024K)
 Metaspace       used 142954K, capacity 147123K, committed 149284K, reserved 1177600K
  class space    used 18232K, capacity 19781K, committed 20392K, reserved 1048576K
}
Event: 7026.959 GC heap before
{Heap before GC invocations=82 (full 0):
 garbage-first heap   total 227328K, used 170899K [0x0000000080000000, 0x0000000100000000)
  region size 1024K, 11 young (11264K), 1 survivors (1024K)
 Metaspace       used 143088K, capacity 147266K, committed 149284K, reserved 1177600K
  class space    used 18245K, capacity 19784K, committed 20392K, reserved 1048576K
}
Event: 7026.983 GC heap after
{Heap after GC invocations=83 (full 0):
 garbage-first heap   total 227328K, used 152859K [0x0000000080000000, 0x0000000100000000)
  region size 1024K, 1 young (1024K), 1 survivors (1024K)
 Metaspace       used 143088K, capacity 147266K, committed 149284K, reserved 1177600K
  class space    used 18245K, capacity 19784K, committed 20392K, reserved 1048576K
}
Event: 7027.182 GC heap before
{Heap before GC invocations=83 (full 0):
 garbage-first heap   total 227328K, used 163099K [0x0000000080000000, 0x0000000100000000)
  region size 1024K, 11 young (11264K), 1 survivors (1024K)
 Metaspace       used 143844K, capacity 147995K, committed 149796K, reserved 1179648K
  class space    used 18332K, capacity 19855K, committed 20392K, reserved 1048576K
}
Event: 7027.189 GC heap after
{Heap after GC invocations=84 (full 0):
 garbage-first heap   total 227328K, used 154470K [0x0000000080000000, 0x0000000100000000)
  region size 1024K, 2 young (2048K), 2 survivors (2048K)
 Metaspace       used 143844K, capacity 147995K, committed 149796K, reserved 1179648K
  class space    used 18332K, capacity 19855K, committed 20392K, reserved 1048576K
}
Event: 7027.473 GC heap before
{Heap before GC invocations=84 (full 0):
 garbage-first heap   total 227328K, used 176998K [0x0000000080000000, 0x0000000100000000)
  region size 1024K, 25 young (25600K), 2 survivors (2048K)
 Metaspace       used 144004K, capacity 148187K, committed 150052K, reserved 1179648K
  class space    used 18332K, capacity 19855K, committed 20392K, reserved 1048576K
}
Event: 7027.480 GC heap after
{Heap after GC invocations=85 (full 0):
 garbage-first heap   total 227328K, used 160254K [0x0000000080000000, 0x0000000100000000)
  region size 1024K, 4 young (4096K), 4 survivors (4096K)
 Metaspace       used 144004K, capacity 148187K, committed 150052K, reserved 1179648K
  class space    used 18332K, capacity 19855K, committed 20392K, reserved 1048576K
}
Event: 7027.668 GC heap before
{Heap before GC invocations=85 (full 0):
 garbage-first heap   total 227328K, used 183806K [0x0000000080000000, 0x0000000100000000)
  region size 1024K, 25 young (25600K), 4 survivors (4096K)
 Metaspace       used 144058K, capacity 148251K, committed 150052K, reserved 1179648K
  class space    used 18332K, capacity 19855K, committed 20392K, reserved 1048576K
}
Event: 7027.684 GC heap after
{Heap after GC invocations=86 (full 0):
 garbage-first heap   total 227328K, used 170667K [0x0000000080000000, 0x0000000100000000)
  region size 1024K, 4 young (4096K), 4 survivors (4096K)
 Metaspace       used 144058K, capacity 148251K, committed 150052K, reserved 1179648K
  class space    used 18332K, capacity 19855K, committed 20392K, reserved 1048576K
}
Event: 7027.828 GC heap before
{Heap before GC invocations=86 (full 0):
 garbage-first heap   total 227328K, used 185003K [0x0000000080000000, 0x0000000100000000)
  region size 1024K, 19 young (19456K), 4 survivors (4096K)
 Metaspace       used 144141K, capacity 148315K, committed 150052K, reserved 1179648K
  class space    used 18332K, capacity 19855K, committed 20392K, reserved 1048576K
}
Event: 7027.836 GC heap after
{Heap after GC invocations=87 (full 0):
 garbage-first heap   total 227328K, used 176128K [0x0000000080000000, 0x0000000100000000)
  region size 1024K, 3 young (3072K), 3 survivors (3072K)
 Metaspace       used 144141K, capacity 148315K, committed 150052K, reserved 1179648K
  class space    used 18332K, capacity 19855K, committed 20392K, reserved 1048576K
}
Event: 7027.992 GC heap before
{Heap before GC invocations=87 (full 0):
 garbage-first heap   total 227328K, used 190464K [0x0000000080000000, 0x0000000100000000)
  region size 1024K, 17 young (17408K), 3 survivors (3072K)
 Metaspace       used 144261K, capacity 148446K, committed 150308K, reserved 1179648K
  class space    used 18338K, capacity 19856K, committed 20392K, reserved 1048576K
}
Event: 7027.997 GC heap after
{Heap after GC invocations=88 (full 0):
 garbage-first heap   total 227328K, used 177932K [0x0000000080000000, 0x0000000100000000)
  region size 1024K, 2 young (2048K), 2 survivors (2048K)
 Metaspace       used 144261K, capacity 148446K, committed 150308K, reserved 1179648K
  class space    used 18338K, capacity 19856K, committed 20392K, reserved 1048576K
}
Event: 7028.120 GC heap before
{Heap before GC invocations=88 (full 0):
 garbage-first heap   total 227328K, used 190220K [0x0000000080000000, 0x0000000100000000)
  region size 1024K, 12 young (12288K), 2 survivors (2048K)
 Metaspace       used 144459K, capacity 148670K, committed 150308K, reserved 1179648K
  class space    used 18352K, capacity 19888K, committed 20392K, reserved 1048576K
}
Event: 7028.127 GC heap after
{Heap after GC invocations=89 (full 0):
 garbage-first heap   total 227328K, used 180489K [0x0000000080000000, 0x0000000100000000)
  region size 1024K, 2 young (2048K), 2 survivors (2048K)
 Metaspace       used 144459K, capacity 148670K, committed 150308K, reserved 1179648K
  class space    used 18352K, capacity 19888K, committed 20392K, reserved 1048576K
}
Event: 7028.502 GC heap before
{Heap before GC invocations=90 (full 0):
 garbage-first heap   total 227328K, used 196873K [0x0000000080000000, 0x0000000100000000)
  region size 1024K, 14 young (14336K), 2 survivors (2048K)
 Metaspace       used 144512K, capacity 148734K, committed 150564K, reserved 1179648K
  class space    used 18354K, capacity 19888K, committed 20392K, reserved 1048576K
}

Deoptimization events (20 events):
Event: 7028.225 Thread 0x000001ae8afa6800 DEOPT PACKING pc=0x000001aef5522754 sp=0x0000009f34af6410
Event: 7028.225 Thread 0x000001ae8afa6800 DEOPT UNPACKING pc=0x000001aeecc4662f sp=0x0000009f34af63a8 mode 2
Event: 7028.239 Thread 0x000001ae8afa6800 DEOPT PACKING pc=0x000001aeefdf9c57 sp=0x0000009f34af6340
Event: 7028.239 Thread 0x000001ae8afa6800 DEOPT UNPACKING pc=0x000001aeecc46dde sp=0x0000009f34af58a8 mode 0
Event: 7028.286 Thread 0x000001ae8afa6800 DEOPT PACKING pc=0x000001aeefdf9c57 sp=0x0000009f34af6530
Event: 7028.286 Thread 0x000001ae8afa6800 DEOPT UNPACKING pc=0x000001aeecc46dde sp=0x0000009f34af5a98 mode 0
Event: 7028.307 Thread 0x000001ae8afa6800 DEOPT PACKING pc=0x000001aeefdf9c57 sp=0x0000009f34af6530
Event: 7028.307 Thread 0x000001ae8afa6800 DEOPT UNPACKING pc=0x000001aeecc46dde sp=0x0000009f34af5a98 mode 0
Event: 7028.323 Thread 0x000001ae8afa6800 DEOPT PACKING pc=0x000001aeefdf9c57 sp=0x0000009f34af6530
Event: 7028.323 Thread 0x000001ae8afa6800 DEOPT UNPACKING pc=0x000001aeecc46dde sp=0x0000009f34af5a98 mode 0
Event: 7028.323 Thread 0x000001ae8afa6800 DEOPT PACKING pc=0x000001aeefdf9c57 sp=0x0000009f34af6530
Event: 7028.323 Thread 0x000001ae8afa6800 DEOPT UNPACKING pc=0x000001aeecc46dde sp=0x0000009f34af5a98 mode 0
Event: 7028.323 Thread 0x000001ae8afa6800 DEOPT PACKING pc=0x000001aeefdf9c57 sp=0x0000009f34af6530
Event: 7028.323 Thread 0x000001ae8afa6800 DEOPT UNPACKING pc=0x000001aeecc46dde sp=0x0000009f34af5a98 mode 0
Event: 7028.323 Thread 0x000001ae8afa6800 DEOPT PACKING pc=0x000001aeefdf9c57 sp=0x0000009f34af6530
Event: 7028.323 Thread 0x000001ae8afa6800 DEOPT UNPACKING pc=0x000001aeecc46dde sp=0x0000009f34af5a98 mode 0
Event: 7028.331 Thread 0x000001ae8afa6800 DEOPT PACKING pc=0x000001aeefdf9c57 sp=0x0000009f34af6530
Event: 7028.331 Thread 0x000001ae8afa6800 DEOPT UNPACKING pc=0x000001aeecc46dde sp=0x0000009f34af5a98 mode 0
Event: 7028.339 Thread 0x000001ae8afa6800 DEOPT PACKING pc=0x000001aeefdf9c57 sp=0x0000009f34af6530
Event: 7028.339 Thread 0x000001ae8afa6800 DEOPT UNPACKING pc=0x000001aeecc46dde sp=0x0000009f34af5a98 mode 0

Classes redefined (0 events):
No events

Internal exceptions (20 events):
Event: 6812.690 Thread 0x000001ae8d261000 Exception <a 'sun/nio/fs/WindowsException'{0x000000008db9e310}> (0x000000008db9e310) thrown at [./src/hotspot/share/prims/jni.cpp, line 615]
Event: 6812.690 Thread 0x000001ae8d261000 Exception <a 'sun/nio/fs/WindowsException'{0x000000008db9f350}> (0x000000008db9f350) thrown at [./src/hotspot/share/prims/jni.cpp, line 615]
Event: 6812.691 Thread 0x000001ae8d261000 Exception <a 'sun/nio/fs/WindowsException'{0x000000008dba03e0}> (0x000000008dba03e0) thrown at [./src/hotspot/share/prims/jni.cpp, line 615]
Event: 6812.691 Thread 0x000001ae8d261000 Exception <a 'sun/nio/fs/WindowsException'{0x000000008dba1470}> (0x000000008dba1470) thrown at [./src/hotspot/share/prims/jni.cpp, line 615]
Event: 6812.735 Thread 0x000001ae8d261000 Exception <a 'java/lang/reflect/InvocationTargetException'{0x000000008d91dcd8}> (0x000000008d91dcd8) thrown at [./src/hotspot/share/runtime/reflection.cpp, line 1247]
Event: 6813.201 Thread 0x000001ae8afa0000 Exception <a 'sun/nio/fs/WindowsException'{0x000000008da0c9c8}> (0x000000008da0c9c8) thrown at [./src/hotspot/share/prims/jni.cpp, line 615]
Event: 7025.397 Thread 0x000001ae8afa6800 Exception <a 'sun/nio/fs/WindowsException'{0x000000008d7bdac0}> (0x000000008d7bdac0) thrown at [./src/hotspot/share/prims/jni.cpp, line 615]
Event: 7025.608 Thread 0x000001ae8afa6800 Exception <a 'sun/nio/fs/WindowsException'{0x000000008d663c08}> (0x000000008d663c08) thrown at [./src/hotspot/share/prims/jni.cpp, line 615]
Event: 7025.613 Thread 0x000001ae8afa6800 Exception <a 'sun/nio/fs/WindowsException'{0x000000008d506870}> (0x000000008d506870) thrown at [./src/hotspot/share/prims/jni.cpp, line 615]
Event: 7025.613 Thread 0x000001ae8afa6800 Exception <a 'sun/nio/fs/WindowsException'{0x000000008d507b58}> (0x000000008d507b58) thrown at [./src/hotspot/share/prims/jni.cpp, line 615]
Event: 7025.614 Thread 0x000001ae8afa6800 Exception <a 'sun/nio/fs/WindowsException'{0x000000008d508e90}> (0x000000008d508e90) thrown at [./src/hotspot/share/prims/jni.cpp, line 615]
Event: 7025.614 Thread 0x000001ae8afa6800 Exception <a 'sun/nio/fs/WindowsException'{0x000000008d50a1c8}> (0x000000008d50a1c8) thrown at [./src/hotspot/share/prims/jni.cpp, line 615]
Event: 7025.764 Thread 0x000001ae8afa6800 Exception <a 'sun/nio/fs/WindowsException'{0x000000008d9a0978}> (0x000000008d9a0978) thrown at [./src/hotspot/share/prims/jni.cpp, line 615]
Event: 7026.608 Thread 0x000001ae8afa0800 Implicit null exception at 0x000001aef489359b to 0x000001aef48955b4
Event: 7026.608 Thread 0x000001ae8afa0800 Implicit null exception at 0x000001aef5284a91 to 0x000001aef52856a4
Event: 7026.609 Thread 0x000001ae8afa0800 Exception <a 'java/lang/NoSuchMethodError'{0x000000008d667988}: <clinit>> (0x000000008d667988) thrown at [./src/hotspot/share/prims/jni.cpp, line 1362]
Event: 7026.611 Thread 0x000001ae8d26b000 Implicit null exception at 0x000001aef4a988bf to 0x000001aef4a9b190
Event: 7026.807 Thread 0x000001ae8d26b000 Implicit null exception at 0x000001aef4ab8832 to 0x000001aef4ab95dc
Event: 7026.812 Thread 0x000001ae8d26b000 Implicit null exception at 0x000001aef488cc4e to 0x000001aef488d1ec
Event: 7028.013 Thread 0x000001ae8afa6800 Implicit null exception at 0x000001aef54e7f90 to 0x000001aef54e8d33

Events (20 events):
Event: 7028.065 loading class org/apache/xerces/dom/DeferredDOMImplementationImpl done
Event: 7028.080 loading class com/android/utils/XmlUtils$PositionAwareStringBuilder
Event: 7028.080 loading class com/android/utils/XmlUtils$PositionAwareStringBuilder done
Event: 7028.081 Executing VM operation: RevokeBias
Event: 7028.081 Executing VM operation: RevokeBias done
Event: 7028.120 Executing VM operation: G1CollectForAllocation
Event: 7028.127 Executing VM operation: G1CollectForAllocation done
Event: 7028.189 loading class com/android/builder/internal/aapt/v2/Aapt2RenamingConventions
Event: 7028.189 loading class com/android/builder/internal/aapt/v2/Aapt2RenamingConventions done
Event: 7028.190 loading class com/android/builder/internal/aapt/v2/Aapt2Exception
Event: 7028.190 loading class com/android/builder/internal/aapt/v2/Aapt2Exception done
Event: 7028.191 loading class com/android/ide/common/blame/MergingLogPersistUtil
Event: 7028.191 loading class com/android/ide/common/blame/MergingLogPersistUtil done
Event: 7028.192 loading class com/android/ide/common/blame/MergingLogPersistUtil$SourcePositionsSerializer$JsonTypeAdapter
Event: 7028.192 loading class com/android/ide/common/blame/MergingLogPersistUtil$SourcePositionsSerializer$JsonTypeAdapter done
Event: 7028.348 Executing VM operation: CGC_Operation
Event: 7028.364 Executing VM operation: CGC_Operation done
Event: 7028.482 Executing VM operation: CGC_Operation
Event: 7028.482 Executing VM operation: CGC_Operation done
Event: 7028.502 Executing VM operation: G1CollectForAllocation


Dynamic libraries:
0x00007ff6cbba0000 - 0x00007ff6cbbaa000 	C:\Program Files\Android\Android Studio\jre\bin\java.exe
0x00007ffa7a150000 - 0x00007ffa7a347000 	C:\WINDOWS\SYSTEM32\ntdll.dll
0x00007ffa781b0000 - 0x00007ffa7826d000 	C:\WINDOWS\System32\KERNEL32.DLL
0x00007ffa77c20000 - 0x00007ffa77eed000 	C:\WINDOWS\System32\KERNELBASE.dll
0x00007ffa78080000 - 0x00007ffa78180000 	C:\WINDOWS\System32\ucrtbase.dll
0x00007ffa3a6a0000 - 0x00007ffa3a6b7000 	C:\Program Files\Android\Android Studio\jre\bin\VCRUNTIME140.dll
0x00007ffa3a680000 - 0x00007ffa3a699000 	C:\Program Files\Android\Android Studio\jre\bin\jli.dll
0x00007ffa799e0000 - 0x00007ffa79b80000 	C:\WINDOWS\System32\USER32.dll
0x00007ffa5f190000 - 0x00007ffa5f42a000 	C:\WINDOWS\WinSxS\amd64_microsoft.windows.common-controls_6595b64144ccf1df_6.0.19041.1110_none_60b5254171f9507e\COMCTL32.dll
0x00007ffa78180000 - 0x00007ffa781a2000 	C:\WINDOWS\System32\win32u.dll
0x00007ffa78c00000 - 0x00007ffa78c9e000 	C:\WINDOWS\System32\msvcrt.dll
0x00007ffa793c0000 - 0x00007ffa793ea000 	C:\WINDOWS\System32\GDI32.dll
0x00007ffa77970000 - 0x00007ffa77a7b000 	C:\WINDOWS\System32\gdi32full.dll
0x00007ffa77b80000 - 0x00007ffa77c1d000 	C:\WINDOWS\System32\msvcp_win.dll
0x00007ffa78db0000 - 0x00007ffa78de0000 	C:\WINDOWS\System32\IMM32.DLL
0x00007ffa3a5e0000 - 0x00007ffa3a67d000 	C:\Program Files\Android\Android Studio\jre\bin\msvcp140.dll
0x00007ffa3ecc0000 - 0x00007ffa3f795000 	C:\Program Files\Android\Android Studio\jre\bin\server\jvm.dll
0x00007ffa78de0000 - 0x00007ffa78e8e000 	C:\WINDOWS\System32\ADVAPI32.dll
0x00007ffa78d10000 - 0x00007ffa78dac000 	C:\WINDOWS\System32\sechost.dll
0x00007ffa79fe0000 - 0x00007ffa7a105000 	C:\WINDOWS\System32\RPCRT4.dll
0x00007ffa793b0000 - 0x00007ffa793b8000 	C:\WINDOWS\System32\PSAPI.DLL
0x00007ffa5d400000 - 0x00007ffa5d409000 	C:\WINDOWS\SYSTEM32\WSOCK32.dll
0x00007ffa793f0000 - 0x00007ffa7945b000 	C:\WINDOWS\System32\WS2_32.dll
0x00007ffa6ced0000 - 0x00007ffa6cef7000 	C:\WINDOWS\SYSTEM32\WINMM.dll
0x00007ffa719e0000 - 0x00007ffa719ea000 	C:\WINDOWS\SYSTEM32\VERSION.dll
0x00007ffa76150000 - 0x00007ffa76162000 	C:\WINDOWS\SYSTEM32\kernel.appcore.dll
0x00007ffa60650000 - 0x00007ffa60661000 	C:\Program Files\Android\Android Studio\jre\bin\verify.dll
0x00007ffa5ed30000 - 0x00007ffa5ef14000 	C:\WINDOWS\SYSTEM32\DBGHELP.DLL
0x00007ffa60090000 - 0x00007ffa600bc000 	C:\WINDOWS\SYSTEM32\dbgcore.DLL
0x00007ffa77870000 - 0x00007ffa778f2000 	C:\WINDOWS\System32\bcryptPrimitives.dll
0x00007ffa3fda0000 - 0x00007ffa3fdc9000 	C:\Program Files\Android\Android Studio\jre\bin\java.dll
0x00007ffa6f950000 - 0x00007ffa6f95b000 	C:\Program Files\Android\Android Studio\jre\bin\jimage.dll
0x00007ffa40ab0000 - 0x00007ffa40ac8000 	C:\Program Files\Android\Android Studio\jre\bin\zip.dll
0x00007ffa78420000 - 0x00007ffa78b64000 	C:\WINDOWS\System32\SHELL32.dll
0x00007ffa75970000 - 0x00007ffa76104000 	C:\WINDOWS\SYSTEM32\windows.storage.dll
0x00007ffa78f80000 - 0x00007ffa792d4000 	C:\WINDOWS\System32\combase.dll
0x00007ffa77200000 - 0x00007ffa7722c000 	C:\WINDOWS\SYSTEM32\Wldp.dll
0x00007ffa79f30000 - 0x00007ffa79fdd000 	C:\WINDOWS\System32\SHCORE.dll
0x00007ffa792e0000 - 0x00007ffa79335000 	C:\WINDOWS\System32\shlwapi.dll
0x00007ffa777b0000 - 0x00007ffa777cf000 	C:\WINDOWS\SYSTEM32\profapi.dll
0x00007ffa3fd80000 - 0x00007ffa3fd9a000 	C:\Program Files\Android\Android Studio\jre\bin\net.dll
0x00007ffa6cba0000 - 0x00007ffa6ccaa000 	C:\WINDOWS\SYSTEM32\WINHTTP.dll
0x00007ffa76f60000 - 0x00007ffa76fca000 	C:\WINDOWS\system32\mswsock.dll
0x00007ffa3fd60000 - 0x00007ffa3fd74000 	C:\Program Files\Android\Android Studio\jre\bin\nio.dll
0x00007ffa50ba0000 - 0x00007ffa50bc7000 	C:\Users\Vik\.gradle\native\e1d6ef7f7dcc3fd88c89a11ec53ec762bb8ba0a96d01ffa2cd45eb1d1d8dd5c5\windows-amd64\native-platform.dll
0x00007ffa3d020000 - 0x00007ffa3d164000 	C:\Users\Vik\.gradle\native\5664cfc778a61ccfe75a443a1ab52a65af34e5dc3c78e0209fed803814484fcb\windows-amd64\native-platform-file-events.dll
0x00007ffa60760000 - 0x00007ffa6076a000 	C:\Program Files\Android\Android Studio\jre\bin\management.dll
0x00007ffa57d20000 - 0x00007ffa57d2d000 	C:\Program Files\Android\Android Studio\jre\bin\management_ext.dll
0x00007ffa77160000 - 0x00007ffa77178000 	C:\WINDOWS\SYSTEM32\CRYPTSP.dll
0x00007ffa768e0000 - 0x00007ffa76914000 	C:\WINDOWS\system32\rsaenh.dll
0x00007ffa77ef0000 - 0x00007ffa77f17000 	C:\WINDOWS\System32\bcrypt.dll
0x00007ffa77770000 - 0x00007ffa7779e000 	C:\WINDOWS\SYSTEM32\USERENV.dll
0x00007ffa77150000 - 0x00007ffa7715c000 	C:\WINDOWS\SYSTEM32\CRYPTBASE.dll
0x00007ffa76c50000 - 0x00007ffa76c8b000 	C:\WINDOWS\SYSTEM32\IPHLPAPI.DLL
0x00007ffa78d00000 - 0x00007ffa78d08000 	C:\WINDOWS\System32\NSI.dll
0x00007ffa71450000 - 0x00007ffa71467000 	C:\WINDOWS\SYSTEM32\dhcpcsvc6.DLL
0x00007ffa71560000 - 0x00007ffa7157d000 	C:\WINDOWS\SYSTEM32\dhcpcsvc.DLL
0x00007ffa76c90000 - 0x00007ffa76d5b000 	C:\WINDOWS\SYSTEM32\DNSAPI.dll
0x00007ffa3a3d0000 - 0x00007ffa3a3ee000 	C:\Users\Vik\AppData\Local\Temp\native-platform559098565443632642dir\native-platform.dll
0x00007ffa3a3c0000 - 0x00007ffa3a3c8000 	C:\Program Files\Android\Android Studio\jre\bin\rmi.dll
0x00007ffa3e800000 - 0x00007ffa3e827000 	C:\Program Files\Android\Android Studio\jre\bin\sunec.dll
0x00007ffa6a230000 - 0x00007ffa6a23a000 	C:\Windows\System32\rasadhlp.dll
0x00007ffa6ac60000 - 0x00007ffa6ace0000 	C:\WINDOWS\System32\fwpuclnt.dll

dbghelp: loaded successfully - version: 4.0.5 - missing functions: none
symbol engine: initialized successfully - sym options: 0x614 - pdb path: .;C:\Program Files\Android\Android Studio\jre\bin;C:\WINDOWS\SYSTEM32;C:\WINDOWS\WinSxS\amd64_microsoft.windows.common-controls_6595b64144ccf1df_6.0.19041.1110_none_60b5254171f9507e;C:\Program Files\Android\Android Studio\jre\bin\server;C:\Users\Vik\.gradle\native\e1d6ef7f7dcc3fd88c89a11ec53ec762bb8ba0a96d01ffa2cd45eb1d1d8dd5c5\windows-amd64;C:\Users\Vik\.gradle\native\5664cfc778a61ccfe75a443a1ab52a65af34e5dc3c78e0209fed803814484fcb\windows-amd64;C:\Users\Vik\AppData\Local\Temp\native-platform559098565443632642dir

VM Arguments:
jvm_args: --add-opens=java.base/java.util=ALL-UNNAMED --add-opens=java.base/java.lang=ALL-UNNAMED --add-opens=java.base/java.lang.invoke=ALL-UNNAMED --add-opens=java.base/java.util=ALL-UNNAMED --add-opens=java.prefs/java.util.prefs=ALL-UNNAMED --add-opens=java.prefs/java.util.prefs=ALL-UNNAMED --add-opens=java.base/java.nio.charset=ALL-UNNAMED --add-opens=java.base/java.net=ALL-UNNAMED --add-opens=java.base/java.util.concurrent.atomic=ALL-UNNAMED -Xmx2048m -Dfile.encoding=UTF-8 -Duser.country=RU -Duser.language=ru -Duser.variant 
java_command: org.gradle.launcher.daemon.bootstrap.GradleDaemon 7.2
java_class_path (initial): C:\Users\Vik\.gradle\wrapper\dists\gradle-7.2-bin\2dnblmf4td7x66yl1d74lt32g\gradle-7.2\lib\gradle-launcher-7.2.jar
Launcher Type: SUN_STANDARD

[Global flags]
     intx CICompilerCount                          = 3                                         {product} {ergonomic}
     uint ConcGCThreads                            = 1                                         {product} {ergonomic}
     uint G1ConcRefinementThreads                  = 4                                         {product} {ergonomic}
   size_t G1HeapRegionSize                         = 1048576                                   {product} {ergonomic}
    uintx GCDrainStackTargetSize                   = 64                                        {product} {ergonomic}
   size_t InitialHeapSize                          = 134217728                                 {product} {ergonomic}
   size_t MarkStackSize                            = 4194304                                   {product} {ergonomic}
   size_t MaxHeapSize                              = 2147483648                                {product} {command line}
   size_t MaxNewSize                               = 1287651328                                {product} {ergonomic}
   size_t MinHeapDeltaBytes                        = 1048576                                   {product} {ergonomic}
    uintx NonNMethodCodeHeapSize                   = 5830732                                {pd product} {ergonomic}
    uintx NonProfiledCodeHeapSize                  = 122913754                              {pd product} {ergonomic}
    uintx ProfiledCodeHeapSize                     = 122913754                              {pd product} {ergonomic}
    uintx ReservedCodeCacheSize                    = 251658240                              {pd product} {ergonomic}
     bool SegmentedCodeCache                       = true                                      {product} {ergonomic}
     bool UseCompressedClassPointers               = true                                 {lp64_product} {ergonomic}
     bool UseCompressedOops                        = true                                 {lp64_product} {ergonomic}
     bool UseG1GC                                  = true                                      {product} {ergonomic}
     bool UseLargePagesIndividualAllocation        = false                                  {pd product} {ergonomic}

Logging:
Log output configuration:
 #0: stdout all=warning uptime,level,tags
 #1: stderr all=off uptime,level,tags

Environment Variables:
JAVA_HOME=c:\Program Files\Java\jdk-16.0.2
PATH=C:\Program Files\Common Files\Oracle\Java\javapath;C:\Program Files (x86)\Common Files\Oracle\Java\javapath;C:\ProgramData\Oracle\Java\javapath;C:\Windows\system32;C:\Windows;C:\Windows\System32\Wbem;C:\Windows\System32\WindowsPowerShell\v1.0\;C:\Program Files\Java\jdk-16.0.2\bin\;C:\WINDOWS\system32;C:\WINDOWS;C:\WINDOWS\System32\Wbem;C:\WINDOWS\System32\WindowsPowerShell\v1.0\;C:\WINDOWS\System32\OpenSSH\;C:\Program Files\dotnet\;C:\Program Files\Git\cmd;C:\Program Files (x86)\NVIDIA Corporation\PhysX\Common;C:\Users\Vik\AppData\Local\Microsoft\WindowsApps;C:\Program Files\JetBrains\IntelliJ IDEA Community Edition 2021.3\bin;C:\Users\Vik\AppData\Local\GitHubDesktop\bin;C:\Users\Vik\AppData\Local\gitkraken\bin
USERNAME=Vik
OS=Windows_NT
PROCESSOR_IDENTIFIER=Intel64 Family 6 Model 60 Stepping 3, GenuineIntel



---------------  S Y S T E M  ---------------

OS: Windows 10 , 64 bit Build 19041 (10.0.19041.1741)
OS uptime: 0 days 2:00 hours

CPU:total 4 (initial active 4) (4 cores per cpu, 1 threads per core) family 6 model 60 stepping 3 microcode 0x27, cmov, cx8, fxsr, mmx, sse, sse2, sse3, ssse3, sse4.1, sse4.2, popcnt, avx, avx2, aes, clmul, erms, lzcnt, tsc, tscinvbit, bmi1, bmi2, fma

Memory: 4k page, system-wide physical 8128M (475M free)
TotalPageFile size 10528M (AvailPageFile size 21M)
current process WorkingSet (physical memory assigned to process): 530M, peak: 568M
current process commit charge ("private bytes"): 650M, peak: 703M

vm_info: OpenJDK 64-Bit Server VM (11.0.11+9-b60-7590822) for windows-amd64 JRE (11.0.11+9-b60-7590822), built on Jul 29 2021 21:43:44 by "builder" with MS VC++ 14.0 (VS2015)

END.
